CRITICAL - 2024-10-21 07:28:43 --> The framework needs the following extension(s) installed and loaded: intl.
#0 C:\Users\admin\Downloads\gudang\system\CodeIgniter.php(219): CodeIgniter\Exceptions\FrameworkException::forMissingExtension('intl')
#1 C:\Users\admin\Downloads\gudang\system\CodeIgniter.php(177): CodeIgniter\CodeIgniter->resolvePlatformExtensions()
#2 C:\Users\admin\Downloads\gudang\system\bootstrap.php(146): CodeIgniter\CodeIgniter->initialize()
#3 C:\Users\admin\Downloads\gudang\spark(45): require('C:\\Users\\admin\\...')
#4 {main}
CRITICAL - 2024-10-21 06:11:53 --> Barang with ID: barang not found.
#0 C:\Users\admin\Downloads\gudang\system\CodeIgniter.php(832): App\Controllers\Home->editbarang('barang')
#1 C:\Users\admin\Downloads\gudang\system\CodeIgniter.php(419): CodeIgniter\CodeIgniter->runController(Object(App\Controllers\Home))
#2 C:\Users\admin\Downloads\gudang\system\CodeIgniter.php(326): CodeIgniter\CodeIgniter->handleRequest(NULL, Object(Config\Cache), false)
#3 C:\Users\admin\Downloads\gudang\public\index.php(37): CodeIgniter\CodeIgniter->run()
#4 C:\Users\admin\Downloads\gudang\system\Commands\Server\rewrite.php(43): require_once('C:\\Users\\admin\\...')
#5 {main}
CRITICAL - 2024-10-21 19:27:47 --> syntax error, unexpected '/', expecting ';' or ','
#0 C:\Users\admin\Downloads\gudang\system\Router\Router.php(175): CodeIgniter\Router\Router->autoRoute('home/barang')
#1 C:\Users\admin\Downloads\gudang\system\CodeIgniter.php(726): CodeIgniter\Router\Router->handle('home/barang')
#2 C:\Users\admin\Downloads\gudang\system\CodeIgniter.php(368): CodeIgniter\CodeIgniter->tryToRouteIt(Object(CodeIgniter\Router\RouteCollection))
#3 C:\Users\admin\Downloads\gudang\system\CodeIgniter.php(326): CodeIgniter\CodeIgniter->handleRequest(NULL, Object(Config\Cache), false)
#4 C:\Users\admin\Downloads\gudang\public\index.php(37): CodeIgniter\CodeIgniter->run()
#5 C:\Users\admin\Downloads\gudang\system\Commands\Server\rewrite.php(43): require_once('C:\\Users\\admin\\...')
#6 {main}
CRITICAL - 2024-10-21 19:41:27 --> Invalid file: pdf_bm.php
#0 C:\Users\admin\Downloads\gudang\system\View\View.php(198): CodeIgniter\Exceptions\FrameworkException::forInvalidFile('pdf_bm.php')
#1 C:\Users\admin\Downloads\gudang\system\Common.php(1089): CodeIgniter\View\View->render('pdf_bm.php', Array, true)
#2 C:\Users\admin\Downloads\gudang\app\Controllers\Home.php(182): view('pdf_bm.php', Array)
#3 C:\Users\admin\Downloads\gudang\system\CodeIgniter.php(832): App\Controllers\Home->pdfbm()
#4 C:\Users\admin\Downloads\gudang\system\CodeIgniter.php(419): CodeIgniter\CodeIgniter->runController(Object(App\Controllers\Home))
#5 C:\Users\admin\Downloads\gudang\system\CodeIgniter.php(326): CodeIgniter\CodeIgniter->handleRequest(NULL, Object(Config\Cache), false)
#6 C:\Users\admin\Downloads\gudang\public\index.php(37): CodeIgniter\CodeIgniter->run()
#7 C:\Users\admin\Downloads\gudang\system\Commands\Server\rewrite.php(43): require_once('C:\\Users\\admin\\...')
#8 {main}
CRITICAL - 2024-10-21 23:58:19 --> Barang with ID: assets not found.
#0 C:\Users\admin\Downloads\gudang\system\CodeIgniter.php(832): App\Controllers\Home->editbarang('assets', 'js', 'main.js')
#1 C:\Users\admin\Downloads\gudang\system\CodeIgniter.php(419): CodeIgniter\CodeIgniter->runController(Object(App\Controllers\Home))
#2 C:\Users\admin\Downloads\gudang\system\CodeIgniter.php(326): CodeIgniter\CodeIgniter->handleRequest(NULL, Object(Config\Cache), false)
#3 C:\Users\admin\Downloads\gudang\public\index.php(37): CodeIgniter\CodeIgniter->run()
#4 C:\Users\admin\Downloads\gudang\system\Commands\Server\rewrite.php(43): require_once('C:\\Users\\admin\\...')
#5 {main}
CRITICAL - 2024-10-21 23:58:28 --> Barang with ID: assets not found.
#0 C:\Users\admin\Downloads\gudang\system\CodeIgniter.php(832): App\Controllers\Home->editbarang('assets', 'js', 'main.js')
#1 C:\Users\admin\Downloads\gudang\system\CodeIgniter.php(419): CodeIgniter\CodeIgniter->runController(Object(App\Controllers\Home))
#2 C:\Users\admin\Downloads\gudang\system\CodeIgniter.php(326): CodeIgniter\CodeIgniter->handleRequest(NULL, Object(Config\Cache), false)
#3 C:\Users\admin\Downloads\gudang\public\index.php(37): CodeIgniter\CodeIgniter->run()
#4 C:\Users\admin\Downloads\gudang\system\Commands\Server\rewrite.php(43): require_once('C:\\Users\\admin\\...')
#5 {main}
