ERROR - 2024-11-19 06:48:53 --> Column 'id_surat' cannot be null
ERROR - 2024-11-19 06:49:08 --> Column 'id_surat' cannot be null
ERROR - 2024-11-19 07:02:46 --> Column 'id_surat' cannot be null
CRITICAL - 2024-11-19 07:17:26 --> Too few arguments to function App\Controllers\Home::editArsipSurat(), 0 passed in C:\Users\admin\Music\eoffice2\system\CodeIgniter.php on line 832 and exactly 1 expected
#0 C:\Users\admin\Music\eoffice2\system\CodeIgniter.php(832): App\Controllers\Home->editArsipSurat()
#1 C:\Users\admin\Music\eoffice2\system\CodeIgniter.php(419): CodeIgniter\CodeIgniter->runController(Object(App\Controllers\Home))
#2 C:\Users\admin\Music\eoffice2\system\CodeIgniter.php(326): CodeIgniter\CodeIgniter->handleRequest(NULL, Object(Config\Cache), false)
#3 C:\Users\admin\Music\eoffice2\public\index.php(37): CodeIgniter\CodeIgniter->run()
#4 C:\Users\admin\Music\eoffice2\system\Commands\Server\rewrite.php(43): require_once('C:\\Users\\admin\\...')
#5 {main}
CRITICAL - 2024-11-19 07:18:55 --> Illegal string offset 'id_arsip'
#0 C:\Users\admin\Music\eoffice2\app\Views\arsip_surat.php(56): CodeIgniter\Debug\Exceptions->errorHandler(2, 'Illegal string ...', 'C:\\Users\\admin\\...', 56, Array)
#1 C:\Users\admin\Music\eoffice2\system\View\View.php(210): include('C:\\Users\\admin\\...')
#2 C:\Users\admin\Music\eoffice2\system\View\View.php(213): CodeIgniter\View\View->CodeIgniter\View\{closure}()
#3 C:\Users\admin\Music\eoffice2\system\Common.php(1089): CodeIgniter\View\View->render('arsip_surat.php', Array, true)
#4 C:\Users\admin\Music\eoffice2\app\Controllers\Home.php(980): view('arsip_surat.php', Array)
#5 C:\Users\admin\Music\eoffice2\system\CodeIgniter.php(832): App\Controllers\Home->arsipSurat()
#6 C:\Users\admin\Music\eoffice2\system\CodeIgniter.php(419): CodeIgniter\CodeIgniter->runController(Object(App\Controllers\Home))
#7 C:\Users\admin\Music\eoffice2\system\CodeIgniter.php(326): CodeIgniter\CodeIgniter->handleRequest(NULL, Object(Config\Cache), false)
#8 C:\Users\admin\Music\eoffice2\public\index.php(37): CodeIgniter\CodeIgniter->run()
#9 C:\Users\admin\Music\eoffice2\system\Commands\Server\rewrite.php(43): require_once('C:\\Users\\admin\\...')
#10 {main}
CRITICAL - 2024-11-19 07:22:07 --> Too few arguments to function App\Controllers\Home::hapusArsipSurat(), 0 passed in C:\Users\admin\Music\eoffice2\system\CodeIgniter.php on line 832 and exactly 1 expected
#0 C:\Users\admin\Music\eoffice2\system\CodeIgniter.php(832): App\Controllers\Home->hapusArsipSurat()
#1 C:\Users\admin\Music\eoffice2\system\CodeIgniter.php(419): CodeIgniter\CodeIgniter->runController(Object(App\Controllers\Home))
#2 C:\Users\admin\Music\eoffice2\system\CodeIgniter.php(326): CodeIgniter\CodeIgniter->handleRequest(NULL, Object(Config\Cache), false)
#3 C:\Users\admin\Music\eoffice2\public\index.php(37): CodeIgniter\CodeIgniter->run()
#4 C:\Users\admin\Music\eoffice2\system\Commands\Server\rewrite.php(43): require_once('C:\\Users\\admin\\...')
#5 {main}
CRITICAL - 2024-11-19 07:22:49 --> Too few arguments to function App\Controllers\Home::hapusArsipSurat(), 0 passed in C:\Users\admin\Music\eoffice2\system\CodeIgniter.php on line 832 and exactly 1 expected
#0 C:\Users\admin\Music\eoffice2\system\CodeIgniter.php(832): App\Controllers\Home->hapusArsipSurat()
#1 C:\Users\admin\Music\eoffice2\system\CodeIgniter.php(419): CodeIgniter\CodeIgniter->runController(Object(App\Controllers\Home))
#2 C:\Users\admin\Music\eoffice2\system\CodeIgniter.php(326): CodeIgniter\CodeIgniter->handleRequest(NULL, Object(Config\Cache), false)
#3 C:\Users\admin\Music\eoffice2\public\index.php(37): CodeIgniter\CodeIgniter->run()
#4 C:\Users\admin\Music\eoffice2\system\Commands\Server\rewrite.php(43): require_once('C:\\Users\\admin\\...')
#5 {main}
CRITICAL - 2024-11-19 07:22:50 --> Too few arguments to function App\Controllers\Home::hapusArsipSurat(), 0 passed in C:\Users\admin\Music\eoffice2\system\CodeIgniter.php on line 832 and exactly 1 expected
#0 C:\Users\admin\Music\eoffice2\system\CodeIgniter.php(832): App\Controllers\Home->hapusArsipSurat()
#1 C:\Users\admin\Music\eoffice2\system\CodeIgniter.php(419): CodeIgniter\CodeIgniter->runController(Object(App\Controllers\Home))
#2 C:\Users\admin\Music\eoffice2\system\CodeIgniter.php(326): CodeIgniter\CodeIgniter->handleRequest(NULL, Object(Config\Cache), false)
#3 C:\Users\admin\Music\eoffice2\public\index.php(37): CodeIgniter\CodeIgniter->run()
#4 C:\Users\admin\Music\eoffice2\system\Commands\Server\rewrite.php(43): require_once('C:\\Users\\admin\\...')
#5 {main}
CRITICAL - 2024-11-19 07:23:06 --> Too few arguments to function App\Controllers\Home::hapusArsipSurat(), 0 passed in C:\Users\admin\Music\eoffice2\system\CodeIgniter.php on line 832 and exactly 1 expected
#0 C:\Users\admin\Music\eoffice2\system\CodeIgniter.php(832): App\Controllers\Home->hapusArsipSurat()
#1 C:\Users\admin\Music\eoffice2\system\CodeIgniter.php(419): CodeIgniter\CodeIgniter->runController(Object(App\Controllers\Home))
#2 C:\Users\admin\Music\eoffice2\system\CodeIgniter.php(326): CodeIgniter\CodeIgniter->handleRequest(NULL, Object(Config\Cache), false)
#3 C:\Users\admin\Music\eoffice2\public\index.php(37): CodeIgniter\CodeIgniter->run()
#4 C:\Users\admin\Music\eoffice2\system\Commands\Server\rewrite.php(43): require_once('C:\\Users\\admin\\...')
#5 {main}
CRITICAL - 2024-11-19 07:23:21 --> Too few arguments to function App\Controllers\Home::hapusArsipSurat(), 0 passed in C:\Users\admin\Music\eoffice2\system\CodeIgniter.php on line 832 and exactly 1 expected
#0 C:\Users\admin\Music\eoffice2\system\CodeIgniter.php(832): App\Controllers\Home->hapusArsipSurat()
#1 C:\Users\admin\Music\eoffice2\system\CodeIgniter.php(419): CodeIgniter\CodeIgniter->runController(Object(App\Controllers\Home))
#2 C:\Users\admin\Music\eoffice2\system\CodeIgniter.php(326): CodeIgniter\CodeIgniter->handleRequest(NULL, Object(Config\Cache), false)
#3 C:\Users\admin\Music\eoffice2\public\index.php(37): CodeIgniter\CodeIgniter->run()
#4 C:\Users\admin\Music\eoffice2\system\Commands\Server\rewrite.php(43): require_once('C:\\Users\\admin\\...')
#5 {main}
CRITICAL - 2024-11-19 07:23:24 --> Illegal string offset 'id_arsip'
#0 C:\Users\admin\Music\eoffice2\app\Views\arsip_surat.php(56): CodeIgniter\Debug\Exceptions->errorHandler(2, 'Illegal string ...', 'C:\\Users\\admin\\...', 56, Array)
#1 C:\Users\admin\Music\eoffice2\system\View\View.php(210): include('C:\\Users\\admin\\...')
#2 C:\Users\admin\Music\eoffice2\system\View\View.php(213): CodeIgniter\View\View->CodeIgniter\View\{closure}()
#3 C:\Users\admin\Music\eoffice2\system\Common.php(1089): CodeIgniter\View\View->render('arsip_surat.php', Array, true)
#4 C:\Users\admin\Music\eoffice2\app\Controllers\Home.php(980): view('arsip_surat.php', Array)
#5 C:\Users\admin\Music\eoffice2\system\CodeIgniter.php(832): App\Controllers\Home->arsipSurat()
#6 C:\Users\admin\Music\eoffice2\system\CodeIgniter.php(419): CodeIgniter\CodeIgniter->runController(Object(App\Controllers\Home))
#7 C:\Users\admin\Music\eoffice2\system\CodeIgniter.php(326): CodeIgniter\CodeIgniter->handleRequest(NULL, Object(Config\Cache), false)
#8 C:\Users\admin\Music\eoffice2\public\index.php(37): CodeIgniter\CodeIgniter->run()
#9 C:\Users\admin\Music\eoffice2\system\Commands\Server\rewrite.php(43): require_once('C:\\Users\\admin\\...')
#10 {main}
CRITICAL - 2024-11-19 07:24:07 --> Too few arguments to function App\Controllers\Home::hapusArsipSurat(), 0 passed in C:\Users\admin\Music\eoffice2\system\CodeIgniter.php on line 832 and exactly 1 expected
#0 C:\Users\admin\Music\eoffice2\system\CodeIgniter.php(832): App\Controllers\Home->hapusArsipSurat()
#1 C:\Users\admin\Music\eoffice2\system\CodeIgniter.php(419): CodeIgniter\CodeIgniter->runController(Object(App\Controllers\Home))
#2 C:\Users\admin\Music\eoffice2\system\CodeIgniter.php(326): CodeIgniter\CodeIgniter->handleRequest(NULL, Object(Config\Cache), false)
#3 C:\Users\admin\Music\eoffice2\public\index.php(37): CodeIgniter\CodeIgniter->run()
#4 C:\Users\admin\Music\eoffice2\system\Commands\Server\rewrite.php(43): require_once('C:\\Users\\admin\\...')
#5 {main}
CRITICAL - 2024-11-19 07:25:26 --> Too few arguments to function App\Controllers\Home::hapusArsipSurat(), 0 passed in C:\Users\admin\Music\eoffice2\system\CodeIgniter.php on line 832 and exactly 1 expected
#0 C:\Users\admin\Music\eoffice2\system\CodeIgniter.php(832): App\Controllers\Home->hapusArsipSurat()
#1 C:\Users\admin\Music\eoffice2\system\CodeIgniter.php(419): CodeIgniter\CodeIgniter->runController(Object(App\Controllers\Home))
#2 C:\Users\admin\Music\eoffice2\system\CodeIgniter.php(326): CodeIgniter\CodeIgniter->handleRequest(NULL, Object(Config\Cache), false)
#3 C:\Users\admin\Music\eoffice2\public\index.php(37): CodeIgniter\CodeIgniter->run()
#4 C:\Users\admin\Music\eoffice2\system\Commands\Server\rewrite.php(43): require_once('C:\\Users\\admin\\...')
#5 {main}
CRITICAL - 2024-11-19 07:34:34 --> Cannot redeclare App\Models\Model_belajar::getUsers()
#0 [internal function]: CodeIgniter\Debug\Exceptions->shutdownHandler()
#1 {main}
CRITICAL - 2024-11-19 07:36:14 --> Too few arguments to function App\Models\Model_belajar::tampil(), 1 passed in C:\Users\admin\Music\eoffice2\app\Models\Model_belajar.php on line 80 and exactly 2 expected
#0 C:\Users\admin\Music\eoffice2\app\Models\Model_belajar.php(80): App\Models\Model_belajar->tampil('user')
#1 C:\Users\admin\Music\eoffice2\app\Controllers\Home.php(987): App\Models\Model_belajar->getUsers()
#2 C:\Users\admin\Music\eoffice2\system\CodeIgniter.php(832): App\Controllers\Home->tambahArsipSurat()
#3 C:\Users\admin\Music\eoffice2\system\CodeIgniter.php(419): CodeIgniter\CodeIgniter->runController(Object(App\Controllers\Home))
#4 C:\Users\admin\Music\eoffice2\system\CodeIgniter.php(326): CodeIgniter\CodeIgniter->handleRequest(NULL, Object(Config\Cache), false)
#5 C:\Users\admin\Music\eoffice2\public\index.php(37): CodeIgniter\CodeIgniter->run()
#6 C:\Users\admin\Music\eoffice2\system\Commands\Server\rewrite.php(43): require_once('C:\\Users\\admin\\...')
#7 {main}
CRITICAL - 2024-11-19 07:41:31 --> Too few arguments to function App\Models\Model_belajar::tampil(), 1 passed in C:\Users\admin\Music\eoffice2\app\Models\Model_belajar.php on line 93 and exactly 2 expected
#0 C:\Users\admin\Music\eoffice2\app\Models\Model_belajar.php(93): App\Models\Model_belajar->tampil('user')
#1 C:\Users\admin\Music\eoffice2\app\Controllers\Home.php(988): App\Models\Model_belajar->getUsers()
#2 C:\Users\admin\Music\eoffice2\system\CodeIgniter.php(832): App\Controllers\Home->tambahArsipSurat()
#3 C:\Users\admin\Music\eoffice2\system\CodeIgniter.php(419): CodeIgniter\CodeIgniter->runController(Object(App\Controllers\Home))
#4 C:\Users\admin\Music\eoffice2\system\CodeIgniter.php(326): CodeIgniter\CodeIgniter->handleRequest(NULL, Object(Config\Cache), false)
#5 C:\Users\admin\Music\eoffice2\public\index.php(37): CodeIgniter\CodeIgniter->run()
#6 C:\Users\admin\Music\eoffice2\system\Commands\Server\rewrite.php(43): require_once('C:\\Users\\admin\\...')
#7 {main}
CRITICAL - 2024-11-19 07:41:32 --> Too few arguments to function App\Models\Model_belajar::tampil(), 1 passed in C:\Users\admin\Music\eoffice2\app\Models\Model_belajar.php on line 93 and exactly 2 expected
#0 C:\Users\admin\Music\eoffice2\app\Models\Model_belajar.php(93): App\Models\Model_belajar->tampil('user')
#1 C:\Users\admin\Music\eoffice2\app\Controllers\Home.php(988): App\Models\Model_belajar->getUsers()
#2 C:\Users\admin\Music\eoffice2\system\CodeIgniter.php(832): App\Controllers\Home->tambahArsipSurat()
#3 C:\Users\admin\Music\eoffice2\system\CodeIgniter.php(419): CodeIgniter\CodeIgniter->runController(Object(App\Controllers\Home))
#4 C:\Users\admin\Music\eoffice2\system\CodeIgniter.php(326): CodeIgniter\CodeIgniter->handleRequest(NULL, Object(Config\Cache), false)
#5 C:\Users\admin\Music\eoffice2\public\index.php(37): CodeIgniter\CodeIgniter->run()
#6 C:\Users\admin\Music\eoffice2\system\Commands\Server\rewrite.php(43): require_once('C:\\Users\\admin\\...')
#7 {main}
CRITICAL - 2024-11-19 07:41:32 --> Too few arguments to function App\Models\Model_belajar::tampil(), 1 passed in C:\Users\admin\Music\eoffice2\app\Models\Model_belajar.php on line 93 and exactly 2 expected
#0 C:\Users\admin\Music\eoffice2\app\Models\Model_belajar.php(93): App\Models\Model_belajar->tampil('user')
#1 C:\Users\admin\Music\eoffice2\app\Controllers\Home.php(988): App\Models\Model_belajar->getUsers()
#2 C:\Users\admin\Music\eoffice2\system\CodeIgniter.php(832): App\Controllers\Home->tambahArsipSurat()
#3 C:\Users\admin\Music\eoffice2\system\CodeIgniter.php(419): CodeIgniter\CodeIgniter->runController(Object(App\Controllers\Home))
#4 C:\Users\admin\Music\eoffice2\system\CodeIgniter.php(326): CodeIgniter\CodeIgniter->handleRequest(NULL, Object(Config\Cache), false)
#5 C:\Users\admin\Music\eoffice2\public\index.php(37): CodeIgniter\CodeIgniter->run()
#6 C:\Users\admin\Music\eoffice2\system\Commands\Server\rewrite.php(43): require_once('C:\\Users\\admin\\...')
#7 {main}
CRITICAL - 2024-11-19 07:41:33 --> Too few arguments to function App\Models\Model_belajar::tampil(), 1 passed in C:\Users\admin\Music\eoffice2\app\Models\Model_belajar.php on line 93 and exactly 2 expected
#0 C:\Users\admin\Music\eoffice2\app\Models\Model_belajar.php(93): App\Models\Model_belajar->tampil('user')
#1 C:\Users\admin\Music\eoffice2\app\Controllers\Home.php(988): App\Models\Model_belajar->getUsers()
#2 C:\Users\admin\Music\eoffice2\system\CodeIgniter.php(832): App\Controllers\Home->tambahArsipSurat()
#3 C:\Users\admin\Music\eoffice2\system\CodeIgniter.php(419): CodeIgniter\CodeIgniter->runController(Object(App\Controllers\Home))
#4 C:\Users\admin\Music\eoffice2\system\CodeIgniter.php(326): CodeIgniter\CodeIgniter->handleRequest(NULL, Object(Config\Cache), false)
#5 C:\Users\admin\Music\eoffice2\public\index.php(37): CodeIgniter\CodeIgniter->run()
#6 C:\Users\admin\Music\eoffice2\system\Commands\Server\rewrite.php(43): require_once('C:\\Users\\admin\\...')
#7 {main}
CRITICAL - 2024-11-19 07:41:36 --> Too few arguments to function App\Models\Model_belajar::tampil(), 1 passed in C:\Users\admin\Music\eoffice2\app\Models\Model_belajar.php on line 93 and exactly 2 expected
#0 C:\Users\admin\Music\eoffice2\app\Models\Model_belajar.php(93): App\Models\Model_belajar->tampil('user')
#1 C:\Users\admin\Music\eoffice2\app\Controllers\Home.php(988): App\Models\Model_belajar->getUsers()
#2 C:\Users\admin\Music\eoffice2\system\CodeIgniter.php(832): App\Controllers\Home->tambahArsipSurat()
#3 C:\Users\admin\Music\eoffice2\system\CodeIgniter.php(419): CodeIgniter\CodeIgniter->runController(Object(App\Controllers\Home))
#4 C:\Users\admin\Music\eoffice2\system\CodeIgniter.php(326): CodeIgniter\CodeIgniter->handleRequest(NULL, Object(Config\Cache), false)
#5 C:\Users\admin\Music\eoffice2\public\index.php(37): CodeIgniter\CodeIgniter->run()
#6 C:\Users\admin\Music\eoffice2\system\Commands\Server\rewrite.php(43): require_once('C:\\Users\\admin\\...')
#7 {main}
CRITICAL - 2024-11-19 07:43:58 --> Too few arguments to function App\Models\Model_belajar::tampil(), 1 passed in C:\Users\admin\Music\eoffice2\app\Models\Model_belajar.php on line 101 and exactly 2 expected
#0 C:\Users\admin\Music\eoffice2\app\Models\Model_belajar.php(101): App\Models\Model_belajar->tampil('user')
#1 C:\Users\admin\Music\eoffice2\app\Controllers\Home.php(990): App\Models\Model_belajar->getUsers()
#2 C:\Users\admin\Music\eoffice2\system\CodeIgniter.php(832): App\Controllers\Home->tambahArsipSurat()
#3 C:\Users\admin\Music\eoffice2\system\CodeIgniter.php(419): CodeIgniter\CodeIgniter->runController(Object(App\Controllers\Home))
#4 C:\Users\admin\Music\eoffice2\system\CodeIgniter.php(326): CodeIgniter\CodeIgniter->handleRequest(NULL, Object(Config\Cache), false)
#5 C:\Users\admin\Music\eoffice2\public\index.php(37): CodeIgniter\CodeIgniter->run()
#6 C:\Users\admin\Music\eoffice2\system\Commands\Server\rewrite.php(43): require_once('C:\\Users\\admin\\...')
#7 {main}
CRITICAL - 2024-11-19 07:44:03 --> Too few arguments to function App\Models\Model_belajar::tampil(), 1 passed in C:\Users\admin\Music\eoffice2\app\Models\Model_belajar.php on line 101 and exactly 2 expected
#0 C:\Users\admin\Music\eoffice2\app\Models\Model_belajar.php(101): App\Models\Model_belajar->tampil('user')
#1 C:\Users\admin\Music\eoffice2\app\Controllers\Home.php(990): App\Models\Model_belajar->getUsers()
#2 C:\Users\admin\Music\eoffice2\system\CodeIgniter.php(832): App\Controllers\Home->tambahArsipSurat()
#3 C:\Users\admin\Music\eoffice2\system\CodeIgniter.php(419): CodeIgniter\CodeIgniter->runController(Object(App\Controllers\Home))
#4 C:\Users\admin\Music\eoffice2\system\CodeIgniter.php(326): CodeIgniter\CodeIgniter->handleRequest(NULL, Object(Config\Cache), false)
#5 C:\Users\admin\Music\eoffice2\public\index.php(37): CodeIgniter\CodeIgniter->run()
#6 C:\Users\admin\Music\eoffice2\system\Commands\Server\rewrite.php(43): require_once('C:\\Users\\admin\\...')
#7 {main}
CRITICAL - 2024-11-19 07:44:12 --> Too few arguments to function App\Models\Model_belajar::tampil(), 1 passed in C:\Users\admin\Music\eoffice2\app\Models\Model_belajar.php on line 101 and exactly 2 expected
#0 C:\Users\admin\Music\eoffice2\app\Models\Model_belajar.php(101): App\Models\Model_belajar->tampil('user')
#1 C:\Users\admin\Music\eoffice2\app\Controllers\Home.php(990): App\Models\Model_belajar->getUsers()
#2 C:\Users\admin\Music\eoffice2\system\CodeIgniter.php(832): App\Controllers\Home->tambahArsipSurat()
#3 C:\Users\admin\Music\eoffice2\system\CodeIgniter.php(419): CodeIgniter\CodeIgniter->runController(Object(App\Controllers\Home))
#4 C:\Users\admin\Music\eoffice2\system\CodeIgniter.php(326): CodeIgniter\CodeIgniter->handleRequest(NULL, Object(Config\Cache), false)
#5 C:\Users\admin\Music\eoffice2\public\index.php(37): CodeIgniter\CodeIgniter->run()
#6 C:\Users\admin\Music\eoffice2\system\Commands\Server\rewrite.php(43): require_once('C:\\Users\\admin\\...')
#7 {main}
ERROR - 2024-11-19 07:46:37 --> Table 'eoffice3.users' doesn't exist
CRITICAL - 2024-11-19 07:46:37 --> Call to a member function getResultArray() on bool
#0 C:\Users\admin\Music\eoffice2\app\Controllers\Home.php(991): App\Models\Model_belajar->getAllUsers()
#1 C:\Users\admin\Music\eoffice2\system\CodeIgniter.php(832): App\Controllers\Home->tambahArsipSurat()
#2 C:\Users\admin\Music\eoffice2\system\CodeIgniter.php(419): CodeIgniter\CodeIgniter->runController(Object(App\Controllers\Home))
#3 C:\Users\admin\Music\eoffice2\system\CodeIgniter.php(326): CodeIgniter\CodeIgniter->handleRequest(NULL, Object(Config\Cache), false)
#4 C:\Users\admin\Music\eoffice2\public\index.php(37): CodeIgniter\CodeIgniter->run()
#5 C:\Users\admin\Music\eoffice2\system\Commands\Server\rewrite.php(43): require_once('C:\\Users\\admin\\...')
#6 {main}
ERROR - 2024-11-19 07:46:40 --> Table 'eoffice3.users' doesn't exist
CRITICAL - 2024-11-19 07:46:40 --> Call to a member function getResultArray() on bool
#0 C:\Users\admin\Music\eoffice2\app\Controllers\Home.php(991): App\Models\Model_belajar->getAllUsers()
#1 C:\Users\admin\Music\eoffice2\system\CodeIgniter.php(832): App\Controllers\Home->tambahArsipSurat()
#2 C:\Users\admin\Music\eoffice2\system\CodeIgniter.php(419): CodeIgniter\CodeIgniter->runController(Object(App\Controllers\Home))
#3 C:\Users\admin\Music\eoffice2\system\CodeIgniter.php(326): CodeIgniter\CodeIgniter->handleRequest(NULL, Object(Config\Cache), false)
#4 C:\Users\admin\Music\eoffice2\public\index.php(37): CodeIgniter\CodeIgniter->run()
#5 C:\Users\admin\Music\eoffice2\system\Commands\Server\rewrite.php(43): require_once('C:\\Users\\admin\\...')
#6 {main}
CRITICAL - 2024-11-19 07:47:29 --> Invalid argument supplied for foreach()
#0 C:\Users\admin\Music\eoffice2\app\Views\tambah_arsip_surat.php(25): CodeIgniter\Debug\Exceptions->errorHandler(2, 'Invalid argumen...', 'C:\\Users\\admin\\...', 25, Array)
#1 C:\Users\admin\Music\eoffice2\system\View\View.php(210): include('C:\\Users\\admin\\...')
#2 C:\Users\admin\Music\eoffice2\system\View\View.php(213): CodeIgniter\View\View->CodeIgniter\View\{closure}()
#3 C:\Users\admin\Music\eoffice2\system\Common.php(1089): CodeIgniter\View\View->render('tambah_arsip_su...', Array, true)
#4 C:\Users\admin\Music\eoffice2\app\Controllers\Home.php(987): view('tambah_arsip_su...')
#5 C:\Users\admin\Music\eoffice2\system\CodeIgniter.php(832): App\Controllers\Home->tambahArsipSurat()
#6 C:\Users\admin\Music\eoffice2\system\CodeIgniter.php(419): CodeIgniter\CodeIgniter->runController(Object(App\Controllers\Home))
#7 C:\Users\admin\Music\eoffice2\system\CodeIgniter.php(326): CodeIgniter\CodeIgniter->handleRequest(NULL, Object(Config\Cache), false)
#8 C:\Users\admin\Music\eoffice2\public\index.php(37): CodeIgniter\CodeIgniter->run()
#9 C:\Users\admin\Music\eoffice2\system\Commands\Server\rewrite.php(43): require_once('C:\\Users\\admin\\...')
#10 {main}
CRITICAL - 2024-11-19 07:47:38 --> Invalid argument supplied for foreach()
#0 C:\Users\admin\Music\eoffice2\app\Views\tambah_arsip_surat.php(25): CodeIgniter\Debug\Exceptions->errorHandler(2, 'Invalid argumen...', 'C:\\Users\\admin\\...', 25, Array)
#1 C:\Users\admin\Music\eoffice2\system\View\View.php(210): include('C:\\Users\\admin\\...')
#2 C:\Users\admin\Music\eoffice2\system\View\View.php(213): CodeIgniter\View\View->CodeIgniter\View\{closure}()
#3 C:\Users\admin\Music\eoffice2\system\Common.php(1089): CodeIgniter\View\View->render('tambah_arsip_su...', Array, true)
#4 C:\Users\admin\Music\eoffice2\app\Controllers\Home.php(987): view('tambah_arsip_su...')
#5 C:\Users\admin\Music\eoffice2\system\CodeIgniter.php(832): App\Controllers\Home->tambahArsipSurat()
#6 C:\Users\admin\Music\eoffice2\system\CodeIgniter.php(419): CodeIgniter\CodeIgniter->runController(Object(App\Controllers\Home))
#7 C:\Users\admin\Music\eoffice2\system\CodeIgniter.php(326): CodeIgniter\CodeIgniter->handleRequest(NULL, Object(Config\Cache), false)
#8 C:\Users\admin\Music\eoffice2\public\index.php(37): CodeIgniter\CodeIgniter->run()
#9 C:\Users\admin\Music\eoffice2\system\Commands\Server\rewrite.php(43): require_once('C:\\Users\\admin\\...')
#10 {main}
ERROR - 2024-11-19 08:17:22 --> Unknown column 'penerima_khusus' in 'field list'
ERROR - 2024-11-19 08:17:35 --> Unknown column 'penerima_khusus' in 'field list'
ERROR - 2024-11-19 08:17:37 --> Unknown column 'penerima_khusus' in 'field list'
CRITICAL - 2024-11-19 08:31:21 --> syntax error, unexpected 'endforeach' (T_ENDFOREACH), expecting elseif (T_ELSEIF) or else (T_ELSE) or endif (T_ENDIF)
#0 C:\Users\admin\Music\eoffice2\system\View\View.php(213): CodeIgniter\View\View->CodeIgniter\View\{closure}()
#1 C:\Users\admin\Music\eoffice2\system\Common.php(1089): CodeIgniter\View\View->render('arsip_surat.php', Array, true)
#2 C:\Users\admin\Music\eoffice2\app\Controllers\Home.php(978): view('arsip_surat.php', Array)
#3 C:\Users\admin\Music\eoffice2\system\CodeIgniter.php(832): App\Controllers\Home->arsipSurat()
#4 C:\Users\admin\Music\eoffice2\system\CodeIgniter.php(419): CodeIgniter\CodeIgniter->runController(Object(App\Controllers\Home))
#5 C:\Users\admin\Music\eoffice2\system\CodeIgniter.php(326): CodeIgniter\CodeIgniter->handleRequest(NULL, Object(Config\Cache), false)
#6 C:\Users\admin\Music\eoffice2\public\index.php(37): CodeIgniter\CodeIgniter->run()
#7 C:\Users\admin\Music\eoffice2\system\Commands\Server\rewrite.php(43): require_once('C:\\Users\\admin\\...')
#8 {main}
CRITICAL - 2024-11-19 08:38:22 --> Call to a member function insert() on null
#0 C:\Users\admin\Music\eoffice2\system\CodeIgniter.php(832): App\Controllers\Home->simpanArsipSurat()
#1 C:\Users\admin\Music\eoffice2\system\CodeIgniter.php(419): CodeIgniter\CodeIgniter->runController(Object(App\Controllers\Home))
#2 C:\Users\admin\Music\eoffice2\system\CodeIgniter.php(326): CodeIgniter\CodeIgniter->handleRequest(NULL, Object(Config\Cache), false)
#3 C:\Users\admin\Music\eoffice2\public\index.php(37): CodeIgniter\CodeIgniter->run()
#4 C:\Users\admin\Music\eoffice2\system\Commands\Server\rewrite.php(43): require_once('C:\\Users\\admin\\...')
#5 {main}
ERROR - 2024-11-19 19:11:56 --> Duplicate entry '0' for key 'id_user'
ERROR - 2024-11-19 19:42:10 --> Duplicate entry '0' for key 'id_user'
ERROR - 2024-11-19 19:45:57 --> Duplicate entry '0' for key 'PRIMARY'
ERROR - 2024-11-19 19:45:57 --> Column 'id_user' cannot be null
ERROR - 2024-11-19 19:50:19 --> Duplicate entry '0' for key 'PRIMARY'
ERROR - 2024-11-19 19:50:19 --> Column 'id_user' cannot be null
ERROR - 2024-11-19 19:54:53 --> Duplicate entry '0' for key 'PRIMARY'
ERROR - 2024-11-19 19:54:53 --> Duplicate entry '0' for key 'id_user'
ERROR - 2024-11-19 19:55:15 --> Duplicate entry '0' for key 'PRIMARY'
ERROR - 2024-11-19 19:55:15 --> Column 'id_user' cannot be null
ERROR - 2024-11-19 19:58:18 --> Duplicate entry '0' for key 'PRIMARY'
ERROR - 2024-11-19 19:58:18 --> Column 'id_user' cannot be null
ERROR - 2024-11-19 20:01:07 --> Column 'username' cannot be null
ERROR - 2024-11-19 20:01:07 --> Column 'id_user' cannot be null
ERROR - 2024-11-19 20:04:24 --> Column 'username' cannot be null
ERROR - 2024-11-19 20:04:24 --> Column 'id_user' cannot be null
CRITICAL - 2024-11-19 20:15:44 --> Cannot redeclare App\Controllers\Home::index()
#0 [internal function]: CodeIgniter\Debug\Exceptions->shutdownHandler()
#1 {main}
CRITICAL - 2024-11-19 20:15:44 --> Cannot redeclare App\Controllers\Home::index()
#0 [internal function]: CodeIgniter\Debug\Exceptions->shutdownHandler()
#1 {main}
ERROR - 2024-11-19 20:17:24 --> Column 'username' cannot be null
ERROR - 2024-11-19 20:17:24 --> Column 'id_user' cannot be null
ERROR - 2024-11-19 20:22:30 --> Column 'username' cannot be null
ERROR - 2024-11-19 20:22:30 --> Column 'id_user' cannot be null
ERROR - 2024-11-19 20:34:57 --> Column 'username' cannot be null
ERROR - 2024-11-19 20:34:57 --> Column 'id_user' cannot be null
ERROR - 2024-11-19 20:36:14 --> Column 'username' cannot be null
ERROR - 2024-11-19 20:36:14 --> Column 'id_user' cannot be null
ERROR - 2024-11-19 20:44:06 --> Column 'username' cannot be null
ERROR - 2024-11-19 20:44:06 --> Column 'id_user' cannot be null
ERROR - 2024-11-19 21:21:53 --> Column 'username' cannot be null
ERROR - 2024-11-19 21:21:53 --> Column 'id_user' cannot be null
ERROR - 2024-11-19 21:21:54 --> Column 'username' cannot be null
ERROR - 2024-11-19 21:21:54 --> Column 'id_user' cannot be null
ERROR - 2024-11-19 21:21:54 --> Column 'username' cannot be null
ERROR - 2024-11-19 21:21:54 --> Column 'id_user' cannot be null
CRITICAL - 2024-11-19 21:30:57 --> syntax error, unexpected 'else' (T_ELSE)
#0 C:\Users\admin\Music\eoffice2\system\Router\Router.php(175): CodeIgniter\Router\Router->autoRoute('home/karyawan')
#1 C:\Users\admin\Music\eoffice2\system\CodeIgniter.php(726): CodeIgniter\Router\Router->handle('home/karyawan')
#2 C:\Users\admin\Music\eoffice2\system\CodeIgniter.php(368): CodeIgniter\CodeIgniter->tryToRouteIt(Object(CodeIgniter\Router\RouteCollection))
#3 C:\Users\admin\Music\eoffice2\system\CodeIgniter.php(326): CodeIgniter\CodeIgniter->handleRequest(NULL, Object(Config\Cache), false)
#4 C:\Users\admin\Music\eoffice2\public\index.php(37): CodeIgniter\CodeIgniter->run()
#5 C:\Users\admin\Music\eoffice2\system\Commands\Server\rewrite.php(43): require_once('C:\\Users\\admin\\...')
#6 {main}
CRITICAL - 2024-11-19 21:31:21 --> syntax error, unexpected 'public' (T_PUBLIC)
#0 C:\Users\admin\Music\eoffice2\system\Router\Router.php(175): CodeIgniter\Router\Router->autoRoute('home/karyawan')
#1 C:\Users\admin\Music\eoffice2\system\CodeIgniter.php(726): CodeIgniter\Router\Router->handle('home/karyawan')
#2 C:\Users\admin\Music\eoffice2\system\CodeIgniter.php(368): CodeIgniter\CodeIgniter->tryToRouteIt(Object(CodeIgniter\Router\RouteCollection))
#3 C:\Users\admin\Music\eoffice2\system\CodeIgniter.php(326): CodeIgniter\CodeIgniter->handleRequest(NULL, Object(Config\Cache), false)
#4 C:\Users\admin\Music\eoffice2\public\index.php(37): CodeIgniter\CodeIgniter->run()
#5 C:\Users\admin\Music\eoffice2\system\Commands\Server\rewrite.php(43): require_once('C:\\Users\\admin\\...')
#6 {main}
CRITICAL - 2024-11-19 21:31:22 --> syntax error, unexpected 'public' (T_PUBLIC)
#0 C:\Users\admin\Music\eoffice2\system\Router\Router.php(175): CodeIgniter\Router\Router->autoRoute('home/tambahKary...')
#1 C:\Users\admin\Music\eoffice2\system\CodeIgniter.php(726): CodeIgniter\Router\Router->handle('home/tambahKary...')
#2 C:\Users\admin\Music\eoffice2\system\CodeIgniter.php(368): CodeIgniter\CodeIgniter->tryToRouteIt(Object(CodeIgniter\Router\RouteCollection))
#3 C:\Users\admin\Music\eoffice2\system\CodeIgniter.php(326): CodeIgniter\CodeIgniter->handleRequest(NULL, Object(Config\Cache), false)
#4 C:\Users\admin\Music\eoffice2\public\index.php(37): CodeIgniter\CodeIgniter->run()
#5 C:\Users\admin\Music\eoffice2\system\Commands\Server\rewrite.php(43): require_once('C:\\Users\\admin\\...')
#6 {main}
CRITICAL - 2024-11-19 21:32:19 --> syntax error, unexpected 'else' (T_ELSE), expecting function (T_FUNCTION) or const (T_CONST)
#0 C:\Users\admin\Music\eoffice2\system\Router\Router.php(175): CodeIgniter\Router\Router->autoRoute('home/karyawan')
#1 C:\Users\admin\Music\eoffice2\system\CodeIgniter.php(726): CodeIgniter\Router\Router->handle('home/karyawan')
#2 C:\Users\admin\Music\eoffice2\system\CodeIgniter.php(368): CodeIgniter\CodeIgniter->tryToRouteIt(Object(CodeIgniter\Router\RouteCollection))
#3 C:\Users\admin\Music\eoffice2\system\CodeIgniter.php(326): CodeIgniter\CodeIgniter->handleRequest(NULL, Object(Config\Cache), false)
#4 C:\Users\admin\Music\eoffice2\public\index.php(37): CodeIgniter\CodeIgniter->run()
#5 C:\Users\admin\Music\eoffice2\system\Commands\Server\rewrite.php(43): require_once('C:\\Users\\admin\\...')
#6 {main}
CRITICAL - 2024-11-19 21:32:19 --> syntax error, unexpected 'else' (T_ELSE), expecting function (T_FUNCTION) or const (T_CONST)
#0 C:\Users\admin\Music\eoffice2\system\Router\Router.php(175): CodeIgniter\Router\Router->autoRoute('home/karyawan')
#1 C:\Users\admin\Music\eoffice2\system\CodeIgniter.php(726): CodeIgniter\Router\Router->handle('home/karyawan')
#2 C:\Users\admin\Music\eoffice2\system\CodeIgniter.php(368): CodeIgniter\CodeIgniter->tryToRouteIt(Object(CodeIgniter\Router\RouteCollection))
#3 C:\Users\admin\Music\eoffice2\system\CodeIgniter.php(326): CodeIgniter\CodeIgniter->handleRequest(NULL, Object(Config\Cache), false)
#4 C:\Users\admin\Music\eoffice2\public\index.php(37): CodeIgniter\CodeIgniter->run()
#5 C:\Users\admin\Music\eoffice2\system\Commands\Server\rewrite.php(43): require_once('C:\\Users\\admin\\...')
#6 {main}
ERROR - 2024-11-19 21:32:53 --> Column 'username' cannot be null
ERROR - 2024-11-19 21:32:53 --> Column 'id_user' cannot be null
CRITICAL - 2024-11-19 21:37:40 --> syntax error, unexpected 'else' (T_ELSE), expecting function (T_FUNCTION) or const (T_CONST)
#0 C:\Users\admin\Music\eoffice2\system\Router\Router.php(175): CodeIgniter\Router\Router->autoRoute('home/karyawan')
#1 C:\Users\admin\Music\eoffice2\system\CodeIgniter.php(726): CodeIgniter\Router\Router->handle('home/karyawan')
#2 C:\Users\admin\Music\eoffice2\system\CodeIgniter.php(368): CodeIgniter\CodeIgniter->tryToRouteIt(Object(CodeIgniter\Router\RouteCollection))
#3 C:\Users\admin\Music\eoffice2\system\CodeIgniter.php(326): CodeIgniter\CodeIgniter->handleRequest(NULL, Object(Config\Cache), false)
#4 C:\Users\admin\Music\eoffice2\public\index.php(37): CodeIgniter\CodeIgniter->run()
#5 C:\Users\admin\Music\eoffice2\system\Commands\Server\rewrite.php(43): require_once('C:\\Users\\admin\\...')
#6 {main}
CRITICAL - 2024-11-19 21:37:41 --> syntax error, unexpected 'else' (T_ELSE), expecting function (T_FUNCTION) or const (T_CONST)
#0 C:\Users\admin\Music\eoffice2\system\Router\Router.php(175): CodeIgniter\Router\Router->autoRoute('home/karyawan')
#1 C:\Users\admin\Music\eoffice2\system\CodeIgniter.php(726): CodeIgniter\Router\Router->handle('home/karyawan')
#2 C:\Users\admin\Music\eoffice2\system\CodeIgniter.php(368): CodeIgniter\CodeIgniter->tryToRouteIt(Object(CodeIgniter\Router\RouteCollection))
#3 C:\Users\admin\Music\eoffice2\system\CodeIgniter.php(326): CodeIgniter\CodeIgniter->handleRequest(NULL, Object(Config\Cache), false)
#4 C:\Users\admin\Music\eoffice2\public\index.php(37): CodeIgniter\CodeIgniter->run()
#5 C:\Users\admin\Music\eoffice2\system\Commands\Server\rewrite.php(43): require_once('C:\\Users\\admin\\...')
#6 {main}
ERROR - 2024-11-19 21:38:15 --> Column 'username' cannot be null
ERROR - 2024-11-19 21:38:15 --> Column 'id_user' cannot be null
CRITICAL - 2024-11-19 21:53:53 --> syntax error, unexpected 'public' (T_PUBLIC)
#0 C:\Users\admin\Music\eoffice2\system\Router\Router.php(175): CodeIgniter\Router\Router->autoRoute('home/tambahKary...')
#1 C:\Users\admin\Music\eoffice2\system\CodeIgniter.php(726): CodeIgniter\Router\Router->handle('home/tambahKary...')
#2 C:\Users\admin\Music\eoffice2\system\CodeIgniter.php(368): CodeIgniter\CodeIgniter->tryToRouteIt(Object(CodeIgniter\Router\RouteCollection))
#3 C:\Users\admin\Music\eoffice2\system\CodeIgniter.php(326): CodeIgniter\CodeIgniter->handleRequest(NULL, Object(Config\Cache), false)
#4 C:\Users\admin\Music\eoffice2\public\index.php(37): CodeIgniter\CodeIgniter->run()
#5 C:\Users\admin\Music\eoffice2\system\Commands\Server\rewrite.php(43): require_once('C:\\Users\\admin\\...')
#6 {main}
ERROR - 2024-11-19 21:54:46 --> Column 'username' cannot be null
ERROR - 2024-11-19 21:55:55 --> Duplicate entry 'dsd@gmail' for key 'username'
