ERROR - 2024-11-27 19:43:46 --> Error connecting to the database: No connection could be made because the target machine actively refused it.

CRITICAL - 2024-11-27 19:43:46 --> Unable to connect to the database.
Main connection [MySQLi]: No connection could be made because the target machine actively refused it.

#0 C:\Users\admin\Downloads\office1\system\Database\BaseConnection.php(577): CodeIgniter\Database\BaseConnection->initialize()
#1 C:\Users\admin\Downloads\office1\system\Database\BaseBuilder.php(1771): CodeIgniter\Database\BaseConnection->query('INSERT INTO `su...', Array, false)
#2 C:\Users\admin\Downloads\office1\app\Models\Model_belajar.php(123): CodeIgniter\Database\BaseBuilder->insert(Array)
#3 C:\Users\admin\Downloads\office1\app\Controllers\Home.php(1297): App\Models\Model_belajar->input('surat_masuk', Array)
#4 C:\Users\admin\Downloads\office1\system\CodeIgniter.php(832): App\Controllers\Home->simpansuratmasuk()
#5 C:\Users\admin\Downloads\office1\system\CodeIgniter.php(419): CodeIgniter\CodeIgniter->runController(Object(App\Controllers\Home))
#6 C:\Users\admin\Downloads\office1\system\CodeIgniter.php(326): CodeIgniter\CodeIgniter->handleRequest(NULL, Object(Config\Cache), false)
#7 C:\Users\admin\Downloads\office1\public\index.php(37): CodeIgniter\CodeIgniter->run()
#8 C:\Users\admin\Downloads\office1\system\Commands\Server\rewrite.php(43): require_once('C:\\Users\\admin\\...')
#9 {main}
ERROR - 2024-11-27 19:43:59 --> Error connecting to the database: No connection could be made because the target machine actively refused it.

CRITICAL - 2024-11-27 19:43:59 --> Unable to connect to the database.
Main connection [MySQLi]: No connection could be made because the target machine actively refused it.

#0 C:\Users\admin\Downloads\office1\system\Database\BaseConnection.php(577): CodeIgniter\Database\BaseConnection->initialize()
#1 C:\Users\admin\Downloads\office1\system\Database\BaseBuilder.php(1771): CodeIgniter\Database\BaseConnection->query('INSERT INTO `su...', Array, false)
#2 C:\Users\admin\Downloads\office1\app\Models\Model_belajar.php(123): CodeIgniter\Database\BaseBuilder->insert(Array)
#3 C:\Users\admin\Downloads\office1\app\Controllers\Home.php(1297): App\Models\Model_belajar->input('surat_masuk', Array)
#4 C:\Users\admin\Downloads\office1\system\CodeIgniter.php(832): App\Controllers\Home->simpansuratmasuk()
#5 C:\Users\admin\Downloads\office1\system\CodeIgniter.php(419): CodeIgniter\CodeIgniter->runController(Object(App\Controllers\Home))
#6 C:\Users\admin\Downloads\office1\system\CodeIgniter.php(326): CodeIgniter\CodeIgniter->handleRequest(NULL, Object(Config\Cache), false)
#7 C:\Users\admin\Downloads\office1\public\index.php(37): CodeIgniter\CodeIgniter->run()
#8 C:\Users\admin\Downloads\office1\system\Commands\Server\rewrite.php(43): require_once('C:\\Users\\admin\\...')
#9 {main}
