CRITICAL - 2024-10-10 00:00:04 --> Cannot use object of type stdClass as array
#0 C:\Users\admin\Downloads\gudang\system\View\View.php(210): include()
#1 C:\Users\admin\Downloads\gudang\system\View\View.php(213): CodeIgniter\View\View->CodeIgniter\View\{closure}()
#2 C:\Users\admin\Downloads\gudang\system\Common.php(1089): CodeIgniter\View\View->render('karyawan.php', Array, true)
#3 C:\Users\admin\Downloads\gudang\app\Controllers\Home.php(608): view('karyawan.php', Array)
#4 C:\Users\admin\Downloads\gudang\system\CodeIgniter.php(832): App\Controllers\Home->karyawan()
#5 C:\Users\admin\Downloads\gudang\system\CodeIgniter.php(419): CodeIgniter\CodeIgniter->runController(Object(App\Controllers\Home))
#6 C:\Users\admin\Downloads\gudang\system\CodeIgniter.php(326): CodeIgniter\CodeIgniter->handleRequest(NULL, Object(Config\Cache), false)
#7 C:\Users\admin\Downloads\gudang\public\index.php(37): CodeIgniter\CodeIgniter->run()
#8 C:\Users\admin\Downloads\gudang\system\Commands\Server\rewrite.php(43): require_once('C:\\Users\\admin\\...')
#9 {main}
CRITICAL - 2024-10-10 00:00:05 --> Cannot use object of type stdClass as array
#0 C:\Users\admin\Downloads\gudang\system\View\View.php(210): include()
#1 C:\Users\admin\Downloads\gudang\system\View\View.php(213): CodeIgniter\View\View->CodeIgniter\View\{closure}()
#2 C:\Users\admin\Downloads\gudang\system\Common.php(1089): CodeIgniter\View\View->render('karyawan.php', Array, true)
#3 C:\Users\admin\Downloads\gudang\app\Controllers\Home.php(608): view('karyawan.php', Array)
#4 C:\Users\admin\Downloads\gudang\system\CodeIgniter.php(832): App\Controllers\Home->karyawan()
#5 C:\Users\admin\Downloads\gudang\system\CodeIgniter.php(419): CodeIgniter\CodeIgniter->runController(Object(App\Controllers\Home))
#6 C:\Users\admin\Downloads\gudang\system\CodeIgniter.php(326): CodeIgniter\CodeIgniter->handleRequest(NULL, Object(Config\Cache), false)
#7 C:\Users\admin\Downloads\gudang\public\index.php(37): CodeIgniter\CodeIgniter->run()
#8 C:\Users\admin\Downloads\gudang\system\Commands\Server\rewrite.php(43): require_once('C:\\Users\\admin\\...')
#9 {main}
CRITICAL - 2024-10-10 00:02:52 --> syntax error, unexpected 'endforeach' (T_ENDFOREACH), expecting end of file
#0 C:\Users\admin\Downloads\gudang\system\View\View.php(213): CodeIgniter\View\View->CodeIgniter\View\{closure}()
#1 C:\Users\admin\Downloads\gudang\system\Common.php(1089): CodeIgniter\View\View->render('karyawan.php', Array, true)
#2 C:\Users\admin\Downloads\gudang\app\Controllers\Home.php(608): view('karyawan.php', Array)
#3 C:\Users\admin\Downloads\gudang\system\CodeIgniter.php(832): App\Controllers\Home->karyawan()
#4 C:\Users\admin\Downloads\gudang\system\CodeIgniter.php(419): CodeIgniter\CodeIgniter->runController(Object(App\Controllers\Home))
#5 C:\Users\admin\Downloads\gudang\system\CodeIgniter.php(326): CodeIgniter\CodeIgniter->handleRequest(NULL, Object(Config\Cache), false)
#6 C:\Users\admin\Downloads\gudang\public\index.php(37): CodeIgniter\CodeIgniter->run()
#7 C:\Users\admin\Downloads\gudang\system\Commands\Server\rewrite.php(43): require_once('C:\\Users\\admin\\...')
#8 {main}
CRITICAL - 2024-10-10 00:02:52 --> syntax error, unexpected 'endforeach' (T_ENDFOREACH), expecting end of file
#0 C:\Users\admin\Downloads\gudang\system\View\View.php(213): CodeIgniter\View\View->CodeIgniter\View\{closure}()
#1 C:\Users\admin\Downloads\gudang\system\Common.php(1089): CodeIgniter\View\View->render('karyawan.php', Array, true)
#2 C:\Users\admin\Downloads\gudang\app\Controllers\Home.php(608): view('karyawan.php', Array)
#3 C:\Users\admin\Downloads\gudang\system\CodeIgniter.php(832): App\Controllers\Home->karyawan()
#4 C:\Users\admin\Downloads\gudang\system\CodeIgniter.php(419): CodeIgniter\CodeIgniter->runController(Object(App\Controllers\Home))
#5 C:\Users\admin\Downloads\gudang\system\CodeIgniter.php(326): CodeIgniter\CodeIgniter->handleRequest(NULL, Object(Config\Cache), false)
#6 C:\Users\admin\Downloads\gudang\public\index.php(37): CodeIgniter\CodeIgniter->run()
#7 C:\Users\admin\Downloads\gudang\system\Commands\Server\rewrite.php(43): require_once('C:\\Users\\admin\\...')
#8 {main}
CRITICAL - 2024-10-10 00:03:09 --> Cannot use object of type stdClass as array
#0 C:\Users\admin\Downloads\gudang\system\View\View.php(210): include()
#1 C:\Users\admin\Downloads\gudang\system\View\View.php(213): CodeIgniter\View\View->CodeIgniter\View\{closure}()
#2 C:\Users\admin\Downloads\gudang\system\Common.php(1089): CodeIgniter\View\View->render('karyawan.php', Array, true)
#3 C:\Users\admin\Downloads\gudang\app\Controllers\Home.php(608): view('karyawan.php', Array)
#4 C:\Users\admin\Downloads\gudang\system\CodeIgniter.php(832): App\Controllers\Home->karyawan()
#5 C:\Users\admin\Downloads\gudang\system\CodeIgniter.php(419): CodeIgniter\CodeIgniter->runController(Object(App\Controllers\Home))
#6 C:\Users\admin\Downloads\gudang\system\CodeIgniter.php(326): CodeIgniter\CodeIgniter->handleRequest(NULL, Object(Config\Cache), false)
#7 C:\Users\admin\Downloads\gudang\public\index.php(37): CodeIgniter\CodeIgniter->run()
#8 C:\Users\admin\Downloads\gudang\system\Commands\Server\rewrite.php(43): require_once('C:\\Users\\admin\\...')
#9 {main}
CRITICAL - 2024-10-10 00:03:09 --> Cannot use object of type stdClass as array
#0 C:\Users\admin\Downloads\gudang\system\View\View.php(210): include()
#1 C:\Users\admin\Downloads\gudang\system\View\View.php(213): CodeIgniter\View\View->CodeIgniter\View\{closure}()
#2 C:\Users\admin\Downloads\gudang\system\Common.php(1089): CodeIgniter\View\View->render('karyawan.php', Array, true)
#3 C:\Users\admin\Downloads\gudang\app\Controllers\Home.php(608): view('karyawan.php', Array)
#4 C:\Users\admin\Downloads\gudang\system\CodeIgniter.php(832): App\Controllers\Home->karyawan()
#5 C:\Users\admin\Downloads\gudang\system\CodeIgniter.php(419): CodeIgniter\CodeIgniter->runController(Object(App\Controllers\Home))
#6 C:\Users\admin\Downloads\gudang\system\CodeIgniter.php(326): CodeIgniter\CodeIgniter->handleRequest(NULL, Object(Config\Cache), false)
#7 C:\Users\admin\Downloads\gudang\public\index.php(37): CodeIgniter\CodeIgniter->run()
#8 C:\Users\admin\Downloads\gudang\system\Commands\Server\rewrite.php(43): require_once('C:\\Users\\admin\\...')
#9 {main}
CRITICAL - 2024-10-10 00:24:43 --> Too few arguments to function App\Controllers\Home::editKaryawan(), 0 passed in C:\Users\admin\Downloads\gudang\system\CodeIgniter.php on line 832 and exactly 1 expected
#0 C:\Users\admin\Downloads\gudang\system\CodeIgniter.php(832): App\Controllers\Home->editKaryawan()
#1 C:\Users\admin\Downloads\gudang\system\CodeIgniter.php(419): CodeIgniter\CodeIgniter->runController(Object(App\Controllers\Home))
#2 C:\Users\admin\Downloads\gudang\system\CodeIgniter.php(326): CodeIgniter\CodeIgniter->handleRequest(NULL, Object(Config\Cache), false)
#3 C:\Users\admin\Downloads\gudang\public\index.php(37): CodeIgniter\CodeIgniter->run()
#4 C:\Users\admin\Downloads\gudang\system\Commands\Server\rewrite.php(43): require_once('C:\\Users\\admin\\...')
#5 {main}
CRITICAL - 2024-10-10 00:24:46 --> Too few arguments to function App\Controllers\Home::editKaryawan(), 0 passed in C:\Users\admin\Downloads\gudang\system\CodeIgniter.php on line 832 and exactly 1 expected
#0 C:\Users\admin\Downloads\gudang\system\CodeIgniter.php(832): App\Controllers\Home->editKaryawan()
#1 C:\Users\admin\Downloads\gudang\system\CodeIgniter.php(419): CodeIgniter\CodeIgniter->runController(Object(App\Controllers\Home))
#2 C:\Users\admin\Downloads\gudang\system\CodeIgniter.php(326): CodeIgniter\CodeIgniter->handleRequest(NULL, Object(Config\Cache), false)
#3 C:\Users\admin\Downloads\gudang\public\index.php(37): CodeIgniter\CodeIgniter->run()
#4 C:\Users\admin\Downloads\gudang\system\Commands\Server\rewrite.php(43): require_once('C:\\Users\\admin\\...')
#5 {main}
CRITICAL - 2024-10-10 00:25:44 --> Too few arguments to function App\Controllers\Home::editKaryawan(), 0 passed in C:\Users\admin\Downloads\gudang\system\CodeIgniter.php on line 832 and exactly 1 expected
#0 C:\Users\admin\Downloads\gudang\system\CodeIgniter.php(832): App\Controllers\Home->editKaryawan()
#1 C:\Users\admin\Downloads\gudang\system\CodeIgniter.php(419): CodeIgniter\CodeIgniter->runController(Object(App\Controllers\Home))
#2 C:\Users\admin\Downloads\gudang\system\CodeIgniter.php(326): CodeIgniter\CodeIgniter->handleRequest(NULL, Object(Config\Cache), false)
#3 C:\Users\admin\Downloads\gudang\public\index.php(37): CodeIgniter\CodeIgniter->run()
#4 C:\Users\admin\Downloads\gudang\system\Commands\Server\rewrite.php(43): require_once('C:\\Users\\admin\\...')
#5 {main}
CRITICAL - 2024-10-10 00:25:45 --> Too few arguments to function App\Controllers\Home::editKaryawan(), 0 passed in C:\Users\admin\Downloads\gudang\system\CodeIgniter.php on line 832 and exactly 1 expected
#0 C:\Users\admin\Downloads\gudang\system\CodeIgniter.php(832): App\Controllers\Home->editKaryawan()
#1 C:\Users\admin\Downloads\gudang\system\CodeIgniter.php(419): CodeIgniter\CodeIgniter->runController(Object(App\Controllers\Home))
#2 C:\Users\admin\Downloads\gudang\system\CodeIgniter.php(326): CodeIgniter\CodeIgniter->handleRequest(NULL, Object(Config\Cache), false)
#3 C:\Users\admin\Downloads\gudang\public\index.php(37): CodeIgniter\CodeIgniter->run()
#4 C:\Users\admin\Downloads\gudang\system\Commands\Server\rewrite.php(43): require_once('C:\\Users\\admin\\...')
#5 {main}
CRITICAL - 2024-10-10 00:25:45 --> Too few arguments to function App\Controllers\Home::editKaryawan(), 0 passed in C:\Users\admin\Downloads\gudang\system\CodeIgniter.php on line 832 and exactly 1 expected
#0 C:\Users\admin\Downloads\gudang\system\CodeIgniter.php(832): App\Controllers\Home->editKaryawan()
#1 C:\Users\admin\Downloads\gudang\system\CodeIgniter.php(419): CodeIgniter\CodeIgniter->runController(Object(App\Controllers\Home))
#2 C:\Users\admin\Downloads\gudang\system\CodeIgniter.php(326): CodeIgniter\CodeIgniter->handleRequest(NULL, Object(Config\Cache), false)
#3 C:\Users\admin\Downloads\gudang\public\index.php(37): CodeIgniter\CodeIgniter->run()
#4 C:\Users\admin\Downloads\gudang\system\Commands\Server\rewrite.php(43): require_once('C:\\Users\\admin\\...')
#5 {main}
CRITICAL - 2024-10-10 00:25:45 --> Too few arguments to function App\Controllers\Home::editKaryawan(), 0 passed in C:\Users\admin\Downloads\gudang\system\CodeIgniter.php on line 832 and exactly 1 expected
#0 C:\Users\admin\Downloads\gudang\system\CodeIgniter.php(832): App\Controllers\Home->editKaryawan()
#1 C:\Users\admin\Downloads\gudang\system\CodeIgniter.php(419): CodeIgniter\CodeIgniter->runController(Object(App\Controllers\Home))
#2 C:\Users\admin\Downloads\gudang\system\CodeIgniter.php(326): CodeIgniter\CodeIgniter->handleRequest(NULL, Object(Config\Cache), false)
#3 C:\Users\admin\Downloads\gudang\public\index.php(37): CodeIgniter\CodeIgniter->run()
#4 C:\Users\admin\Downloads\gudang\system\Commands\Server\rewrite.php(43): require_once('C:\\Users\\admin\\...')
#5 {main}
CRITICAL - 2024-10-10 00:25:50 --> Too few arguments to function App\Controllers\Home::editKaryawan(), 0 passed in C:\Users\admin\Downloads\gudang\system\CodeIgniter.php on line 832 and exactly 1 expected
#0 C:\Users\admin\Downloads\gudang\system\CodeIgniter.php(832): App\Controllers\Home->editKaryawan()
#1 C:\Users\admin\Downloads\gudang\system\CodeIgniter.php(419): CodeIgniter\CodeIgniter->runController(Object(App\Controllers\Home))
#2 C:\Users\admin\Downloads\gudang\system\CodeIgniter.php(326): CodeIgniter\CodeIgniter->handleRequest(NULL, Object(Config\Cache), false)
#3 C:\Users\admin\Downloads\gudang\public\index.php(37): CodeIgniter\CodeIgniter->run()
#4 C:\Users\admin\Downloads\gudang\system\Commands\Server\rewrite.php(43): require_once('C:\\Users\\admin\\...')
#5 {main}
CRITICAL - 2024-10-10 00:25:50 --> Too few arguments to function App\Controllers\Home::editKaryawan(), 0 passed in C:\Users\admin\Downloads\gudang\system\CodeIgniter.php on line 832 and exactly 1 expected
#0 C:\Users\admin\Downloads\gudang\system\CodeIgniter.php(832): App\Controllers\Home->editKaryawan()
#1 C:\Users\admin\Downloads\gudang\system\CodeIgniter.php(419): CodeIgniter\CodeIgniter->runController(Object(App\Controllers\Home))
#2 C:\Users\admin\Downloads\gudang\system\CodeIgniter.php(326): CodeIgniter\CodeIgniter->handleRequest(NULL, Object(Config\Cache), false)
#3 C:\Users\admin\Downloads\gudang\public\index.php(37): CodeIgniter\CodeIgniter->run()
#4 C:\Users\admin\Downloads\gudang\system\Commands\Server\rewrite.php(43): require_once('C:\\Users\\admin\\...')
#5 {main}
CRITICAL - 2024-10-10 00:26:04 --> Too few arguments to function App\Controllers\Home::editKaryawan(), 0 passed in C:\Users\admin\Downloads\gudang\system\CodeIgniter.php on line 832 and exactly 1 expected
#0 C:\Users\admin\Downloads\gudang\system\CodeIgniter.php(832): App\Controllers\Home->editKaryawan()
#1 C:\Users\admin\Downloads\gudang\system\CodeIgniter.php(419): CodeIgniter\CodeIgniter->runController(Object(App\Controllers\Home))
#2 C:\Users\admin\Downloads\gudang\system\CodeIgniter.php(326): CodeIgniter\CodeIgniter->handleRequest(NULL, Object(Config\Cache), false)
#3 C:\Users\admin\Downloads\gudang\public\index.php(37): CodeIgniter\CodeIgniter->run()
#4 C:\Users\admin\Downloads\gudang\system\Commands\Server\rewrite.php(43): require_once('C:\\Users\\admin\\...')
#5 {main}
CRITICAL - 2024-10-10 00:26:05 --> Too few arguments to function App\Controllers\Home::editKaryawan(), 0 passed in C:\Users\admin\Downloads\gudang\system\CodeIgniter.php on line 832 and exactly 1 expected
#0 C:\Users\admin\Downloads\gudang\system\CodeIgniter.php(832): App\Controllers\Home->editKaryawan()
#1 C:\Users\admin\Downloads\gudang\system\CodeIgniter.php(419): CodeIgniter\CodeIgniter->runController(Object(App\Controllers\Home))
#2 C:\Users\admin\Downloads\gudang\system\CodeIgniter.php(326): CodeIgniter\CodeIgniter->handleRequest(NULL, Object(Config\Cache), false)
#3 C:\Users\admin\Downloads\gudang\public\index.php(37): CodeIgniter\CodeIgniter->run()
#4 C:\Users\admin\Downloads\gudang\system\Commands\Server\rewrite.php(43): require_once('C:\\Users\\admin\\...')
#5 {main}
CRITICAL - 2024-10-10 01:45:30 --> Call to a member function join() on null
#0 C:\Users\admin\Downloads\gudang\system\CodeIgniter.php(832): App\Controllers\Home->karyawan()
#1 C:\Users\admin\Downloads\gudang\system\CodeIgniter.php(419): CodeIgniter\CodeIgniter->runController(Object(App\Controllers\Home))
#2 C:\Users\admin\Downloads\gudang\system\CodeIgniter.php(326): CodeIgniter\CodeIgniter->handleRequest(NULL, Object(Config\Cache), false)
#3 C:\Users\admin\Downloads\gudang\public\index.php(37): CodeIgniter\CodeIgniter->run()
#4 C:\Users\admin\Downloads\gudang\system\Commands\Server\rewrite.php(43): require_once('C:\\Users\\admin\\...')
#5 {main}
CRITICAL - 2024-10-10 01:46:07 --> Call to a member function join() on null
#0 C:\Users\admin\Downloads\gudang\system\CodeIgniter.php(832): App\Controllers\Home->karyawan()
#1 C:\Users\admin\Downloads\gudang\system\CodeIgniter.php(419): CodeIgniter\CodeIgniter->runController(Object(App\Controllers\Home))
#2 C:\Users\admin\Downloads\gudang\system\CodeIgniter.php(326): CodeIgniter\CodeIgniter->handleRequest(NULL, Object(Config\Cache), false)
#3 C:\Users\admin\Downloads\gudang\public\index.php(37): CodeIgniter\CodeIgniter->run()
#4 C:\Users\admin\Downloads\gudang\system\Commands\Server\rewrite.php(43): require_once('C:\\Users\\admin\\...')
#5 {main}
CRITICAL - 2024-10-10 01:49:11 --> Call to a member function join() on null
#0 C:\Users\admin\Downloads\gudang\system\CodeIgniter.php(832): App\Controllers\Home->karyawan()
#1 C:\Users\admin\Downloads\gudang\system\CodeIgniter.php(419): CodeIgniter\CodeIgniter->runController(Object(App\Controllers\Home))
#2 C:\Users\admin\Downloads\gudang\system\CodeIgniter.php(326): CodeIgniter\CodeIgniter->handleRequest(NULL, Object(Config\Cache), false)
#3 C:\Users\admin\Downloads\gudang\public\index.php(37): CodeIgniter\CodeIgniter->run()
#4 C:\Users\admin\Downloads\gudang\system\Commands\Server\rewrite.php(43): require_once('C:\\Users\\admin\\...')
#5 {main}
CRITICAL - 2024-10-10 01:54:19 --> Call to a member function join() on null
#0 C:\Users\admin\Downloads\gudang\system\CodeIgniter.php(832): App\Controllers\Home->karyawan()
#1 C:\Users\admin\Downloads\gudang\system\CodeIgniter.php(419): CodeIgniter\CodeIgniter->runController(Object(App\Controllers\Home))
#2 C:\Users\admin\Downloads\gudang\system\CodeIgniter.php(326): CodeIgniter\CodeIgniter->handleRequest(NULL, Object(Config\Cache), false)
#3 C:\Users\admin\Downloads\gudang\public\index.php(37): CodeIgniter\CodeIgniter->run()
#4 C:\Users\admin\Downloads\gudang\system\Commands\Server\rewrite.php(43): require_once('C:\\Users\\admin\\...')
#5 {main}
CRITICAL - 2024-10-10 01:55:29 --> Call to a member function join() on null
#0 C:\Users\admin\Downloads\gudang\system\CodeIgniter.php(832): App\Controllers\Home->karyawan()
#1 C:\Users\admin\Downloads\gudang\system\CodeIgniter.php(419): CodeIgniter\CodeIgniter->runController(Object(App\Controllers\Home))
#2 C:\Users\admin\Downloads\gudang\system\CodeIgniter.php(326): CodeIgniter\CodeIgniter->handleRequest(NULL, Object(Config\Cache), false)
#3 C:\Users\admin\Downloads\gudang\public\index.php(37): CodeIgniter\CodeIgniter->run()
#4 C:\Users\admin\Downloads\gudang\system\Commands\Server\rewrite.php(43): require_once('C:\\Users\\admin\\...')
#5 {main}
CRITICAL - 2024-10-10 01:58:22 --> syntax error, unexpected 'public' (T_PUBLIC), expecting end of file
#0 C:\Users\admin\Downloads\gudang\system\Router\Router.php(175): CodeIgniter\Router\Router->autoRoute('home/barangkelu...')
#1 C:\Users\admin\Downloads\gudang\system\CodeIgniter.php(726): CodeIgniter\Router\Router->handle('home/barangkelu...')
#2 C:\Users\admin\Downloads\gudang\system\CodeIgniter.php(368): CodeIgniter\CodeIgniter->tryToRouteIt(Object(CodeIgniter\Router\RouteCollection))
#3 C:\Users\admin\Downloads\gudang\system\CodeIgniter.php(326): CodeIgniter\CodeIgniter->handleRequest(NULL, Object(Config\Cache), false)
#4 C:\Users\admin\Downloads\gudang\public\index.php(37): CodeIgniter\CodeIgniter->run()
#5 C:\Users\admin\Downloads\gudang\system\Commands\Server\rewrite.php(43): require_once('C:\\Users\\admin\\...')
#6 {main}
CRITICAL - 2024-10-10 01:58:22 --> syntax error, unexpected 'public' (T_PUBLIC), expecting end of file
#0 C:\Users\admin\Downloads\gudang\system\Router\Router.php(175): CodeIgniter\Router\Router->autoRoute('home/karyawan')
#1 C:\Users\admin\Downloads\gudang\system\CodeIgniter.php(726): CodeIgniter\Router\Router->handle('home/karyawan')
#2 C:\Users\admin\Downloads\gudang\system\CodeIgniter.php(368): CodeIgniter\CodeIgniter->tryToRouteIt(Object(CodeIgniter\Router\RouteCollection))
#3 C:\Users\admin\Downloads\gudang\system\CodeIgniter.php(326): CodeIgniter\CodeIgniter->handleRequest(NULL, Object(Config\Cache), false)
#4 C:\Users\admin\Downloads\gudang\public\index.php(37): CodeIgniter\CodeIgniter->run()
#5 C:\Users\admin\Downloads\gudang\system\Commands\Server\rewrite.php(43): require_once('C:\\Users\\admin\\...')
#6 {main}
CRITICAL - 2024-10-10 01:58:30 --> Cannot redeclare App\Controllers\Home::$Model_belajar
#0 [internal function]: CodeIgniter\Debug\Exceptions->shutdownHandler()
#1 {main}
CRITICAL - 2024-10-10 01:58:49 --> Cannot redeclare App\Controllers\Home::__construct()
#0 [internal function]: CodeIgniter\Debug\Exceptions->shutdownHandler()
#1 {main}
CRITICAL - 2024-10-10 01:58:49 --> Cannot redeclare App\Controllers\Home::__construct()
#0 [internal function]: CodeIgniter\Debug\Exceptions->shutdownHandler()
#1 {main}
CRITICAL - 2024-10-10 01:58:49 --> Cannot redeclare App\Controllers\Home::__construct()
#0 [internal function]: CodeIgniter\Debug\Exceptions->shutdownHandler()
#1 {main}
CRITICAL - 2024-10-10 01:59:34 --> Call to a member function join() on null
#0 C:\Users\admin\Downloads\gudang\system\CodeIgniter.php(832): App\Controllers\Home->karyawan()
#1 C:\Users\admin\Downloads\gudang\system\CodeIgniter.php(419): CodeIgniter\CodeIgniter->runController(Object(App\Controllers\Home))
#2 C:\Users\admin\Downloads\gudang\system\CodeIgniter.php(326): CodeIgniter\CodeIgniter->handleRequest(NULL, Object(Config\Cache), false)
#3 C:\Users\admin\Downloads\gudang\public\index.php(37): CodeIgniter\CodeIgniter->run()
#4 C:\Users\admin\Downloads\gudang\system\Commands\Server\rewrite.php(43): require_once('C:\\Users\\admin\\...')
#5 {main}
CRITICAL - 2024-10-10 02:00:00 --> Call to a member function join() on null
#0 C:\Users\admin\Downloads\gudang\system\CodeIgniter.php(832): App\Controllers\Home->karyawan()
#1 C:\Users\admin\Downloads\gudang\system\CodeIgniter.php(419): CodeIgniter\CodeIgniter->runController(Object(App\Controllers\Home))
#2 C:\Users\admin\Downloads\gudang\system\CodeIgniter.php(326): CodeIgniter\CodeIgniter->handleRequest(NULL, Object(Config\Cache), false)
#3 C:\Users\admin\Downloads\gudang\public\index.php(37): CodeIgniter\CodeIgniter->run()
#4 C:\Users\admin\Downloads\gudang\system\Commands\Server\rewrite.php(43): require_once('C:\\Users\\admin\\...')
#5 {main}
CRITICAL - 2024-10-10 02:00:01 --> Call to a member function join() on null
#0 C:\Users\admin\Downloads\gudang\system\CodeIgniter.php(832): App\Controllers\Home->karyawan()
#1 C:\Users\admin\Downloads\gudang\system\CodeIgniter.php(419): CodeIgniter\CodeIgniter->runController(Object(App\Controllers\Home))
#2 C:\Users\admin\Downloads\gudang\system\CodeIgniter.php(326): CodeIgniter\CodeIgniter->handleRequest(NULL, Object(Config\Cache), false)
#3 C:\Users\admin\Downloads\gudang\public\index.php(37): CodeIgniter\CodeIgniter->run()
#4 C:\Users\admin\Downloads\gudang\system\Commands\Server\rewrite.php(43): require_once('C:\\Users\\admin\\...')
#5 {main}
CRITICAL - 2024-10-10 02:00:32 --> syntax error, unexpected 'public' (T_PUBLIC), expecting end of file
#0 C:\Users\admin\Downloads\gudang\system\Router\Router.php(175): CodeIgniter\Router\Router->autoRoute('home/karyawan')
#1 C:\Users\admin\Downloads\gudang\system\CodeIgniter.php(726): CodeIgniter\Router\Router->handle('home/karyawan')
#2 C:\Users\admin\Downloads\gudang\system\CodeIgniter.php(368): CodeIgniter\CodeIgniter->tryToRouteIt(Object(CodeIgniter\Router\RouteCollection))
#3 C:\Users\admin\Downloads\gudang\system\CodeIgniter.php(326): CodeIgniter\CodeIgniter->handleRequest(NULL, Object(Config\Cache), false)
#4 C:\Users\admin\Downloads\gudang\public\index.php(37): CodeIgniter\CodeIgniter->run()
#5 C:\Users\admin\Downloads\gudang\system\Commands\Server\rewrite.php(43): require_once('C:\\Users\\admin\\...')
#6 {main}
CRITICAL - 2024-10-10 02:00:40 --> Call to a member function table() on null
#0 C:\Users\admin\Downloads\gudang\system\CodeIgniter.php(832): App\Controllers\Home->karyawan()
#1 C:\Users\admin\Downloads\gudang\system\CodeIgniter.php(419): CodeIgniter\CodeIgniter->runController(Object(App\Controllers\Home))
#2 C:\Users\admin\Downloads\gudang\system\CodeIgniter.php(326): CodeIgniter\CodeIgniter->handleRequest(NULL, Object(Config\Cache), false)
#3 C:\Users\admin\Downloads\gudang\public\index.php(37): CodeIgniter\CodeIgniter->run()
#4 C:\Users\admin\Downloads\gudang\system\Commands\Server\rewrite.php(43): require_once('C:\\Users\\admin\\...')
#5 {main}
CRITICAL - 2024-10-10 02:01:29 --> Call to a member function join() on null
#0 C:\Users\admin\Downloads\gudang\system\CodeIgniter.php(832): App\Controllers\Home->karyawan()
#1 C:\Users\admin\Downloads\gudang\system\CodeIgniter.php(419): CodeIgniter\CodeIgniter->runController(Object(App\Controllers\Home))
#2 C:\Users\admin\Downloads\gudang\system\CodeIgniter.php(326): CodeIgniter\CodeIgniter->handleRequest(NULL, Object(Config\Cache), false)
#3 C:\Users\admin\Downloads\gudang\public\index.php(37): CodeIgniter\CodeIgniter->run()
#4 C:\Users\admin\Downloads\gudang\system\Commands\Server\rewrite.php(43): require_once('C:\\Users\\admin\\...')
#5 {main}
CRITICAL - 2024-10-10 02:02:49 --> syntax error, unexpected 'public' (T_PUBLIC), expecting end of file
#0 C:\Users\admin\Downloads\gudang\system\Router\Router.php(175): CodeIgniter\Router\Router->autoRoute('home/karyawan')
#1 C:\Users\admin\Downloads\gudang\system\CodeIgniter.php(726): CodeIgniter\Router\Router->handle('home/karyawan')
#2 C:\Users\admin\Downloads\gudang\system\CodeIgniter.php(368): CodeIgniter\CodeIgniter->tryToRouteIt(Object(CodeIgniter\Router\RouteCollection))
#3 C:\Users\admin\Downloads\gudang\system\CodeIgniter.php(326): CodeIgniter\CodeIgniter->handleRequest(NULL, Object(Config\Cache), false)
#4 C:\Users\admin\Downloads\gudang\public\index.php(37): CodeIgniter\CodeIgniter->run()
#5 C:\Users\admin\Downloads\gudang\system\Commands\Server\rewrite.php(43): require_once('C:\\Users\\admin\\...')
#6 {main}
CRITICAL - 2024-10-10 02:02:50 --> syntax error, unexpected 'public' (T_PUBLIC), expecting end of file
#0 C:\Users\admin\Downloads\gudang\system\Router\Router.php(175): CodeIgniter\Router\Router->autoRoute('home/karyawan')
#1 C:\Users\admin\Downloads\gudang\system\CodeIgniter.php(726): CodeIgniter\Router\Router->handle('home/karyawan')
#2 C:\Users\admin\Downloads\gudang\system\CodeIgniter.php(368): CodeIgniter\CodeIgniter->tryToRouteIt(Object(CodeIgniter\Router\RouteCollection))
#3 C:\Users\admin\Downloads\gudang\system\CodeIgniter.php(326): CodeIgniter\CodeIgniter->handleRequest(NULL, Object(Config\Cache), false)
#4 C:\Users\admin\Downloads\gudang\public\index.php(37): CodeIgniter\CodeIgniter->run()
#5 C:\Users\admin\Downloads\gudang\system\Commands\Server\rewrite.php(43): require_once('C:\\Users\\admin\\...')
#6 {main}
CRITICAL - 2024-10-10 02:02:50 --> syntax error, unexpected 'public' (T_PUBLIC), expecting end of file
#0 C:\Users\admin\Downloads\gudang\system\Router\Router.php(175): CodeIgniter\Router\Router->autoRoute('home/karyawan')
#1 C:\Users\admin\Downloads\gudang\system\CodeIgniter.php(726): CodeIgniter\Router\Router->handle('home/karyawan')
#2 C:\Users\admin\Downloads\gudang\system\CodeIgniter.php(368): CodeIgniter\CodeIgniter->tryToRouteIt(Object(CodeIgniter\Router\RouteCollection))
#3 C:\Users\admin\Downloads\gudang\system\CodeIgniter.php(326): CodeIgniter\CodeIgniter->handleRequest(NULL, Object(Config\Cache), false)
#4 C:\Users\admin\Downloads\gudang\public\index.php(37): CodeIgniter\CodeIgniter->run()
#5 C:\Users\admin\Downloads\gudang\system\Commands\Server\rewrite.php(43): require_once('C:\\Users\\admin\\...')
#6 {main}
CRITICAL - 2024-10-10 02:02:50 --> syntax error, unexpected 'public' (T_PUBLIC), expecting end of file
#0 C:\Users\admin\Downloads\gudang\system\Router\Router.php(175): CodeIgniter\Router\Router->autoRoute('home/karyawan')
#1 C:\Users\admin\Downloads\gudang\system\CodeIgniter.php(726): CodeIgniter\Router\Router->handle('home/karyawan')
#2 C:\Users\admin\Downloads\gudang\system\CodeIgniter.php(368): CodeIgniter\CodeIgniter->tryToRouteIt(Object(CodeIgniter\Router\RouteCollection))
#3 C:\Users\admin\Downloads\gudang\system\CodeIgniter.php(326): CodeIgniter\CodeIgniter->handleRequest(NULL, Object(Config\Cache), false)
#4 C:\Users\admin\Downloads\gudang\public\index.php(37): CodeIgniter\CodeIgniter->run()
#5 C:\Users\admin\Downloads\gudang\system\Commands\Server\rewrite.php(43): require_once('C:\\Users\\admin\\...')
#6 {main}
CRITICAL - 2024-10-10 02:02:50 --> syntax error, unexpected 'public' (T_PUBLIC), expecting end of file
#0 C:\Users\admin\Downloads\gudang\system\Router\Router.php(175): CodeIgniter\Router\Router->autoRoute('home/karyawan')
#1 C:\Users\admin\Downloads\gudang\system\CodeIgniter.php(726): CodeIgniter\Router\Router->handle('home/karyawan')
#2 C:\Users\admin\Downloads\gudang\system\CodeIgniter.php(368): CodeIgniter\CodeIgniter->tryToRouteIt(Object(CodeIgniter\Router\RouteCollection))
#3 C:\Users\admin\Downloads\gudang\system\CodeIgniter.php(326): CodeIgniter\CodeIgniter->handleRequest(NULL, Object(Config\Cache), false)
#4 C:\Users\admin\Downloads\gudang\public\index.php(37): CodeIgniter\CodeIgniter->run()
#5 C:\Users\admin\Downloads\gudang\system\Commands\Server\rewrite.php(43): require_once('C:\\Users\\admin\\...')
#6 {main}
CRITICAL - 2024-10-10 02:13:18 --> Too few arguments to function App\Controllers\Home::editKaryawan(), 0 passed in C:\Users\admin\Downloads\gudang\system\CodeIgniter.php on line 832 and exactly 1 expected
#0 C:\Users\admin\Downloads\gudang\system\CodeIgniter.php(832): App\Controllers\Home->editKaryawan()
#1 C:\Users\admin\Downloads\gudang\system\CodeIgniter.php(419): CodeIgniter\CodeIgniter->runController(Object(App\Controllers\Home))
#2 C:\Users\admin\Downloads\gudang\system\CodeIgniter.php(326): CodeIgniter\CodeIgniter->handleRequest(NULL, Object(Config\Cache), false)
#3 C:\Users\admin\Downloads\gudang\public\index.php(37): CodeIgniter\CodeIgniter->run()
#4 C:\Users\admin\Downloads\gudang\system\Commands\Server\rewrite.php(43): require_once('C:\\Users\\admin\\...')
#5 {main}
CRITICAL - 2024-10-10 02:14:55 --> Too few arguments to function App\Controllers\Home::editKaryawan(), 0 passed in C:\Users\admin\Downloads\gudang\system\CodeIgniter.php on line 832 and exactly 1 expected
#0 C:\Users\admin\Downloads\gudang\system\CodeIgniter.php(832): App\Controllers\Home->editKaryawan()
#1 C:\Users\admin\Downloads\gudang\system\CodeIgniter.php(419): CodeIgniter\CodeIgniter->runController(Object(App\Controllers\Home))
#2 C:\Users\admin\Downloads\gudang\system\CodeIgniter.php(326): CodeIgniter\CodeIgniter->handleRequest(NULL, Object(Config\Cache), false)
#3 C:\Users\admin\Downloads\gudang\public\index.php(37): CodeIgniter\CodeIgniter->run()
#4 C:\Users\admin\Downloads\gudang\system\Commands\Server\rewrite.php(43): require_once('C:\\Users\\admin\\...')
#5 {main}
CRITICAL - 2024-10-10 02:17:08 --> Too few arguments to function App\Controllers\Home::editKaryawan(), 0 passed in C:\Users\admin\Downloads\gudang\system\CodeIgniter.php on line 832 and exactly 1 expected
#0 C:\Users\admin\Downloads\gudang\system\CodeIgniter.php(832): App\Controllers\Home->editKaryawan()
#1 C:\Users\admin\Downloads\gudang\system\CodeIgniter.php(419): CodeIgniter\CodeIgniter->runController(Object(App\Controllers\Home))
#2 C:\Users\admin\Downloads\gudang\system\CodeIgniter.php(326): CodeIgniter\CodeIgniter->handleRequest(NULL, Object(Config\Cache), false)
#3 C:\Users\admin\Downloads\gudang\public\index.php(37): CodeIgniter\CodeIgniter->run()
#4 C:\Users\admin\Downloads\gudang\system\Commands\Server\rewrite.php(43): require_once('C:\\Users\\admin\\...')
#5 {main}
CRITICAL - 2024-10-10 02:20:39 --> Too few arguments to function App\Controllers\Home::editKaryawan(), 0 passed in C:\Users\admin\Downloads\gudang\system\CodeIgniter.php on line 832 and exactly 1 expected
#0 C:\Users\admin\Downloads\gudang\system\CodeIgniter.php(832): App\Controllers\Home->editKaryawan()
#1 C:\Users\admin\Downloads\gudang\system\CodeIgniter.php(419): CodeIgniter\CodeIgniter->runController(Object(App\Controllers\Home))
#2 C:\Users\admin\Downloads\gudang\system\CodeIgniter.php(326): CodeIgniter\CodeIgniter->handleRequest(NULL, Object(Config\Cache), false)
#3 C:\Users\admin\Downloads\gudang\public\index.php(37): CodeIgniter\CodeIgniter->run()
#4 C:\Users\admin\Downloads\gudang\system\Commands\Server\rewrite.php(43): require_once('C:\\Users\\admin\\...')
#5 {main}
CRITICAL - 2024-10-10 02:20:40 --> Too few arguments to function App\Controllers\Home::editKaryawan(), 0 passed in C:\Users\admin\Downloads\gudang\system\CodeIgniter.php on line 832 and exactly 1 expected
#0 C:\Users\admin\Downloads\gudang\system\CodeIgniter.php(832): App\Controllers\Home->editKaryawan()
#1 C:\Users\admin\Downloads\gudang\system\CodeIgniter.php(419): CodeIgniter\CodeIgniter->runController(Object(App\Controllers\Home))
#2 C:\Users\admin\Downloads\gudang\system\CodeIgniter.php(326): CodeIgniter\CodeIgniter->handleRequest(NULL, Object(Config\Cache), false)
#3 C:\Users\admin\Downloads\gudang\public\index.php(37): CodeIgniter\CodeIgniter->run()
#4 C:\Users\admin\Downloads\gudang\system\Commands\Server\rewrite.php(43): require_once('C:\\Users\\admin\\...')
#5 {main}
CRITICAL - 2024-10-10 02:20:40 --> Too few arguments to function App\Controllers\Home::editKaryawan(), 0 passed in C:\Users\admin\Downloads\gudang\system\CodeIgniter.php on line 832 and exactly 1 expected
#0 C:\Users\admin\Downloads\gudang\system\CodeIgniter.php(832): App\Controllers\Home->editKaryawan()
#1 C:\Users\admin\Downloads\gudang\system\CodeIgniter.php(419): CodeIgniter\CodeIgniter->runController(Object(App\Controllers\Home))
#2 C:\Users\admin\Downloads\gudang\system\CodeIgniter.php(326): CodeIgniter\CodeIgniter->handleRequest(NULL, Object(Config\Cache), false)
#3 C:\Users\admin\Downloads\gudang\public\index.php(37): CodeIgniter\CodeIgniter->run()
#4 C:\Users\admin\Downloads\gudang\system\Commands\Server\rewrite.php(43): require_once('C:\\Users\\admin\\...')
#5 {main}
CRITICAL - 2024-10-10 02:20:40 --> Too few arguments to function App\Controllers\Home::editKaryawan(), 0 passed in C:\Users\admin\Downloads\gudang\system\CodeIgniter.php on line 832 and exactly 1 expected
#0 C:\Users\admin\Downloads\gudang\system\CodeIgniter.php(832): App\Controllers\Home->editKaryawan()
#1 C:\Users\admin\Downloads\gudang\system\CodeIgniter.php(419): CodeIgniter\CodeIgniter->runController(Object(App\Controllers\Home))
#2 C:\Users\admin\Downloads\gudang\system\CodeIgniter.php(326): CodeIgniter\CodeIgniter->handleRequest(NULL, Object(Config\Cache), false)
#3 C:\Users\admin\Downloads\gudang\public\index.php(37): CodeIgniter\CodeIgniter->run()
#4 C:\Users\admin\Downloads\gudang\system\Commands\Server\rewrite.php(43): require_once('C:\\Users\\admin\\...')
#5 {main}
CRITICAL - 2024-10-10 02:23:19 --> Too few arguments to function App\Controllers\Home::editKaryawan(), 0 passed in C:\Users\admin\Downloads\gudang\system\CodeIgniter.php on line 832 and exactly 1 expected
#0 C:\Users\admin\Downloads\gudang\system\CodeIgniter.php(832): App\Controllers\Home->editKaryawan()
#1 C:\Users\admin\Downloads\gudang\system\CodeIgniter.php(419): CodeIgniter\CodeIgniter->runController(Object(App\Controllers\Home))
#2 C:\Users\admin\Downloads\gudang\system\CodeIgniter.php(326): CodeIgniter\CodeIgniter->handleRequest(NULL, Object(Config\Cache), false)
#3 C:\Users\admin\Downloads\gudang\public\index.php(37): CodeIgniter\CodeIgniter->run()
#4 C:\Users\admin\Downloads\gudang\system\Commands\Server\rewrite.php(43): require_once('C:\\Users\\admin\\...')
#5 {main}
CRITICAL - 2024-10-10 02:23:19 --> Too few arguments to function App\Controllers\Home::editKaryawan(), 0 passed in C:\Users\admin\Downloads\gudang\system\CodeIgniter.php on line 832 and exactly 1 expected
#0 C:\Users\admin\Downloads\gudang\system\CodeIgniter.php(832): App\Controllers\Home->editKaryawan()
#1 C:\Users\admin\Downloads\gudang\system\CodeIgniter.php(419): CodeIgniter\CodeIgniter->runController(Object(App\Controllers\Home))
#2 C:\Users\admin\Downloads\gudang\system\CodeIgniter.php(326): CodeIgniter\CodeIgniter->handleRequest(NULL, Object(Config\Cache), false)
#3 C:\Users\admin\Downloads\gudang\public\index.php(37): CodeIgniter\CodeIgniter->run()
#4 C:\Users\admin\Downloads\gudang\system\Commands\Server\rewrite.php(43): require_once('C:\\Users\\admin\\...')
#5 {main}
CRITICAL - 2024-10-10 02:23:19 --> Too few arguments to function App\Controllers\Home::editKaryawan(), 0 passed in C:\Users\admin\Downloads\gudang\system\CodeIgniter.php on line 832 and exactly 1 expected
#0 C:\Users\admin\Downloads\gudang\system\CodeIgniter.php(832): App\Controllers\Home->editKaryawan()
#1 C:\Users\admin\Downloads\gudang\system\CodeIgniter.php(419): CodeIgniter\CodeIgniter->runController(Object(App\Controllers\Home))
#2 C:\Users\admin\Downloads\gudang\system\CodeIgniter.php(326): CodeIgniter\CodeIgniter->handleRequest(NULL, Object(Config\Cache), false)
#3 C:\Users\admin\Downloads\gudang\public\index.php(37): CodeIgniter\CodeIgniter->run()
#4 C:\Users\admin\Downloads\gudang\system\Commands\Server\rewrite.php(43): require_once('C:\\Users\\admin\\...')
#5 {main}
CRITICAL - 2024-10-10 02:23:19 --> Too few arguments to function App\Controllers\Home::editKaryawan(), 0 passed in C:\Users\admin\Downloads\gudang\system\CodeIgniter.php on line 832 and exactly 1 expected
#0 C:\Users\admin\Downloads\gudang\system\CodeIgniter.php(832): App\Controllers\Home->editKaryawan()
#1 C:\Users\admin\Downloads\gudang\system\CodeIgniter.php(419): CodeIgniter\CodeIgniter->runController(Object(App\Controllers\Home))
#2 C:\Users\admin\Downloads\gudang\system\CodeIgniter.php(326): CodeIgniter\CodeIgniter->handleRequest(NULL, Object(Config\Cache), false)
#3 C:\Users\admin\Downloads\gudang\public\index.php(37): CodeIgniter\CodeIgniter->run()
#4 C:\Users\admin\Downloads\gudang\system\Commands\Server\rewrite.php(43): require_once('C:\\Users\\admin\\...')
#5 {main}
CRITICAL - 2024-10-10 02:23:29 --> Too few arguments to function App\Controllers\Home::editKaryawan(), 0 passed in C:\Users\admin\Downloads\gudang\system\CodeIgniter.php on line 832 and exactly 1 expected
#0 C:\Users\admin\Downloads\gudang\system\CodeIgniter.php(832): App\Controllers\Home->editKaryawan()
#1 C:\Users\admin\Downloads\gudang\system\CodeIgniter.php(419): CodeIgniter\CodeIgniter->runController(Object(App\Controllers\Home))
#2 C:\Users\admin\Downloads\gudang\system\CodeIgniter.php(326): CodeIgniter\CodeIgniter->handleRequest(NULL, Object(Config\Cache), false)
#3 C:\Users\admin\Downloads\gudang\public\index.php(37): CodeIgniter\CodeIgniter->run()
#4 C:\Users\admin\Downloads\gudang\system\Commands\Server\rewrite.php(43): require_once('C:\\Users\\admin\\...')
#5 {main}
CRITICAL - 2024-10-10 02:24:47 --> Too few arguments to function App\Models\Model_belajar::getKaryawanById(), 0 passed in C:\Users\admin\Downloads\gudang\app\Controllers\Home.php on line 650 and exactly 1 expected
#0 C:\Users\admin\Downloads\gudang\app\Controllers\Home.php(650): App\Models\Model_belajar->getKaryawanById()
#1 C:\Users\admin\Downloads\gudang\system\CodeIgniter.php(832): App\Controllers\Home->editKaryawan()
#2 C:\Users\admin\Downloads\gudang\system\CodeIgniter.php(419): CodeIgniter\CodeIgniter->runController(Object(App\Controllers\Home))
#3 C:\Users\admin\Downloads\gudang\system\CodeIgniter.php(326): CodeIgniter\CodeIgniter->handleRequest(NULL, Object(Config\Cache), false)
#4 C:\Users\admin\Downloads\gudang\public\index.php(37): CodeIgniter\CodeIgniter->run()
#5 C:\Users\admin\Downloads\gudang\system\Commands\Server\rewrite.php(43): require_once('C:\\Users\\admin\\...')
#6 {main}
CRITICAL - 2024-10-10 02:25:01 --> Too few arguments to function App\Controllers\Home::editKaryawan(), 0 passed in C:\Users\admin\Downloads\gudang\system\CodeIgniter.php on line 832 and exactly 1 expected
#0 C:\Users\admin\Downloads\gudang\system\CodeIgniter.php(832): App\Controllers\Home->editKaryawan()
#1 C:\Users\admin\Downloads\gudang\system\CodeIgniter.php(419): CodeIgniter\CodeIgniter->runController(Object(App\Controllers\Home))
#2 C:\Users\admin\Downloads\gudang\system\CodeIgniter.php(326): CodeIgniter\CodeIgniter->handleRequest(NULL, Object(Config\Cache), false)
#3 C:\Users\admin\Downloads\gudang\public\index.php(37): CodeIgniter\CodeIgniter->run()
#4 C:\Users\admin\Downloads\gudang\system\Commands\Server\rewrite.php(43): require_once('C:\\Users\\admin\\...')
#5 {main}
CRITICAL - 2024-10-10 02:25:01 --> Too few arguments to function App\Controllers\Home::editKaryawan(), 0 passed in C:\Users\admin\Downloads\gudang\system\CodeIgniter.php on line 832 and exactly 1 expected
#0 C:\Users\admin\Downloads\gudang\system\CodeIgniter.php(832): App\Controllers\Home->editKaryawan()
#1 C:\Users\admin\Downloads\gudang\system\CodeIgniter.php(419): CodeIgniter\CodeIgniter->runController(Object(App\Controllers\Home))
#2 C:\Users\admin\Downloads\gudang\system\CodeIgniter.php(326): CodeIgniter\CodeIgniter->handleRequest(NULL, Object(Config\Cache), false)
#3 C:\Users\admin\Downloads\gudang\public\index.php(37): CodeIgniter\CodeIgniter->run()
#4 C:\Users\admin\Downloads\gudang\system\Commands\Server\rewrite.php(43): require_once('C:\\Users\\admin\\...')
#5 {main}
CRITICAL - 2024-10-10 02:25:01 --> Too few arguments to function App\Controllers\Home::editKaryawan(), 0 passed in C:\Users\admin\Downloads\gudang\system\CodeIgniter.php on line 832 and exactly 1 expected
#0 C:\Users\admin\Downloads\gudang\system\CodeIgniter.php(832): App\Controllers\Home->editKaryawan()
#1 C:\Users\admin\Downloads\gudang\system\CodeIgniter.php(419): CodeIgniter\CodeIgniter->runController(Object(App\Controllers\Home))
#2 C:\Users\admin\Downloads\gudang\system\CodeIgniter.php(326): CodeIgniter\CodeIgniter->handleRequest(NULL, Object(Config\Cache), false)
#3 C:\Users\admin\Downloads\gudang\public\index.php(37): CodeIgniter\CodeIgniter->run()
#4 C:\Users\admin\Downloads\gudang\system\Commands\Server\rewrite.php(43): require_once('C:\\Users\\admin\\...')
#5 {main}
CRITICAL - 2024-10-10 02:25:24 --> Too few arguments to function App\Controllers\Home::updateKaryawan(), 0 passed in C:\Users\admin\Downloads\gudang\system\CodeIgniter.php on line 832 and exactly 1 expected
#0 C:\Users\admin\Downloads\gudang\system\CodeIgniter.php(832): App\Controllers\Home->updateKaryawan()
#1 C:\Users\admin\Downloads\gudang\system\CodeIgniter.php(419): CodeIgniter\CodeIgniter->runController(Object(App\Controllers\Home))
#2 C:\Users\admin\Downloads\gudang\system\CodeIgniter.php(326): CodeIgniter\CodeIgniter->handleRequest(NULL, Object(Config\Cache), false)
#3 C:\Users\admin\Downloads\gudang\public\index.php(37): CodeIgniter\CodeIgniter->run()
#4 C:\Users\admin\Downloads\gudang\system\Commands\Server\rewrite.php(43): require_once('C:\\Users\\admin\\...')
#5 {main}
CRITICAL - 2024-10-10 02:25:51 --> Too few arguments to function App\Controllers\Home::editKaryawan(), 0 passed in C:\Users\admin\Downloads\gudang\system\CodeIgniter.php on line 832 and exactly 1 expected
#0 C:\Users\admin\Downloads\gudang\system\CodeIgniter.php(832): App\Controllers\Home->editKaryawan()
#1 C:\Users\admin\Downloads\gudang\system\CodeIgniter.php(419): CodeIgniter\CodeIgniter->runController(Object(App\Controllers\Home))
#2 C:\Users\admin\Downloads\gudang\system\CodeIgniter.php(326): CodeIgniter\CodeIgniter->handleRequest(NULL, Object(Config\Cache), false)
#3 C:\Users\admin\Downloads\gudang\public\index.php(37): CodeIgniter\CodeIgniter->run()
#4 C:\Users\admin\Downloads\gudang\system\Commands\Server\rewrite.php(43): require_once('C:\\Users\\admin\\...')
#5 {main}
CRITICAL - 2024-10-10 02:28:36 --> Too few arguments to function App\Controllers\Home::editKaryawan(), 0 passed in C:\Users\admin\Downloads\gudang\system\CodeIgniter.php on line 832 and exactly 1 expected
#0 C:\Users\admin\Downloads\gudang\system\CodeIgniter.php(832): App\Controllers\Home->editKaryawan()
#1 C:\Users\admin\Downloads\gudang\system\CodeIgniter.php(419): CodeIgniter\CodeIgniter->runController(Object(App\Controllers\Home))
#2 C:\Users\admin\Downloads\gudang\system\CodeIgniter.php(326): CodeIgniter\CodeIgniter->handleRequest(NULL, Object(Config\Cache), false)
#3 C:\Users\admin\Downloads\gudang\public\index.php(37): CodeIgniter\CodeIgniter->run()
#4 C:\Users\admin\Downloads\gudang\system\Commands\Server\rewrite.php(43): require_once('C:\\Users\\admin\\...')
#5 {main}
CRITICAL - 2024-10-10 02:28:36 --> Too few arguments to function App\Controllers\Home::editKaryawan(), 0 passed in C:\Users\admin\Downloads\gudang\system\CodeIgniter.php on line 832 and exactly 1 expected
#0 C:\Users\admin\Downloads\gudang\system\CodeIgniter.php(832): App\Controllers\Home->editKaryawan()
#1 C:\Users\admin\Downloads\gudang\system\CodeIgniter.php(419): CodeIgniter\CodeIgniter->runController(Object(App\Controllers\Home))
#2 C:\Users\admin\Downloads\gudang\system\CodeIgniter.php(326): CodeIgniter\CodeIgniter->handleRequest(NULL, Object(Config\Cache), false)
#3 C:\Users\admin\Downloads\gudang\public\index.php(37): CodeIgniter\CodeIgniter->run()
#4 C:\Users\admin\Downloads\gudang\system\Commands\Server\rewrite.php(43): require_once('C:\\Users\\admin\\...')
#5 {main}
CRITICAL - 2024-10-10 02:28:36 --> Too few arguments to function App\Controllers\Home::editKaryawan(), 0 passed in C:\Users\admin\Downloads\gudang\system\CodeIgniter.php on line 832 and exactly 1 expected
#0 C:\Users\admin\Downloads\gudang\system\CodeIgniter.php(832): App\Controllers\Home->editKaryawan()
#1 C:\Users\admin\Downloads\gudang\system\CodeIgniter.php(419): CodeIgniter\CodeIgniter->runController(Object(App\Controllers\Home))
#2 C:\Users\admin\Downloads\gudang\system\CodeIgniter.php(326): CodeIgniter\CodeIgniter->handleRequest(NULL, Object(Config\Cache), false)
#3 C:\Users\admin\Downloads\gudang\public\index.php(37): CodeIgniter\CodeIgniter->run()
#4 C:\Users\admin\Downloads\gudang\system\Commands\Server\rewrite.php(43): require_once('C:\\Users\\admin\\...')
#5 {main}
CRITICAL - 2024-10-10 02:28:37 --> Too few arguments to function App\Controllers\Home::editKaryawan(), 0 passed in C:\Users\admin\Downloads\gudang\system\CodeIgniter.php on line 832 and exactly 1 expected
#0 C:\Users\admin\Downloads\gudang\system\CodeIgniter.php(832): App\Controllers\Home->editKaryawan()
#1 C:\Users\admin\Downloads\gudang\system\CodeIgniter.php(419): CodeIgniter\CodeIgniter->runController(Object(App\Controllers\Home))
#2 C:\Users\admin\Downloads\gudang\system\CodeIgniter.php(326): CodeIgniter\CodeIgniter->handleRequest(NULL, Object(Config\Cache), false)
#3 C:\Users\admin\Downloads\gudang\public\index.php(37): CodeIgniter\CodeIgniter->run()
#4 C:\Users\admin\Downloads\gudang\system\Commands\Server\rewrite.php(43): require_once('C:\\Users\\admin\\...')
#5 {main}
CRITICAL - 2024-10-10 02:28:55 --> Too few arguments to function App\Controllers\Home::editKaryawan(), 0 passed in C:\Users\admin\Downloads\gudang\system\CodeIgniter.php on line 832 and exactly 1 expected
#0 C:\Users\admin\Downloads\gudang\system\CodeIgniter.php(832): App\Controllers\Home->editKaryawan()
#1 C:\Users\admin\Downloads\gudang\system\CodeIgniter.php(419): CodeIgniter\CodeIgniter->runController(Object(App\Controllers\Home))
#2 C:\Users\admin\Downloads\gudang\system\CodeIgniter.php(326): CodeIgniter\CodeIgniter->handleRequest(NULL, Object(Config\Cache), false)
#3 C:\Users\admin\Downloads\gudang\public\index.php(37): CodeIgniter\CodeIgniter->run()
#4 C:\Users\admin\Downloads\gudang\system\Commands\Server\rewrite.php(43): require_once('C:\\Users\\admin\\...')
#5 {main}
CRITICAL - 2024-10-10 02:28:56 --> Too few arguments to function App\Controllers\Home::editKaryawan(), 0 passed in C:\Users\admin\Downloads\gudang\system\CodeIgniter.php on line 832 and exactly 1 expected
#0 C:\Users\admin\Downloads\gudang\system\CodeIgniter.php(832): App\Controllers\Home->editKaryawan()
#1 C:\Users\admin\Downloads\gudang\system\CodeIgniter.php(419): CodeIgniter\CodeIgniter->runController(Object(App\Controllers\Home))
#2 C:\Users\admin\Downloads\gudang\system\CodeIgniter.php(326): CodeIgniter\CodeIgniter->handleRequest(NULL, Object(Config\Cache), false)
#3 C:\Users\admin\Downloads\gudang\public\index.php(37): CodeIgniter\CodeIgniter->run()
#4 C:\Users\admin\Downloads\gudang\system\Commands\Server\rewrite.php(43): require_once('C:\\Users\\admin\\...')
#5 {main}
CRITICAL - 2024-10-10 02:28:56 --> Too few arguments to function App\Controllers\Home::editKaryawan(), 0 passed in C:\Users\admin\Downloads\gudang\system\CodeIgniter.php on line 832 and exactly 1 expected
#0 C:\Users\admin\Downloads\gudang\system\CodeIgniter.php(832): App\Controllers\Home->editKaryawan()
#1 C:\Users\admin\Downloads\gudang\system\CodeIgniter.php(419): CodeIgniter\CodeIgniter->runController(Object(App\Controllers\Home))
#2 C:\Users\admin\Downloads\gudang\system\CodeIgniter.php(326): CodeIgniter\CodeIgniter->handleRequest(NULL, Object(Config\Cache), false)
#3 C:\Users\admin\Downloads\gudang\public\index.php(37): CodeIgniter\CodeIgniter->run()
#4 C:\Users\admin\Downloads\gudang\system\Commands\Server\rewrite.php(43): require_once('C:\\Users\\admin\\...')
#5 {main}
CRITICAL - 2024-10-10 02:28:56 --> Too few arguments to function App\Controllers\Home::editKaryawan(), 0 passed in C:\Users\admin\Downloads\gudang\system\CodeIgniter.php on line 832 and exactly 1 expected
#0 C:\Users\admin\Downloads\gudang\system\CodeIgniter.php(832): App\Controllers\Home->editKaryawan()
#1 C:\Users\admin\Downloads\gudang\system\CodeIgniter.php(419): CodeIgniter\CodeIgniter->runController(Object(App\Controllers\Home))
#2 C:\Users\admin\Downloads\gudang\system\CodeIgniter.php(326): CodeIgniter\CodeIgniter->handleRequest(NULL, Object(Config\Cache), false)
#3 C:\Users\admin\Downloads\gudang\public\index.php(37): CodeIgniter\CodeIgniter->run()
#4 C:\Users\admin\Downloads\gudang\system\Commands\Server\rewrite.php(43): require_once('C:\\Users\\admin\\...')
#5 {main}
CRITICAL - 2024-10-10 02:29:12 --> Too few arguments to function App\Controllers\Home::editKaryawan(), 0 passed in C:\Users\admin\Downloads\gudang\system\CodeIgniter.php on line 832 and exactly 1 expected
#0 C:\Users\admin\Downloads\gudang\system\CodeIgniter.php(832): App\Controllers\Home->editKaryawan()
#1 C:\Users\admin\Downloads\gudang\system\CodeIgniter.php(419): CodeIgniter\CodeIgniter->runController(Object(App\Controllers\Home))
#2 C:\Users\admin\Downloads\gudang\system\CodeIgniter.php(326): CodeIgniter\CodeIgniter->handleRequest(NULL, Object(Config\Cache), false)
#3 C:\Users\admin\Downloads\gudang\public\index.php(37): CodeIgniter\CodeIgniter->run()
#4 C:\Users\admin\Downloads\gudang\system\Commands\Server\rewrite.php(43): require_once('C:\\Users\\admin\\...')
#5 {main}
CRITICAL - 2024-10-10 02:29:13 --> Too few arguments to function App\Controllers\Home::editKaryawan(), 0 passed in C:\Users\admin\Downloads\gudang\system\CodeIgniter.php on line 832 and exactly 1 expected
#0 C:\Users\admin\Downloads\gudang\system\CodeIgniter.php(832): App\Controllers\Home->editKaryawan()
#1 C:\Users\admin\Downloads\gudang\system\CodeIgniter.php(419): CodeIgniter\CodeIgniter->runController(Object(App\Controllers\Home))
#2 C:\Users\admin\Downloads\gudang\system\CodeIgniter.php(326): CodeIgniter\CodeIgniter->handleRequest(NULL, Object(Config\Cache), false)
#3 C:\Users\admin\Downloads\gudang\public\index.php(37): CodeIgniter\CodeIgniter->run()
#4 C:\Users\admin\Downloads\gudang\system\Commands\Server\rewrite.php(43): require_once('C:\\Users\\admin\\...')
#5 {main}
CRITICAL - 2024-10-10 02:29:13 --> Too few arguments to function App\Controllers\Home::editKaryawan(), 0 passed in C:\Users\admin\Downloads\gudang\system\CodeIgniter.php on line 832 and exactly 1 expected
#0 C:\Users\admin\Downloads\gudang\system\CodeIgniter.php(832): App\Controllers\Home->editKaryawan()
#1 C:\Users\admin\Downloads\gudang\system\CodeIgniter.php(419): CodeIgniter\CodeIgniter->runController(Object(App\Controllers\Home))
#2 C:\Users\admin\Downloads\gudang\system\CodeIgniter.php(326): CodeIgniter\CodeIgniter->handleRequest(NULL, Object(Config\Cache), false)
#3 C:\Users\admin\Downloads\gudang\public\index.php(37): CodeIgniter\CodeIgniter->run()
#4 C:\Users\admin\Downloads\gudang\system\Commands\Server\rewrite.php(43): require_once('C:\\Users\\admin\\...')
#5 {main}
CRITICAL - 2024-10-10 02:29:13 --> Too few arguments to function App\Controllers\Home::editKaryawan(), 0 passed in C:\Users\admin\Downloads\gudang\system\CodeIgniter.php on line 832 and exactly 1 expected
#0 C:\Users\admin\Downloads\gudang\system\CodeIgniter.php(832): App\Controllers\Home->editKaryawan()
#1 C:\Users\admin\Downloads\gudang\system\CodeIgniter.php(419): CodeIgniter\CodeIgniter->runController(Object(App\Controllers\Home))
#2 C:\Users\admin\Downloads\gudang\system\CodeIgniter.php(326): CodeIgniter\CodeIgniter->handleRequest(NULL, Object(Config\Cache), false)
#3 C:\Users\admin\Downloads\gudang\public\index.php(37): CodeIgniter\CodeIgniter->run()
#4 C:\Users\admin\Downloads\gudang\system\Commands\Server\rewrite.php(43): require_once('C:\\Users\\admin\\...')
#5 {main}
CRITICAL - 2024-10-10 02:30:04 --> Too few arguments to function App\Controllers\Home::editKaryawan(), 0 passed in C:\Users\admin\Downloads\gudang\system\CodeIgniter.php on line 832 and exactly 1 expected
#0 C:\Users\admin\Downloads\gudang\system\CodeIgniter.php(832): App\Controllers\Home->editKaryawan()
#1 C:\Users\admin\Downloads\gudang\system\CodeIgniter.php(419): CodeIgniter\CodeIgniter->runController(Object(App\Controllers\Home))
#2 C:\Users\admin\Downloads\gudang\system\CodeIgniter.php(326): CodeIgniter\CodeIgniter->handleRequest(NULL, Object(Config\Cache), false)
#3 C:\Users\admin\Downloads\gudang\public\index.php(37): CodeIgniter\CodeIgniter->run()
#4 C:\Users\admin\Downloads\gudang\system\Commands\Server\rewrite.php(43): require_once('C:\\Users\\admin\\...')
#5 {main}
CRITICAL - 2024-10-10 02:34:23 --> Too few arguments to function App\Controllers\Home::editKaryawan(), 0 passed in C:\Users\admin\Downloads\gudang\system\CodeIgniter.php on line 832 and exactly 1 expected
#0 C:\Users\admin\Downloads\gudang\system\CodeIgniter.php(832): App\Controllers\Home->editKaryawan()
#1 C:\Users\admin\Downloads\gudang\system\CodeIgniter.php(419): CodeIgniter\CodeIgniter->runController(Object(App\Controllers\Home))
#2 C:\Users\admin\Downloads\gudang\system\CodeIgniter.php(326): CodeIgniter\CodeIgniter->handleRequest(NULL, Object(Config\Cache), false)
#3 C:\Users\admin\Downloads\gudang\public\index.php(37): CodeIgniter\CodeIgniter->run()
#4 C:\Users\admin\Downloads\gudang\system\Commands\Server\rewrite.php(43): require_once('C:\\Users\\admin\\...')
#5 {main}
CRITICAL - 2024-10-10 02:34:26 --> Call to a member function getKaryawanById() on null
#0 C:\Users\admin\Downloads\gudang\system\CodeIgniter.php(832): App\Controllers\Home->editKaryawan('1')
#1 C:\Users\admin\Downloads\gudang\system\CodeIgniter.php(419): CodeIgniter\CodeIgniter->runController(Object(App\Controllers\Home))
#2 C:\Users\admin\Downloads\gudang\system\CodeIgniter.php(326): CodeIgniter\CodeIgniter->handleRequest(NULL, Object(Config\Cache), false)
#3 C:\Users\admin\Downloads\gudang\public\index.php(37): CodeIgniter\CodeIgniter->run()
#4 C:\Users\admin\Downloads\gudang\system\Commands\Server\rewrite.php(43): require_once('C:\\Users\\admin\\...')
#5 {main}
CRITICAL - 2024-10-10 02:35:07 --> Call to a member function getKaryawanById() on null
#0 C:\Users\admin\Downloads\gudang\system\CodeIgniter.php(832): App\Controllers\Home->editKaryawan('1')
#1 C:\Users\admin\Downloads\gudang\system\CodeIgniter.php(419): CodeIgniter\CodeIgniter->runController(Object(App\Controllers\Home))
#2 C:\Users\admin\Downloads\gudang\system\CodeIgniter.php(326): CodeIgniter\CodeIgniter->handleRequest(NULL, Object(Config\Cache), false)
#3 C:\Users\admin\Downloads\gudang\public\index.php(37): CodeIgniter\CodeIgniter->run()
#4 C:\Users\admin\Downloads\gudang\system\Commands\Server\rewrite.php(43): require_once('C:\\Users\\admin\\...')
#5 {main}
CRITICAL - 2024-10-10 02:37:45 --> Call to a member function getKaryawanById() on null
#0 C:\Users\admin\Downloads\gudang\system\CodeIgniter.php(832): App\Controllers\Home->editKaryawan('1')
#1 C:\Users\admin\Downloads\gudang\system\CodeIgniter.php(419): CodeIgniter\CodeIgniter->runController(Object(App\Controllers\Home))
#2 C:\Users\admin\Downloads\gudang\system\CodeIgniter.php(326): CodeIgniter\CodeIgniter->handleRequest(NULL, Object(Config\Cache), false)
#3 C:\Users\admin\Downloads\gudang\public\index.php(37): CodeIgniter\CodeIgniter->run()
#4 C:\Users\admin\Downloads\gudang\system\Commands\Server\rewrite.php(43): require_once('C:\\Users\\admin\\...')
#5 {main}
