CRITICAL - 2024-09-08 23:45:13 --> Invalid file: tampiltabel.php
#0 C:\Users\admin\Downloads\gudang\system\View\View.php(198): CodeIgniter\Exceptions\FrameworkException::forInvalidFile('tampiltabel.php')
#1 C:\Users\admin\Downloads\gudang\system\Common.php(1089): CodeIgniter\View\View->render('tampiltabel.php', Array, true)
#2 C:\Users\admin\Downloads\gudang\app\Controllers\Home.php(49): view('tampiltabel.php')
#3 C:\Users\admin\Downloads\gudang\system\CodeIgniter.php(832): App\Controllers\Home->tampiluser()
#4 C:\Users\admin\Downloads\gudang\system\CodeIgniter.php(419): CodeIgniter\CodeIgniter->runController(Object(App\Controllers\Home))
#5 C:\Users\admin\Downloads\gudang\system\CodeIgniter.php(326): CodeIgniter\CodeIgniter->handleRequest(NULL, Object(Config\Cache), false)
#6 C:\Users\admin\Downloads\gudang\public\index.php(37): CodeIgniter\CodeIgniter->run()
#7 C:\Users\admin\Downloads\gudang\system\Commands\Server\rewrite.php(43): require_once('C:\\Users\\admin\\...')
#8 {main}
CRITICAL - 2024-09-08 23:45:14 --> Invalid file: tampiltabel.php
#0 C:\Users\admin\Downloads\gudang\system\View\View.php(198): CodeIgniter\Exceptions\FrameworkException::forInvalidFile('tampiltabel.php')
#1 C:\Users\admin\Downloads\gudang\system\Common.php(1089): CodeIgniter\View\View->render('tampiltabel.php', Array, true)
#2 C:\Users\admin\Downloads\gudang\app\Controllers\Home.php(49): view('tampiltabel.php')
#3 C:\Users\admin\Downloads\gudang\system\CodeIgniter.php(832): App\Controllers\Home->tampiluser()
#4 C:\Users\admin\Downloads\gudang\system\CodeIgniter.php(419): CodeIgniter\CodeIgniter->runController(Object(App\Controllers\Home))
#5 C:\Users\admin\Downloads\gudang\system\CodeIgniter.php(326): CodeIgniter\CodeIgniter->handleRequest(NULL, Object(Config\Cache), false)
#6 C:\Users\admin\Downloads\gudang\public\index.php(37): CodeIgniter\CodeIgniter->run()
#7 C:\Users\admin\Downloads\gudang\system\Commands\Server\rewrite.php(43): require_once('C:\\Users\\admin\\...')
#8 {main}
