CRITICAL - 2024-10-22 00:10:45 --> Class 'TCPDF' not found
#0 C:\Users\admin\Downloads\gudang\system\CodeIgniter.php(832): App\Controllers\Home->pdfbm()
#1 C:\Users\admin\Downloads\gudang\system\CodeIgniter.php(419): CodeIgniter\CodeIgniter->runController(Object(App\Controllers\Home))
#2 C:\Users\admin\Downloads\gudang\system\CodeIgniter.php(326): CodeIgniter\CodeIgniter->handleRequest(NULL, Object(Config\Cache), false)
#3 C:\Users\admin\Downloads\gudang\public\index.php(37): CodeIgniter\CodeIgniter->run()
#4 C:\Users\admin\Downloads\gudang\system\Commands\Server\rewrite.php(43): require_once('C:\\Users\\admin\\...')
#5 {main}
CRITICAL - 2024-10-22 02:55:25 --> syntax error, unexpected 'public' (T_PUBLIC), expecting end of file
#0 C:\Users\admin\Downloads\gudang\system\Router\Router.php(175): CodeIgniter\Router\Router->autoRoute('home/Barang')
#1 C:\Users\admin\Downloads\gudang\system\CodeIgniter.php(726): CodeIgniter\Router\Router->handle('home/Barang')
#2 C:\Users\admin\Downloads\gudang\system\CodeIgniter.php(368): CodeIgniter\CodeIgniter->tryToRouteIt(Object(CodeIgniter\Router\RouteCollection))
#3 C:\Users\admin\Downloads\gudang\system\CodeIgniter.php(326): CodeIgniter\CodeIgniter->handleRequest(NULL, Object(Config\Cache), false)
#4 C:\Users\admin\Downloads\gudang\public\index.php(37): CodeIgniter\CodeIgniter->run()
#5 C:\Users\admin\Downloads\gudang\system\Commands\Server\rewrite.php(43): require_once('C:\\Users\\admin\\...')
#6 {main}
CRITICAL - 2024-10-22 02:55:25 --> syntax error, unexpected 'public' (T_PUBLIC), expecting end of file
#0 C:\Users\admin\Downloads\gudang\system\Router\Router.php(175): CodeIgniter\Router\Router->autoRoute('home/Barang')
#1 C:\Users\admin\Downloads\gudang\system\CodeIgniter.php(726): CodeIgniter\Router\Router->handle('home/Barang')
#2 C:\Users\admin\Downloads\gudang\system\CodeIgniter.php(368): CodeIgniter\CodeIgniter->tryToRouteIt(Object(CodeIgniter\Router\RouteCollection))
#3 C:\Users\admin\Downloads\gudang\system\CodeIgniter.php(326): CodeIgniter\CodeIgniter->handleRequest(NULL, Object(Config\Cache), false)
#4 C:\Users\admin\Downloads\gudang\public\index.php(37): CodeIgniter\CodeIgniter->run()
#5 C:\Users\admin\Downloads\gudang\system\Commands\Server\rewrite.php(43): require_once('C:\\Users\\admin\\...')
#6 {main}
CRITICAL - 2024-10-22 05:22:29 --> Invalid argument supplied for foreach()
#0 C:\Users\admin\Downloads\gudang\app\Views\pdf_bk.php(70): CodeIgniter\Debug\Exceptions->errorHandler(2, 'Invalid argumen...', 'C:\\Users\\admin\\...', 70, Array)
#1 C:\Users\admin\Downloads\gudang\system\View\View.php(210): include('C:\\Users\\admin\\...')
#2 C:\Users\admin\Downloads\gudang\system\View\View.php(213): CodeIgniter\View\View->CodeIgniter\View\{closure}()
#3 C:\Users\admin\Downloads\gudang\system\Common.php(1089): CodeIgniter\View\View->render('pdf_bk', Array, true)
#4 C:\Users\admin\Downloads\gudang\app\Controllers\Home.php(226): view('pdf_bk', Array)
#5 C:\Users\admin\Downloads\gudang\system\CodeIgniter.php(832): App\Controllers\Home->pdfbk()
#6 C:\Users\admin\Downloads\gudang\system\CodeIgniter.php(419): CodeIgniter\CodeIgniter->runController(Object(App\Controllers\Home))
#7 C:\Users\admin\Downloads\gudang\system\CodeIgniter.php(326): CodeIgniter\CodeIgniter->handleRequest(NULL, Object(Config\Cache), false)
#8 C:\Users\admin\Downloads\gudang\public\index.php(37): CodeIgniter\CodeIgniter->run()
#9 C:\Users\admin\Downloads\gudang\system\Commands\Server\rewrite.php(43): require_once('C:\\Users\\admin\\...')
#10 {main}
CRITICAL - 2024-10-22 05:23:11 --> Invalid argument supplied for foreach()
#0 C:\Users\admin\Downloads\gudang\app\Views\pdf_bk.php(70): CodeIgniter\Debug\Exceptions->errorHandler(2, 'Invalid argumen...', 'C:\\Users\\admin\\...', 70, Array)
#1 C:\Users\admin\Downloads\gudang\system\View\View.php(210): include('C:\\Users\\admin\\...')
#2 C:\Users\admin\Downloads\gudang\system\View\View.php(213): CodeIgniter\View\View->CodeIgniter\View\{closure}()
#3 C:\Users\admin\Downloads\gudang\system\Common.php(1089): CodeIgniter\View\View->render('pdf_bk', Array, true)
#4 C:\Users\admin\Downloads\gudang\app\Controllers\Home.php(226): view('pdf_bk', Array)
#5 C:\Users\admin\Downloads\gudang\system\CodeIgniter.php(832): App\Controllers\Home->pdfbk()
#6 C:\Users\admin\Downloads\gudang\system\CodeIgniter.php(419): CodeIgniter\CodeIgniter->runController(Object(App\Controllers\Home))
#7 C:\Users\admin\Downloads\gudang\system\CodeIgniter.php(326): CodeIgniter\CodeIgniter->handleRequest(NULL, Object(Config\Cache), false)
#8 C:\Users\admin\Downloads\gudang\public\index.php(37): CodeIgniter\CodeIgniter->run()
#9 C:\Users\admin\Downloads\gudang\system\Commands\Server\rewrite.php(43): require_once('C:\\Users\\admin\\...')
#10 {main}
CRITICAL - 2024-10-22 05:23:21 --> Invalid argument supplied for foreach()
#0 C:\Users\admin\Downloads\gudang\app\Views\pdf_bk.php(70): CodeIgniter\Debug\Exceptions->errorHandler(2, 'Invalid argumen...', 'C:\\Users\\admin\\...', 70, Array)
#1 C:\Users\admin\Downloads\gudang\system\View\View.php(210): include('C:\\Users\\admin\\...')
#2 C:\Users\admin\Downloads\gudang\system\View\View.php(213): CodeIgniter\View\View->CodeIgniter\View\{closure}()
#3 C:\Users\admin\Downloads\gudang\system\Common.php(1089): CodeIgniter\View\View->render('pdf_bk', Array, true)
#4 C:\Users\admin\Downloads\gudang\app\Controllers\Home.php(226): view('pdf_bk', Array)
#5 C:\Users\admin\Downloads\gudang\system\CodeIgniter.php(832): App\Controllers\Home->pdfbk()
#6 C:\Users\admin\Downloads\gudang\system\CodeIgniter.php(419): CodeIgniter\CodeIgniter->runController(Object(App\Controllers\Home))
#7 C:\Users\admin\Downloads\gudang\system\CodeIgniter.php(326): CodeIgniter\CodeIgniter->handleRequest(NULL, Object(Config\Cache), false)
#8 C:\Users\admin\Downloads\gudang\public\index.php(37): CodeIgniter\CodeIgniter->run()
#9 C:\Users\admin\Downloads\gudang\system\Commands\Server\rewrite.php(43): require_once('C:\\Users\\admin\\...')
#10 {main}
