ERROR - 2024-11-22 02:51:20 --> Error connecting to the database: No connection could be made because the target machine actively refused it.

CRITICAL - 2024-11-22 02:51:20 --> Unable to connect to the database.
Main connection [MySQLi]: No connection could be made because the target machine actively refused it.

#0 C:\Users\admin\Music\eoffice2\system\Database\BaseConnection.php(577): CodeIgniter\Database\BaseConnection->initialize()
#1 C:\Users\admin\Music\eoffice2\system\Database\BaseBuilder.php(1588): CodeIgniter\Database\BaseConnection->query('SELECT *\nFROM `...', Array, false)
#2 C:\Users\admin\Music\eoffice2\app\Models\Model_belajar.php(101): CodeIgniter\Database\BaseBuilder->getWhere(Array)
#3 C:\Users\admin\Music\eoffice2\app\Controllers\Home.php(23): App\Models\Model_belajar->getWhere('user', Array)
#4 C:\Users\admin\Music\eoffice2\system\CodeIgniter.php(832): App\Controllers\Home->aksi_login()
#5 C:\Users\admin\Music\eoffice2\system\CodeIgniter.php(419): CodeIgniter\CodeIgniter->runController(Object(App\Controllers\Home))
#6 C:\Users\admin\Music\eoffice2\system\CodeIgniter.php(326): CodeIgniter\CodeIgniter->handleRequest(NULL, Object(Config\Cache), false)
#7 C:\Users\admin\Music\eoffice2\public\index.php(37): CodeIgniter\CodeIgniter->run()
#8 C:\Users\admin\Music\eoffice2\system\Commands\Server\rewrite.php(43): require_once('C:\\Users\\admin\\...')
#9 {main}
CRITICAL - 2024-11-22 03:38:12 --> Undefined variable $cek
#0 C:\xampp\htdocs\eoffice\app\Controllers\Home.php(22): CodeIgniter\Debug\Exceptions->errorHandler(2, 'Undefined varia...', 'C:\\xampp\\htdocs...', 22)
#1 C:\xampp\htdocs\eoffice\system\CodeIgniter.php(832): App\Controllers\Home->aksi_login()
#2 C:\xampp\htdocs\eoffice\system\CodeIgniter.php(419): CodeIgniter\CodeIgniter->runController(Object(App\Controllers\Home))
#3 C:\xampp\htdocs\eoffice\system\CodeIgniter.php(326): CodeIgniter\CodeIgniter->handleRequest(NULL, Object(Config\Cache), false)
#4 C:\xampp\htdocs\eoffice\public\index.php(37): CodeIgniter\CodeIgniter->run()
#5 C:\xampp\htdocs\eoffice\system\Commands\Server\rewrite.php(43): require_once('C:\\xampp\\htdocs...')
#6 {main}
CRITICAL - 2024-11-22 03:41:27 --> Attempt to read property "id_dokumen" on null
#0 C:\xampp\htdocs\eoffice\app\Views\edit_dokumen.php(20): CodeIgniter\Debug\Exceptions->errorHandler(2, 'Attempt to read...', 'C:\\xampp\\htdocs...', 20)
#1 C:\xampp\htdocs\eoffice\system\View\View.php(210): include('C:\\xampp\\htdocs...')
#2 C:\xampp\htdocs\eoffice\system\View\View.php(213): CodeIgniter\View\View->CodeIgniter\View\{closure}()
#3 C:\xampp\htdocs\eoffice\system\Common.php(1089): CodeIgniter\View\View->render('edit_dokumen.ph...', Array, true)
#4 C:\xampp\htdocs\eoffice\app\Controllers\Home.php(1512): view('edit_dokumen.ph...', Array)
#5 C:\xampp\htdocs\eoffice\system\CodeIgniter.php(832): App\Controllers\Home->editDokumen('assets', 'img', 'messages-1.jpg')
#6 C:\xampp\htdocs\eoffice\system\CodeIgniter.php(419): CodeIgniter\CodeIgniter->runController(Object(App\Controllers\Home))
#7 C:\xampp\htdocs\eoffice\system\CodeIgniter.php(326): CodeIgniter\CodeIgniter->handleRequest(NULL, Object(Config\Cache), false)
#8 C:\xampp\htdocs\eoffice\public\index.php(37): CodeIgniter\CodeIgniter->run()
#9 C:\xampp\htdocs\eoffice\system\Commands\Server\rewrite.php(43): require_once('C:\\xampp\\htdocs...')
#10 {main}
CRITICAL - 2024-11-22 03:41:27 --> Attempt to read property "id_dokumen" on null
#0 C:\xampp\htdocs\eoffice\app\Views\edit_dokumen.php(20): CodeIgniter\Debug\Exceptions->errorHandler(2, 'Attempt to read...', 'C:\\xampp\\htdocs...', 20)
#1 C:\xampp\htdocs\eoffice\system\View\View.php(210): include('C:\\xampp\\htdocs...')
#2 C:\xampp\htdocs\eoffice\system\View\View.php(213): CodeIgniter\View\View->CodeIgniter\View\{closure}()
#3 C:\xampp\htdocs\eoffice\system\Common.php(1089): CodeIgniter\View\View->render('edit_dokumen.ph...', Array, true)
#4 C:\xampp\htdocs\eoffice\app\Controllers\Home.php(1512): view('edit_dokumen.ph...', Array)
#5 C:\xampp\htdocs\eoffice\system\CodeIgniter.php(832): App\Controllers\Home->editDokumen('assets', 'img', 'messages-2.jpg')
#6 C:\xampp\htdocs\eoffice\system\CodeIgniter.php(419): CodeIgniter\CodeIgniter->runController(Object(App\Controllers\Home))
#7 C:\xampp\htdocs\eoffice\system\CodeIgniter.php(326): CodeIgniter\CodeIgniter->handleRequest(NULL, Object(Config\Cache), false)
#8 C:\xampp\htdocs\eoffice\public\index.php(37): CodeIgniter\CodeIgniter->run()
#9 C:\xampp\htdocs\eoffice\system\Commands\Server\rewrite.php(43): require_once('C:\\xampp\\htdocs...')
#10 {main}
CRITICAL - 2024-11-22 03:41:27 --> Attempt to read property "id_dokumen" on null
#0 C:\xampp\htdocs\eoffice\app\Views\edit_dokumen.php(20): CodeIgniter\Debug\Exceptions->errorHandler(2, 'Attempt to read...', 'C:\\xampp\\htdocs...', 20)
#1 C:\xampp\htdocs\eoffice\system\View\View.php(210): include('C:\\xampp\\htdocs...')
#2 C:\xampp\htdocs\eoffice\system\View\View.php(213): CodeIgniter\View\View->CodeIgniter\View\{closure}()
#3 C:\xampp\htdocs\eoffice\system\Common.php(1089): CodeIgniter\View\View->render('edit_dokumen.ph...', Array, true)
#4 C:\xampp\htdocs\eoffice\app\Controllers\Home.php(1512): view('edit_dokumen.ph...', Array)
#5 C:\xampp\htdocs\eoffice\system\CodeIgniter.php(832): App\Controllers\Home->editDokumen('assets', 'img', 'messages-3.jpg')
#6 C:\xampp\htdocs\eoffice\system\CodeIgniter.php(419): CodeIgniter\CodeIgniter->runController(Object(App\Controllers\Home))
#7 C:\xampp\htdocs\eoffice\system\CodeIgniter.php(326): CodeIgniter\CodeIgniter->handleRequest(NULL, Object(Config\Cache), false)
#8 C:\xampp\htdocs\eoffice\public\index.php(37): CodeIgniter\CodeIgniter->run()
#9 C:\xampp\htdocs\eoffice\system\Commands\Server\rewrite.php(43): require_once('C:\\xampp\\htdocs...')
#10 {main}
CRITICAL - 2024-11-22 03:41:33 --> Attempt to read property "id_dokumen" on null
#0 C:\xampp\htdocs\eoffice\app\Views\edit_dokumen.php(20): CodeIgniter\Debug\Exceptions->errorHandler(2, 'Attempt to read...', 'C:\\xampp\\htdocs...', 20)
#1 C:\xampp\htdocs\eoffice\system\View\View.php(210): include('C:\\xampp\\htdocs...')
#2 C:\xampp\htdocs\eoffice\system\View\View.php(213): CodeIgniter\View\View->CodeIgniter\View\{closure}()
#3 C:\xampp\htdocs\eoffice\system\Common.php(1089): CodeIgniter\View\View->render('edit_dokumen.ph...', Array, true)
#4 C:\xampp\htdocs\eoffice\app\Controllers\Home.php(1512): view('edit_dokumen.ph...', Array)
#5 C:\xampp\htdocs\eoffice\system\CodeIgniter.php(832): App\Controllers\Home->editDokumen('dashboard')
#6 C:\xampp\htdocs\eoffice\system\CodeIgniter.php(419): CodeIgniter\CodeIgniter->runController(Object(App\Controllers\Home))
#7 C:\xampp\htdocs\eoffice\system\CodeIgniter.php(326): CodeIgniter\CodeIgniter->handleRequest(NULL, Object(Config\Cache), false)
#8 C:\xampp\htdocs\eoffice\public\index.php(37): CodeIgniter\CodeIgniter->run()
#9 C:\xampp\htdocs\eoffice\system\Commands\Server\rewrite.php(43): require_once('C:\\xampp\\htdocs...')
#10 {main}
CRITICAL - 2024-11-22 03:41:33 --> Attempt to read property "id_dokumen" on null
#0 C:\xampp\htdocs\eoffice\app\Views\edit_dokumen.php(20): CodeIgniter\Debug\Exceptions->errorHandler(2, 'Attempt to read...', 'C:\\xampp\\htdocs...', 20)
#1 C:\xampp\htdocs\eoffice\system\View\View.php(210): include('C:\\xampp\\htdocs...')
#2 C:\xampp\htdocs\eoffice\system\View\View.php(213): CodeIgniter\View\View->CodeIgniter\View\{closure}()
#3 C:\xampp\htdocs\eoffice\system\Common.php(1089): CodeIgniter\View\View->render('edit_dokumen.ph...', Array, true)
#4 C:\xampp\htdocs\eoffice\app\Controllers\Home.php(1512): view('edit_dokumen.ph...', Array)
#5 C:\xampp\htdocs\eoffice\system\CodeIgniter.php(832): App\Controllers\Home->editDokumen('assets', 'img', 'messages-1.jpg')
#6 C:\xampp\htdocs\eoffice\system\CodeIgniter.php(419): CodeIgniter\CodeIgniter->runController(Object(App\Controllers\Home))
#7 C:\xampp\htdocs\eoffice\system\CodeIgniter.php(326): CodeIgniter\CodeIgniter->handleRequest(NULL, Object(Config\Cache), false)
#8 C:\xampp\htdocs\eoffice\public\index.php(37): CodeIgniter\CodeIgniter->run()
#9 C:\xampp\htdocs\eoffice\system\Commands\Server\rewrite.php(43): require_once('C:\\xampp\\htdocs...')
#10 {main}
CRITICAL - 2024-11-22 03:41:34 --> Attempt to read property "id_dokumen" on null
#0 C:\xampp\htdocs\eoffice\app\Views\edit_dokumen.php(20): CodeIgniter\Debug\Exceptions->errorHandler(2, 'Attempt to read...', 'C:\\xampp\\htdocs...', 20)
#1 C:\xampp\htdocs\eoffice\system\View\View.php(210): include('C:\\xampp\\htdocs...')
#2 C:\xampp\htdocs\eoffice\system\View\View.php(213): CodeIgniter\View\View->CodeIgniter\View\{closure}()
#3 C:\xampp\htdocs\eoffice\system\Common.php(1089): CodeIgniter\View\View->render('edit_dokumen.ph...', Array, true)
#4 C:\xampp\htdocs\eoffice\app\Controllers\Home.php(1512): view('edit_dokumen.ph...', Array)
#5 C:\xampp\htdocs\eoffice\system\CodeIgniter.php(832): App\Controllers\Home->editDokumen('assets', 'img', 'messages-2.jpg')
#6 C:\xampp\htdocs\eoffice\system\CodeIgniter.php(419): CodeIgniter\CodeIgniter->runController(Object(App\Controllers\Home))
#7 C:\xampp\htdocs\eoffice\system\CodeIgniter.php(326): CodeIgniter\CodeIgniter->handleRequest(NULL, Object(Config\Cache), false)
#8 C:\xampp\htdocs\eoffice\public\index.php(37): CodeIgniter\CodeIgniter->run()
#9 C:\xampp\htdocs\eoffice\system\Commands\Server\rewrite.php(43): require_once('C:\\xampp\\htdocs...')
#10 {main}
CRITICAL - 2024-11-22 03:41:34 --> Attempt to read property "id_dokumen" on null
#0 C:\xampp\htdocs\eoffice\app\Views\edit_dokumen.php(20): CodeIgniter\Debug\Exceptions->errorHandler(2, 'Attempt to read...', 'C:\\xampp\\htdocs...', 20)
#1 C:\xampp\htdocs\eoffice\system\View\View.php(210): include('C:\\xampp\\htdocs...')
#2 C:\xampp\htdocs\eoffice\system\View\View.php(213): CodeIgniter\View\View->CodeIgniter\View\{closure}()
#3 C:\xampp\htdocs\eoffice\system\Common.php(1089): CodeIgniter\View\View->render('edit_dokumen.ph...', Array, true)
#4 C:\xampp\htdocs\eoffice\app\Controllers\Home.php(1512): view('edit_dokumen.ph...', Array)
#5 C:\xampp\htdocs\eoffice\system\CodeIgniter.php(832): App\Controllers\Home->editDokumen('assets', 'img', 'messages-3.jpg')
#6 C:\xampp\htdocs\eoffice\system\CodeIgniter.php(419): CodeIgniter\CodeIgniter->runController(Object(App\Controllers\Home))
#7 C:\xampp\htdocs\eoffice\system\CodeIgniter.php(326): CodeIgniter\CodeIgniter->handleRequest(NULL, Object(Config\Cache), false)
#8 C:\xampp\htdocs\eoffice\public\index.php(37): CodeIgniter\CodeIgniter->run()
#9 C:\xampp\htdocs\eoffice\system\Commands\Server\rewrite.php(43): require_once('C:\\xampp\\htdocs...')
#10 {main}
CRITICAL - 2024-11-22 03:41:46 --> Attempt to read property "id_dokumen" on null
#0 C:\xampp\htdocs\eoffice\app\Views\edit_dokumen.php(20): CodeIgniter\Debug\Exceptions->errorHandler(2, 'Attempt to read...', 'C:\\xampp\\htdocs...', 20)
#1 C:\xampp\htdocs\eoffice\system\View\View.php(210): include('C:\\xampp\\htdocs...')
#2 C:\xampp\htdocs\eoffice\system\View\View.php(213): CodeIgniter\View\View->CodeIgniter\View\{closure}()
#3 C:\xampp\htdocs\eoffice\system\Common.php(1089): CodeIgniter\View\View->render('edit_dokumen.ph...', Array, true)
#4 C:\xampp\htdocs\eoffice\app\Controllers\Home.php(1512): view('edit_dokumen.ph...', Array)
#5 C:\xampp\htdocs\eoffice\system\CodeIgniter.php(832): App\Controllers\Home->editDokumen('dashboard')
#6 C:\xampp\htdocs\eoffice\system\CodeIgniter.php(419): CodeIgniter\CodeIgniter->runController(Object(App\Controllers\Home))
#7 C:\xampp\htdocs\eoffice\system\CodeIgniter.php(326): CodeIgniter\CodeIgniter->handleRequest(NULL, Object(Config\Cache), false)
#8 C:\xampp\htdocs\eoffice\public\index.php(37): CodeIgniter\CodeIgniter->run()
#9 C:\xampp\htdocs\eoffice\system\Commands\Server\rewrite.php(43): require_once('C:\\xampp\\htdocs...')
#10 {main}
CRITICAL - 2024-11-22 03:41:47 --> Attempt to read property "id_dokumen" on null
#0 C:\xampp\htdocs\eoffice\app\Views\edit_dokumen.php(20): CodeIgniter\Debug\Exceptions->errorHandler(2, 'Attempt to read...', 'C:\\xampp\\htdocs...', 20)
#1 C:\xampp\htdocs\eoffice\system\View\View.php(210): include('C:\\xampp\\htdocs...')
#2 C:\xampp\htdocs\eoffice\system\View\View.php(213): CodeIgniter\View\View->CodeIgniter\View\{closure}()
#3 C:\xampp\htdocs\eoffice\system\Common.php(1089): CodeIgniter\View\View->render('edit_dokumen.ph...', Array, true)
#4 C:\xampp\htdocs\eoffice\app\Controllers\Home.php(1512): view('edit_dokumen.ph...', Array)
#5 C:\xampp\htdocs\eoffice\system\CodeIgniter.php(832): App\Controllers\Home->editDokumen('assets', 'img', 'messages-1.jpg')
#6 C:\xampp\htdocs\eoffice\system\CodeIgniter.php(419): CodeIgniter\CodeIgniter->runController(Object(App\Controllers\Home))
#7 C:\xampp\htdocs\eoffice\system\CodeIgniter.php(326): CodeIgniter\CodeIgniter->handleRequest(NULL, Object(Config\Cache), false)
#8 C:\xampp\htdocs\eoffice\public\index.php(37): CodeIgniter\CodeIgniter->run()
#9 C:\xampp\htdocs\eoffice\system\Commands\Server\rewrite.php(43): require_once('C:\\xampp\\htdocs...')
#10 {main}
CRITICAL - 2024-11-22 03:41:47 --> Attempt to read property "id_dokumen" on null
#0 C:\xampp\htdocs\eoffice\app\Views\edit_dokumen.php(20): CodeIgniter\Debug\Exceptions->errorHandler(2, 'Attempt to read...', 'C:\\xampp\\htdocs...', 20)
#1 C:\xampp\htdocs\eoffice\system\View\View.php(210): include('C:\\xampp\\htdocs...')
#2 C:\xampp\htdocs\eoffice\system\View\View.php(213): CodeIgniter\View\View->CodeIgniter\View\{closure}()
#3 C:\xampp\htdocs\eoffice\system\Common.php(1089): CodeIgniter\View\View->render('edit_dokumen.ph...', Array, true)
#4 C:\xampp\htdocs\eoffice\app\Controllers\Home.php(1512): view('edit_dokumen.ph...', Array)
#5 C:\xampp\htdocs\eoffice\system\CodeIgniter.php(832): App\Controllers\Home->editDokumen('assets', 'img', 'messages-2.jpg')
#6 C:\xampp\htdocs\eoffice\system\CodeIgniter.php(419): CodeIgniter\CodeIgniter->runController(Object(App\Controllers\Home))
#7 C:\xampp\htdocs\eoffice\system\CodeIgniter.php(326): CodeIgniter\CodeIgniter->handleRequest(NULL, Object(Config\Cache), false)
#8 C:\xampp\htdocs\eoffice\public\index.php(37): CodeIgniter\CodeIgniter->run()
#9 C:\xampp\htdocs\eoffice\system\Commands\Server\rewrite.php(43): require_once('C:\\xampp\\htdocs...')
#10 {main}
CRITICAL - 2024-11-22 03:41:47 --> Attempt to read property "id_dokumen" on null
#0 C:\xampp\htdocs\eoffice\app\Views\edit_dokumen.php(20): CodeIgniter\Debug\Exceptions->errorHandler(2, 'Attempt to read...', 'C:\\xampp\\htdocs...', 20)
#1 C:\xampp\htdocs\eoffice\system\View\View.php(210): include('C:\\xampp\\htdocs...')
#2 C:\xampp\htdocs\eoffice\system\View\View.php(213): CodeIgniter\View\View->CodeIgniter\View\{closure}()
#3 C:\xampp\htdocs\eoffice\system\Common.php(1089): CodeIgniter\View\View->render('edit_dokumen.ph...', Array, true)
#4 C:\xampp\htdocs\eoffice\app\Controllers\Home.php(1512): view('edit_dokumen.ph...', Array)
#5 C:\xampp\htdocs\eoffice\system\CodeIgniter.php(832): App\Controllers\Home->editDokumen('assets', 'img', 'messages-3.jpg')
#6 C:\xampp\htdocs\eoffice\system\CodeIgniter.php(419): CodeIgniter\CodeIgniter->runController(Object(App\Controllers\Home))
#7 C:\xampp\htdocs\eoffice\system\CodeIgniter.php(326): CodeIgniter\CodeIgniter->handleRequest(NULL, Object(Config\Cache), false)
#8 C:\xampp\htdocs\eoffice\public\index.php(37): CodeIgniter\CodeIgniter->run()
#9 C:\xampp\htdocs\eoffice\system\Commands\Server\rewrite.php(43): require_once('C:\\xampp\\htdocs...')
#10 {main}
CRITICAL - 2024-11-22 03:41:48 --> Attempt to read property "id_dokumen" on null
#0 C:\xampp\htdocs\eoffice\app\Views\edit_dokumen.php(20): CodeIgniter\Debug\Exceptions->errorHandler(2, 'Attempt to read...', 'C:\\xampp\\htdocs...', 20)
#1 C:\xampp\htdocs\eoffice\system\View\View.php(210): include('C:\\xampp\\htdocs...')
#2 C:\xampp\htdocs\eoffice\system\View\View.php(213): CodeIgniter\View\View->CodeIgniter\View\{closure}()
#3 C:\xampp\htdocs\eoffice\system\Common.php(1089): CodeIgniter\View\View->render('edit_dokumen.ph...', Array, true)
#4 C:\xampp\htdocs\eoffice\app\Controllers\Home.php(1512): view('edit_dokumen.ph...', Array)
#5 C:\xampp\htdocs\eoffice\system\CodeIgniter.php(832): App\Controllers\Home->editDokumen('index.html')
#6 C:\xampp\htdocs\eoffice\system\CodeIgniter.php(419): CodeIgniter\CodeIgniter->runController(Object(App\Controllers\Home))
#7 C:\xampp\htdocs\eoffice\system\CodeIgniter.php(326): CodeIgniter\CodeIgniter->handleRequest(NULL, Object(Config\Cache), false)
#8 C:\xampp\htdocs\eoffice\public\index.php(37): CodeIgniter\CodeIgniter->run()
#9 C:\xampp\htdocs\eoffice\system\Commands\Server\rewrite.php(43): require_once('C:\\xampp\\htdocs...')
#10 {main}
CRITICAL - 2024-11-22 03:41:49 --> Attempt to read property "id_dokumen" on null
#0 C:\xampp\htdocs\eoffice\app\Views\edit_dokumen.php(20): CodeIgniter\Debug\Exceptions->errorHandler(2, 'Attempt to read...', 'C:\\xampp\\htdocs...', 20)
#1 C:\xampp\htdocs\eoffice\system\View\View.php(210): include('C:\\xampp\\htdocs...')
#2 C:\xampp\htdocs\eoffice\system\View\View.php(213): CodeIgniter\View\View->CodeIgniter\View\{closure}()
#3 C:\xampp\htdocs\eoffice\system\Common.php(1089): CodeIgniter\View\View->render('edit_dokumen.ph...', Array, true)
#4 C:\xampp\htdocs\eoffice\app\Controllers\Home.php(1512): view('edit_dokumen.ph...', Array)
#5 C:\xampp\htdocs\eoffice\system\CodeIgniter.php(832): App\Controllers\Home->editDokumen('assets', 'img', 'messages-1.jpg')
#6 C:\xampp\htdocs\eoffice\system\CodeIgniter.php(419): CodeIgniter\CodeIgniter->runController(Object(App\Controllers\Home))
#7 C:\xampp\htdocs\eoffice\system\CodeIgniter.php(326): CodeIgniter\CodeIgniter->handleRequest(NULL, Object(Config\Cache), false)
#8 C:\xampp\htdocs\eoffice\public\index.php(37): CodeIgniter\CodeIgniter->run()
#9 C:\xampp\htdocs\eoffice\system\Commands\Server\rewrite.php(43): require_once('C:\\xampp\\htdocs...')
#10 {main}
CRITICAL - 2024-11-22 03:41:49 --> Attempt to read property "id_dokumen" on null
#0 C:\xampp\htdocs\eoffice\app\Views\edit_dokumen.php(20): CodeIgniter\Debug\Exceptions->errorHandler(2, 'Attempt to read...', 'C:\\xampp\\htdocs...', 20)
#1 C:\xampp\htdocs\eoffice\system\View\View.php(210): include('C:\\xampp\\htdocs...')
#2 C:\xampp\htdocs\eoffice\system\View\View.php(213): CodeIgniter\View\View->CodeIgniter\View\{closure}()
#3 C:\xampp\htdocs\eoffice\system\Common.php(1089): CodeIgniter\View\View->render('edit_dokumen.ph...', Array, true)
#4 C:\xampp\htdocs\eoffice\app\Controllers\Home.php(1512): view('edit_dokumen.ph...', Array)
#5 C:\xampp\htdocs\eoffice\system\CodeIgniter.php(832): App\Controllers\Home->editDokumen('assets', 'img', 'messages-2.jpg')
#6 C:\xampp\htdocs\eoffice\system\CodeIgniter.php(419): CodeIgniter\CodeIgniter->runController(Object(App\Controllers\Home))
#7 C:\xampp\htdocs\eoffice\system\CodeIgniter.php(326): CodeIgniter\CodeIgniter->handleRequest(NULL, Object(Config\Cache), false)
#8 C:\xampp\htdocs\eoffice\public\index.php(37): CodeIgniter\CodeIgniter->run()
#9 C:\xampp\htdocs\eoffice\system\Commands\Server\rewrite.php(43): require_once('C:\\xampp\\htdocs...')
#10 {main}
CRITICAL - 2024-11-22 03:41:49 --> Attempt to read property "id_dokumen" on null
#0 C:\xampp\htdocs\eoffice\app\Views\edit_dokumen.php(20): CodeIgniter\Debug\Exceptions->errorHandler(2, 'Attempt to read...', 'C:\\xampp\\htdocs...', 20)
#1 C:\xampp\htdocs\eoffice\system\View\View.php(210): include('C:\\xampp\\htdocs...')
#2 C:\xampp\htdocs\eoffice\system\View\View.php(213): CodeIgniter\View\View->CodeIgniter\View\{closure}()
#3 C:\xampp\htdocs\eoffice\system\Common.php(1089): CodeIgniter\View\View->render('edit_dokumen.ph...', Array, true)
#4 C:\xampp\htdocs\eoffice\app\Controllers\Home.php(1512): view('edit_dokumen.ph...', Array)
#5 C:\xampp\htdocs\eoffice\system\CodeIgniter.php(832): App\Controllers\Home->editDokumen('assets', 'img', 'messages-3.jpg')
#6 C:\xampp\htdocs\eoffice\system\CodeIgniter.php(419): CodeIgniter\CodeIgniter->runController(Object(App\Controllers\Home))
#7 C:\xampp\htdocs\eoffice\system\CodeIgniter.php(326): CodeIgniter\CodeIgniter->handleRequest(NULL, Object(Config\Cache), false)
#8 C:\xampp\htdocs\eoffice\public\index.php(37): CodeIgniter\CodeIgniter->run()
#9 C:\xampp\htdocs\eoffice\system\Commands\Server\rewrite.php(43): require_once('C:\\xampp\\htdocs...')
#10 {main}
