CRITICAL - 2024-09-15 02:11:04 --> Cannot redeclare App\Controllers\Home::barangkeluar()
#0 [internal function]: CodeIgniter\Debug\Exceptions->shutdownHandler()
#1 {main}
CRITICAL - 2024-09-15 02:12:10 --> Cannot redeclare App\Controllers\Home::barangkeluar()
#0 [internal function]: CodeIgniter\Debug\Exceptions->shutdownHandler()
#1 {main}
CRITICAL - 2024-09-15 02:12:11 --> Cannot redeclare App\Controllers\Home::barangkeluar()
#0 [internal function]: CodeIgniter\Debug\Exceptions->shutdownHandler()
#1 {main}
CRITICAL - 2024-09-15 02:12:19 --> Cannot redeclare App\Controllers\Home::barangkeluar()
#0 [internal function]: CodeIgniter\Debug\Exceptions->shutdownHandler()
#1 {main}
CRITICAL - 2024-09-15 02:12:19 --> Cannot redeclare App\Controllers\Home::barangkeluar()
#0 [internal function]: CodeIgniter\Debug\Exceptions->shutdownHandler()
#1 {main}
CRITICAL - 2024-09-15 02:12:20 --> Cannot redeclare App\Controllers\Home::barangkeluar()
#0 [internal function]: CodeIgniter\Debug\Exceptions->shutdownHandler()
#1 {main}
CRITICAL - 2024-09-15 02:12:20 --> Cannot redeclare App\Controllers\Home::barangkeluar()
#0 [internal function]: CodeIgniter\Debug\Exceptions->shutdownHandler()
#1 {main}
CRITICAL - 2024-09-15 02:12:20 --> Cannot redeclare App\Controllers\Home::barangkeluar()
#0 [internal function]: CodeIgniter\Debug\Exceptions->shutdownHandler()
#1 {main}
CRITICAL - 2024-09-15 02:12:20 --> Cannot redeclare App\Controllers\Home::barangkeluar()
#0 [internal function]: CodeIgniter\Debug\Exceptions->shutdownHandler()
#1 {main}
CRITICAL - 2024-09-15 02:12:40 --> Cannot redeclare App\Controllers\Home::barangkeluar()
#0 [internal function]: CodeIgniter\Debug\Exceptions->shutdownHandler()
#1 {main}
CRITICAL - 2024-09-15 02:12:40 --> Cannot redeclare App\Controllers\Home::barangkeluar()
#0 [internal function]: CodeIgniter\Debug\Exceptions->shutdownHandler()
#1 {main}
CRITICAL - 2024-09-15 02:13:30 --> Cannot redeclare App\Controllers\Home::barangkeluar()
#0 [internal function]: CodeIgniter\Debug\Exceptions->shutdownHandler()
#1 {main}
CRITICAL - 2024-09-15 02:13:31 --> Cannot redeclare App\Controllers\Home::barangkeluar()
#0 [internal function]: CodeIgniter\Debug\Exceptions->shutdownHandler()
#1 {main}
CRITICAL - 2024-09-15 02:13:31 --> Cannot redeclare App\Controllers\Home::barangkeluar()
#0 [internal function]: CodeIgniter\Debug\Exceptions->shutdownHandler()
#1 {main}
CRITICAL - 2024-09-15 02:13:38 --> Cannot redeclare App\Controllers\Home::barangkeluar()
#0 [internal function]: CodeIgniter\Debug\Exceptions->shutdownHandler()
#1 {main}
CRITICAL - 2024-09-15 02:14:10 --> Cannot redeclare App\Controllers\Home::barangkeluar()
#0 [internal function]: CodeIgniter\Debug\Exceptions->shutdownHandler()
#1 {main}
CRITICAL - 2024-09-15 02:14:11 --> Cannot redeclare App\Controllers\Home::barangkeluar()
#0 [internal function]: CodeIgniter\Debug\Exceptions->shutdownHandler()
#1 {main}
CRITICAL - 2024-09-15 02:14:16 --> Cannot redeclare App\Controllers\Home::barangkeluar()
#0 [internal function]: CodeIgniter\Debug\Exceptions->shutdownHandler()
#1 {main}
CRITICAL - 2024-09-15 02:15:15 --> Cannot redeclare App\Controllers\Home::barangkeluar()
#0 [internal function]: CodeIgniter\Debug\Exceptions->shutdownHandler()
#1 {main}
CRITICAL - 2024-09-15 02:15:39 --> Cannot redeclare App\Controllers\Home::barangkeluar()
#0 [internal function]: CodeIgniter\Debug\Exceptions->shutdownHandler()
#1 {main}
CRITICAL - 2024-09-15 02:15:41 --> Cannot redeclare App\Controllers\Home::barangkeluar()
#0 [internal function]: CodeIgniter\Debug\Exceptions->shutdownHandler()
#1 {main}
CRITICAL - 2024-09-15 02:15:46 --> Cannot redeclare App\Controllers\Home::barangkeluar()
#0 [internal function]: CodeIgniter\Debug\Exceptions->shutdownHandler()
#1 {main}
CRITICAL - 2024-09-15 02:17:37 --> Cannot redeclare App\Controllers\Home::barangkeluar()
#0 [internal function]: CodeIgniter\Debug\Exceptions->shutdownHandler()
#1 {main}
CRITICAL - 2024-09-15 02:17:38 --> Cannot redeclare App\Controllers\Home::barangkeluar()
#0 [internal function]: CodeIgniter\Debug\Exceptions->shutdownHandler()
#1 {main}
CRITICAL - 2024-09-15 02:17:38 --> Cannot redeclare App\Controllers\Home::barangkeluar()
#0 [internal function]: CodeIgniter\Debug\Exceptions->shutdownHandler()
#1 {main}
CRITICAL - 2024-09-15 02:19:07 --> Invalid file: gudangbarang.php
#0 C:\Users\admin\Downloads\gudang\system\View\View.php(198): CodeIgniter\Exceptions\FrameworkException::forInvalidFile('gudangbarang.ph...')
#1 C:\Users\admin\Downloads\gudang\system\Common.php(1089): CodeIgniter\View\View->render('gudangbarang.ph...', Array, true)
#2 C:\Users\admin\Downloads\gudang\app\Controllers\Home.php(74): view('gudangbarang.ph...')
#3 C:\Users\admin\Downloads\gudang\system\CodeIgniter.php(832): App\Controllers\Home->gudangbarang()
#4 C:\Users\admin\Downloads\gudang\system\CodeIgniter.php(419): CodeIgniter\CodeIgniter->runController(Object(App\Controllers\Home))
#5 C:\Users\admin\Downloads\gudang\system\CodeIgniter.php(326): CodeIgniter\CodeIgniter->handleRequest(NULL, Object(Config\Cache), false)
#6 C:\Users\admin\Downloads\gudang\public\index.php(37): CodeIgniter\CodeIgniter->run()
#7 C:\Users\admin\Downloads\gudang\system\Commands\Server\rewrite.php(43): require_once('C:\\Users\\admin\\...')
#8 {main}
