CRITICAL - 2024-10-18 04:10:27 --> Invalid argument supplied for foreach()
#0 C:\Users\admin\Downloads\gudang\app\Views\tambah_barangrusak.php(7): CodeIgniter\Debug\Exceptions->errorHandler(2, 'Invalid argumen...', 'C:\\Users\\admin\\...', 7, Array)
#1 C:\Users\admin\Downloads\gudang\system\View\View.php(210): include('C:\\Users\\admin\\...')
#2 C:\Users\admin\Downloads\gudang\system\View\View.php(213): CodeIgniter\View\View->CodeIgniter\View\{closure}()
#3 C:\Users\admin\Downloads\gudang\system\Common.php(1089): CodeIgniter\View\View->render('tambah_barangru...', Array, true)
#4 C:\Users\admin\Downloads\gudang\app\Controllers\Home.php(844): view('tambah_barangru...')
#5 C:\Users\admin\Downloads\gudang\system\CodeIgniter.php(832): App\Controllers\Home->tambahBarangRusak()
#6 C:\Users\admin\Downloads\gudang\system\CodeIgniter.php(419): CodeIgniter\CodeIgniter->runController(Object(App\Controllers\Home))
#7 C:\Users\admin\Downloads\gudang\system\CodeIgniter.php(326): CodeIgniter\CodeIgniter->handleRequest(NULL, Object(Config\Cache), false)
#8 C:\Users\admin\Downloads\gudang\public\index.php(37): CodeIgniter\CodeIgniter->run()
#9 C:\Users\admin\Downloads\gudang\system\Commands\Server\rewrite.php(43): require_once('C:\\Users\\admin\\...')
#10 {main}
CRITICAL - 2024-10-18 04:12:29 --> Invalid argument supplied for foreach()
#0 C:\Users\admin\Downloads\gudang\app\Views\tambah_barangrusak.php(7): CodeIgniter\Debug\Exceptions->errorHandler(2, 'Invalid argumen...', 'C:\\Users\\admin\\...', 7, Array)
#1 C:\Users\admin\Downloads\gudang\system\View\View.php(210): include('C:\\Users\\admin\\...')
#2 C:\Users\admin\Downloads\gudang\system\View\View.php(213): CodeIgniter\View\View->CodeIgniter\View\{closure}()
#3 C:\Users\admin\Downloads\gudang\system\Common.php(1089): CodeIgniter\View\View->render('tambah_barangru...', Array, true)
#4 C:\Users\admin\Downloads\gudang\app\Controllers\Home.php(844): view('tambah_barangru...')
#5 C:\Users\admin\Downloads\gudang\system\CodeIgniter.php(832): App\Controllers\Home->tambahBarangRusak()
#6 C:\Users\admin\Downloads\gudang\system\CodeIgniter.php(419): CodeIgniter\CodeIgniter->runController(Object(App\Controllers\Home))
#7 C:\Users\admin\Downloads\gudang\system\CodeIgniter.php(326): CodeIgniter\CodeIgniter->handleRequest(NULL, Object(Config\Cache), false)
#8 C:\Users\admin\Downloads\gudang\public\index.php(37): CodeIgniter\CodeIgniter->run()
#9 C:\Users\admin\Downloads\gudang\system\Commands\Server\rewrite.php(43): require_once('C:\\Users\\admin\\...')
#10 {main}
CRITICAL - 2024-10-18 04:12:30 --> Invalid argument supplied for foreach()
#0 C:\Users\admin\Downloads\gudang\app\Views\tambah_barangrusak.php(7): CodeIgniter\Debug\Exceptions->errorHandler(2, 'Invalid argumen...', 'C:\\Users\\admin\\...', 7, Array)
#1 C:\Users\admin\Downloads\gudang\system\View\View.php(210): include('C:\\Users\\admin\\...')
#2 C:\Users\admin\Downloads\gudang\system\View\View.php(213): CodeIgniter\View\View->CodeIgniter\View\{closure}()
#3 C:\Users\admin\Downloads\gudang\system\Common.php(1089): CodeIgniter\View\View->render('tambah_barangru...', Array, true)
#4 C:\Users\admin\Downloads\gudang\app\Controllers\Home.php(844): view('tambah_barangru...')
#5 C:\Users\admin\Downloads\gudang\system\CodeIgniter.php(832): App\Controllers\Home->tambahBarangRusak()
#6 C:\Users\admin\Downloads\gudang\system\CodeIgniter.php(419): CodeIgniter\CodeIgniter->runController(Object(App\Controllers\Home))
#7 C:\Users\admin\Downloads\gudang\system\CodeIgniter.php(326): CodeIgniter\CodeIgniter->handleRequest(NULL, Object(Config\Cache), false)
#8 C:\Users\admin\Downloads\gudang\public\index.php(37): CodeIgniter\CodeIgniter->run()
#9 C:\Users\admin\Downloads\gudang\system\Commands\Server\rewrite.php(43): require_once('C:\\Users\\admin\\...')
#10 {main}
CRITICAL - 2024-10-18 04:12:30 --> Invalid argument supplied for foreach()
#0 C:\Users\admin\Downloads\gudang\app\Views\tambah_barangrusak.php(7): CodeIgniter\Debug\Exceptions->errorHandler(2, 'Invalid argumen...', 'C:\\Users\\admin\\...', 7, Array)
#1 C:\Users\admin\Downloads\gudang\system\View\View.php(210): include('C:\\Users\\admin\\...')
#2 C:\Users\admin\Downloads\gudang\system\View\View.php(213): CodeIgniter\View\View->CodeIgniter\View\{closure}()
#3 C:\Users\admin\Downloads\gudang\system\Common.php(1089): CodeIgniter\View\View->render('tambah_barangru...', Array, true)
#4 C:\Users\admin\Downloads\gudang\app\Controllers\Home.php(844): view('tambah_barangru...')
#5 C:\Users\admin\Downloads\gudang\system\CodeIgniter.php(832): App\Controllers\Home->tambahBarangRusak()
#6 C:\Users\admin\Downloads\gudang\system\CodeIgniter.php(419): CodeIgniter\CodeIgniter->runController(Object(App\Controllers\Home))
#7 C:\Users\admin\Downloads\gudang\system\CodeIgniter.php(326): CodeIgniter\CodeIgniter->handleRequest(NULL, Object(Config\Cache), false)
#8 C:\Users\admin\Downloads\gudang\public\index.php(37): CodeIgniter\CodeIgniter->run()
#9 C:\Users\admin\Downloads\gudang\system\Commands\Server\rewrite.php(43): require_once('C:\\Users\\admin\\...')
#10 {main}
CRITICAL - 2024-10-18 04:12:43 --> Invalid argument supplied for foreach()
#0 C:\Users\admin\Downloads\gudang\app\Views\tambah_barangrusak.php(7): CodeIgniter\Debug\Exceptions->errorHandler(2, 'Invalid argumen...', 'C:\\Users\\admin\\...', 7, Array)
#1 C:\Users\admin\Downloads\gudang\system\View\View.php(210): include('C:\\Users\\admin\\...')
#2 C:\Users\admin\Downloads\gudang\system\View\View.php(213): CodeIgniter\View\View->CodeIgniter\View\{closure}()
#3 C:\Users\admin\Downloads\gudang\system\Common.php(1089): CodeIgniter\View\View->render('tambah_barangru...', Array, true)
#4 C:\Users\admin\Downloads\gudang\app\Controllers\Home.php(844): view('tambah_barangru...')
#5 C:\Users\admin\Downloads\gudang\system\CodeIgniter.php(832): App\Controllers\Home->tambahBarangRusak()
#6 C:\Users\admin\Downloads\gudang\system\CodeIgniter.php(419): CodeIgniter\CodeIgniter->runController(Object(App\Controllers\Home))
#7 C:\Users\admin\Downloads\gudang\system\CodeIgniter.php(326): CodeIgniter\CodeIgniter->handleRequest(NULL, Object(Config\Cache), false)
#8 C:\Users\admin\Downloads\gudang\public\index.php(37): CodeIgniter\CodeIgniter->run()
#9 C:\Users\admin\Downloads\gudang\system\Commands\Server\rewrite.php(43): require_once('C:\\Users\\admin\\...')
#10 {main}
CRITICAL - 2024-10-18 04:12:44 --> Invalid argument supplied for foreach()
#0 C:\Users\admin\Downloads\gudang\app\Views\tambah_barangrusak.php(7): CodeIgniter\Debug\Exceptions->errorHandler(2, 'Invalid argumen...', 'C:\\Users\\admin\\...', 7, Array)
#1 C:\Users\admin\Downloads\gudang\system\View\View.php(210): include('C:\\Users\\admin\\...')
#2 C:\Users\admin\Downloads\gudang\system\View\View.php(213): CodeIgniter\View\View->CodeIgniter\View\{closure}()
#3 C:\Users\admin\Downloads\gudang\system\Common.php(1089): CodeIgniter\View\View->render('tambah_barangru...', Array, true)
#4 C:\Users\admin\Downloads\gudang\app\Controllers\Home.php(844): view('tambah_barangru...')
#5 C:\Users\admin\Downloads\gudang\system\CodeIgniter.php(832): App\Controllers\Home->tambahBarangRusak()
#6 C:\Users\admin\Downloads\gudang\system\CodeIgniter.php(419): CodeIgniter\CodeIgniter->runController(Object(App\Controllers\Home))
#7 C:\Users\admin\Downloads\gudang\system\CodeIgniter.php(326): CodeIgniter\CodeIgniter->handleRequest(NULL, Object(Config\Cache), false)
#8 C:\Users\admin\Downloads\gudang\public\index.php(37): CodeIgniter\CodeIgniter->run()
#9 C:\Users\admin\Downloads\gudang\system\Commands\Server\rewrite.php(43): require_once('C:\\Users\\admin\\...')
#10 {main}
CRITICAL - 2024-10-18 04:12:44 --> Invalid argument supplied for foreach()
#0 C:\Users\admin\Downloads\gudang\app\Views\tambah_barangrusak.php(7): CodeIgniter\Debug\Exceptions->errorHandler(2, 'Invalid argumen...', 'C:\\Users\\admin\\...', 7, Array)
#1 C:\Users\admin\Downloads\gudang\system\View\View.php(210): include('C:\\Users\\admin\\...')
#2 C:\Users\admin\Downloads\gudang\system\View\View.php(213): CodeIgniter\View\View->CodeIgniter\View\{closure}()
#3 C:\Users\admin\Downloads\gudang\system\Common.php(1089): CodeIgniter\View\View->render('tambah_barangru...', Array, true)
#4 C:\Users\admin\Downloads\gudang\app\Controllers\Home.php(844): view('tambah_barangru...')
#5 C:\Users\admin\Downloads\gudang\system\CodeIgniter.php(832): App\Controllers\Home->tambahBarangRusak()
#6 C:\Users\admin\Downloads\gudang\system\CodeIgniter.php(419): CodeIgniter\CodeIgniter->runController(Object(App\Controllers\Home))
#7 C:\Users\admin\Downloads\gudang\system\CodeIgniter.php(326): CodeIgniter\CodeIgniter->handleRequest(NULL, Object(Config\Cache), false)
#8 C:\Users\admin\Downloads\gudang\public\index.php(37): CodeIgniter\CodeIgniter->run()
#9 C:\Users\admin\Downloads\gudang\system\Commands\Server\rewrite.php(43): require_once('C:\\Users\\admin\\...')
#10 {main}
CRITICAL - 2024-10-18 04:12:45 --> Argument 2 passed to view() must be of the type array, null given, called in C:\Users\admin\Downloads\gudang\app\Controllers\Home.php on line 220
#0 C:\Users\admin\Downloads\gudang\app\Controllers\Home.php(220): view('barang_rusak.ph...', NULL)
#1 C:\Users\admin\Downloads\gudang\system\CodeIgniter.php(832): App\Controllers\Home->barangRusak()
#2 C:\Users\admin\Downloads\gudang\system\CodeIgniter.php(419): CodeIgniter\CodeIgniter->runController(Object(App\Controllers\Home))
#3 C:\Users\admin\Downloads\gudang\system\CodeIgniter.php(326): CodeIgniter\CodeIgniter->handleRequest(NULL, Object(Config\Cache), false)
#4 C:\Users\admin\Downloads\gudang\public\index.php(37): CodeIgniter\CodeIgniter->run()
#5 C:\Users\admin\Downloads\gudang\system\Commands\Server\rewrite.php(43): require_once('C:\\Users\\admin\\...')
#6 {main}
CRITICAL - 2024-10-18 04:12:49 --> Argument 2 passed to view() must be of the type array, null given, called in C:\Users\admin\Downloads\gudang\app\Controllers\Home.php on line 220
#0 C:\Users\admin\Downloads\gudang\app\Controllers\Home.php(220): view('barang_rusak.ph...', NULL)
#1 C:\Users\admin\Downloads\gudang\system\CodeIgniter.php(832): App\Controllers\Home->barangRusak()
#2 C:\Users\admin\Downloads\gudang\system\CodeIgniter.php(419): CodeIgniter\CodeIgniter->runController(Object(App\Controllers\Home))
#3 C:\Users\admin\Downloads\gudang\system\CodeIgniter.php(326): CodeIgniter\CodeIgniter->handleRequest(NULL, Object(Config\Cache), false)
#4 C:\Users\admin\Downloads\gudang\public\index.php(37): CodeIgniter\CodeIgniter->run()
#5 C:\Users\admin\Downloads\gudang\system\Commands\Server\rewrite.php(43): require_once('C:\\Users\\admin\\...')
#6 {main}
CRITICAL - 2024-10-18 04:12:53 --> Argument 2 passed to view() must be of the type array, null given, called in C:\Users\admin\Downloads\gudang\app\Controllers\Home.php on line 220
#0 C:\Users\admin\Downloads\gudang\app\Controllers\Home.php(220): view('barang_rusak.ph...', NULL)
#1 C:\Users\admin\Downloads\gudang\system\CodeIgniter.php(832): App\Controllers\Home->barangRusak()
#2 C:\Users\admin\Downloads\gudang\system\CodeIgniter.php(419): CodeIgniter\CodeIgniter->runController(Object(App\Controllers\Home))
#3 C:\Users\admin\Downloads\gudang\system\CodeIgniter.php(326): CodeIgniter\CodeIgniter->handleRequest(NULL, Object(Config\Cache), false)
#4 C:\Users\admin\Downloads\gudang\public\index.php(37): CodeIgniter\CodeIgniter->run()
#5 C:\Users\admin\Downloads\gudang\system\Commands\Server\rewrite.php(43): require_once('C:\\Users\\admin\\...')
#6 {main}
CRITICAL - 2024-10-18 04:14:31 --> Invalid argument supplied for foreach()
#0 C:\Users\admin\Downloads\gudang\app\Views\barang_rusak.php(27): CodeIgniter\Debug\Exceptions->errorHandler(2, 'Invalid argumen...', 'C:\\Users\\admin\\...', 27, Array)
#1 C:\Users\admin\Downloads\gudang\system\View\View.php(210): include('C:\\Users\\admin\\...')
#2 C:\Users\admin\Downloads\gudang\system\View\View.php(213): CodeIgniter\View\View->CodeIgniter\View\{closure}()
#3 C:\Users\admin\Downloads\gudang\system\Common.php(1089): CodeIgniter\View\View->render('barang_rusak.ph...', Array, true)
#4 C:\Users\admin\Downloads\gudang\app\Controllers\Home.php(220): view('barang_rusak.ph...', Array)
#5 C:\Users\admin\Downloads\gudang\system\CodeIgniter.php(832): App\Controllers\Home->barangRusak()
#6 C:\Users\admin\Downloads\gudang\system\CodeIgniter.php(419): CodeIgniter\CodeIgniter->runController(Object(App\Controllers\Home))
#7 C:\Users\admin\Downloads\gudang\system\CodeIgniter.php(326): CodeIgniter\CodeIgniter->handleRequest(NULL, Object(Config\Cache), false)
#8 C:\Users\admin\Downloads\gudang\public\index.php(37): CodeIgniter\CodeIgniter->run()
#9 C:\Users\admin\Downloads\gudang\system\Commands\Server\rewrite.php(43): require_once('C:\\Users\\admin\\...')
#10 {main}
CRITICAL - 2024-10-18 04:16:40 --> Invalid argument supplied for foreach()
#0 C:\Users\admin\Downloads\gudang\app\Views\barang_rusak.php(27): CodeIgniter\Debug\Exceptions->errorHandler(2, 'Invalid argumen...', 'C:\\Users\\admin\\...', 27, Array)
#1 C:\Users\admin\Downloads\gudang\system\View\View.php(210): include('C:\\Users\\admin\\...')
#2 C:\Users\admin\Downloads\gudang\system\View\View.php(213): CodeIgniter\View\View->CodeIgniter\View\{closure}()
#3 C:\Users\admin\Downloads\gudang\system\Common.php(1089): CodeIgniter\View\View->render('barang_rusak.ph...', Array, true)
#4 C:\Users\admin\Downloads\gudang\app\Controllers\Home.php(220): view('barang_rusak.ph...', Array)
#5 C:\Users\admin\Downloads\gudang\system\CodeIgniter.php(832): App\Controllers\Home->barangRusak()
#6 C:\Users\admin\Downloads\gudang\system\CodeIgniter.php(419): CodeIgniter\CodeIgniter->runController(Object(App\Controllers\Home))
#7 C:\Users\admin\Downloads\gudang\system\CodeIgniter.php(326): CodeIgniter\CodeIgniter->handleRequest(NULL, Object(Config\Cache), false)
#8 C:\Users\admin\Downloads\gudang\public\index.php(37): CodeIgniter\CodeIgniter->run()
#9 C:\Users\admin\Downloads\gudang\system\Commands\Server\rewrite.php(43): require_once('C:\\Users\\admin\\...')
#10 {main}
CRITICAL - 2024-10-18 04:16:42 --> Invalid argument supplied for foreach()
#0 C:\Users\admin\Downloads\gudang\app\Views\barang_rusak.php(27): CodeIgniter\Debug\Exceptions->errorHandler(2, 'Invalid argumen...', 'C:\\Users\\admin\\...', 27, Array)
#1 C:\Users\admin\Downloads\gudang\system\View\View.php(210): include('C:\\Users\\admin\\...')
#2 C:\Users\admin\Downloads\gudang\system\View\View.php(213): CodeIgniter\View\View->CodeIgniter\View\{closure}()
#3 C:\Users\admin\Downloads\gudang\system\Common.php(1089): CodeIgniter\View\View->render('barang_rusak.ph...', Array, true)
#4 C:\Users\admin\Downloads\gudang\app\Controllers\Home.php(220): view('barang_rusak.ph...', Array)
#5 C:\Users\admin\Downloads\gudang\system\CodeIgniter.php(832): App\Controllers\Home->barangRusak()
#6 C:\Users\admin\Downloads\gudang\system\CodeIgniter.php(419): CodeIgniter\CodeIgniter->runController(Object(App\Controllers\Home))
#7 C:\Users\admin\Downloads\gudang\system\CodeIgniter.php(326): CodeIgniter\CodeIgniter->handleRequest(NULL, Object(Config\Cache), false)
#8 C:\Users\admin\Downloads\gudang\public\index.php(37): CodeIgniter\CodeIgniter->run()
#9 C:\Users\admin\Downloads\gudang\system\Commands\Server\rewrite.php(43): require_once('C:\\Users\\admin\\...')
#10 {main}
CRITICAL - 2024-10-18 04:17:49 --> Invalid argument supplied for foreach()
#0 C:\Users\admin\Downloads\gudang\app\Views\barang_rusak.php(27): CodeIgniter\Debug\Exceptions->errorHandler(2, 'Invalid argumen...', 'C:\\Users\\admin\\...', 27, Array)
#1 C:\Users\admin\Downloads\gudang\system\View\View.php(210): include('C:\\Users\\admin\\...')
#2 C:\Users\admin\Downloads\gudang\system\View\View.php(213): CodeIgniter\View\View->CodeIgniter\View\{closure}()
#3 C:\Users\admin\Downloads\gudang\system\Common.php(1089): CodeIgniter\View\View->render('barang_rusak.ph...', Array, true)
#4 C:\Users\admin\Downloads\gudang\app\Controllers\Home.php(220): view('barang_rusak.ph...', Array)
#5 C:\Users\admin\Downloads\gudang\system\CodeIgniter.php(832): App\Controllers\Home->barangRusak()
#6 C:\Users\admin\Downloads\gudang\system\CodeIgniter.php(419): CodeIgniter\CodeIgniter->runController(Object(App\Controllers\Home))
#7 C:\Users\admin\Downloads\gudang\system\CodeIgniter.php(326): CodeIgniter\CodeIgniter->handleRequest(NULL, Object(Config\Cache), false)
#8 C:\Users\admin\Downloads\gudang\public\index.php(37): CodeIgniter\CodeIgniter->run()
#9 C:\Users\admin\Downloads\gudang\system\Commands\Server\rewrite.php(43): require_once('C:\\Users\\admin\\...')
#10 {main}
CRITICAL - 2024-10-18 04:17:56 --> Invalid argument supplied for foreach()
#0 C:\Users\admin\Downloads\gudang\app\Views\barang_rusak.php(27): CodeIgniter\Debug\Exceptions->errorHandler(2, 'Invalid argumen...', 'C:\\Users\\admin\\...', 27, Array)
#1 C:\Users\admin\Downloads\gudang\system\View\View.php(210): include('C:\\Users\\admin\\...')
#2 C:\Users\admin\Downloads\gudang\system\View\View.php(213): CodeIgniter\View\View->CodeIgniter\View\{closure}()
#3 C:\Users\admin\Downloads\gudang\system\Common.php(1089): CodeIgniter\View\View->render('barang_rusak.ph...', Array, true)
#4 C:\Users\admin\Downloads\gudang\app\Controllers\Home.php(220): view('barang_rusak.ph...', Array)
#5 C:\Users\admin\Downloads\gudang\system\CodeIgniter.php(832): App\Controllers\Home->barangRusak()
#6 C:\Users\admin\Downloads\gudang\system\CodeIgniter.php(419): CodeIgniter\CodeIgniter->runController(Object(App\Controllers\Home))
#7 C:\Users\admin\Downloads\gudang\system\CodeIgniter.php(326): CodeIgniter\CodeIgniter->handleRequest(NULL, Object(Config\Cache), false)
#8 C:\Users\admin\Downloads\gudang\public\index.php(37): CodeIgniter\CodeIgniter->run()
#9 C:\Users\admin\Downloads\gudang\system\Commands\Server\rewrite.php(43): require_once('C:\\Users\\admin\\...')
#10 {main}
CRITICAL - 2024-10-18 04:18:02 --> Invalid argument supplied for foreach()
#0 C:\Users\admin\Downloads\gudang\app\Views\barang_rusak.php(27): CodeIgniter\Debug\Exceptions->errorHandler(2, 'Invalid argumen...', 'C:\\Users\\admin\\...', 27, Array)
#1 C:\Users\admin\Downloads\gudang\system\View\View.php(210): include('C:\\Users\\admin\\...')
#2 C:\Users\admin\Downloads\gudang\system\View\View.php(213): CodeIgniter\View\View->CodeIgniter\View\{closure}()
#3 C:\Users\admin\Downloads\gudang\system\Common.php(1089): CodeIgniter\View\View->render('barang_rusak.ph...', Array, true)
#4 C:\Users\admin\Downloads\gudang\app\Controllers\Home.php(220): view('barang_rusak.ph...', Array)
#5 C:\Users\admin\Downloads\gudang\system\CodeIgniter.php(832): App\Controllers\Home->barangRusak()
#6 C:\Users\admin\Downloads\gudang\system\CodeIgniter.php(419): CodeIgniter\CodeIgniter->runController(Object(App\Controllers\Home))
#7 C:\Users\admin\Downloads\gudang\system\CodeIgniter.php(326): CodeIgniter\CodeIgniter->handleRequest(NULL, Object(Config\Cache), false)
#8 C:\Users\admin\Downloads\gudang\public\index.php(37): CodeIgniter\CodeIgniter->run()
#9 C:\Users\admin\Downloads\gudang\system\Commands\Server\rewrite.php(43): require_once('C:\\Users\\admin\\...')
#10 {main}
CRITICAL - 2024-10-18 04:18:03 --> Invalid argument supplied for foreach()
#0 C:\Users\admin\Downloads\gudang\app\Views\barang_rusak.php(27): CodeIgniter\Debug\Exceptions->errorHandler(2, 'Invalid argumen...', 'C:\\Users\\admin\\...', 27, Array)
#1 C:\Users\admin\Downloads\gudang\system\View\View.php(210): include('C:\\Users\\admin\\...')
#2 C:\Users\admin\Downloads\gudang\system\View\View.php(213): CodeIgniter\View\View->CodeIgniter\View\{closure}()
#3 C:\Users\admin\Downloads\gudang\system\Common.php(1089): CodeIgniter\View\View->render('barang_rusak.ph...', Array, true)
#4 C:\Users\admin\Downloads\gudang\app\Controllers\Home.php(220): view('barang_rusak.ph...', Array)
#5 C:\Users\admin\Downloads\gudang\system\CodeIgniter.php(832): App\Controllers\Home->barangRusak()
#6 C:\Users\admin\Downloads\gudang\system\CodeIgniter.php(419): CodeIgniter\CodeIgniter->runController(Object(App\Controllers\Home))
#7 C:\Users\admin\Downloads\gudang\system\CodeIgniter.php(326): CodeIgniter\CodeIgniter->handleRequest(NULL, Object(Config\Cache), false)
#8 C:\Users\admin\Downloads\gudang\public\index.php(37): CodeIgniter\CodeIgniter->run()
#9 C:\Users\admin\Downloads\gudang\system\Commands\Server\rewrite.php(43): require_once('C:\\Users\\admin\\...')
#10 {main}
CRITICAL - 2024-10-18 04:19:53 --> Invalid argument supplied for foreach()
#0 C:\Users\admin\Downloads\gudang\app\Views\tambah_barangrusak.php(7): CodeIgniter\Debug\Exceptions->errorHandler(2, 'Invalid argumen...', 'C:\\Users\\admin\\...', 7, Array)
#1 C:\Users\admin\Downloads\gudang\system\View\View.php(210): include('C:\\Users\\admin\\...')
#2 C:\Users\admin\Downloads\gudang\system\View\View.php(213): CodeIgniter\View\View->CodeIgniter\View\{closure}()
#3 C:\Users\admin\Downloads\gudang\system\Common.php(1089): CodeIgniter\View\View->render('tambah_barangru...', Array, true)
#4 C:\Users\admin\Downloads\gudang\app\Controllers\Home.php(844): view('tambah_barangru...')
#5 C:\Users\admin\Downloads\gudang\system\CodeIgniter.php(832): App\Controllers\Home->tambahBarangRusak()
#6 C:\Users\admin\Downloads\gudang\system\CodeIgniter.php(419): CodeIgniter\CodeIgniter->runController(Object(App\Controllers\Home))
#7 C:\Users\admin\Downloads\gudang\system\CodeIgniter.php(326): CodeIgniter\CodeIgniter->handleRequest(NULL, Object(Config\Cache), false)
#8 C:\Users\admin\Downloads\gudang\public\index.php(37): CodeIgniter\CodeIgniter->run()
#9 C:\Users\admin\Downloads\gudang\system\Commands\Server\rewrite.php(43): require_once('C:\\Users\\admin\\...')
#10 {main}
CRITICAL - 2024-10-18 04:20:08 --> Invalid argument supplied for foreach()
#0 C:\Users\admin\Downloads\gudang\app\Views\tambah_barangrusak.php(7): CodeIgniter\Debug\Exceptions->errorHandler(2, 'Invalid argumen...', 'C:\\Users\\admin\\...', 7, Array)
#1 C:\Users\admin\Downloads\gudang\system\View\View.php(210): include('C:\\Users\\admin\\...')
#2 C:\Users\admin\Downloads\gudang\system\View\View.php(213): CodeIgniter\View\View->CodeIgniter\View\{closure}()
#3 C:\Users\admin\Downloads\gudang\system\Common.php(1089): CodeIgniter\View\View->render('tambah_barangru...', Array, true)
#4 C:\Users\admin\Downloads\gudang\app\Controllers\Home.php(844): view('tambah_barangru...')
#5 C:\Users\admin\Downloads\gudang\system\CodeIgniter.php(832): App\Controllers\Home->tambahBarangRusak()
#6 C:\Users\admin\Downloads\gudang\system\CodeIgniter.php(419): CodeIgniter\CodeIgniter->runController(Object(App\Controllers\Home))
#7 C:\Users\admin\Downloads\gudang\system\CodeIgniter.php(326): CodeIgniter\CodeIgniter->handleRequest(NULL, Object(Config\Cache), false)
#8 C:\Users\admin\Downloads\gudang\public\index.php(37): CodeIgniter\CodeIgniter->run()
#9 C:\Users\admin\Downloads\gudang\system\Commands\Server\rewrite.php(43): require_once('C:\\Users\\admin\\...')
#10 {main}
CRITICAL - 2024-10-18 04:21:11 --> syntax error, unexpected 'else' (T_ELSE), expecting end of file
#0 C:\Users\admin\Downloads\gudang\system\View\View.php(213): CodeIgniter\View\View->CodeIgniter\View\{closure}()
#1 C:\Users\admin\Downloads\gudang\system\Common.php(1089): CodeIgniter\View\View->render('tambah_barangru...', Array, true)
#2 C:\Users\admin\Downloads\gudang\app\Controllers\Home.php(844): view('tambah_barangru...')
#3 C:\Users\admin\Downloads\gudang\system\CodeIgniter.php(832): App\Controllers\Home->tambahBarangRusak()
#4 C:\Users\admin\Downloads\gudang\system\CodeIgniter.php(419): CodeIgniter\CodeIgniter->runController(Object(App\Controllers\Home))
#5 C:\Users\admin\Downloads\gudang\system\CodeIgniter.php(326): CodeIgniter\CodeIgniter->handleRequest(NULL, Object(Config\Cache), false)
#6 C:\Users\admin\Downloads\gudang\public\index.php(37): CodeIgniter\CodeIgniter->run()
#7 C:\Users\admin\Downloads\gudang\system\Commands\Server\rewrite.php(43): require_once('C:\\Users\\admin\\...')
#8 {main}
CRITICAL - 2024-10-18 04:26:17 --> syntax error, unexpected 'endforeach' (T_ENDFOREACH)
#0 C:\Users\admin\Downloads\gudang\system\View\View.php(213): CodeIgniter\View\View->CodeIgniter\View\{closure}()
#1 C:\Users\admin\Downloads\gudang\system\Common.php(1089): CodeIgniter\View\View->render('barangmasuk.php', Array, true)
#2 C:\Users\admin\Downloads\gudang\app\Controllers\Home.php(205): view('barangmasuk.php', Array)
#3 C:\Users\admin\Downloads\gudang\system\CodeIgniter.php(832): App\Controllers\Home->barangmasuk()
#4 C:\Users\admin\Downloads\gudang\system\CodeIgniter.php(419): CodeIgniter\CodeIgniter->runController(Object(App\Controllers\Home))
#5 C:\Users\admin\Downloads\gudang\system\CodeIgniter.php(326): CodeIgniter\CodeIgniter->handleRequest(NULL, Object(Config\Cache), false)
#6 C:\Users\admin\Downloads\gudang\public\index.php(37): CodeIgniter\CodeIgniter->run()
#7 C:\Users\admin\Downloads\gudang\system\Commands\Server\rewrite.php(43): require_once('C:\\Users\\admin\\...')
#8 {main}
CRITICAL - 2024-10-18 04:27:04 --> syntax error, unexpected end of file
#0 C:\Users\admin\Downloads\gudang\system\View\View.php(213): CodeIgniter\View\View->CodeIgniter\View\{closure}()
#1 C:\Users\admin\Downloads\gudang\system\Common.php(1089): CodeIgniter\View\View->render('barangmasuk.php', Array, true)
#2 C:\Users\admin\Downloads\gudang\app\Controllers\Home.php(205): view('barangmasuk.php', Array)
#3 C:\Users\admin\Downloads\gudang\system\CodeIgniter.php(832): App\Controllers\Home->barangmasuk()
#4 C:\Users\admin\Downloads\gudang\system\CodeIgniter.php(419): CodeIgniter\CodeIgniter->runController(Object(App\Controllers\Home))
#5 C:\Users\admin\Downloads\gudang\system\CodeIgniter.php(326): CodeIgniter\CodeIgniter->handleRequest(NULL, Object(Config\Cache), false)
#6 C:\Users\admin\Downloads\gudang\public\index.php(37): CodeIgniter\CodeIgniter->run()
#7 C:\Users\admin\Downloads\gudang\system\Commands\Server\rewrite.php(43): require_once('C:\\Users\\admin\\...')
#8 {main}
CRITICAL - 2024-10-18 04:27:28 --> syntax error, unexpected end of file
#0 C:\Users\admin\Downloads\gudang\system\View\View.php(213): CodeIgniter\View\View->CodeIgniter\View\{closure}()
#1 C:\Users\admin\Downloads\gudang\system\Common.php(1089): CodeIgniter\View\View->render('barangmasuk.php', Array, true)
#2 C:\Users\admin\Downloads\gudang\app\Controllers\Home.php(205): view('barangmasuk.php', Array)
#3 C:\Users\admin\Downloads\gudang\system\CodeIgniter.php(832): App\Controllers\Home->barangmasuk()
#4 C:\Users\admin\Downloads\gudang\system\CodeIgniter.php(419): CodeIgniter\CodeIgniter->runController(Object(App\Controllers\Home))
#5 C:\Users\admin\Downloads\gudang\system\CodeIgniter.php(326): CodeIgniter\CodeIgniter->handleRequest(NULL, Object(Config\Cache), false)
#6 C:\Users\admin\Downloads\gudang\public\index.php(37): CodeIgniter\CodeIgniter->run()
#7 C:\Users\admin\Downloads\gudang\system\Commands\Server\rewrite.php(43): require_once('C:\\Users\\admin\\...')
#8 {main}
CRITICAL - 2024-10-18 04:27:53 --> syntax error, unexpected end of file
#0 C:\Users\admin\Downloads\gudang\system\View\View.php(213): CodeIgniter\View\View->CodeIgniter\View\{closure}()
#1 C:\Users\admin\Downloads\gudang\system\Common.php(1089): CodeIgniter\View\View->render('barangmasuk.php', Array, true)
#2 C:\Users\admin\Downloads\gudang\app\Controllers\Home.php(205): view('barangmasuk.php', Array)
#3 C:\Users\admin\Downloads\gudang\system\CodeIgniter.php(832): App\Controllers\Home->barangmasuk()
#4 C:\Users\admin\Downloads\gudang\system\CodeIgniter.php(419): CodeIgniter\CodeIgniter->runController(Object(App\Controllers\Home))
#5 C:\Users\admin\Downloads\gudang\system\CodeIgniter.php(326): CodeIgniter\CodeIgniter->handleRequest(NULL, Object(Config\Cache), false)
#6 C:\Users\admin\Downloads\gudang\public\index.php(37): CodeIgniter\CodeIgniter->run()
#7 C:\Users\admin\Downloads\gudang\system\Commands\Server\rewrite.php(43): require_once('C:\\Users\\admin\\...')
#8 {main}
CRITICAL - 2024-10-18 04:27:53 --> syntax error, unexpected end of file
#0 C:\Users\admin\Downloads\gudang\system\View\View.php(213): CodeIgniter\View\View->CodeIgniter\View\{closure}()
#1 C:\Users\admin\Downloads\gudang\system\Common.php(1089): CodeIgniter\View\View->render('barangmasuk.php', Array, true)
#2 C:\Users\admin\Downloads\gudang\app\Controllers\Home.php(205): view('barangmasuk.php', Array)
#3 C:\Users\admin\Downloads\gudang\system\CodeIgniter.php(832): App\Controllers\Home->barangmasuk()
#4 C:\Users\admin\Downloads\gudang\system\CodeIgniter.php(419): CodeIgniter\CodeIgniter->runController(Object(App\Controllers\Home))
#5 C:\Users\admin\Downloads\gudang\system\CodeIgniter.php(326): CodeIgniter\CodeIgniter->handleRequest(NULL, Object(Config\Cache), false)
#6 C:\Users\admin\Downloads\gudang\public\index.php(37): CodeIgniter\CodeIgniter->run()
#7 C:\Users\admin\Downloads\gudang\system\Commands\Server\rewrite.php(43): require_once('C:\\Users\\admin\\...')
#8 {main}
CRITICAL - 2024-10-18 04:28:07 --> syntax error, unexpected end of file
#0 C:\Users\admin\Downloads\gudang\system\View\View.php(213): CodeIgniter\View\View->CodeIgniter\View\{closure}()
#1 C:\Users\admin\Downloads\gudang\system\Common.php(1089): CodeIgniter\View\View->render('barangmasuk.php', Array, true)
#2 C:\Users\admin\Downloads\gudang\app\Controllers\Home.php(205): view('barangmasuk.php', Array)
#3 C:\Users\admin\Downloads\gudang\system\CodeIgniter.php(832): App\Controllers\Home->barangmasuk()
#4 C:\Users\admin\Downloads\gudang\system\CodeIgniter.php(419): CodeIgniter\CodeIgniter->runController(Object(App\Controllers\Home))
#5 C:\Users\admin\Downloads\gudang\system\CodeIgniter.php(326): CodeIgniter\CodeIgniter->handleRequest(NULL, Object(Config\Cache), false)
#6 C:\Users\admin\Downloads\gudang\public\index.php(37): CodeIgniter\CodeIgniter->run()
#7 C:\Users\admin\Downloads\gudang\system\Commands\Server\rewrite.php(43): require_once('C:\\Users\\admin\\...')
#8 {main}
CRITICAL - 2024-10-18 04:40:37 --> Invalid argument supplied for foreach()
#0 C:\Users\admin\Downloads\gudang\app\Views\tambah_barangrusak.php(7): CodeIgniter\Debug\Exceptions->errorHandler(2, 'Invalid argumen...', 'C:\\Users\\admin\\...', 7, Array)
#1 C:\Users\admin\Downloads\gudang\system\View\View.php(210): include('C:\\Users\\admin\\...')
#2 C:\Users\admin\Downloads\gudang\system\View\View.php(213): CodeIgniter\View\View->CodeIgniter\View\{closure}()
#3 C:\Users\admin\Downloads\gudang\system\Common.php(1089): CodeIgniter\View\View->render('tambah_barangru...', Array, true)
#4 C:\Users\admin\Downloads\gudang\app\Controllers\Home.php(844): view('tambah_barangru...')
#5 C:\Users\admin\Downloads\gudang\system\CodeIgniter.php(832): App\Controllers\Home->tambahBarangRusak()
#6 C:\Users\admin\Downloads\gudang\system\CodeIgniter.php(419): CodeIgniter\CodeIgniter->runController(Object(App\Controllers\Home))
#7 C:\Users\admin\Downloads\gudang\system\CodeIgniter.php(326): CodeIgniter\CodeIgniter->handleRequest(NULL, Object(Config\Cache), false)
#8 C:\Users\admin\Downloads\gudang\public\index.php(37): CodeIgniter\CodeIgniter->run()
#9 C:\Users\admin\Downloads\gudang\system\Commands\Server\rewrite.php(43): require_once('C:\\Users\\admin\\...')
#10 {main}
CRITICAL - 2024-10-18 04:40:38 --> Invalid argument supplied for foreach()
#0 C:\Users\admin\Downloads\gudang\app\Views\tambah_barangrusak.php(7): CodeIgniter\Debug\Exceptions->errorHandler(2, 'Invalid argumen...', 'C:\\Users\\admin\\...', 7, Array)
#1 C:\Users\admin\Downloads\gudang\system\View\View.php(210): include('C:\\Users\\admin\\...')
#2 C:\Users\admin\Downloads\gudang\system\View\View.php(213): CodeIgniter\View\View->CodeIgniter\View\{closure}()
#3 C:\Users\admin\Downloads\gudang\system\Common.php(1089): CodeIgniter\View\View->render('tambah_barangru...', Array, true)
#4 C:\Users\admin\Downloads\gudang\app\Controllers\Home.php(844): view('tambah_barangru...')
#5 C:\Users\admin\Downloads\gudang\system\CodeIgniter.php(832): App\Controllers\Home->tambahBarangRusak()
#6 C:\Users\admin\Downloads\gudang\system\CodeIgniter.php(419): CodeIgniter\CodeIgniter->runController(Object(App\Controllers\Home))
#7 C:\Users\admin\Downloads\gudang\system\CodeIgniter.php(326): CodeIgniter\CodeIgniter->handleRequest(NULL, Object(Config\Cache), false)
#8 C:\Users\admin\Downloads\gudang\public\index.php(37): CodeIgniter\CodeIgniter->run()
#9 C:\Users\admin\Downloads\gudang\system\Commands\Server\rewrite.php(43): require_once('C:\\Users\\admin\\...')
#10 {main}
CRITICAL - 2024-10-18 04:42:57 --> Invalid argument supplied for foreach()
#0 C:\Users\admin\Downloads\gudang\app\Views\tambah_barangrusak.php(7): CodeIgniter\Debug\Exceptions->errorHandler(2, 'Invalid argumen...', 'C:\\Users\\admin\\...', 7, Array)
#1 C:\Users\admin\Downloads\gudang\system\View\View.php(210): include('C:\\Users\\admin\\...')
#2 C:\Users\admin\Downloads\gudang\system\View\View.php(213): CodeIgniter\View\View->CodeIgniter\View\{closure}()
#3 C:\Users\admin\Downloads\gudang\system\Common.php(1089): CodeIgniter\View\View->render('tambah_barangru...', Array, true)
#4 C:\Users\admin\Downloads\gudang\app\Controllers\Home.php(844): view('tambah_barangru...')
#5 C:\Users\admin\Downloads\gudang\system\CodeIgniter.php(832): App\Controllers\Home->tambahBarangRusak()
#6 C:\Users\admin\Downloads\gudang\system\CodeIgniter.php(419): CodeIgniter\CodeIgniter->runController(Object(App\Controllers\Home))
#7 C:\Users\admin\Downloads\gudang\system\CodeIgniter.php(326): CodeIgniter\CodeIgniter->handleRequest(NULL, Object(Config\Cache), false)
#8 C:\Users\admin\Downloads\gudang\public\index.php(37): CodeIgniter\CodeIgniter->run()
#9 C:\Users\admin\Downloads\gudang\system\Commands\Server\rewrite.php(43): require_once('C:\\Users\\admin\\...')
#10 {main}
CRITICAL - 2024-10-18 04:45:01 --> Invalid argument supplied for foreach()
#0 C:\Users\admin\Downloads\gudang\app\Views\tambah_barangrusak.php(7): CodeIgniter\Debug\Exceptions->errorHandler(2, 'Invalid argumen...', 'C:\\Users\\admin\\...', 7, Array)
#1 C:\Users\admin\Downloads\gudang\system\View\View.php(210): include('C:\\Users\\admin\\...')
#2 C:\Users\admin\Downloads\gudang\system\View\View.php(213): CodeIgniter\View\View->CodeIgniter\View\{closure}()
#3 C:\Users\admin\Downloads\gudang\system\Common.php(1089): CodeIgniter\View\View->render('tambah_barangru...', Array, true)
#4 C:\Users\admin\Downloads\gudang\app\Controllers\Home.php(844): view('tambah_barangru...')
#5 C:\Users\admin\Downloads\gudang\system\CodeIgniter.php(832): App\Controllers\Home->tambahBarangRusak()
#6 C:\Users\admin\Downloads\gudang\system\CodeIgniter.php(419): CodeIgniter\CodeIgniter->runController(Object(App\Controllers\Home))
#7 C:\Users\admin\Downloads\gudang\system\CodeIgniter.php(326): CodeIgniter\CodeIgniter->handleRequest(NULL, Object(Config\Cache), false)
#8 C:\Users\admin\Downloads\gudang\public\index.php(37): CodeIgniter\CodeIgniter->run()
#9 C:\Users\admin\Downloads\gudang\system\Commands\Server\rewrite.php(43): require_once('C:\\Users\\admin\\...')
#10 {main}
CRITICAL - 2024-10-18 04:46:00 --> Invalid argument supplied for foreach()
#0 C:\Users\admin\Downloads\gudang\app\Views\tambah_barangrusak.php(7): CodeIgniter\Debug\Exceptions->errorHandler(2, 'Invalid argumen...', 'C:\\Users\\admin\\...', 7, Array)
#1 C:\Users\admin\Downloads\gudang\system\View\View.php(210): include('C:\\Users\\admin\\...')
#2 C:\Users\admin\Downloads\gudang\system\View\View.php(213): CodeIgniter\View\View->CodeIgniter\View\{closure}()
#3 C:\Users\admin\Downloads\gudang\system\Common.php(1089): CodeIgniter\View\View->render('tambah_barangru...', Array, true)
#4 C:\Users\admin\Downloads\gudang\app\Controllers\Home.php(844): view('tambah_barangru...')
#5 C:\Users\admin\Downloads\gudang\system\CodeIgniter.php(832): App\Controllers\Home->tambahBarangRusak()
#6 C:\Users\admin\Downloads\gudang\system\CodeIgniter.php(419): CodeIgniter\CodeIgniter->runController(Object(App\Controllers\Home))
#7 C:\Users\admin\Downloads\gudang\system\CodeIgniter.php(326): CodeIgniter\CodeIgniter->handleRequest(NULL, Object(Config\Cache), false)
#8 C:\Users\admin\Downloads\gudang\public\index.php(37): CodeIgniter\CodeIgniter->run()
#9 C:\Users\admin\Downloads\gudang\system\Commands\Server\rewrite.php(43): require_once('C:\\Users\\admin\\...')
#10 {main}
CRITICAL - 2024-10-18 04:46:01 --> Invalid argument supplied for foreach()
#0 C:\Users\admin\Downloads\gudang\app\Views\tambah_barangrusak.php(7): CodeIgniter\Debug\Exceptions->errorHandler(2, 'Invalid argumen...', 'C:\\Users\\admin\\...', 7, Array)
#1 C:\Users\admin\Downloads\gudang\system\View\View.php(210): include('C:\\Users\\admin\\...')
#2 C:\Users\admin\Downloads\gudang\system\View\View.php(213): CodeIgniter\View\View->CodeIgniter\View\{closure}()
#3 C:\Users\admin\Downloads\gudang\system\Common.php(1089): CodeIgniter\View\View->render('tambah_barangru...', Array, true)
#4 C:\Users\admin\Downloads\gudang\app\Controllers\Home.php(844): view('tambah_barangru...')
#5 C:\Users\admin\Downloads\gudang\system\CodeIgniter.php(832): App\Controllers\Home->tambahBarangRusak()
#6 C:\Users\admin\Downloads\gudang\system\CodeIgniter.php(419): CodeIgniter\CodeIgniter->runController(Object(App\Controllers\Home))
#7 C:\Users\admin\Downloads\gudang\system\CodeIgniter.php(326): CodeIgniter\CodeIgniter->handleRequest(NULL, Object(Config\Cache), false)
#8 C:\Users\admin\Downloads\gudang\public\index.php(37): CodeIgniter\CodeIgniter->run()
#9 C:\Users\admin\Downloads\gudang\system\Commands\Server\rewrite.php(43): require_once('C:\\Users\\admin\\...')
#10 {main}
CRITICAL - 2024-10-18 04:46:01 --> Invalid argument supplied for foreach()
#0 C:\Users\admin\Downloads\gudang\app\Views\tambah_barangrusak.php(7): CodeIgniter\Debug\Exceptions->errorHandler(2, 'Invalid argumen...', 'C:\\Users\\admin\\...', 7, Array)
#1 C:\Users\admin\Downloads\gudang\system\View\View.php(210): include('C:\\Users\\admin\\...')
#2 C:\Users\admin\Downloads\gudang\system\View\View.php(213): CodeIgniter\View\View->CodeIgniter\View\{closure}()
#3 C:\Users\admin\Downloads\gudang\system\Common.php(1089): CodeIgniter\View\View->render('tambah_barangru...', Array, true)
#4 C:\Users\admin\Downloads\gudang\app\Controllers\Home.php(844): view('tambah_barangru...')
#5 C:\Users\admin\Downloads\gudang\system\CodeIgniter.php(832): App\Controllers\Home->tambahBarangRusak()
#6 C:\Users\admin\Downloads\gudang\system\CodeIgniter.php(419): CodeIgniter\CodeIgniter->runController(Object(App\Controllers\Home))
#7 C:\Users\admin\Downloads\gudang\system\CodeIgniter.php(326): CodeIgniter\CodeIgniter->handleRequest(NULL, Object(Config\Cache), false)
#8 C:\Users\admin\Downloads\gudang\public\index.php(37): CodeIgniter\CodeIgniter->run()
#9 C:\Users\admin\Downloads\gudang\system\Commands\Server\rewrite.php(43): require_once('C:\\Users\\admin\\...')
#10 {main}
CRITICAL - 2024-10-18 04:47:03 --> You must set the database table to be used with your query.
#0 C:\Users\admin\Downloads\gudang\system\Model.php(545): CodeIgniter\Database\BaseConnection->table(NULL)
#1 C:\Users\admin\Downloads\gudang\system\Model.php(722): CodeIgniter\Model->builder()
#2 C:\Users\admin\Downloads\gudang\app\Controllers\Home.php(218): CodeIgniter\Model->__call('select', Array)
#3 C:\Users\admin\Downloads\gudang\system\CodeIgniter.php(832): App\Controllers\Home->barangRusak()
#4 C:\Users\admin\Downloads\gudang\system\CodeIgniter.php(419): CodeIgniter\CodeIgniter->runController(Object(App\Controllers\Home))
#5 C:\Users\admin\Downloads\gudang\system\CodeIgniter.php(326): CodeIgniter\CodeIgniter->handleRequest(NULL, Object(Config\Cache), false)
#6 C:\Users\admin\Downloads\gudang\public\index.php(37): CodeIgniter\CodeIgniter->run()
#7 C:\Users\admin\Downloads\gudang\system\Commands\Server\rewrite.php(43): require_once('C:\\Users\\admin\\...')
#8 {main}
CRITICAL - 2024-10-18 04:47:05 --> You must set the database table to be used with your query.
#0 C:\Users\admin\Downloads\gudang\system\Model.php(545): CodeIgniter\Database\BaseConnection->table(NULL)
#1 C:\Users\admin\Downloads\gudang\system\Model.php(722): CodeIgniter\Model->builder()
#2 C:\Users\admin\Downloads\gudang\app\Controllers\Home.php(218): CodeIgniter\Model->__call('select', Array)
#3 C:\Users\admin\Downloads\gudang\system\CodeIgniter.php(832): App\Controllers\Home->barangRusak()
#4 C:\Users\admin\Downloads\gudang\system\CodeIgniter.php(419): CodeIgniter\CodeIgniter->runController(Object(App\Controllers\Home))
#5 C:\Users\admin\Downloads\gudang\system\CodeIgniter.php(326): CodeIgniter\CodeIgniter->handleRequest(NULL, Object(Config\Cache), false)
#6 C:\Users\admin\Downloads\gudang\public\index.php(37): CodeIgniter\CodeIgniter->run()
#7 C:\Users\admin\Downloads\gudang\system\Commands\Server\rewrite.php(43): require_once('C:\\Users\\admin\\...')
#8 {main}
CRITICAL - 2024-10-18 04:47:06 --> You must set the database table to be used with your query.
#0 C:\Users\admin\Downloads\gudang\system\Model.php(545): CodeIgniter\Database\BaseConnection->table(NULL)
#1 C:\Users\admin\Downloads\gudang\system\Model.php(722): CodeIgniter\Model->builder()
#2 C:\Users\admin\Downloads\gudang\app\Controllers\Home.php(218): CodeIgniter\Model->__call('select', Array)
#3 C:\Users\admin\Downloads\gudang\system\CodeIgniter.php(832): App\Controllers\Home->barangRusak()
#4 C:\Users\admin\Downloads\gudang\system\CodeIgniter.php(419): CodeIgniter\CodeIgniter->runController(Object(App\Controllers\Home))
#5 C:\Users\admin\Downloads\gudang\system\CodeIgniter.php(326): CodeIgniter\CodeIgniter->handleRequest(NULL, Object(Config\Cache), false)
#6 C:\Users\admin\Downloads\gudang\public\index.php(37): CodeIgniter\CodeIgniter->run()
#7 C:\Users\admin\Downloads\gudang\system\Commands\Server\rewrite.php(43): require_once('C:\\Users\\admin\\...')
#8 {main}
CRITICAL - 2024-10-18 04:54:28 --> Cannot use object of type stdClass as array
#0 C:\Users\admin\Downloads\gudang\system\View\View.php(210): include()
#1 C:\Users\admin\Downloads\gudang\system\View\View.php(213): CodeIgniter\View\View->CodeIgniter\View\{closure}()
#2 C:\Users\admin\Downloads\gudang\system\Common.php(1089): CodeIgniter\View\View->render('tambah_barangru...', Array, true)
#3 C:\Users\admin\Downloads\gudang\app\Controllers\Home.php(846): view('tambah_barangru...', Array)
#4 C:\Users\admin\Downloads\gudang\system\CodeIgniter.php(832): App\Controllers\Home->tambahBarangRusak()
#5 C:\Users\admin\Downloads\gudang\system\CodeIgniter.php(419): CodeIgniter\CodeIgniter->runController(Object(App\Controllers\Home))
#6 C:\Users\admin\Downloads\gudang\system\CodeIgniter.php(326): CodeIgniter\CodeIgniter->handleRequest(NULL, Object(Config\Cache), false)
#7 C:\Users\admin\Downloads\gudang\public\index.php(37): CodeIgniter\CodeIgniter->run()
#8 C:\Users\admin\Downloads\gudang\system\Commands\Server\rewrite.php(43): require_once('C:\\Users\\admin\\...')
#9 {main}
CRITICAL - 2024-10-18 04:56:10 --> Invalid argument supplied for foreach()
#0 C:\Users\admin\Downloads\gudang\app\Views\barang_rusak.php(27): CodeIgniter\Debug\Exceptions->errorHandler(2, 'Invalid argumen...', 'C:\\Users\\admin\\...', 27, Array)
#1 C:\Users\admin\Downloads\gudang\system\View\View.php(210): include('C:\\Users\\admin\\...')
#2 C:\Users\admin\Downloads\gudang\system\View\View.php(213): CodeIgniter\View\View->CodeIgniter\View\{closure}()
#3 C:\Users\admin\Downloads\gudang\system\Common.php(1089): CodeIgniter\View\View->render('barang_rusak.ph...', Array, true)
#4 C:\Users\admin\Downloads\gudang\app\Controllers\Home.php(220): view('barang_rusak.ph...', Array)
#5 C:\Users\admin\Downloads\gudang\system\CodeIgniter.php(832): App\Controllers\Home->barangRusak()
#6 C:\Users\admin\Downloads\gudang\system\CodeIgniter.php(419): CodeIgniter\CodeIgniter->runController(Object(App\Controllers\Home))
#7 C:\Users\admin\Downloads\gudang\system\CodeIgniter.php(326): CodeIgniter\CodeIgniter->handleRequest(NULL, Object(Config\Cache), false)
#8 C:\Users\admin\Downloads\gudang\public\index.php(37): CodeIgniter\CodeIgniter->run()
#9 C:\Users\admin\Downloads\gudang\system\Commands\Server\rewrite.php(43): require_once('C:\\Users\\admin\\...')
#10 {main}
CRITICAL - 2024-10-18 05:01:06 --> Cannot use object of type stdClass as array
#0 C:\Users\admin\Downloads\gudang\system\View\View.php(210): include()
#1 C:\Users\admin\Downloads\gudang\system\View\View.php(213): CodeIgniter\View\View->CodeIgniter\View\{closure}()
#2 C:\Users\admin\Downloads\gudang\system\Common.php(1089): CodeIgniter\View\View->render('tambah_barangru...', Array, true)
#3 C:\Users\admin\Downloads\gudang\app\Controllers\Home.php(849): view('tambah_barangru...', Array)
#4 C:\Users\admin\Downloads\gudang\system\CodeIgniter.php(832): App\Controllers\Home->tambahBarangRusak()
#5 C:\Users\admin\Downloads\gudang\system\CodeIgniter.php(419): CodeIgniter\CodeIgniter->runController(Object(App\Controllers\Home))
#6 C:\Users\admin\Downloads\gudang\system\CodeIgniter.php(326): CodeIgniter\CodeIgniter->handleRequest(NULL, Object(Config\Cache), false)
#7 C:\Users\admin\Downloads\gudang\public\index.php(37): CodeIgniter\CodeIgniter->run()
#8 C:\Users\admin\Downloads\gudang\system\Commands\Server\rewrite.php(43): require_once('C:\\Users\\admin\\...')
#9 {main}
CRITICAL - 2024-10-18 05:11:35 --> syntax error, unexpected 'public' (T_PUBLIC)
#0 C:\Users\admin\Downloads\gudang\system\Router\Router.php(175): CodeIgniter\Router\Router->autoRoute('home/tambahBara...')
#1 C:\Users\admin\Downloads\gudang\system\CodeIgniter.php(726): CodeIgniter\Router\Router->handle('home/tambahBara...')
#2 C:\Users\admin\Downloads\gudang\system\CodeIgniter.php(368): CodeIgniter\CodeIgniter->tryToRouteIt(Object(CodeIgniter\Router\RouteCollection))
#3 C:\Users\admin\Downloads\gudang\system\CodeIgniter.php(326): CodeIgniter\CodeIgniter->handleRequest(NULL, Object(Config\Cache), false)
#4 C:\Users\admin\Downloads\gudang\public\index.php(37): CodeIgniter\CodeIgniter->run()
#5 C:\Users\admin\Downloads\gudang\system\Commands\Server\rewrite.php(43): require_once('C:\\Users\\admin\\...')
#6 {main}
CRITICAL - 2024-10-18 05:11:54 --> syntax error, unexpected 'public' (T_PUBLIC)
#0 C:\Users\admin\Downloads\gudang\system\Router\Router.php(175): CodeIgniter\Router\Router->autoRoute('home/tambahBara...')
#1 C:\Users\admin\Downloads\gudang\system\CodeIgniter.php(726): CodeIgniter\Router\Router->handle('home/tambahBara...')
#2 C:\Users\admin\Downloads\gudang\system\CodeIgniter.php(368): CodeIgniter\CodeIgniter->tryToRouteIt(Object(CodeIgniter\Router\RouteCollection))
#3 C:\Users\admin\Downloads\gudang\system\CodeIgniter.php(326): CodeIgniter\CodeIgniter->handleRequest(NULL, Object(Config\Cache), false)
#4 C:\Users\admin\Downloads\gudang\public\index.php(37): CodeIgniter\CodeIgniter->run()
#5 C:\Users\admin\Downloads\gudang\system\Commands\Server\rewrite.php(43): require_once('C:\\Users\\admin\\...')
#6 {main}
CRITICAL - 2024-10-18 05:11:54 --> syntax error, unexpected 'public' (T_PUBLIC)
#0 C:\Users\admin\Downloads\gudang\system\Router\Router.php(175): CodeIgniter\Router\Router->autoRoute('home/tambahBara...')
#1 C:\Users\admin\Downloads\gudang\system\CodeIgniter.php(726): CodeIgniter\Router\Router->handle('home/tambahBara...')
#2 C:\Users\admin\Downloads\gudang\system\CodeIgniter.php(368): CodeIgniter\CodeIgniter->tryToRouteIt(Object(CodeIgniter\Router\RouteCollection))
#3 C:\Users\admin\Downloads\gudang\system\CodeIgniter.php(326): CodeIgniter\CodeIgniter->handleRequest(NULL, Object(Config\Cache), false)
#4 C:\Users\admin\Downloads\gudang\public\index.php(37): CodeIgniter\CodeIgniter->run()
#5 C:\Users\admin\Downloads\gudang\system\Commands\Server\rewrite.php(43): require_once('C:\\Users\\admin\\...')
#6 {main}
CRITICAL - 2024-10-18 05:11:54 --> syntax error, unexpected 'public' (T_PUBLIC)
#0 C:\Users\admin\Downloads\gudang\system\Router\Router.php(175): CodeIgniter\Router\Router->autoRoute('home/tambahBara...')
#1 C:\Users\admin\Downloads\gudang\system\CodeIgniter.php(726): CodeIgniter\Router\Router->handle('home/tambahBara...')
#2 C:\Users\admin\Downloads\gudang\system\CodeIgniter.php(368): CodeIgniter\CodeIgniter->tryToRouteIt(Object(CodeIgniter\Router\RouteCollection))
#3 C:\Users\admin\Downloads\gudang\system\CodeIgniter.php(326): CodeIgniter\CodeIgniter->handleRequest(NULL, Object(Config\Cache), false)
#4 C:\Users\admin\Downloads\gudang\public\index.php(37): CodeIgniter\CodeIgniter->run()
#5 C:\Users\admin\Downloads\gudang\system\Commands\Server\rewrite.php(43): require_once('C:\\Users\\admin\\...')
#6 {main}
CRITICAL - 2024-10-18 05:11:55 --> syntax error, unexpected 'public' (T_PUBLIC)
#0 C:\Users\admin\Downloads\gudang\system\Router\Router.php(175): CodeIgniter\Router\Router->autoRoute('home/tambahBara...')
#1 C:\Users\admin\Downloads\gudang\system\CodeIgniter.php(726): CodeIgniter\Router\Router->handle('home/tambahBara...')
#2 C:\Users\admin\Downloads\gudang\system\CodeIgniter.php(368): CodeIgniter\CodeIgniter->tryToRouteIt(Object(CodeIgniter\Router\RouteCollection))
#3 C:\Users\admin\Downloads\gudang\system\CodeIgniter.php(326): CodeIgniter\CodeIgniter->handleRequest(NULL, Object(Config\Cache), false)
#4 C:\Users\admin\Downloads\gudang\public\index.php(37): CodeIgniter\CodeIgniter->run()
#5 C:\Users\admin\Downloads\gudang\system\Commands\Server\rewrite.php(43): require_once('C:\\Users\\admin\\...')
#6 {main}
ERROR - 2024-10-18 05:28:48 --> You have an error in your SQL syntax; check the manual that corresponds to your MariaDB server version for the right syntax to use near 'IS NULL
AND `tanggal` < IS NULL' at line 4
CRITICAL - 2024-10-18 05:28:48 --> Call to a member function getResult() on bool
#0 C:\Users\admin\Downloads\gudang\app\Controllers\Home.php(149): App\Models\Model_belajar->filter('barang_masuk', 'barang', 'barang_masuk.id...', 'tanggal >=', 'tanggal <=', NULL, NULL)
#1 C:\Users\admin\Downloads\gudang\system\CodeIgniter.php(832): App\Controllers\Home->lapbm()
#2 C:\Users\admin\Downloads\gudang\system\CodeIgniter.php(419): CodeIgniter\CodeIgniter->runController(Object(App\Controllers\Home))
#3 C:\Users\admin\Downloads\gudang\system\CodeIgniter.php(326): CodeIgniter\CodeIgniter->handleRequest(NULL, Object(Config\Cache), false)
#4 C:\Users\admin\Downloads\gudang\public\index.php(37): CodeIgniter\CodeIgniter->run()
#5 C:\Users\admin\Downloads\gudang\system\Commands\Server\rewrite.php(43): require_once('C:\\Users\\admin\\...')
#6 {main}
CRITICAL - 2024-10-18 05:37:14 --> syntax error, unexpected 'public' (T_PUBLIC)
#0 C:\Users\admin\Downloads\gudang\system\Router\Router.php(175): CodeIgniter\Router\Router->autoRoute('home/lapbr')
#1 C:\Users\admin\Downloads\gudang\system\CodeIgniter.php(726): CodeIgniter\Router\Router->handle('home/lapbr')
#2 C:\Users\admin\Downloads\gudang\system\CodeIgniter.php(368): CodeIgniter\CodeIgniter->tryToRouteIt(Object(CodeIgniter\Router\RouteCollection))
#3 C:\Users\admin\Downloads\gudang\system\CodeIgniter.php(326): CodeIgniter\CodeIgniter->handleRequest(NULL, Object(Config\Cache), false)
#4 C:\Users\admin\Downloads\gudang\public\index.php(37): CodeIgniter\CodeIgniter->run()
#5 C:\Users\admin\Downloads\gudang\system\Commands\Server\rewrite.php(43): require_once('C:\\Users\\admin\\...')
#6 {main}
ERROR - 2024-10-18 05:39:00 --> You have an error in your SQL syntax; check the manual that corresponds to your MariaDB server version for the right syntax to use near 'IS NULL
AND `tanggal` < IS NULL' at line 4
CRITICAL - 2024-10-18 05:39:00 --> Call to a member function getResult() on bool
#0 C:\Users\admin\Downloads\gudang\app\Controllers\Home.php(157): App\Models\Model_belajar->filter('barang_keluar', 'barang', 'barang_keluar.i...', 'tanggal >=', 'tanggal <=', NULL, NULL)
#1 C:\Users\admin\Downloads\gudang\system\CodeIgniter.php(832): App\Controllers\Home->lapbk()
#2 C:\Users\admin\Downloads\gudang\system\CodeIgniter.php(419): CodeIgniter\CodeIgniter->runController(Object(App\Controllers\Home))
#3 C:\Users\admin\Downloads\gudang\system\CodeIgniter.php(326): CodeIgniter\CodeIgniter->handleRequest(NULL, Object(Config\Cache), false)
#4 C:\Users\admin\Downloads\gudang\public\index.php(37): CodeIgniter\CodeIgniter->run()
#5 C:\Users\admin\Downloads\gudang\system\Commands\Server\rewrite.php(43): require_once('C:\\Users\\admin\\...')
#6 {main}
