CRITICAL - 2024-11-07 01:37:26 --> Invalid file: arsip_dokumen_kesiswaan.php
#0 C:\Users\admin\Music\eoffice2\system\View\View.php(198): CodeIgniter\Exceptions\FrameworkException::forInvalidFile('arsip_dokumen_k...')
#1 C:\Users\admin\Music\eoffice2\system\Common.php(1089): CodeIgniter\View\View->render('arsip_dokumen_k...', Array, true)
#2 C:\Users\admin\Music\eoffice2\app\Controllers\Home.php(1069): view('arsip_dokumen_k...', Array)
#3 C:\Users\admin\Music\eoffice2\system\CodeIgniter.php(832): App\Controllers\Home->arsipDokumenKesiswaan()
#4 C:\Users\admin\Music\eoffice2\system\CodeIgniter.php(419): CodeIgniter\CodeIgniter->runController(Object(App\Controllers\Home))
#5 C:\Users\admin\Music\eoffice2\system\CodeIgniter.php(326): CodeIgniter\CodeIgniter->handleRequest(NULL, Object(Config\Cache), false)
#6 C:\Users\admin\Music\eoffice2\public\index.php(37): CodeIgniter\CodeIgniter->run()
#7 C:\Users\admin\Music\eoffice2\system\Commands\Server\rewrite.php(43): require_once('C:\\Users\\admin\\...')
#8 {main}
CRITICAL - 2024-11-07 01:39:12 --> Invalid file: arsip_dokumen_kesiswaan.php
#0 C:\Users\admin\Music\eoffice2\system\View\View.php(198): CodeIgniter\Exceptions\FrameworkException::forInvalidFile('arsip_dokumen_k...')
#1 C:\Users\admin\Music\eoffice2\system\Common.php(1089): CodeIgniter\View\View->render('arsip_dokumen_k...', Array, true)
#2 C:\Users\admin\Music\eoffice2\app\Controllers\Home.php(1069): view('arsip_dokumen_k...', Array)
#3 C:\Users\admin\Music\eoffice2\system\CodeIgniter.php(832): App\Controllers\Home->arsipDokumenKesiswaan()
#4 C:\Users\admin\Music\eoffice2\system\CodeIgniter.php(419): CodeIgniter\CodeIgniter->runController(Object(App\Controllers\Home))
#5 C:\Users\admin\Music\eoffice2\system\CodeIgniter.php(326): CodeIgniter\CodeIgniter->handleRequest(NULL, Object(Config\Cache), false)
#6 C:\Users\admin\Music\eoffice2\public\index.php(37): CodeIgniter\CodeIgniter->run()
#7 C:\Users\admin\Music\eoffice2\system\Commands\Server\rewrite.php(43): require_once('C:\\Users\\admin\\...')
#8 {main}
CRITICAL - 2024-11-07 01:39:21 --> Invalid file: arsip_dokumen_kesiswaan.php
#0 C:\Users\admin\Music\eoffice2\system\View\View.php(198): CodeIgniter\Exceptions\FrameworkException::forInvalidFile('arsip_dokumen_k...')
#1 C:\Users\admin\Music\eoffice2\system\Common.php(1089): CodeIgniter\View\View->render('arsip_dokumen_k...', Array, true)
#2 C:\Users\admin\Music\eoffice2\app\Controllers\Home.php(1069): view('arsip_dokumen_k...', Array)
#3 C:\Users\admin\Music\eoffice2\system\CodeIgniter.php(832): App\Controllers\Home->arsipDokumenKesiswaan()
#4 C:\Users\admin\Music\eoffice2\system\CodeIgniter.php(419): CodeIgniter\CodeIgniter->runController(Object(App\Controllers\Home))
#5 C:\Users\admin\Music\eoffice2\system\CodeIgniter.php(326): CodeIgniter\CodeIgniter->handleRequest(NULL, Object(Config\Cache), false)
#6 C:\Users\admin\Music\eoffice2\public\index.php(37): CodeIgniter\CodeIgniter->run()
#7 C:\Users\admin\Music\eoffice2\system\Commands\Server\rewrite.php(43): require_once('C:\\Users\\admin\\...')
#8 {main}
CRITICAL - 2024-11-07 01:40:56 --> syntax error, unexpected end of file, expecting function (T_FUNCTION) or const (T_CONST)
#0 C:\Users\admin\Music\eoffice2\system\Router\Router.php(175): CodeIgniter\Router\Router->autoRoute('home/arsipDokum...')
#1 C:\Users\admin\Music\eoffice2\system\CodeIgniter.php(726): CodeIgniter\Router\Router->handle('home/arsipDokum...')
#2 C:\Users\admin\Music\eoffice2\system\CodeIgniter.php(368): CodeIgniter\CodeIgniter->tryToRouteIt(Object(CodeIgniter\Router\RouteCollection))
#3 C:\Users\admin\Music\eoffice2\system\CodeIgniter.php(326): CodeIgniter\CodeIgniter->handleRequest(NULL, Object(Config\Cache), false)
#4 C:\Users\admin\Music\eoffice2\public\index.php(37): CodeIgniter\CodeIgniter->run()
#5 C:\Users\admin\Music\eoffice2\system\Commands\Server\rewrite.php(43): require_once('C:\\Users\\admin\\...')
#6 {main}
CRITICAL - 2024-11-07 01:40:57 --> syntax error, unexpected end of file, expecting function (T_FUNCTION) or const (T_CONST)
#0 C:\Users\admin\Music\eoffice2\system\Router\Router.php(175): CodeIgniter\Router\Router->autoRoute('home/arsipDokum...')
#1 C:\Users\admin\Music\eoffice2\system\CodeIgniter.php(726): CodeIgniter\Router\Router->handle('home/arsipDokum...')
#2 C:\Users\admin\Music\eoffice2\system\CodeIgniter.php(368): CodeIgniter\CodeIgniter->tryToRouteIt(Object(CodeIgniter\Router\RouteCollection))
#3 C:\Users\admin\Music\eoffice2\system\CodeIgniter.php(326): CodeIgniter\CodeIgniter->handleRequest(NULL, Object(Config\Cache), false)
#4 C:\Users\admin\Music\eoffice2\public\index.php(37): CodeIgniter\CodeIgniter->run()
#5 C:\Users\admin\Music\eoffice2\system\Commands\Server\rewrite.php(43): require_once('C:\\Users\\admin\\...')
#6 {main}
CRITICAL - 2024-11-07 01:41:07 --> Invalid file: tambah_dokumen_kesiswaan.php
#0 C:\Users\admin\Music\eoffice2\system\View\View.php(198): CodeIgniter\Exceptions\FrameworkException::forInvalidFile('tambah_dokumen_...')
#1 C:\Users\admin\Music\eoffice2\system\Common.php(1089): CodeIgniter\View\View->render('tambah_dokumen_...', Array, true)
#2 C:\Users\admin\Music\eoffice2\app\Controllers\Home.php(1082): view('tambah_dokumen_...')
#3 C:\Users\admin\Music\eoffice2\system\CodeIgniter.php(832): App\Controllers\Home->tambahDokumenKesiswaan()
#4 C:\Users\admin\Music\eoffice2\system\CodeIgniter.php(419): CodeIgniter\CodeIgniter->runController(Object(App\Controllers\Home))
#5 C:\Users\admin\Music\eoffice2\system\CodeIgniter.php(326): CodeIgniter\CodeIgniter->handleRequest(NULL, Object(Config\Cache), false)
#6 C:\Users\admin\Music\eoffice2\public\index.php(37): CodeIgniter\CodeIgniter->run()
#7 C:\Users\admin\Music\eoffice2\system\Commands\Server\rewrite.php(43): require_once('C:\\Users\\admin\\...')
#8 {main}
CRITICAL - 2024-11-07 01:50:30 --> Cannot redeclare App\Controllers\Home::dokumenKesiswaan()
#0 [internal function]: CodeIgniter\Debug\Exceptions->shutdownHandler()
#1 {main}
CRITICAL - 2024-11-07 01:50:31 --> Cannot redeclare App\Controllers\Home::dokumenKesiswaan()
#0 [internal function]: CodeIgniter\Debug\Exceptions->shutdownHandler()
#1 {main}
CRITICAL - 2024-11-07 01:50:46 --> syntax error, unexpected 'public' (T_PUBLIC), expecting end of file
#0 C:\Users\admin\Music\eoffice2\system\Router\Router.php(175): CodeIgniter\Router\Router->autoRoute('home/surat')
#1 C:\Users\admin\Music\eoffice2\system\CodeIgniter.php(726): CodeIgniter\Router\Router->handle('home/surat')
#2 C:\Users\admin\Music\eoffice2\system\CodeIgniter.php(368): CodeIgniter\CodeIgniter->tryToRouteIt(Object(CodeIgniter\Router\RouteCollection))
#3 C:\Users\admin\Music\eoffice2\system\CodeIgniter.php(326): CodeIgniter\CodeIgniter->handleRequest(NULL, Object(Config\Cache), false)
#4 C:\Users\admin\Music\eoffice2\public\index.php(37): CodeIgniter\CodeIgniter->run()
#5 C:\Users\admin\Music\eoffice2\system\Commands\Server\rewrite.php(43): require_once('C:\\Users\\admin\\...')
#6 {main}
CRITICAL - 2024-11-07 01:50:55 --> Cannot redeclare App\Controllers\Home::dokumenKesiswaan()
#0 [internal function]: CodeIgniter\Debug\Exceptions->shutdownHandler()
#1 {main}
CRITICAL - 2024-11-07 03:58:30 --> syntax error, unexpected '}', expecting end of file
#0 C:\Users\admin\Music\eoffice2\system\Router\Router.php(175): CodeIgniter\Router\Router->autoRoute('home/dokumenKes...')
#1 C:\Users\admin\Music\eoffice2\system\CodeIgniter.php(726): CodeIgniter\Router\Router->handle('home/dokumenKes...')
#2 C:\Users\admin\Music\eoffice2\system\CodeIgniter.php(368): CodeIgniter\CodeIgniter->tryToRouteIt(Object(CodeIgniter\Router\RouteCollection))
#3 C:\Users\admin\Music\eoffice2\system\CodeIgniter.php(326): CodeIgniter\CodeIgniter->handleRequest(NULL, Object(Config\Cache), false)
#4 C:\Users\admin\Music\eoffice2\public\index.php(37): CodeIgniter\CodeIgniter->run()
#5 C:\Users\admin\Music\eoffice2\system\Commands\Server\rewrite.php(43): require_once('C:\\Users\\admin\\...')
#6 {main}
CRITICAL - 2024-11-07 03:58:41 --> You must set the database table to be used with your query.
#0 C:\Users\admin\Music\eoffice2\system\Model.php(545): CodeIgniter\Database\BaseConnection->table(NULL)
#1 C:\Users\admin\Music\eoffice2\system\Model.php(130): CodeIgniter\Model->builder()
#2 C:\Users\admin\Music\eoffice2\system\BaseModel.php(523): CodeIgniter\Model->doFind(true, '2')
#3 C:\Users\admin\Music\eoffice2\app\Controllers\Home.php(1157): CodeIgniter\BaseModel->find('2')
#4 C:\Users\admin\Music\eoffice2\system\CodeIgniter.php(832): App\Controllers\Home->viewDokumenKesiswaan('2')
#5 C:\Users\admin\Music\eoffice2\system\CodeIgniter.php(419): CodeIgniter\CodeIgniter->runController(Object(App\Controllers\Home))
#6 C:\Users\admin\Music\eoffice2\system\CodeIgniter.php(326): CodeIgniter\CodeIgniter->handleRequest(NULL, Object(Config\Cache), false)
#7 C:\Users\admin\Music\eoffice2\public\index.php(37): CodeIgniter\CodeIgniter->run()
#8 C:\Users\admin\Music\eoffice2\system\Commands\Server\rewrite.php(43): require_once('C:\\Users\\admin\\...')
#9 {main}
CRITICAL - 2024-11-07 04:41:32 --> syntax error, unexpected '}', expecting end of file
#0 C:\Users\admin\Music\eoffice2\system\Router\Router.php(175): CodeIgniter\Router\Router->autoRoute('home/barang')
#1 C:\Users\admin\Music\eoffice2\system\CodeIgniter.php(726): CodeIgniter\Router\Router->handle('home/barang')
#2 C:\Users\admin\Music\eoffice2\system\CodeIgniter.php(368): CodeIgniter\CodeIgniter->tryToRouteIt(Object(CodeIgniter\Router\RouteCollection))
#3 C:\Users\admin\Music\eoffice2\system\CodeIgniter.php(326): CodeIgniter\CodeIgniter->handleRequest(NULL, Object(Config\Cache), false)
#4 C:\Users\admin\Music\eoffice2\public\index.php(37): CodeIgniter\CodeIgniter->run()
#5 C:\Users\admin\Music\eoffice2\system\Commands\Server\rewrite.php(43): require_once('C:\\Users\\admin\\...')
#6 {main}
CRITICAL - 2024-11-07 04:41:41 --> Cannot redeclare App\Controllers\Home::index()
#0 [internal function]: CodeIgniter\Debug\Exceptions->shutdownHandler()
#1 {main}
CRITICAL - 2024-11-07 04:41:48 --> Cannot redeclare App\Controllers\Home::index()
#0 [internal function]: CodeIgniter\Debug\Exceptions->shutdownHandler()
#1 {main}
CRITICAL - 2024-11-07 04:52:07 --> syntax error, unexpected 'public' (T_PUBLIC)
#0 C:\Users\admin\Music\eoffice2\system\Router\Router.php(175): CodeIgniter\Router\Router->autoRoute('home/dokumenKes...')
#1 C:\Users\admin\Music\eoffice2\system\CodeIgniter.php(726): CodeIgniter\Router\Router->handle('home/dokumenKes...')
#2 C:\Users\admin\Music\eoffice2\system\CodeIgniter.php(368): CodeIgniter\CodeIgniter->tryToRouteIt(Object(CodeIgniter\Router\RouteCollection))
#3 C:\Users\admin\Music\eoffice2\system\CodeIgniter.php(326): CodeIgniter\CodeIgniter->handleRequest(NULL, Object(Config\Cache), false)
#4 C:\Users\admin\Music\eoffice2\public\index.php(37): CodeIgniter\CodeIgniter->run()
#5 C:\Users\admin\Music\eoffice2\system\Commands\Server\rewrite.php(43): require_once('C:\\Users\\admin\\...')
#6 {main}
CRITICAL - 2024-11-07 04:53:02 --> syntax error, unexpected end of file, expecting function (T_FUNCTION) or const (T_CONST)
#0 C:\Users\admin\Music\eoffice2\system\Router\Router.php(175): CodeIgniter\Router\Router->autoRoute('home/dokumenKes...')
#1 C:\Users\admin\Music\eoffice2\system\CodeIgniter.php(726): CodeIgniter\Router\Router->handle('home/dokumenKes...')
#2 C:\Users\admin\Music\eoffice2\system\CodeIgniter.php(368): CodeIgniter\CodeIgniter->tryToRouteIt(Object(CodeIgniter\Router\RouteCollection))
#3 C:\Users\admin\Music\eoffice2\system\CodeIgniter.php(326): CodeIgniter\CodeIgniter->handleRequest(NULL, Object(Config\Cache), false)
#4 C:\Users\admin\Music\eoffice2\public\index.php(37): CodeIgniter\CodeIgniter->run()
#5 C:\Users\admin\Music\eoffice2\system\Commands\Server\rewrite.php(43): require_once('C:\\Users\\admin\\...')
#6 {main}
CRITICAL - 2024-11-07 04:53:03 --> syntax error, unexpected end of file, expecting function (T_FUNCTION) or const (T_CONST)
#0 C:\Users\admin\Music\eoffice2\system\Router\Router.php(175): CodeIgniter\Router\Router->autoRoute('home/dokumenKes...')
#1 C:\Users\admin\Music\eoffice2\system\CodeIgniter.php(726): CodeIgniter\Router\Router->handle('home/dokumenKes...')
#2 C:\Users\admin\Music\eoffice2\system\CodeIgniter.php(368): CodeIgniter\CodeIgniter->tryToRouteIt(Object(CodeIgniter\Router\RouteCollection))
#3 C:\Users\admin\Music\eoffice2\system\CodeIgniter.php(326): CodeIgniter\CodeIgniter->handleRequest(NULL, Object(Config\Cache), false)
#4 C:\Users\admin\Music\eoffice2\public\index.php(37): CodeIgniter\CodeIgniter->run()
#5 C:\Users\admin\Music\eoffice2\system\Commands\Server\rewrite.php(43): require_once('C:\\Users\\admin\\...')
#6 {main}
CRITICAL - 2024-11-07 04:53:06 --> Cannot redeclare App\Controllers\Home::viewDokumenKesiswaan()
#0 [internal function]: CodeIgniter\Debug\Exceptions->shutdownHandler()
#1 {main}
CRITICAL - 2024-11-07 04:53:07 --> Cannot redeclare App\Controllers\Home::viewDokumenKesiswaan()
#0 [internal function]: CodeIgniter\Debug\Exceptions->shutdownHandler()
#1 {main}
CRITICAL - 2024-11-07 04:53:16 --> You must set the database table to be used with your query.
#0 C:\Users\admin\Music\eoffice2\system\Model.php(545): CodeIgniter\Database\BaseConnection->table(NULL)
#1 C:\Users\admin\Music\eoffice2\system\Model.php(130): CodeIgniter\Model->builder()
#2 C:\Users\admin\Music\eoffice2\system\BaseModel.php(523): CodeIgniter\Model->doFind(true, '3')
#3 C:\Users\admin\Music\eoffice2\app\Controllers\Home.php(1157): CodeIgniter\BaseModel->find('3')
#4 C:\Users\admin\Music\eoffice2\system\CodeIgniter.php(832): App\Controllers\Home->viewDokumenKesiswaan('3')
#5 C:\Users\admin\Music\eoffice2\system\CodeIgniter.php(419): CodeIgniter\CodeIgniter->runController(Object(App\Controllers\Home))
#6 C:\Users\admin\Music\eoffice2\system\CodeIgniter.php(326): CodeIgniter\CodeIgniter->handleRequest(NULL, Object(Config\Cache), false)
#7 C:\Users\admin\Music\eoffice2\public\index.php(37): CodeIgniter\CodeIgniter->run()
#8 C:\Users\admin\Music\eoffice2\system\Commands\Server\rewrite.php(43): require_once('C:\\Users\\admin\\...')
#9 {main}
CRITICAL - 2024-11-07 04:53:49 --> You must set the database table to be used with your query.
#0 C:\Users\admin\Music\eoffice2\system\Model.php(545): CodeIgniter\Database\BaseConnection->table(NULL)
#1 C:\Users\admin\Music\eoffice2\system\Model.php(130): CodeIgniter\Model->builder()
#2 C:\Users\admin\Music\eoffice2\system\BaseModel.php(523): CodeIgniter\Model->doFind(true, '2')
#3 C:\Users\admin\Music\eoffice2\app\Controllers\Home.php(1157): CodeIgniter\BaseModel->find('2')
#4 C:\Users\admin\Music\eoffice2\system\CodeIgniter.php(832): App\Controllers\Home->viewDokumenKesiswaan('2')
#5 C:\Users\admin\Music\eoffice2\system\CodeIgniter.php(419): CodeIgniter\CodeIgniter->runController(Object(App\Controllers\Home))
#6 C:\Users\admin\Music\eoffice2\system\CodeIgniter.php(326): CodeIgniter\CodeIgniter->handleRequest(NULL, Object(Config\Cache), false)
#7 C:\Users\admin\Music\eoffice2\public\index.php(37): CodeIgniter\CodeIgniter->run()
#8 C:\Users\admin\Music\eoffice2\system\Commands\Server\rewrite.php(43): require_once('C:\\Users\\admin\\...')
#9 {main}
CRITICAL - 2024-11-07 04:54:32 --> syntax error, unexpected end of file, expecting function (T_FUNCTION) or const (T_CONST)
#0 C:\Users\admin\Music\eoffice2\system\Router\Router.php(175): CodeIgniter\Router\Router->autoRoute('home/viewDokume...')
#1 C:\Users\admin\Music\eoffice2\system\CodeIgniter.php(726): CodeIgniter\Router\Router->handle('home/viewDokume...')
#2 C:\Users\admin\Music\eoffice2\system\CodeIgniter.php(368): CodeIgniter\CodeIgniter->tryToRouteIt(Object(CodeIgniter\Router\RouteCollection))
#3 C:\Users\admin\Music\eoffice2\system\CodeIgniter.php(326): CodeIgniter\CodeIgniter->handleRequest(NULL, Object(Config\Cache), false)
#4 C:\Users\admin\Music\eoffice2\public\index.php(37): CodeIgniter\CodeIgniter->run()
#5 C:\Users\admin\Music\eoffice2\system\Commands\Server\rewrite.php(43): require_once('C:\\Users\\admin\\...')
#6 {main}
CRITICAL - 2024-11-07 04:54:36 --> syntax error, unexpected end of file, expecting function (T_FUNCTION) or const (T_CONST)
#0 C:\Users\admin\Music\eoffice2\system\Router\Router.php(175): CodeIgniter\Router\Router->autoRoute('home/viewDokume...')
#1 C:\Users\admin\Music\eoffice2\system\CodeIgniter.php(726): CodeIgniter\Router\Router->handle('home/viewDokume...')
#2 C:\Users\admin\Music\eoffice2\system\CodeIgniter.php(368): CodeIgniter\CodeIgniter->tryToRouteIt(Object(CodeIgniter\Router\RouteCollection))
#3 C:\Users\admin\Music\eoffice2\system\CodeIgniter.php(326): CodeIgniter\CodeIgniter->handleRequest(NULL, Object(Config\Cache), false)
#4 C:\Users\admin\Music\eoffice2\public\index.php(37): CodeIgniter\CodeIgniter->run()
#5 C:\Users\admin\Music\eoffice2\system\Commands\Server\rewrite.php(43): require_once('C:\\Users\\admin\\...')
#6 {main}
CRITICAL - 2024-11-07 04:54:37 --> syntax error, unexpected end of file, expecting function (T_FUNCTION) or const (T_CONST)
#0 C:\Users\admin\Music\eoffice2\system\Router\Router.php(175): CodeIgniter\Router\Router->autoRoute('home/viewDokume...')
#1 C:\Users\admin\Music\eoffice2\system\CodeIgniter.php(726): CodeIgniter\Router\Router->handle('home/viewDokume...')
#2 C:\Users\admin\Music\eoffice2\system\CodeIgniter.php(368): CodeIgniter\CodeIgniter->tryToRouteIt(Object(CodeIgniter\Router\RouteCollection))
#3 C:\Users\admin\Music\eoffice2\system\CodeIgniter.php(326): CodeIgniter\CodeIgniter->handleRequest(NULL, Object(Config\Cache), false)
#4 C:\Users\admin\Music\eoffice2\public\index.php(37): CodeIgniter\CodeIgniter->run()
#5 C:\Users\admin\Music\eoffice2\system\Commands\Server\rewrite.php(43): require_once('C:\\Users\\admin\\...')
#6 {main}
CRITICAL - 2024-11-07 04:54:41 --> syntax error, unexpected end of file, expecting function (T_FUNCTION) or const (T_CONST)
#0 C:\Users\admin\Music\eoffice2\system\Router\Router.php(175): CodeIgniter\Router\Router->autoRoute('home/viewDokume...')
#1 C:\Users\admin\Music\eoffice2\system\CodeIgniter.php(726): CodeIgniter\Router\Router->handle('home/viewDokume...')
#2 C:\Users\admin\Music\eoffice2\system\CodeIgniter.php(368): CodeIgniter\CodeIgniter->tryToRouteIt(Object(CodeIgniter\Router\RouteCollection))
#3 C:\Users\admin\Music\eoffice2\system\CodeIgniter.php(326): CodeIgniter\CodeIgniter->handleRequest(NULL, Object(Config\Cache), false)
#4 C:\Users\admin\Music\eoffice2\public\index.php(37): CodeIgniter\CodeIgniter->run()
#5 C:\Users\admin\Music\eoffice2\system\Commands\Server\rewrite.php(43): require_once('C:\\Users\\admin\\...')
#6 {main}
CRITICAL - 2024-11-07 04:54:42 --> syntax error, unexpected end of file, expecting function (T_FUNCTION) or const (T_CONST)
#0 C:\Users\admin\Music\eoffice2\system\Router\Router.php(175): CodeIgniter\Router\Router->autoRoute('home/viewDokume...')
#1 C:\Users\admin\Music\eoffice2\system\CodeIgniter.php(726): CodeIgniter\Router\Router->handle('home/viewDokume...')
#2 C:\Users\admin\Music\eoffice2\system\CodeIgniter.php(368): CodeIgniter\CodeIgniter->tryToRouteIt(Object(CodeIgniter\Router\RouteCollection))
#3 C:\Users\admin\Music\eoffice2\system\CodeIgniter.php(326): CodeIgniter\CodeIgniter->handleRequest(NULL, Object(Config\Cache), false)
#4 C:\Users\admin\Music\eoffice2\public\index.php(37): CodeIgniter\CodeIgniter->run()
#5 C:\Users\admin\Music\eoffice2\system\Commands\Server\rewrite.php(43): require_once('C:\\Users\\admin\\...')
#6 {main}
CRITICAL - 2024-11-07 04:54:47 --> syntax error, unexpected '}', expecting end of file
#0 C:\Users\admin\Music\eoffice2\system\Router\Router.php(175): CodeIgniter\Router\Router->autoRoute('home/viewDokume...')
#1 C:\Users\admin\Music\eoffice2\system\CodeIgniter.php(726): CodeIgniter\Router\Router->handle('home/viewDokume...')
#2 C:\Users\admin\Music\eoffice2\system\CodeIgniter.php(368): CodeIgniter\CodeIgniter->tryToRouteIt(Object(CodeIgniter\Router\RouteCollection))
#3 C:\Users\admin\Music\eoffice2\system\CodeIgniter.php(326): CodeIgniter\CodeIgniter->handleRequest(NULL, Object(Config\Cache), false)
#4 C:\Users\admin\Music\eoffice2\public\index.php(37): CodeIgniter\CodeIgniter->run()
#5 C:\Users\admin\Music\eoffice2\system\Commands\Server\rewrite.php(43): require_once('C:\\Users\\admin\\...')
#6 {main}
CRITICAL - 2024-11-07 04:54:48 --> syntax error, unexpected '}', expecting end of file
#0 C:\Users\admin\Music\eoffice2\system\Router\Router.php(175): CodeIgniter\Router\Router->autoRoute('home/viewDokume...')
#1 C:\Users\admin\Music\eoffice2\system\CodeIgniter.php(726): CodeIgniter\Router\Router->handle('home/viewDokume...')
#2 C:\Users\admin\Music\eoffice2\system\CodeIgniter.php(368): CodeIgniter\CodeIgniter->tryToRouteIt(Object(CodeIgniter\Router\RouteCollection))
#3 C:\Users\admin\Music\eoffice2\system\CodeIgniter.php(326): CodeIgniter\CodeIgniter->handleRequest(NULL, Object(Config\Cache), false)
#4 C:\Users\admin\Music\eoffice2\public\index.php(37): CodeIgniter\CodeIgniter->run()
#5 C:\Users\admin\Music\eoffice2\system\Commands\Server\rewrite.php(43): require_once('C:\\Users\\admin\\...')
#6 {main}
CRITICAL - 2024-11-07 04:54:48 --> syntax error, unexpected '}', expecting end of file
#0 C:\Users\admin\Music\eoffice2\system\Router\Router.php(175): CodeIgniter\Router\Router->autoRoute('home/viewDokume...')
#1 C:\Users\admin\Music\eoffice2\system\CodeIgniter.php(726): CodeIgniter\Router\Router->handle('home/viewDokume...')
#2 C:\Users\admin\Music\eoffice2\system\CodeIgniter.php(368): CodeIgniter\CodeIgniter->tryToRouteIt(Object(CodeIgniter\Router\RouteCollection))
#3 C:\Users\admin\Music\eoffice2\system\CodeIgniter.php(326): CodeIgniter\CodeIgniter->handleRequest(NULL, Object(Config\Cache), false)
#4 C:\Users\admin\Music\eoffice2\public\index.php(37): CodeIgniter\CodeIgniter->run()
#5 C:\Users\admin\Music\eoffice2\system\Commands\Server\rewrite.php(43): require_once('C:\\Users\\admin\\...')
#6 {main}
CRITICAL - 2024-11-07 04:54:48 --> syntax error, unexpected '}', expecting end of file
#0 C:\Users\admin\Music\eoffice2\system\Router\Router.php(175): CodeIgniter\Router\Router->autoRoute('home/viewDokume...')
#1 C:\Users\admin\Music\eoffice2\system\CodeIgniter.php(726): CodeIgniter\Router\Router->handle('home/viewDokume...')
#2 C:\Users\admin\Music\eoffice2\system\CodeIgniter.php(368): CodeIgniter\CodeIgniter->tryToRouteIt(Object(CodeIgniter\Router\RouteCollection))
#3 C:\Users\admin\Music\eoffice2\system\CodeIgniter.php(326): CodeIgniter\CodeIgniter->handleRequest(NULL, Object(Config\Cache), false)
#4 C:\Users\admin\Music\eoffice2\public\index.php(37): CodeIgniter\CodeIgniter->run()
#5 C:\Users\admin\Music\eoffice2\system\Commands\Server\rewrite.php(43): require_once('C:\\Users\\admin\\...')
#6 {main}
CRITICAL - 2024-11-07 04:54:59 --> syntax error, unexpected '}', expecting end of file
#0 C:\Users\admin\Music\eoffice2\system\Router\Router.php(175): CodeIgniter\Router\Router->autoRoute('home/viewDokume...')
#1 C:\Users\admin\Music\eoffice2\system\CodeIgniter.php(726): CodeIgniter\Router\Router->handle('home/viewDokume...')
#2 C:\Users\admin\Music\eoffice2\system\CodeIgniter.php(368): CodeIgniter\CodeIgniter->tryToRouteIt(Object(CodeIgniter\Router\RouteCollection))
#3 C:\Users\admin\Music\eoffice2\system\CodeIgniter.php(326): CodeIgniter\CodeIgniter->handleRequest(NULL, Object(Config\Cache), false)
#4 C:\Users\admin\Music\eoffice2\public\index.php(37): CodeIgniter\CodeIgniter->run()
#5 C:\Users\admin\Music\eoffice2\system\Commands\Server\rewrite.php(43): require_once('C:\\Users\\admin\\...')
#6 {main}
CRITICAL - 2024-11-07 04:55:05 --> You must set the database table to be used with your query.
#0 C:\Users\admin\Music\eoffice2\system\Model.php(545): CodeIgniter\Database\BaseConnection->table(NULL)
#1 C:\Users\admin\Music\eoffice2\system\Model.php(130): CodeIgniter\Model->builder()
#2 C:\Users\admin\Music\eoffice2\system\BaseModel.php(523): CodeIgniter\Model->doFind(true, '2')
#3 C:\Users\admin\Music\eoffice2\app\Controllers\Home.php(1157): CodeIgniter\BaseModel->find('2')
#4 C:\Users\admin\Music\eoffice2\system\CodeIgniter.php(832): App\Controllers\Home->viewDokumenKesiswaan('2')
#5 C:\Users\admin\Music\eoffice2\system\CodeIgniter.php(419): CodeIgniter\CodeIgniter->runController(Object(App\Controllers\Home))
#6 C:\Users\admin\Music\eoffice2\system\CodeIgniter.php(326): CodeIgniter\CodeIgniter->handleRequest(NULL, Object(Config\Cache), false)
#7 C:\Users\admin\Music\eoffice2\public\index.php(37): CodeIgniter\CodeIgniter->run()
#8 C:\Users\admin\Music\eoffice2\system\Commands\Server\rewrite.php(43): require_once('C:\\Users\\admin\\...')
#9 {main}
CRITICAL - 2024-11-07 04:55:06 --> You must set the database table to be used with your query.
#0 C:\Users\admin\Music\eoffice2\system\Model.php(545): CodeIgniter\Database\BaseConnection->table(NULL)
#1 C:\Users\admin\Music\eoffice2\system\Model.php(130): CodeIgniter\Model->builder()
#2 C:\Users\admin\Music\eoffice2\system\BaseModel.php(523): CodeIgniter\Model->doFind(true, '2')
#3 C:\Users\admin\Music\eoffice2\app\Controllers\Home.php(1157): CodeIgniter\BaseModel->find('2')
#4 C:\Users\admin\Music\eoffice2\system\CodeIgniter.php(832): App\Controllers\Home->viewDokumenKesiswaan('2')
#5 C:\Users\admin\Music\eoffice2\system\CodeIgniter.php(419): CodeIgniter\CodeIgniter->runController(Object(App\Controllers\Home))
#6 C:\Users\admin\Music\eoffice2\system\CodeIgniter.php(326): CodeIgniter\CodeIgniter->handleRequest(NULL, Object(Config\Cache), false)
#7 C:\Users\admin\Music\eoffice2\public\index.php(37): CodeIgniter\CodeIgniter->run()
#8 C:\Users\admin\Music\eoffice2\system\Commands\Server\rewrite.php(43): require_once('C:\\Users\\admin\\...')
#9 {main}
CRITICAL - 2024-11-07 04:55:32 --> You must set the database table to be used with your query.
#0 C:\Users\admin\Music\eoffice2\system\Model.php(545): CodeIgniter\Database\BaseConnection->table(NULL)
#1 C:\Users\admin\Music\eoffice2\system\Model.php(130): CodeIgniter\Model->builder()
#2 C:\Users\admin\Music\eoffice2\system\BaseModel.php(523): CodeIgniter\Model->doFind(true, '3')
#3 C:\Users\admin\Music\eoffice2\app\Controllers\Home.php(1157): CodeIgniter\BaseModel->find('3')
#4 C:\Users\admin\Music\eoffice2\system\CodeIgniter.php(832): App\Controllers\Home->viewDokumenKesiswaan('3')
#5 C:\Users\admin\Music\eoffice2\system\CodeIgniter.php(419): CodeIgniter\CodeIgniter->runController(Object(App\Controllers\Home))
#6 C:\Users\admin\Music\eoffice2\system\CodeIgniter.php(326): CodeIgniter\CodeIgniter->handleRequest(NULL, Object(Config\Cache), false)
#7 C:\Users\admin\Music\eoffice2\public\index.php(37): CodeIgniter\CodeIgniter->run()
#8 C:\Users\admin\Music\eoffice2\system\Commands\Server\rewrite.php(43): require_once('C:\\Users\\admin\\...')
#9 {main}
CRITICAL - 2024-11-07 18:00:27 --> Surat with ID: assets not found.
#0 C:\Users\admin\Music\eoffice2\system\CodeIgniter.php(832): App\Controllers\Home->editsurat('assets', 'img', 'messages-1.jpg')
#1 C:\Users\admin\Music\eoffice2\system\CodeIgniter.php(419): CodeIgniter\CodeIgniter->runController(Object(App\Controllers\Home))
#2 C:\Users\admin\Music\eoffice2\system\CodeIgniter.php(326): CodeIgniter\CodeIgniter->handleRequest(NULL, Object(Config\Cache), false)
#3 C:\Users\admin\Music\eoffice2\public\index.php(37): CodeIgniter\CodeIgniter->run()
#4 C:\Users\admin\Music\eoffice2\system\Commands\Server\rewrite.php(43): require_once('C:\\Users\\admin\\...')
#5 {main}
CRITICAL - 2024-11-07 18:00:27 --> Surat with ID: assets not found.
#0 C:\Users\admin\Music\eoffice2\system\CodeIgniter.php(832): App\Controllers\Home->editsurat('assets', 'img', 'messages-2.jpg')
#1 C:\Users\admin\Music\eoffice2\system\CodeIgniter.php(419): CodeIgniter\CodeIgniter->runController(Object(App\Controllers\Home))
#2 C:\Users\admin\Music\eoffice2\system\CodeIgniter.php(326): CodeIgniter\CodeIgniter->handleRequest(NULL, Object(Config\Cache), false)
#3 C:\Users\admin\Music\eoffice2\public\index.php(37): CodeIgniter\CodeIgniter->run()
#4 C:\Users\admin\Music\eoffice2\system\Commands\Server\rewrite.php(43): require_once('C:\\Users\\admin\\...')
#5 {main}
CRITICAL - 2024-11-07 18:00:27 --> Surat with ID: assets not found.
#0 C:\Users\admin\Music\eoffice2\system\CodeIgniter.php(832): App\Controllers\Home->editsurat('assets', 'img', 'messages-3.jpg')
#1 C:\Users\admin\Music\eoffice2\system\CodeIgniter.php(419): CodeIgniter\CodeIgniter->runController(Object(App\Controllers\Home))
#2 C:\Users\admin\Music\eoffice2\system\CodeIgniter.php(326): CodeIgniter\CodeIgniter->handleRequest(NULL, Object(Config\Cache), false)
#3 C:\Users\admin\Music\eoffice2\public\index.php(37): CodeIgniter\CodeIgniter->run()
#4 C:\Users\admin\Music\eoffice2\system\Commands\Server\rewrite.php(43): require_once('C:\\Users\\admin\\...')
#5 {main}
CRITICAL - 2024-11-07 18:00:28 --> Surat with ID: index.html not found.
#0 C:\Users\admin\Music\eoffice2\system\CodeIgniter.php(832): App\Controllers\Home->editsurat('index.html')
#1 C:\Users\admin\Music\eoffice2\system\CodeIgniter.php(419): CodeIgniter\CodeIgniter->runController(Object(App\Controllers\Home))
#2 C:\Users\admin\Music\eoffice2\system\CodeIgniter.php(326): CodeIgniter\CodeIgniter->handleRequest(NULL, Object(Config\Cache), false)
#3 C:\Users\admin\Music\eoffice2\public\index.php(37): CodeIgniter\CodeIgniter->run()
#4 C:\Users\admin\Music\eoffice2\system\Commands\Server\rewrite.php(43): require_once('C:\\Users\\admin\\...')
#5 {main}
CRITICAL - 2024-11-07 18:00:30 --> Surat with ID: assets not found.
#0 C:\Users\admin\Music\eoffice2\system\CodeIgniter.php(832): App\Controllers\Home->editsurat('assets', 'img', 'messages-1.jpg')
#1 C:\Users\admin\Music\eoffice2\system\CodeIgniter.php(419): CodeIgniter\CodeIgniter->runController(Object(App\Controllers\Home))
#2 C:\Users\admin\Music\eoffice2\system\CodeIgniter.php(326): CodeIgniter\CodeIgniter->handleRequest(NULL, Object(Config\Cache), false)
#3 C:\Users\admin\Music\eoffice2\public\index.php(37): CodeIgniter\CodeIgniter->run()
#4 C:\Users\admin\Music\eoffice2\system\Commands\Server\rewrite.php(43): require_once('C:\\Users\\admin\\...')
#5 {main}
CRITICAL - 2024-11-07 18:00:30 --> Surat with ID: assets not found.
#0 C:\Users\admin\Music\eoffice2\system\CodeIgniter.php(832): App\Controllers\Home->editsurat('assets', 'img', 'messages-2.jpg')
#1 C:\Users\admin\Music\eoffice2\system\CodeIgniter.php(419): CodeIgniter\CodeIgniter->runController(Object(App\Controllers\Home))
#2 C:\Users\admin\Music\eoffice2\system\CodeIgniter.php(326): CodeIgniter\CodeIgniter->handleRequest(NULL, Object(Config\Cache), false)
#3 C:\Users\admin\Music\eoffice2\public\index.php(37): CodeIgniter\CodeIgniter->run()
#4 C:\Users\admin\Music\eoffice2\system\Commands\Server\rewrite.php(43): require_once('C:\\Users\\admin\\...')
#5 {main}
CRITICAL - 2024-11-07 18:00:30 --> Surat with ID: assets not found.
#0 C:\Users\admin\Music\eoffice2\system\CodeIgniter.php(832): App\Controllers\Home->editsurat('assets', 'img', 'messages-3.jpg')
#1 C:\Users\admin\Music\eoffice2\system\CodeIgniter.php(419): CodeIgniter\CodeIgniter->runController(Object(App\Controllers\Home))
#2 C:\Users\admin\Music\eoffice2\system\CodeIgniter.php(326): CodeIgniter\CodeIgniter->handleRequest(NULL, Object(Config\Cache), false)
#3 C:\Users\admin\Music\eoffice2\public\index.php(37): CodeIgniter\CodeIgniter->run()
#4 C:\Users\admin\Music\eoffice2\system\Commands\Server\rewrite.php(43): require_once('C:\\Users\\admin\\...')
#5 {main}
CRITICAL - 2024-11-07 18:02:03 --> Surat with ID: assets not found.
#0 C:\Users\admin\Music\eoffice2\system\CodeIgniter.php(832): App\Controllers\Home->editsurat('assets', 'img', 'messages-1.jpg')
#1 C:\Users\admin\Music\eoffice2\system\CodeIgniter.php(419): CodeIgniter\CodeIgniter->runController(Object(App\Controllers\Home))
#2 C:\Users\admin\Music\eoffice2\system\CodeIgniter.php(326): CodeIgniter\CodeIgniter->handleRequest(NULL, Object(Config\Cache), false)
#3 C:\Users\admin\Music\eoffice2\public\index.php(37): CodeIgniter\CodeIgniter->run()
#4 C:\Users\admin\Music\eoffice2\system\Commands\Server\rewrite.php(43): require_once('C:\\Users\\admin\\...')
#5 {main}
CRITICAL - 2024-11-07 18:02:03 --> Surat with ID: assets not found.
#0 C:\Users\admin\Music\eoffice2\system\CodeIgniter.php(832): App\Controllers\Home->editsurat('assets', 'img', 'messages-2.jpg')
#1 C:\Users\admin\Music\eoffice2\system\CodeIgniter.php(419): CodeIgniter\CodeIgniter->runController(Object(App\Controllers\Home))
#2 C:\Users\admin\Music\eoffice2\system\CodeIgniter.php(326): CodeIgniter\CodeIgniter->handleRequest(NULL, Object(Config\Cache), false)
#3 C:\Users\admin\Music\eoffice2\public\index.php(37): CodeIgniter\CodeIgniter->run()
#4 C:\Users\admin\Music\eoffice2\system\Commands\Server\rewrite.php(43): require_once('C:\\Users\\admin\\...')
#5 {main}
CRITICAL - 2024-11-07 18:02:03 --> Surat with ID: assets not found.
#0 C:\Users\admin\Music\eoffice2\system\CodeIgniter.php(832): App\Controllers\Home->editsurat('assets', 'img', 'messages-3.jpg')
#1 C:\Users\admin\Music\eoffice2\system\CodeIgniter.php(419): CodeIgniter\CodeIgniter->runController(Object(App\Controllers\Home))
#2 C:\Users\admin\Music\eoffice2\system\CodeIgniter.php(326): CodeIgniter\CodeIgniter->handleRequest(NULL, Object(Config\Cache), false)
#3 C:\Users\admin\Music\eoffice2\public\index.php(37): CodeIgniter\CodeIgniter->run()
#4 C:\Users\admin\Music\eoffice2\system\Commands\Server\rewrite.php(43): require_once('C:\\Users\\admin\\...')
#5 {main}
CRITICAL - 2024-11-07 18:02:33 --> Surat with ID: assets not found.
#0 C:\Users\admin\Music\eoffice2\system\CodeIgniter.php(832): App\Controllers\Home->editsurat('assets', 'img', 'messages-1.jpg')
#1 C:\Users\admin\Music\eoffice2\system\CodeIgniter.php(419): CodeIgniter\CodeIgniter->runController(Object(App\Controllers\Home))
#2 C:\Users\admin\Music\eoffice2\system\CodeIgniter.php(326): CodeIgniter\CodeIgniter->handleRequest(NULL, Object(Config\Cache), false)
#3 C:\Users\admin\Music\eoffice2\public\index.php(37): CodeIgniter\CodeIgniter->run()
#4 C:\Users\admin\Music\eoffice2\system\Commands\Server\rewrite.php(43): require_once('C:\\Users\\admin\\...')
#5 {main}
CRITICAL - 2024-11-07 18:02:33 --> Surat with ID: assets not found.
#0 C:\Users\admin\Music\eoffice2\system\CodeIgniter.php(832): App\Controllers\Home->editsurat('assets', 'img', 'messages-2.jpg')
#1 C:\Users\admin\Music\eoffice2\system\CodeIgniter.php(419): CodeIgniter\CodeIgniter->runController(Object(App\Controllers\Home))
#2 C:\Users\admin\Music\eoffice2\system\CodeIgniter.php(326): CodeIgniter\CodeIgniter->handleRequest(NULL, Object(Config\Cache), false)
#3 C:\Users\admin\Music\eoffice2\public\index.php(37): CodeIgniter\CodeIgniter->run()
#4 C:\Users\admin\Music\eoffice2\system\Commands\Server\rewrite.php(43): require_once('C:\\Users\\admin\\...')
#5 {main}
CRITICAL - 2024-11-07 18:02:33 --> Surat with ID: assets not found.
#0 C:\Users\admin\Music\eoffice2\system\CodeIgniter.php(832): App\Controllers\Home->editsurat('assets', 'img', 'messages-3.jpg')
#1 C:\Users\admin\Music\eoffice2\system\CodeIgniter.php(419): CodeIgniter\CodeIgniter->runController(Object(App\Controllers\Home))
#2 C:\Users\admin\Music\eoffice2\system\CodeIgniter.php(326): CodeIgniter\CodeIgniter->handleRequest(NULL, Object(Config\Cache), false)
#3 C:\Users\admin\Music\eoffice2\public\index.php(37): CodeIgniter\CodeIgniter->run()
#4 C:\Users\admin\Music\eoffice2\system\Commands\Server\rewrite.php(43): require_once('C:\\Users\\admin\\...')
#5 {main}
CRITICAL - 2024-11-07 18:02:51 --> Surat with ID: assets not found.
#0 C:\Users\admin\Music\eoffice2\system\CodeIgniter.php(832): App\Controllers\Home->editsurat('assets', 'img', 'messages-1.jpg')
#1 C:\Users\admin\Music\eoffice2\system\CodeIgniter.php(419): CodeIgniter\CodeIgniter->runController(Object(App\Controllers\Home))
#2 C:\Users\admin\Music\eoffice2\system\CodeIgniter.php(326): CodeIgniter\CodeIgniter->handleRequest(NULL, Object(Config\Cache), false)
#3 C:\Users\admin\Music\eoffice2\public\index.php(37): CodeIgniter\CodeIgniter->run()
#4 C:\Users\admin\Music\eoffice2\system\Commands\Server\rewrite.php(43): require_once('C:\\Users\\admin\\...')
#5 {main}
CRITICAL - 2024-11-07 18:02:51 --> Surat with ID: assets not found.
#0 C:\Users\admin\Music\eoffice2\system\CodeIgniter.php(832): App\Controllers\Home->editsurat('assets', 'img', 'messages-2.jpg')
#1 C:\Users\admin\Music\eoffice2\system\CodeIgniter.php(419): CodeIgniter\CodeIgniter->runController(Object(App\Controllers\Home))
#2 C:\Users\admin\Music\eoffice2\system\CodeIgniter.php(326): CodeIgniter\CodeIgniter->handleRequest(NULL, Object(Config\Cache), false)
#3 C:\Users\admin\Music\eoffice2\public\index.php(37): CodeIgniter\CodeIgniter->run()
#4 C:\Users\admin\Music\eoffice2\system\Commands\Server\rewrite.php(43): require_once('C:\\Users\\admin\\...')
#5 {main}
CRITICAL - 2024-11-07 18:02:51 --> Surat with ID: assets not found.
#0 C:\Users\admin\Music\eoffice2\system\CodeIgniter.php(832): App\Controllers\Home->editsurat('assets', 'img', 'messages-3.jpg')
#1 C:\Users\admin\Music\eoffice2\system\CodeIgniter.php(419): CodeIgniter\CodeIgniter->runController(Object(App\Controllers\Home))
#2 C:\Users\admin\Music\eoffice2\system\CodeIgniter.php(326): CodeIgniter\CodeIgniter->handleRequest(NULL, Object(Config\Cache), false)
#3 C:\Users\admin\Music\eoffice2\public\index.php(37): CodeIgniter\CodeIgniter->run()
#4 C:\Users\admin\Music\eoffice2\system\Commands\Server\rewrite.php(43): require_once('C:\\Users\\admin\\...')
#5 {main}
CRITICAL - 2024-11-07 18:05:45 --> Surat with ID: assets not found.
#0 C:\Users\admin\Music\eoffice2\system\CodeIgniter.php(832): App\Controllers\Home->editsurat('assets', 'img', 'messages-1.jpg')
#1 C:\Users\admin\Music\eoffice2\system\CodeIgniter.php(419): CodeIgniter\CodeIgniter->runController(Object(App\Controllers\Home))
#2 C:\Users\admin\Music\eoffice2\system\CodeIgniter.php(326): CodeIgniter\CodeIgniter->handleRequest(NULL, Object(Config\Cache), false)
#3 C:\Users\admin\Music\eoffice2\public\index.php(37): CodeIgniter\CodeIgniter->run()
#4 C:\Users\admin\Music\eoffice2\system\Commands\Server\rewrite.php(43): require_once('C:\\Users\\admin\\...')
#5 {main}
CRITICAL - 2024-11-07 18:05:45 --> Surat with ID: assets not found.
#0 C:\Users\admin\Music\eoffice2\system\CodeIgniter.php(832): App\Controllers\Home->editsurat('assets', 'img', 'messages-2.jpg')
#1 C:\Users\admin\Music\eoffice2\system\CodeIgniter.php(419): CodeIgniter\CodeIgniter->runController(Object(App\Controllers\Home))
#2 C:\Users\admin\Music\eoffice2\system\CodeIgniter.php(326): CodeIgniter\CodeIgniter->handleRequest(NULL, Object(Config\Cache), false)
#3 C:\Users\admin\Music\eoffice2\public\index.php(37): CodeIgniter\CodeIgniter->run()
#4 C:\Users\admin\Music\eoffice2\system\Commands\Server\rewrite.php(43): require_once('C:\\Users\\admin\\...')
#5 {main}
CRITICAL - 2024-11-07 18:05:46 --> Surat with ID: assets not found.
#0 C:\Users\admin\Music\eoffice2\system\CodeIgniter.php(832): App\Controllers\Home->editsurat('assets', 'img', 'messages-3.jpg')
#1 C:\Users\admin\Music\eoffice2\system\CodeIgniter.php(419): CodeIgniter\CodeIgniter->runController(Object(App\Controllers\Home))
#2 C:\Users\admin\Music\eoffice2\system\CodeIgniter.php(326): CodeIgniter\CodeIgniter->handleRequest(NULL, Object(Config\Cache), false)
#3 C:\Users\admin\Music\eoffice2\public\index.php(37): CodeIgniter\CodeIgniter->run()
#4 C:\Users\admin\Music\eoffice2\system\Commands\Server\rewrite.php(43): require_once('C:\\Users\\admin\\...')
#5 {main}
CRITICAL - 2024-11-07 18:05:51 --> Surat with ID: assets not found.
#0 C:\Users\admin\Music\eoffice2\system\CodeIgniter.php(832): App\Controllers\Home->editsurat('assets', 'img', 'messages-1.jpg')
#1 C:\Users\admin\Music\eoffice2\system\CodeIgniter.php(419): CodeIgniter\CodeIgniter->runController(Object(App\Controllers\Home))
#2 C:\Users\admin\Music\eoffice2\system\CodeIgniter.php(326): CodeIgniter\CodeIgniter->handleRequest(NULL, Object(Config\Cache), false)
#3 C:\Users\admin\Music\eoffice2\public\index.php(37): CodeIgniter\CodeIgniter->run()
#4 C:\Users\admin\Music\eoffice2\system\Commands\Server\rewrite.php(43): require_once('C:\\Users\\admin\\...')
#5 {main}
CRITICAL - 2024-11-07 18:05:51 --> Surat with ID: assets not found.
#0 C:\Users\admin\Music\eoffice2\system\CodeIgniter.php(832): App\Controllers\Home->editsurat('assets', 'img', 'messages-2.jpg')
#1 C:\Users\admin\Music\eoffice2\system\CodeIgniter.php(419): CodeIgniter\CodeIgniter->runController(Object(App\Controllers\Home))
#2 C:\Users\admin\Music\eoffice2\system\CodeIgniter.php(326): CodeIgniter\CodeIgniter->handleRequest(NULL, Object(Config\Cache), false)
#3 C:\Users\admin\Music\eoffice2\public\index.php(37): CodeIgniter\CodeIgniter->run()
#4 C:\Users\admin\Music\eoffice2\system\Commands\Server\rewrite.php(43): require_once('C:\\Users\\admin\\...')
#5 {main}
CRITICAL - 2024-11-07 18:05:51 --> Surat with ID: assets not found.
#0 C:\Users\admin\Music\eoffice2\system\CodeIgniter.php(832): App\Controllers\Home->editsurat('assets', 'img', 'messages-3.jpg')
#1 C:\Users\admin\Music\eoffice2\system\CodeIgniter.php(419): CodeIgniter\CodeIgniter->runController(Object(App\Controllers\Home))
#2 C:\Users\admin\Music\eoffice2\system\CodeIgniter.php(326): CodeIgniter\CodeIgniter->handleRequest(NULL, Object(Config\Cache), false)
#3 C:\Users\admin\Music\eoffice2\public\index.php(37): CodeIgniter\CodeIgniter->run()
#4 C:\Users\admin\Music\eoffice2\system\Commands\Server\rewrite.php(43): require_once('C:\\Users\\admin\\...')
#5 {main}
CRITICAL - 2024-11-07 18:08:31 --> Surat with ID: assets not found.
#0 C:\Users\admin\Music\eoffice2\system\CodeIgniter.php(832): App\Controllers\Home->editsurat('assets', 'img', 'messages-1.jpg')
#1 C:\Users\admin\Music\eoffice2\system\CodeIgniter.php(419): CodeIgniter\CodeIgniter->runController(Object(App\Controllers\Home))
#2 C:\Users\admin\Music\eoffice2\system\CodeIgniter.php(326): CodeIgniter\CodeIgniter->handleRequest(NULL, Object(Config\Cache), false)
#3 C:\Users\admin\Music\eoffice2\public\index.php(37): CodeIgniter\CodeIgniter->run()
#4 C:\Users\admin\Music\eoffice2\system\Commands\Server\rewrite.php(43): require_once('C:\\Users\\admin\\...')
#5 {main}
CRITICAL - 2024-11-07 18:08:31 --> Surat with ID: assets not found.
#0 C:\Users\admin\Music\eoffice2\system\CodeIgniter.php(832): App\Controllers\Home->editsurat('assets', 'img', 'messages-2.jpg')
#1 C:\Users\admin\Music\eoffice2\system\CodeIgniter.php(419): CodeIgniter\CodeIgniter->runController(Object(App\Controllers\Home))
#2 C:\Users\admin\Music\eoffice2\system\CodeIgniter.php(326): CodeIgniter\CodeIgniter->handleRequest(NULL, Object(Config\Cache), false)
#3 C:\Users\admin\Music\eoffice2\public\index.php(37): CodeIgniter\CodeIgniter->run()
#4 C:\Users\admin\Music\eoffice2\system\Commands\Server\rewrite.php(43): require_once('C:\\Users\\admin\\...')
#5 {main}
CRITICAL - 2024-11-07 18:08:31 --> Surat with ID: assets not found.
#0 C:\Users\admin\Music\eoffice2\system\CodeIgniter.php(832): App\Controllers\Home->editsurat('assets', 'img', 'messages-3.jpg')
#1 C:\Users\admin\Music\eoffice2\system\CodeIgniter.php(419): CodeIgniter\CodeIgniter->runController(Object(App\Controllers\Home))
#2 C:\Users\admin\Music\eoffice2\system\CodeIgniter.php(326): CodeIgniter\CodeIgniter->handleRequest(NULL, Object(Config\Cache), false)
#3 C:\Users\admin\Music\eoffice2\public\index.php(37): CodeIgniter\CodeIgniter->run()
#4 C:\Users\admin\Music\eoffice2\system\Commands\Server\rewrite.php(43): require_once('C:\\Users\\admin\\...')
#5 {main}
CRITICAL - 2024-11-07 18:09:34 --> Surat with ID: assets not found.
#0 C:\Users\admin\Music\eoffice2\system\CodeIgniter.php(832): App\Controllers\Home->editsurat('assets', 'img', 'messages-1.jpg')
#1 C:\Users\admin\Music\eoffice2\system\CodeIgniter.php(419): CodeIgniter\CodeIgniter->runController(Object(App\Controllers\Home))
#2 C:\Users\admin\Music\eoffice2\system\CodeIgniter.php(326): CodeIgniter\CodeIgniter->handleRequest(NULL, Object(Config\Cache), false)
#3 C:\Users\admin\Music\eoffice2\public\index.php(37): CodeIgniter\CodeIgniter->run()
#4 C:\Users\admin\Music\eoffice2\system\Commands\Server\rewrite.php(43): require_once('C:\\Users\\admin\\...')
#5 {main}
CRITICAL - 2024-11-07 18:09:34 --> Surat with ID: assets not found.
#0 C:\Users\admin\Music\eoffice2\system\CodeIgniter.php(832): App\Controllers\Home->editsurat('assets', 'img', 'messages-2.jpg')
#1 C:\Users\admin\Music\eoffice2\system\CodeIgniter.php(419): CodeIgniter\CodeIgniter->runController(Object(App\Controllers\Home))
#2 C:\Users\admin\Music\eoffice2\system\CodeIgniter.php(326): CodeIgniter\CodeIgniter->handleRequest(NULL, Object(Config\Cache), false)
#3 C:\Users\admin\Music\eoffice2\public\index.php(37): CodeIgniter\CodeIgniter->run()
#4 C:\Users\admin\Music\eoffice2\system\Commands\Server\rewrite.php(43): require_once('C:\\Users\\admin\\...')
#5 {main}
CRITICAL - 2024-11-07 18:09:35 --> Surat with ID: assets not found.
#0 C:\Users\admin\Music\eoffice2\system\CodeIgniter.php(832): App\Controllers\Home->editsurat('assets', 'img', 'messages-3.jpg')
#1 C:\Users\admin\Music\eoffice2\system\CodeIgniter.php(419): CodeIgniter\CodeIgniter->runController(Object(App\Controllers\Home))
#2 C:\Users\admin\Music\eoffice2\system\CodeIgniter.php(326): CodeIgniter\CodeIgniter->handleRequest(NULL, Object(Config\Cache), false)
#3 C:\Users\admin\Music\eoffice2\public\index.php(37): CodeIgniter\CodeIgniter->run()
#4 C:\Users\admin\Music\eoffice2\system\Commands\Server\rewrite.php(43): require_once('C:\\Users\\admin\\...')
#5 {main}
CRITICAL - 2024-11-07 18:14:19 --> Surat with ID: assets not found.
#0 C:\Users\admin\Music\eoffice2\system\CodeIgniter.php(832): App\Controllers\Home->editsurat('assets', 'img', 'messages-1.jpg')
#1 C:\Users\admin\Music\eoffice2\system\CodeIgniter.php(419): CodeIgniter\CodeIgniter->runController(Object(App\Controllers\Home))
#2 C:\Users\admin\Music\eoffice2\system\CodeIgniter.php(326): CodeIgniter\CodeIgniter->handleRequest(NULL, Object(Config\Cache), false)
#3 C:\Users\admin\Music\eoffice2\public\index.php(37): CodeIgniter\CodeIgniter->run()
#4 C:\Users\admin\Music\eoffice2\system\Commands\Server\rewrite.php(43): require_once('C:\\Users\\admin\\...')
#5 {main}
CRITICAL - 2024-11-07 18:14:19 --> Surat with ID: assets not found.
#0 C:\Users\admin\Music\eoffice2\system\CodeIgniter.php(832): App\Controllers\Home->editsurat('assets', 'img', 'messages-2.jpg')
#1 C:\Users\admin\Music\eoffice2\system\CodeIgniter.php(419): CodeIgniter\CodeIgniter->runController(Object(App\Controllers\Home))
#2 C:\Users\admin\Music\eoffice2\system\CodeIgniter.php(326): CodeIgniter\CodeIgniter->handleRequest(NULL, Object(Config\Cache), false)
#3 C:\Users\admin\Music\eoffice2\public\index.php(37): CodeIgniter\CodeIgniter->run()
#4 C:\Users\admin\Music\eoffice2\system\Commands\Server\rewrite.php(43): require_once('C:\\Users\\admin\\...')
#5 {main}
CRITICAL - 2024-11-07 18:14:19 --> Surat with ID: assets not found.
#0 C:\Users\admin\Music\eoffice2\system\CodeIgniter.php(832): App\Controllers\Home->editsurat('assets', 'img', 'messages-3.jpg')
#1 C:\Users\admin\Music\eoffice2\system\CodeIgniter.php(419): CodeIgniter\CodeIgniter->runController(Object(App\Controllers\Home))
#2 C:\Users\admin\Music\eoffice2\system\CodeIgniter.php(326): CodeIgniter\CodeIgniter->handleRequest(NULL, Object(Config\Cache), false)
#3 C:\Users\admin\Music\eoffice2\public\index.php(37): CodeIgniter\CodeIgniter->run()
#4 C:\Users\admin\Music\eoffice2\system\Commands\Server\rewrite.php(43): require_once('C:\\Users\\admin\\...')
#5 {main}
CRITICAL - 2024-11-07 18:14:21 --> Surat with ID: assets not found.
#0 C:\Users\admin\Music\eoffice2\system\CodeIgniter.php(832): App\Controllers\Home->editsurat('assets', 'img', 'messages-1.jpg')
#1 C:\Users\admin\Music\eoffice2\system\CodeIgniter.php(419): CodeIgniter\CodeIgniter->runController(Object(App\Controllers\Home))
#2 C:\Users\admin\Music\eoffice2\system\CodeIgniter.php(326): CodeIgniter\CodeIgniter->handleRequest(NULL, Object(Config\Cache), false)
#3 C:\Users\admin\Music\eoffice2\public\index.php(37): CodeIgniter\CodeIgniter->run()
#4 C:\Users\admin\Music\eoffice2\system\Commands\Server\rewrite.php(43): require_once('C:\\Users\\admin\\...')
#5 {main}
CRITICAL - 2024-11-07 18:14:21 --> Surat with ID: assets not found.
#0 C:\Users\admin\Music\eoffice2\system\CodeIgniter.php(832): App\Controllers\Home->editsurat('assets', 'img', 'messages-2.jpg')
#1 C:\Users\admin\Music\eoffice2\system\CodeIgniter.php(419): CodeIgniter\CodeIgniter->runController(Object(App\Controllers\Home))
#2 C:\Users\admin\Music\eoffice2\system\CodeIgniter.php(326): CodeIgniter\CodeIgniter->handleRequest(NULL, Object(Config\Cache), false)
#3 C:\Users\admin\Music\eoffice2\public\index.php(37): CodeIgniter\CodeIgniter->run()
#4 C:\Users\admin\Music\eoffice2\system\Commands\Server\rewrite.php(43): require_once('C:\\Users\\admin\\...')
#5 {main}
CRITICAL - 2024-11-07 18:14:21 --> Surat with ID: assets not found.
#0 C:\Users\admin\Music\eoffice2\system\CodeIgniter.php(832): App\Controllers\Home->editsurat('assets', 'img', 'messages-3.jpg')
#1 C:\Users\admin\Music\eoffice2\system\CodeIgniter.php(419): CodeIgniter\CodeIgniter->runController(Object(App\Controllers\Home))
#2 C:\Users\admin\Music\eoffice2\system\CodeIgniter.php(326): CodeIgniter\CodeIgniter->handleRequest(NULL, Object(Config\Cache), false)
#3 C:\Users\admin\Music\eoffice2\public\index.php(37): CodeIgniter\CodeIgniter->run()
#4 C:\Users\admin\Music\eoffice2\system\Commands\Server\rewrite.php(43): require_once('C:\\Users\\admin\\...')
#5 {main}
CRITICAL - 2024-11-07 18:14:52 --> Surat with ID: assets not found.
#0 C:\Users\admin\Music\eoffice2\system\CodeIgniter.php(832): App\Controllers\Home->editsurat('assets', 'img', 'messages-1.jpg')
#1 C:\Users\admin\Music\eoffice2\system\CodeIgniter.php(419): CodeIgniter\CodeIgniter->runController(Object(App\Controllers\Home))
#2 C:\Users\admin\Music\eoffice2\system\CodeIgniter.php(326): CodeIgniter\CodeIgniter->handleRequest(NULL, Object(Config\Cache), false)
#3 C:\Users\admin\Music\eoffice2\public\index.php(37): CodeIgniter\CodeIgniter->run()
#4 C:\Users\admin\Music\eoffice2\system\Commands\Server\rewrite.php(43): require_once('C:\\Users\\admin\\...')
#5 {main}
CRITICAL - 2024-11-07 18:14:52 --> Surat with ID: assets not found.
#0 C:\Users\admin\Music\eoffice2\system\CodeIgniter.php(832): App\Controllers\Home->editsurat('assets', 'img', 'messages-2.jpg')
#1 C:\Users\admin\Music\eoffice2\system\CodeIgniter.php(419): CodeIgniter\CodeIgniter->runController(Object(App\Controllers\Home))
#2 C:\Users\admin\Music\eoffice2\system\CodeIgniter.php(326): CodeIgniter\CodeIgniter->handleRequest(NULL, Object(Config\Cache), false)
#3 C:\Users\admin\Music\eoffice2\public\index.php(37): CodeIgniter\CodeIgniter->run()
#4 C:\Users\admin\Music\eoffice2\system\Commands\Server\rewrite.php(43): require_once('C:\\Users\\admin\\...')
#5 {main}
CRITICAL - 2024-11-07 18:14:52 --> Surat with ID: assets not found.
#0 C:\Users\admin\Music\eoffice2\system\CodeIgniter.php(832): App\Controllers\Home->editsurat('assets', 'img', 'messages-3.jpg')
#1 C:\Users\admin\Music\eoffice2\system\CodeIgniter.php(419): CodeIgniter\CodeIgniter->runController(Object(App\Controllers\Home))
#2 C:\Users\admin\Music\eoffice2\system\CodeIgniter.php(326): CodeIgniter\CodeIgniter->handleRequest(NULL, Object(Config\Cache), false)
#3 C:\Users\admin\Music\eoffice2\public\index.php(37): CodeIgniter\CodeIgniter->run()
#4 C:\Users\admin\Music\eoffice2\system\Commands\Server\rewrite.php(43): require_once('C:\\Users\\admin\\...')
#5 {main}
CRITICAL - 2024-11-07 18:20:09 --> Surat with ID: assets not found.
#0 C:\Users\admin\Music\eoffice2\system\CodeIgniter.php(832): App\Controllers\Home->editsurat('assets', 'img', 'messages-1.jpg')
#1 C:\Users\admin\Music\eoffice2\system\CodeIgniter.php(419): CodeIgniter\CodeIgniter->runController(Object(App\Controllers\Home))
#2 C:\Users\admin\Music\eoffice2\system\CodeIgniter.php(326): CodeIgniter\CodeIgniter->handleRequest(NULL, Object(Config\Cache), false)
#3 C:\Users\admin\Music\eoffice2\public\index.php(37): CodeIgniter\CodeIgniter->run()
#4 C:\Users\admin\Music\eoffice2\system\Commands\Server\rewrite.php(43): require_once('C:\\Users\\admin\\...')
#5 {main}
CRITICAL - 2024-11-07 18:20:09 --> Surat with ID: assets not found.
#0 C:\Users\admin\Music\eoffice2\system\CodeIgniter.php(832): App\Controllers\Home->editsurat('assets', 'img', 'messages-2.jpg')
#1 C:\Users\admin\Music\eoffice2\system\CodeIgniter.php(419): CodeIgniter\CodeIgniter->runController(Object(App\Controllers\Home))
#2 C:\Users\admin\Music\eoffice2\system\CodeIgniter.php(326): CodeIgniter\CodeIgniter->handleRequest(NULL, Object(Config\Cache), false)
#3 C:\Users\admin\Music\eoffice2\public\index.php(37): CodeIgniter\CodeIgniter->run()
#4 C:\Users\admin\Music\eoffice2\system\Commands\Server\rewrite.php(43): require_once('C:\\Users\\admin\\...')
#5 {main}
CRITICAL - 2024-11-07 18:20:10 --> Surat with ID: assets not found.
#0 C:\Users\admin\Music\eoffice2\system\CodeIgniter.php(832): App\Controllers\Home->editsurat('assets', 'img', 'messages-3.jpg')
#1 C:\Users\admin\Music\eoffice2\system\CodeIgniter.php(419): CodeIgniter\CodeIgniter->runController(Object(App\Controllers\Home))
#2 C:\Users\admin\Music\eoffice2\system\CodeIgniter.php(326): CodeIgniter\CodeIgniter->handleRequest(NULL, Object(Config\Cache), false)
#3 C:\Users\admin\Music\eoffice2\public\index.php(37): CodeIgniter\CodeIgniter->run()
#4 C:\Users\admin\Music\eoffice2\system\Commands\Server\rewrite.php(43): require_once('C:\\Users\\admin\\...')
#5 {main}
CRITICAL - 2024-11-07 18:25:17 --> Cannot redeclare App\Controllers\Home::viewDokumenKesiswaan()
#0 [internal function]: CodeIgniter\Debug\Exceptions->shutdownHandler()
#1 {main}
CRITICAL - 2024-11-07 18:27:10 --> Call to a member function getDokumenById() on null
#0 C:\Users\admin\Music\eoffice2\system\CodeIgniter.php(832): App\Controllers\Home->detailDokumenKesiswaan('2')
#1 C:\Users\admin\Music\eoffice2\system\CodeIgniter.php(419): CodeIgniter\CodeIgniter->runController(Object(App\Controllers\Home))
#2 C:\Users\admin\Music\eoffice2\system\CodeIgniter.php(326): CodeIgniter\CodeIgniter->handleRequest(NULL, Object(Config\Cache), false)
#3 C:\Users\admin\Music\eoffice2\public\index.php(37): CodeIgniter\CodeIgniter->run()
#4 C:\Users\admin\Music\eoffice2\system\Commands\Server\rewrite.php(43): require_once('C:\\Users\\admin\\...')
#5 {main}
CRITICAL - 2024-11-07 18:27:21 --> Call to a member function getDokumenById() on null
#0 C:\Users\admin\Music\eoffice2\system\CodeIgniter.php(832): App\Controllers\Home->detailDokumenKesiswaan('2')
#1 C:\Users\admin\Music\eoffice2\system\CodeIgniter.php(419): CodeIgniter\CodeIgniter->runController(Object(App\Controllers\Home))
#2 C:\Users\admin\Music\eoffice2\system\CodeIgniter.php(326): CodeIgniter\CodeIgniter->handleRequest(NULL, Object(Config\Cache), false)
#3 C:\Users\admin\Music\eoffice2\public\index.php(37): CodeIgniter\CodeIgniter->run()
#4 C:\Users\admin\Music\eoffice2\system\Commands\Server\rewrite.php(43): require_once('C:\\Users\\admin\\...')
#5 {main}
CRITICAL - 2024-11-07 18:28:33 --> Cannot redeclare App\Controllers\Home::__construct()
#0 [internal function]: CodeIgniter\Debug\Exceptions->shutdownHandler()
#1 {main}
CRITICAL - 2024-11-07 18:29:42 --> Class 'App\Controllers\DokumenModel' not found
#0 C:\Users\admin\Music\eoffice2\system\CodeIgniter.php(809): App\Controllers\Home->__construct()
#1 C:\Users\admin\Music\eoffice2\system\CodeIgniter.php(410): CodeIgniter\CodeIgniter->createController()
#2 C:\Users\admin\Music\eoffice2\system\CodeIgniter.php(326): CodeIgniter\CodeIgniter->handleRequest(NULL, Object(Config\Cache), false)
#3 C:\Users\admin\Music\eoffice2\public\index.php(37): CodeIgniter\CodeIgniter->run()
#4 C:\Users\admin\Music\eoffice2\system\Commands\Server\rewrite.php(43): require_once('C:\\Users\\admin\\...')
#5 {main}
CRITICAL - 2024-11-07 18:29:43 --> Class 'App\Controllers\DokumenModel' not found
#0 C:\Users\admin\Music\eoffice2\system\CodeIgniter.php(809): App\Controllers\Home->__construct()
#1 C:\Users\admin\Music\eoffice2\system\CodeIgniter.php(410): CodeIgniter\CodeIgniter->createController()
#2 C:\Users\admin\Music\eoffice2\system\CodeIgniter.php(326): CodeIgniter\CodeIgniter->handleRequest(NULL, Object(Config\Cache), false)
#3 C:\Users\admin\Music\eoffice2\public\index.php(37): CodeIgniter\CodeIgniter->run()
#4 C:\Users\admin\Music\eoffice2\system\Commands\Server\rewrite.php(43): require_once('C:\\Users\\admin\\...')
#5 {main}
CRITICAL - 2024-11-07 18:30:47 --> Class 'App\Controllers\DokumenModel' not found
#0 C:\Users\admin\Music\eoffice2\system\CodeIgniter.php(809): App\Controllers\Home->__construct()
#1 C:\Users\admin\Music\eoffice2\system\CodeIgniter.php(410): CodeIgniter\CodeIgniter->createController()
#2 C:\Users\admin\Music\eoffice2\system\CodeIgniter.php(326): CodeIgniter\CodeIgniter->handleRequest(NULL, Object(Config\Cache), false)
#3 C:\Users\admin\Music\eoffice2\public\index.php(37): CodeIgniter\CodeIgniter->run()
#4 C:\Users\admin\Music\eoffice2\system\Commands\Server\rewrite.php(43): require_once('C:\\Users\\admin\\...')
#5 {main}
CRITICAL - 2024-11-07 18:31:04 --> Class 'App\Controllers\DokumenModel' not found
#0 C:\Users\admin\Music\eoffice2\system\CodeIgniter.php(809): App\Controllers\Home->__construct()
#1 C:\Users\admin\Music\eoffice2\system\CodeIgniter.php(410): CodeIgniter\CodeIgniter->createController()
#2 C:\Users\admin\Music\eoffice2\system\CodeIgniter.php(326): CodeIgniter\CodeIgniter->handleRequest(NULL, Object(Config\Cache), false)
#3 C:\Users\admin\Music\eoffice2\public\index.php(37): CodeIgniter\CodeIgniter->run()
#4 C:\Users\admin\Music\eoffice2\system\Commands\Server\rewrite.php(43): require_once('C:\\Users\\admin\\...')
#5 {main}
CRITICAL - 2024-11-07 18:31:40 --> Surat with ID: assets not found.
#0 C:\Users\admin\Music\eoffice2\system\CodeIgniter.php(832): App\Controllers\Home->editsurat('assets', 'img', 'messages-1.jpg')
#1 C:\Users\admin\Music\eoffice2\system\CodeIgniter.php(419): CodeIgniter\CodeIgniter->runController(Object(App\Controllers\Home))
#2 C:\Users\admin\Music\eoffice2\system\CodeIgniter.php(326): CodeIgniter\CodeIgniter->handleRequest(NULL, Object(Config\Cache), false)
#3 C:\Users\admin\Music\eoffice2\public\index.php(37): CodeIgniter\CodeIgniter->run()
#4 C:\Users\admin\Music\eoffice2\system\Commands\Server\rewrite.php(43): require_once('C:\\Users\\admin\\...')
#5 {main}
CRITICAL - 2024-11-07 18:31:40 --> Surat with ID: assets not found.
#0 C:\Users\admin\Music\eoffice2\system\CodeIgniter.php(832): App\Controllers\Home->editsurat('assets', 'img', 'messages-2.jpg')
#1 C:\Users\admin\Music\eoffice2\system\CodeIgniter.php(419): CodeIgniter\CodeIgniter->runController(Object(App\Controllers\Home))
#2 C:\Users\admin\Music\eoffice2\system\CodeIgniter.php(326): CodeIgniter\CodeIgniter->handleRequest(NULL, Object(Config\Cache), false)
#3 C:\Users\admin\Music\eoffice2\public\index.php(37): CodeIgniter\CodeIgniter->run()
#4 C:\Users\admin\Music\eoffice2\system\Commands\Server\rewrite.php(43): require_once('C:\\Users\\admin\\...')
#5 {main}
CRITICAL - 2024-11-07 18:31:40 --> Surat with ID: assets not found.
#0 C:\Users\admin\Music\eoffice2\system\CodeIgniter.php(832): App\Controllers\Home->editsurat('assets', 'img', 'messages-3.jpg')
#1 C:\Users\admin\Music\eoffice2\system\CodeIgniter.php(419): CodeIgniter\CodeIgniter->runController(Object(App\Controllers\Home))
#2 C:\Users\admin\Music\eoffice2\system\CodeIgniter.php(326): CodeIgniter\CodeIgniter->handleRequest(NULL, Object(Config\Cache), false)
#3 C:\Users\admin\Music\eoffice2\public\index.php(37): CodeIgniter\CodeIgniter->run()
#4 C:\Users\admin\Music\eoffice2\system\Commands\Server\rewrite.php(43): require_once('C:\\Users\\admin\\...')
#5 {main}
CRITICAL - 2024-11-07 18:31:49 --> Surat with ID: assets not found.
#0 C:\Users\admin\Music\eoffice2\system\CodeIgniter.php(832): App\Controllers\Home->editsurat('assets', 'img', 'messages-1.jpg')
#1 C:\Users\admin\Music\eoffice2\system\CodeIgniter.php(419): CodeIgniter\CodeIgniter->runController(Object(App\Controllers\Home))
#2 C:\Users\admin\Music\eoffice2\system\CodeIgniter.php(326): CodeIgniter\CodeIgniter->handleRequest(NULL, Object(Config\Cache), false)
#3 C:\Users\admin\Music\eoffice2\public\index.php(37): CodeIgniter\CodeIgniter->run()
#4 C:\Users\admin\Music\eoffice2\system\Commands\Server\rewrite.php(43): require_once('C:\\Users\\admin\\...')
#5 {main}
CRITICAL - 2024-11-07 18:31:49 --> Surat with ID: assets not found.
#0 C:\Users\admin\Music\eoffice2\system\CodeIgniter.php(832): App\Controllers\Home->editsurat('assets', 'img', 'messages-2.jpg')
#1 C:\Users\admin\Music\eoffice2\system\CodeIgniter.php(419): CodeIgniter\CodeIgniter->runController(Object(App\Controllers\Home))
#2 C:\Users\admin\Music\eoffice2\system\CodeIgniter.php(326): CodeIgniter\CodeIgniter->handleRequest(NULL, Object(Config\Cache), false)
#3 C:\Users\admin\Music\eoffice2\public\index.php(37): CodeIgniter\CodeIgniter->run()
#4 C:\Users\admin\Music\eoffice2\system\Commands\Server\rewrite.php(43): require_once('C:\\Users\\admin\\...')
#5 {main}
CRITICAL - 2024-11-07 18:31:49 --> Surat with ID: assets not found.
#0 C:\Users\admin\Music\eoffice2\system\CodeIgniter.php(832): App\Controllers\Home->editsurat('assets', 'img', 'messages-3.jpg')
#1 C:\Users\admin\Music\eoffice2\system\CodeIgniter.php(419): CodeIgniter\CodeIgniter->runController(Object(App\Controllers\Home))
#2 C:\Users\admin\Music\eoffice2\system\CodeIgniter.php(326): CodeIgniter\CodeIgniter->handleRequest(NULL, Object(Config\Cache), false)
#3 C:\Users\admin\Music\eoffice2\public\index.php(37): CodeIgniter\CodeIgniter->run()
#4 C:\Users\admin\Music\eoffice2\system\Commands\Server\rewrite.php(43): require_once('C:\\Users\\admin\\...')
#5 {main}
CRITICAL - 2024-11-07 18:42:24 --> Surat with ID: assets not found.
#0 C:\Users\admin\Music\eoffice2\system\CodeIgniter.php(832): App\Controllers\Home->editsurat('assets', 'img', 'messages-1.jpg')
#1 C:\Users\admin\Music\eoffice2\system\CodeIgniter.php(419): CodeIgniter\CodeIgniter->runController(Object(App\Controllers\Home))
#2 C:\Users\admin\Music\eoffice2\system\CodeIgniter.php(326): CodeIgniter\CodeIgniter->handleRequest(NULL, Object(Config\Cache), false)
#3 C:\Users\admin\Music\eoffice2\public\index.php(37): CodeIgniter\CodeIgniter->run()
#4 C:\Users\admin\Music\eoffice2\system\Commands\Server\rewrite.php(43): require_once('C:\\Users\\admin\\...')
#5 {main}
CRITICAL - 2024-11-07 18:42:24 --> Surat with ID: assets not found.
#0 C:\Users\admin\Music\eoffice2\system\CodeIgniter.php(832): App\Controllers\Home->editsurat('assets', 'img', 'messages-2.jpg')
#1 C:\Users\admin\Music\eoffice2\system\CodeIgniter.php(419): CodeIgniter\CodeIgniter->runController(Object(App\Controllers\Home))
#2 C:\Users\admin\Music\eoffice2\system\CodeIgniter.php(326): CodeIgniter\CodeIgniter->handleRequest(NULL, Object(Config\Cache), false)
#3 C:\Users\admin\Music\eoffice2\public\index.php(37): CodeIgniter\CodeIgniter->run()
#4 C:\Users\admin\Music\eoffice2\system\Commands\Server\rewrite.php(43): require_once('C:\\Users\\admin\\...')
#5 {main}
CRITICAL - 2024-11-07 18:42:24 --> Surat with ID: assets not found.
#0 C:\Users\admin\Music\eoffice2\system\CodeIgniter.php(832): App\Controllers\Home->editsurat('assets', 'img', 'messages-3.jpg')
#1 C:\Users\admin\Music\eoffice2\system\CodeIgniter.php(419): CodeIgniter\CodeIgniter->runController(Object(App\Controllers\Home))
#2 C:\Users\admin\Music\eoffice2\system\CodeIgniter.php(326): CodeIgniter\CodeIgniter->handleRequest(NULL, Object(Config\Cache), false)
#3 C:\Users\admin\Music\eoffice2\public\index.php(37): CodeIgniter\CodeIgniter->run()
#4 C:\Users\admin\Music\eoffice2\system\Commands\Server\rewrite.php(43): require_once('C:\\Users\\admin\\...')
#5 {main}
CRITICAL - 2024-11-07 23:16:03 --> Cannot redeclare App\Controllers\Home::updateDokumenKesiswaan()
#0 [internal function]: CodeIgniter\Debug\Exceptions->shutdownHandler()
#1 {main}
CRITICAL - 2024-11-07 23:16:17 --> Invalid argument supplied for foreach()
#0 C:\Users\admin\Music\eoffice2\app\Views\dokumen_kepegawaian.php(68): CodeIgniter\Debug\Exceptions->errorHandler(2, 'Invalid argumen...', 'C:\\Users\\admin\\...', 68, Array)
#1 C:\Users\admin\Music\eoffice2\system\View\View.php(210): include('C:\\Users\\admin\\...')
#2 C:\Users\admin\Music\eoffice2\system\View\View.php(213): CodeIgniter\View\View->CodeIgniter\View\{closure}()
#3 C:\Users\admin\Music\eoffice2\system\Common.php(1089): CodeIgniter\View\View->render('dokumen_kepegaw...', Array, true)
#4 C:\Users\admin\Music\eoffice2\app\Controllers\Home.php(1177): view('dokumen_kepegaw...', Array)
#5 C:\Users\admin\Music\eoffice2\system\CodeIgniter.php(832): App\Controllers\Home->dokumenKepegawaian()
#6 C:\Users\admin\Music\eoffice2\system\CodeIgniter.php(419): CodeIgniter\CodeIgniter->runController(Object(App\Controllers\Home))
#7 C:\Users\admin\Music\eoffice2\system\CodeIgniter.php(326): CodeIgniter\CodeIgniter->handleRequest(NULL, Object(Config\Cache), false)
#8 C:\Users\admin\Music\eoffice2\public\index.php(37): CodeIgniter\CodeIgniter->run()
#9 C:\Users\admin\Music\eoffice2\system\Commands\Server\rewrite.php(43): require_once('C:\\Users\\admin\\...')
#10 {main}
CRITICAL - 2024-11-07 23:44:09 --> syntax error, unexpected end of file, expecting function (T_FUNCTION) or const (T_CONST)
#0 C:\Users\admin\Music\eoffice2\system\Router\Router.php(175): CodeIgniter\Router\Router->autoRoute('home/dokumenKes...')
#1 C:\Users\admin\Music\eoffice2\system\CodeIgniter.php(726): CodeIgniter\Router\Router->handle('home/dokumenKes...')
#2 C:\Users\admin\Music\eoffice2\system\CodeIgniter.php(368): CodeIgniter\CodeIgniter->tryToRouteIt(Object(CodeIgniter\Router\RouteCollection))
#3 C:\Users\admin\Music\eoffice2\system\CodeIgniter.php(326): CodeIgniter\CodeIgniter->handleRequest(NULL, Object(Config\Cache), false)
#4 C:\Users\admin\Music\eoffice2\public\index.php(37): CodeIgniter\CodeIgniter->run()
#5 C:\Users\admin\Music\eoffice2\system\Commands\Server\rewrite.php(43): require_once('C:\\Users\\admin\\...')
#6 {main}
ERROR - 2024-11-07 23:44:19 --> Table 'eofficee.dokumen_keuangan' doesn't exist
CRITICAL - 2024-11-07 23:44:19 --> Call to a member function getResult() on bool
#0 C:\Users\admin\Music\eoffice2\app\Controllers\Home.php(1267): App\Models\Model_belajar->tampil('dokumen_keuanga...', 'tanggal_upload')
#1 C:\Users\admin\Music\eoffice2\system\CodeIgniter.php(832): App\Controllers\Home->dokumenKeuangan()
#2 C:\Users\admin\Music\eoffice2\system\CodeIgniter.php(419): CodeIgniter\CodeIgniter->runController(Object(App\Controllers\Home))
#3 C:\Users\admin\Music\eoffice2\system\CodeIgniter.php(326): CodeIgniter\CodeIgniter->handleRequest(NULL, Object(Config\Cache), false)
#4 C:\Users\admin\Music\eoffice2\public\index.php(37): CodeIgniter\CodeIgniter->run()
#5 C:\Users\admin\Music\eoffice2\system\Commands\Server\rewrite.php(43): require_once('C:\\Users\\admin\\...')
#6 {main}
ERROR - 2024-11-07 23:51:09 --> Unknown column 'tanggal_upload' in 'order clause'
CRITICAL - 2024-11-07 23:51:09 --> Call to a member function getResult() on bool
#0 C:\Users\admin\Music\eoffice2\app\Controllers\Home.php(1268): App\Models\Model_belajar->tampil('dokumen_keuanga...', 'tanggal_upload')
#1 C:\Users\admin\Music\eoffice2\system\CodeIgniter.php(832): App\Controllers\Home->dokumenKeuangan()
#2 C:\Users\admin\Music\eoffice2\system\CodeIgniter.php(419): CodeIgniter\CodeIgniter->runController(Object(App\Controllers\Home))
#3 C:\Users\admin\Music\eoffice2\system\CodeIgniter.php(326): CodeIgniter\CodeIgniter->handleRequest(NULL, Object(Config\Cache), false)
#4 C:\Users\admin\Music\eoffice2\public\index.php(37): CodeIgniter\CodeIgniter->run()
#5 C:\Users\admin\Music\eoffice2\system\Commands\Server\rewrite.php(43): require_once('C:\\Users\\admin\\...')
#6 {main}
