ERROR - 2024-11-26 03:35:18 --> Table 'eoffice.cuti' doesn't exist
ERROR - 2024-11-26 03:35:20 --> Unknown column 'surat_masuk.penerima' in 'where clause'
CRITICAL - 2024-11-26 03:35:20 --> Call to a member function getResult() on bool
#0 C:\Users\admin\Downloads\office1\app\Controllers\Home.php(857): App\Models\Model_belajar->joinWhere('surat_masuk', 'surat', 'surat_masuk.id_...', Array)
#1 C:\Users\admin\Downloads\office1\system\CodeIgniter.php(832): App\Controllers\Home->suratmasuk()
#2 C:\Users\admin\Downloads\office1\system\CodeIgniter.php(419): CodeIgniter\CodeIgniter->runController(Object(App\Controllers\Home))
#3 C:\Users\admin\Downloads\office1\system\CodeIgniter.php(326): CodeIgniter\CodeIgniter->handleRequest(NULL, Object(Config\Cache), false)
#4 C:\Users\admin\Downloads\office1\public\index.php(37): CodeIgniter\CodeIgniter->run()
#5 C:\Users\admin\Downloads\office1\system\Commands\Server\rewrite.php(43): require_once('C:\\Users\\admin\\...')
#6 {main}
CRITICAL - 2024-11-26 03:45:32 --> There is no data to update.
#0 C:\Users\admin\Downloads\office1\system\BaseModel.php(846): CodeIgniter\Database\Exceptions\DataException::forEmptyDataset('update')
#1 C:\Users\admin\Downloads\office1\system\Model.php(651): CodeIgniter\BaseModel->update(Array, Array)
#2 C:\Users\admin\Downloads\office1\app\Controllers\Home.php(923): CodeIgniter\Model->update('3', Array)
#3 C:\Users\admin\Downloads\office1\system\CodeIgniter.php(832): App\Controllers\Home->updateStatusSuratKeluar('3')
#4 C:\Users\admin\Downloads\office1\system\CodeIgniter.php(419): CodeIgniter\CodeIgniter->runController(Object(App\Controllers\Home))
#5 C:\Users\admin\Downloads\office1\system\CodeIgniter.php(326): CodeIgniter\CodeIgniter->handleRequest(NULL, Object(Config\Cache), false)
#6 C:\Users\admin\Downloads\office1\public\index.php(37): CodeIgniter\CodeIgniter->run()
#7 C:\Users\admin\Downloads\office1\system\Commands\Server\rewrite.php(43): require_once('C:\\Users\\admin\\...')
#8 {main}
CRITICAL - 2024-11-26 03:45:39 --> There is no data to update.
#0 C:\Users\admin\Downloads\office1\system\BaseModel.php(846): CodeIgniter\Database\Exceptions\DataException::forEmptyDataset('update')
#1 C:\Users\admin\Downloads\office1\system\Model.php(651): CodeIgniter\BaseModel->update(Array, Array)
#2 C:\Users\admin\Downloads\office1\app\Controllers\Home.php(923): CodeIgniter\Model->update('3', Array)
#3 C:\Users\admin\Downloads\office1\system\CodeIgniter.php(832): App\Controllers\Home->updateStatusSuratKeluar('3')
#4 C:\Users\admin\Downloads\office1\system\CodeIgniter.php(419): CodeIgniter\CodeIgniter->runController(Object(App\Controllers\Home))
#5 C:\Users\admin\Downloads\office1\system\CodeIgniter.php(326): CodeIgniter\CodeIgniter->handleRequest(NULL, Object(Config\Cache), false)
#6 C:\Users\admin\Downloads\office1\public\index.php(37): CodeIgniter\CodeIgniter->run()
#7 C:\Users\admin\Downloads\office1\system\Commands\Server\rewrite.php(43): require_once('C:\\Users\\admin\\...')
#8 {main}
CRITICAL - 2024-11-26 03:45:55 --> There is no data to update.
#0 C:\Users\admin\Downloads\office1\system\BaseModel.php(846): CodeIgniter\Database\Exceptions\DataException::forEmptyDataset('update')
#1 C:\Users\admin\Downloads\office1\system\Model.php(651): CodeIgniter\BaseModel->update(Array, Array)
#2 C:\Users\admin\Downloads\office1\app\Controllers\Home.php(923): CodeIgniter\Model->update('3', Array)
#3 C:\Users\admin\Downloads\office1\system\CodeIgniter.php(832): App\Controllers\Home->updateStatusSuratKeluar('3')
#4 C:\Users\admin\Downloads\office1\system\CodeIgniter.php(419): CodeIgniter\CodeIgniter->runController(Object(App\Controllers\Home))
#5 C:\Users\admin\Downloads\office1\system\CodeIgniter.php(326): CodeIgniter\CodeIgniter->handleRequest(NULL, Object(Config\Cache), false)
#6 C:\Users\admin\Downloads\office1\public\index.php(37): CodeIgniter\CodeIgniter->run()
#7 C:\Users\admin\Downloads\office1\system\Commands\Server\rewrite.php(43): require_once('C:\\Users\\admin\\...')
#8 {main}
CRITICAL - 2024-11-26 03:46:07 --> There is no data to update.
#0 C:\Users\admin\Downloads\office1\system\BaseModel.php(846): CodeIgniter\Database\Exceptions\DataException::forEmptyDataset('update')
#1 C:\Users\admin\Downloads\office1\system\Model.php(651): CodeIgniter\BaseModel->update(Array, Array)
#2 C:\Users\admin\Downloads\office1\app\Controllers\Home.php(923): CodeIgniter\Model->update('3', Array)
#3 C:\Users\admin\Downloads\office1\system\CodeIgniter.php(832): App\Controllers\Home->updateStatusSuratKeluar('3')
#4 C:\Users\admin\Downloads\office1\system\CodeIgniter.php(419): CodeIgniter\CodeIgniter->runController(Object(App\Controllers\Home))
#5 C:\Users\admin\Downloads\office1\system\CodeIgniter.php(326): CodeIgniter\CodeIgniter->handleRequest(NULL, Object(Config\Cache), false)
#6 C:\Users\admin\Downloads\office1\public\index.php(37): CodeIgniter\CodeIgniter->run()
#7 C:\Users\admin\Downloads\office1\system\Commands\Server\rewrite.php(43): require_once('C:\\Users\\admin\\...')
#8 {main}
CRITICAL - 2024-11-26 03:48:05 --> There is no data to update.
#0 C:\Users\admin\Downloads\office1\system\BaseModel.php(846): CodeIgniter\Database\Exceptions\DataException::forEmptyDataset('update')
#1 C:\Users\admin\Downloads\office1\system\Model.php(651): CodeIgniter\BaseModel->update(Array, Array)
#2 C:\Users\admin\Downloads\office1\app\Controllers\Home.php(905): CodeIgniter\Model->update('33', Array)
#3 C:\Users\admin\Downloads\office1\system\CodeIgniter.php(832): App\Controllers\Home->updateStatusSuratMasuk('33')
#4 C:\Users\admin\Downloads\office1\system\CodeIgniter.php(419): CodeIgniter\CodeIgniter->runController(Object(App\Controllers\Home))
#5 C:\Users\admin\Downloads\office1\system\CodeIgniter.php(326): CodeIgniter\CodeIgniter->handleRequest(NULL, Object(Config\Cache), false)
#6 C:\Users\admin\Downloads\office1\public\index.php(37): CodeIgniter\CodeIgniter->run()
#7 C:\Users\admin\Downloads\office1\system\Commands\Server\rewrite.php(43): require_once('C:\\Users\\admin\\...')
#8 {main}
CRITICAL - 2024-11-26 03:48:18 --> There is no data to update.
#0 C:\Users\admin\Downloads\office1\system\BaseModel.php(846): CodeIgniter\Database\Exceptions\DataException::forEmptyDataset('update')
#1 C:\Users\admin\Downloads\office1\system\Model.php(651): CodeIgniter\BaseModel->update(Array, Array)
#2 C:\Users\admin\Downloads\office1\app\Controllers\Home.php(905): CodeIgniter\Model->update('33', Array)
#3 C:\Users\admin\Downloads\office1\system\CodeIgniter.php(832): App\Controllers\Home->updateStatusSuratMasuk('33')
#4 C:\Users\admin\Downloads\office1\system\CodeIgniter.php(419): CodeIgniter\CodeIgniter->runController(Object(App\Controllers\Home))
#5 C:\Users\admin\Downloads\office1\system\CodeIgniter.php(326): CodeIgniter\CodeIgniter->handleRequest(NULL, Object(Config\Cache), false)
#6 C:\Users\admin\Downloads\office1\public\index.php(37): CodeIgniter\CodeIgniter->run()
#7 C:\Users\admin\Downloads\office1\system\Commands\Server\rewrite.php(43): require_once('C:\\Users\\admin\\...')
#8 {main}
CRITICAL - 2024-11-26 03:50:12 --> There is no data to update.
#0 C:\Users\admin\Downloads\office1\system\BaseModel.php(846): CodeIgniter\Database\Exceptions\DataException::forEmptyDataset('update')
#1 C:\Users\admin\Downloads\office1\system\Model.php(651): CodeIgniter\BaseModel->update(Array, Array)
#2 C:\Users\admin\Downloads\office1\app\Controllers\Home.php(905): CodeIgniter\Model->update('36', Array)
#3 C:\Users\admin\Downloads\office1\system\CodeIgniter.php(832): App\Controllers\Home->updateStatusSuratMasuk('36')
#4 C:\Users\admin\Downloads\office1\system\CodeIgniter.php(419): CodeIgniter\CodeIgniter->runController(Object(App\Controllers\Home))
#5 C:\Users\admin\Downloads\office1\system\CodeIgniter.php(326): CodeIgniter\CodeIgniter->handleRequest(NULL, Object(Config\Cache), false)
#6 C:\Users\admin\Downloads\office1\public\index.php(37): CodeIgniter\CodeIgniter->run()
#7 C:\Users\admin\Downloads\office1\system\Commands\Server\rewrite.php(43): require_once('C:\\Users\\admin\\...')
#8 {main}
CRITICAL - 2024-11-26 03:50:30 --> There is no data to update.
#0 C:\Users\admin\Downloads\office1\system\BaseModel.php(846): CodeIgniter\Database\Exceptions\DataException::forEmptyDataset('update')
#1 C:\Users\admin\Downloads\office1\system\Model.php(651): CodeIgniter\BaseModel->update(Array, Array)
#2 C:\Users\admin\Downloads\office1\app\Controllers\Home.php(905): CodeIgniter\Model->update('33', Array)
#3 C:\Users\admin\Downloads\office1\system\CodeIgniter.php(832): App\Controllers\Home->updateStatusSuratMasuk('33')
#4 C:\Users\admin\Downloads\office1\system\CodeIgniter.php(419): CodeIgniter\CodeIgniter->runController(Object(App\Controllers\Home))
#5 C:\Users\admin\Downloads\office1\system\CodeIgniter.php(326): CodeIgniter\CodeIgniter->handleRequest(NULL, Object(Config\Cache), false)
#6 C:\Users\admin\Downloads\office1\public\index.php(37): CodeIgniter\CodeIgniter->run()
#7 C:\Users\admin\Downloads\office1\system\Commands\Server\rewrite.php(43): require_once('C:\\Users\\admin\\...')
#8 {main}
CRITICAL - 2024-11-26 03:50:33 --> There is no data to update.
#0 C:\Users\admin\Downloads\office1\system\BaseModel.php(846): CodeIgniter\Database\Exceptions\DataException::forEmptyDataset('update')
#1 C:\Users\admin\Downloads\office1\system\Model.php(651): CodeIgniter\BaseModel->update(Array, Array)
#2 C:\Users\admin\Downloads\office1\app\Controllers\Home.php(905): CodeIgniter\Model->update('33', Array)
#3 C:\Users\admin\Downloads\office1\system\CodeIgniter.php(832): App\Controllers\Home->updateStatusSuratMasuk('33')
#4 C:\Users\admin\Downloads\office1\system\CodeIgniter.php(419): CodeIgniter\CodeIgniter->runController(Object(App\Controllers\Home))
#5 C:\Users\admin\Downloads\office1\system\CodeIgniter.php(326): CodeIgniter\CodeIgniter->handleRequest(NULL, Object(Config\Cache), false)
#6 C:\Users\admin\Downloads\office1\public\index.php(37): CodeIgniter\CodeIgniter->run()
#7 C:\Users\admin\Downloads\office1\system\Commands\Server\rewrite.php(43): require_once('C:\\Users\\admin\\...')
#8 {main}
CRITICAL - 2024-11-26 04:17:28 --> There is no data to update.
#0 C:\Users\admin\Downloads\office1\system\BaseModel.php(846): CodeIgniter\Database\Exceptions\DataException::forEmptyDataset('update')
#1 C:\Users\admin\Downloads\office1\system\Model.php(651): CodeIgniter\BaseModel->update(Array, Array)
#2 C:\Users\admin\Downloads\office1\app\Controllers\Home.php(905): CodeIgniter\Model->update('37', Array)
#3 C:\Users\admin\Downloads\office1\system\CodeIgniter.php(832): App\Controllers\Home->updateStatusSuratMasuk('37')
#4 C:\Users\admin\Downloads\office1\system\CodeIgniter.php(419): CodeIgniter\CodeIgniter->runController(Object(App\Controllers\Home))
#5 C:\Users\admin\Downloads\office1\system\CodeIgniter.php(326): CodeIgniter\CodeIgniter->handleRequest(NULL, Object(Config\Cache), false)
#6 C:\Users\admin\Downloads\office1\public\index.php(37): CodeIgniter\CodeIgniter->run()
#7 C:\Users\admin\Downloads\office1\system\Commands\Server\rewrite.php(43): require_once('C:\\Users\\admin\\...')
#8 {main}
CRITICAL - 2024-11-26 04:20:21 --> There is no data to update.
#0 C:\Users\admin\Downloads\office1\system\BaseModel.php(846): CodeIgniter\Database\Exceptions\DataException::forEmptyDataset('update')
#1 C:\Users\admin\Downloads\office1\system\Model.php(651): CodeIgniter\BaseModel->update(Array, Array)
#2 C:\Users\admin\Downloads\office1\app\Controllers\Home.php(905): CodeIgniter\Model->update('37', Array)
#3 C:\Users\admin\Downloads\office1\system\CodeIgniter.php(832): App\Controllers\Home->updateStatusSuratMasuk('37')
#4 C:\Users\admin\Downloads\office1\system\CodeIgniter.php(419): CodeIgniter\CodeIgniter->runController(Object(App\Controllers\Home))
#5 C:\Users\admin\Downloads\office1\system\CodeIgniter.php(326): CodeIgniter\CodeIgniter->handleRequest(NULL, Object(Config\Cache), false)
#6 C:\Users\admin\Downloads\office1\public\index.php(37): CodeIgniter\CodeIgniter->run()
#7 C:\Users\admin\Downloads\office1\system\Commands\Server\rewrite.php(43): require_once('C:\\Users\\admin\\...')
#8 {main}
CRITICAL - 2024-11-26 04:25:22 --> There is no data to update.
#0 C:\Users\admin\Downloads\office1\system\BaseModel.php(846): CodeIgniter\Database\Exceptions\DataException::forEmptyDataset('update')
#1 C:\Users\admin\Downloads\office1\system\Model.php(651): CodeIgniter\BaseModel->update(Array, Array)
#2 C:\Users\admin\Downloads\office1\app\Controllers\Home.php(905): CodeIgniter\Model->update('37', Array)
#3 C:\Users\admin\Downloads\office1\system\CodeIgniter.php(832): App\Controllers\Home->updateStatusSuratMasuk('37')
#4 C:\Users\admin\Downloads\office1\system\CodeIgniter.php(419): CodeIgniter\CodeIgniter->runController(Object(App\Controllers\Home))
#5 C:\Users\admin\Downloads\office1\system\CodeIgniter.php(326): CodeIgniter\CodeIgniter->handleRequest(NULL, Object(Config\Cache), false)
#6 C:\Users\admin\Downloads\office1\public\index.php(37): CodeIgniter\CodeIgniter->run()
#7 C:\Users\admin\Downloads\office1\system\Commands\Server\rewrite.php(43): require_once('C:\\Users\\admin\\...')
#8 {main}
ERROR - 2024-11-26 05:07:26 --> Error connecting to the database: No connection could be made because the target machine actively refused it.

CRITICAL - 2024-11-26 05:07:26 --> Unable to connect to the database.
Main connection [MySQLi]: No connection could be made because the target machine actively refused it.

#0 C:\Users\admin\Downloads\office1\system\Database\BaseConnection.php(577): CodeIgniter\Database\BaseConnection->initialize()
#1 C:\Users\admin\Downloads\office1\system\Database\BaseBuilder.php(1588): CodeIgniter\Database\BaseConnection->query('SELECT *\nFROM `...', Array, false)
#2 C:\Users\admin\Downloads\office1\app\Models\Model_belajar.php(119): CodeIgniter\Database\BaseBuilder->getWhere(Array)
#3 C:\Users\admin\Downloads\office1\app\Controllers\Home.php(193): App\Models\Model_belajar->getWhere('user', Array)
#4 C:\Users\admin\Downloads\office1\system\CodeIgniter.php(832): App\Controllers\Home->aksi_login()
#5 C:\Users\admin\Downloads\office1\system\CodeIgniter.php(419): CodeIgniter\CodeIgniter->runController(Object(App\Controllers\Home))
#6 C:\Users\admin\Downloads\office1\system\CodeIgniter.php(326): CodeIgniter\CodeIgniter->handleRequest(NULL, Object(Config\Cache), false)
#7 C:\Users\admin\Downloads\office1\public\index.php(37): CodeIgniter\CodeIgniter->run()
#8 C:\Users\admin\Downloads\office1\system\Commands\Server\rewrite.php(43): require_once('C:\\Users\\admin\\...')
#9 {main}
