CRITICAL - 2024-10-29 00:00:05 --> Too few arguments to function App\Models\Model_belajar::tampil(), 1 passed in C:\Users\admin\Downloads\gudang\app\Controllers\Home.php on line 624 and exactly 2 expected
#0 C:\Users\admin\Downloads\gudang\app\Controllers\Home.php(624): App\Models\Model_belajar->tampil('barang')
#1 C:\Users\admin\Downloads\gudang\system\CodeIgniter.php(832): App\Controllers\Home->tambahbarangkeluar()
#2 C:\Users\admin\Downloads\gudang\system\CodeIgniter.php(419): CodeIgniter\CodeIgniter->runController(Object(App\Controllers\Home))
#3 C:\Users\admin\Downloads\gudang\system\CodeIgniter.php(326): CodeIgniter\CodeIgniter->handleRequest(NULL, Object(Config\Cache), false)
#4 C:\Users\admin\Downloads\gudang\public\index.php(37): CodeIgniter\CodeIgniter->run()
#5 C:\Users\admin\Downloads\gudang\system\Commands\Server\rewrite.php(43): require_once('C:\\Users\\admin\\...')
#6 {main}
CRITICAL - 2024-10-29 00:00:48 --> Too few arguments to function App\Models\Model_belajar::tampil(), 1 passed in C:\Users\admin\Downloads\gudang\app\Controllers\Home.php on line 625 and exactly 2 expected
#0 C:\Users\admin\Downloads\gudang\app\Controllers\Home.php(625): App\Models\Model_belajar->tampil('barang')
#1 C:\Users\admin\Downloads\gudang\system\CodeIgniter.php(832): App\Controllers\Home->tambahbarangkeluar()
#2 C:\Users\admin\Downloads\gudang\system\CodeIgniter.php(419): CodeIgniter\CodeIgniter->runController(Object(App\Controllers\Home))
#3 C:\Users\admin\Downloads\gudang\system\CodeIgniter.php(326): CodeIgniter\CodeIgniter->handleRequest(NULL, Object(Config\Cache), false)
#4 C:\Users\admin\Downloads\gudang\public\index.php(37): CodeIgniter\CodeIgniter->run()
#5 C:\Users\admin\Downloads\gudang\system\Commands\Server\rewrite.php(43): require_once('C:\\Users\\admin\\...')
#6 {main}
CRITICAL - 2024-10-29 00:00:54 --> Too few arguments to function App\Models\Model_belajar::tampil(), 1 passed in C:\Users\admin\Downloads\gudang\app\Controllers\Home.php on line 625 and exactly 2 expected
#0 C:\Users\admin\Downloads\gudang\app\Controllers\Home.php(625): App\Models\Model_belajar->tampil('barang')
#1 C:\Users\admin\Downloads\gudang\system\CodeIgniter.php(832): App\Controllers\Home->tambahbarangkeluar()
#2 C:\Users\admin\Downloads\gudang\system\CodeIgniter.php(419): CodeIgniter\CodeIgniter->runController(Object(App\Controllers\Home))
#3 C:\Users\admin\Downloads\gudang\system\CodeIgniter.php(326): CodeIgniter\CodeIgniter->handleRequest(NULL, Object(Config\Cache), false)
#4 C:\Users\admin\Downloads\gudang\public\index.php(37): CodeIgniter\CodeIgniter->run()
#5 C:\Users\admin\Downloads\gudang\system\Commands\Server\rewrite.php(43): require_once('C:\\Users\\admin\\...')
#6 {main}
CRITICAL - 2024-10-29 00:01:20 --> Too few arguments to function App\Models\Model_belajar::tampil(), 1 passed in C:\Users\admin\Downloads\gudang\app\Controllers\Home.php on line 625 and exactly 2 expected
#0 C:\Users\admin\Downloads\gudang\app\Controllers\Home.php(625): App\Models\Model_belajar->tampil('barang')
#1 C:\Users\admin\Downloads\gudang\system\CodeIgniter.php(832): App\Controllers\Home->tambahbarangkeluar()
#2 C:\Users\admin\Downloads\gudang\system\CodeIgniter.php(419): CodeIgniter\CodeIgniter->runController(Object(App\Controllers\Home))
#3 C:\Users\admin\Downloads\gudang\system\CodeIgniter.php(326): CodeIgniter\CodeIgniter->handleRequest(NULL, Object(Config\Cache), false)
#4 C:\Users\admin\Downloads\gudang\public\index.php(37): CodeIgniter\CodeIgniter->run()
#5 C:\Users\admin\Downloads\gudang\system\Commands\Server\rewrite.php(43): require_once('C:\\Users\\admin\\...')
#6 {main}
CRITICAL - 2024-10-29 00:01:47 --> Too few arguments to function App\Models\Model_belajar::tampil(), 1 passed in C:\Users\admin\Downloads\gudang\app\Controllers\Home.php on line 625 and exactly 2 expected
#0 C:\Users\admin\Downloads\gudang\app\Controllers\Home.php(625): App\Models\Model_belajar->tampil('barang')
#1 C:\Users\admin\Downloads\gudang\system\CodeIgniter.php(832): App\Controllers\Home->tambahbarangkeluar()
#2 C:\Users\admin\Downloads\gudang\system\CodeIgniter.php(419): CodeIgniter\CodeIgniter->runController(Object(App\Controllers\Home))
#3 C:\Users\admin\Downloads\gudang\system\CodeIgniter.php(326): CodeIgniter\CodeIgniter->handleRequest(NULL, Object(Config\Cache), false)
#4 C:\Users\admin\Downloads\gudang\public\index.php(37): CodeIgniter\CodeIgniter->run()
#5 C:\Users\admin\Downloads\gudang\system\Commands\Server\rewrite.php(43): require_once('C:\\Users\\admin\\...')
#6 {main}
CRITICAL - 2024-10-29 00:01:48 --> Too few arguments to function App\Models\Model_belajar::tampil(), 1 passed in C:\Users\admin\Downloads\gudang\app\Controllers\Home.php on line 625 and exactly 2 expected
#0 C:\Users\admin\Downloads\gudang\app\Controllers\Home.php(625): App\Models\Model_belajar->tampil('barang')
#1 C:\Users\admin\Downloads\gudang\system\CodeIgniter.php(832): App\Controllers\Home->tambahbarangkeluar()
#2 C:\Users\admin\Downloads\gudang\system\CodeIgniter.php(419): CodeIgniter\CodeIgniter->runController(Object(App\Controllers\Home))
#3 C:\Users\admin\Downloads\gudang\system\CodeIgniter.php(326): CodeIgniter\CodeIgniter->handleRequest(NULL, Object(Config\Cache), false)
#4 C:\Users\admin\Downloads\gudang\public\index.php(37): CodeIgniter\CodeIgniter->run()
#5 C:\Users\admin\Downloads\gudang\system\Commands\Server\rewrite.php(43): require_once('C:\\Users\\admin\\...')
#6 {main}
CRITICAL - 2024-10-29 00:02:00 --> Too few arguments to function App\Models\Model_belajar::tampil(), 1 passed in C:\Users\admin\Downloads\gudang\app\Controllers\Home.php on line 756 and exactly 2 expected
#0 C:\Users\admin\Downloads\gudang\app\Controllers\Home.php(756): App\Models\Model_belajar->tampil('barang')
#1 C:\Users\admin\Downloads\gudang\system\CodeIgniter.php(832): App\Controllers\Home->tambahbarangmasuk()
#2 C:\Users\admin\Downloads\gudang\system\CodeIgniter.php(419): CodeIgniter\CodeIgniter->runController(Object(App\Controllers\Home))
#3 C:\Users\admin\Downloads\gudang\system\CodeIgniter.php(326): CodeIgniter\CodeIgniter->handleRequest(NULL, Object(Config\Cache), false)
#4 C:\Users\admin\Downloads\gudang\public\index.php(37): CodeIgniter\CodeIgniter->run()
#5 C:\Users\admin\Downloads\gudang\system\Commands\Server\rewrite.php(43): require_once('C:\\Users\\admin\\...')
#6 {main}
CRITICAL - 2024-10-29 00:02:06 --> Too few arguments to function App\Models\Model_belajar::tampil(), 1 passed in C:\Users\admin\Downloads\gudang\app\Controllers\Home.php on line 756 and exactly 2 expected
#0 C:\Users\admin\Downloads\gudang\app\Controllers\Home.php(756): App\Models\Model_belajar->tampil('barang')
#1 C:\Users\admin\Downloads\gudang\system\CodeIgniter.php(832): App\Controllers\Home->tambahbarangmasuk()
#2 C:\Users\admin\Downloads\gudang\system\CodeIgniter.php(419): CodeIgniter\CodeIgniter->runController(Object(App\Controllers\Home))
#3 C:\Users\admin\Downloads\gudang\system\CodeIgniter.php(326): CodeIgniter\CodeIgniter->handleRequest(NULL, Object(Config\Cache), false)
#4 C:\Users\admin\Downloads\gudang\public\index.php(37): CodeIgniter\CodeIgniter->run()
#5 C:\Users\admin\Downloads\gudang\system\Commands\Server\rewrite.php(43): require_once('C:\\Users\\admin\\...')
#6 {main}
CRITICAL - 2024-10-29 00:02:33 --> Too few arguments to function App\Models\Model_belajar::tampil(), 1 passed in C:\Users\admin\Downloads\gudang\app\Controllers\Home.php on line 751 and exactly 2 expected
#0 C:\Users\admin\Downloads\gudang\app\Controllers\Home.php(751): App\Models\Model_belajar->tampil('barang')
#1 C:\Users\admin\Downloads\gudang\system\CodeIgniter.php(832): App\Controllers\Home->tambahbarangmasuk()
#2 C:\Users\admin\Downloads\gudang\system\CodeIgniter.php(419): CodeIgniter\CodeIgniter->runController(Object(App\Controllers\Home))
#3 C:\Users\admin\Downloads\gudang\system\CodeIgniter.php(326): CodeIgniter\CodeIgniter->handleRequest(NULL, Object(Config\Cache), false)
#4 C:\Users\admin\Downloads\gudang\public\index.php(37): CodeIgniter\CodeIgniter->run()
#5 C:\Users\admin\Downloads\gudang\system\Commands\Server\rewrite.php(43): require_once('C:\\Users\\admin\\...')
#6 {main}
CRITICAL - 2024-10-29 00:02:35 --> Too few arguments to function App\Models\Model_belajar::tampil(), 1 passed in C:\Users\admin\Downloads\gudang\app\Controllers\Home.php on line 751 and exactly 2 expected
#0 C:\Users\admin\Downloads\gudang\app\Controllers\Home.php(751): App\Models\Model_belajar->tampil('barang')
#1 C:\Users\admin\Downloads\gudang\system\CodeIgniter.php(832): App\Controllers\Home->tambahbarangmasuk()
#2 C:\Users\admin\Downloads\gudang\system\CodeIgniter.php(419): CodeIgniter\CodeIgniter->runController(Object(App\Controllers\Home))
#3 C:\Users\admin\Downloads\gudang\system\CodeIgniter.php(326): CodeIgniter\CodeIgniter->handleRequest(NULL, Object(Config\Cache), false)
#4 C:\Users\admin\Downloads\gudang\public\index.php(37): CodeIgniter\CodeIgniter->run()
#5 C:\Users\admin\Downloads\gudang\system\Commands\Server\rewrite.php(43): require_once('C:\\Users\\admin\\...')
#6 {main}
CRITICAL - 2024-10-29 00:05:01 --> Too few arguments to function App\Models\Model_belajar::tampil(), 1 passed in C:\Users\admin\Downloads\gudang\app\Controllers\Home.php on line 751 and exactly 2 expected
#0 C:\Users\admin\Downloads\gudang\app\Controllers\Home.php(751): App\Models\Model_belajar->tampil('barang')
#1 C:\Users\admin\Downloads\gudang\system\CodeIgniter.php(832): App\Controllers\Home->tambahbarangmasuk()
#2 C:\Users\admin\Downloads\gudang\system\CodeIgniter.php(419): CodeIgniter\CodeIgniter->runController(Object(App\Controllers\Home))
#3 C:\Users\admin\Downloads\gudang\system\CodeIgniter.php(326): CodeIgniter\CodeIgniter->handleRequest(NULL, Object(Config\Cache), false)
#4 C:\Users\admin\Downloads\gudang\public\index.php(37): CodeIgniter\CodeIgniter->run()
#5 C:\Users\admin\Downloads\gudang\system\Commands\Server\rewrite.php(43): require_once('C:\\Users\\admin\\...')
#6 {main}
CRITICAL - 2024-10-29 00:06:40 --> Barang with ID: assets not found.
#0 C:\Users\admin\Downloads\gudang\system\CodeIgniter.php(832): App\Controllers\Home->editbarang('assets', 'img', 'messages-1.jpg')
#1 C:\Users\admin\Downloads\gudang\system\CodeIgniter.php(419): CodeIgniter\CodeIgniter->runController(Object(App\Controllers\Home))
#2 C:\Users\admin\Downloads\gudang\system\CodeIgniter.php(326): CodeIgniter\CodeIgniter->handleRequest(NULL, Object(Config\Cache), false)
#3 C:\Users\admin\Downloads\gudang\public\index.php(37): CodeIgniter\CodeIgniter->run()
#4 C:\Users\admin\Downloads\gudang\system\Commands\Server\rewrite.php(43): require_once('C:\\Users\\admin\\...')
#5 {main}
CRITICAL - 2024-10-29 00:06:40 --> Barang with ID: assets not found.
#0 C:\Users\admin\Downloads\gudang\system\CodeIgniter.php(832): App\Controllers\Home->editbarang('assets', 'img', 'messages-2.jpg')
#1 C:\Users\admin\Downloads\gudang\system\CodeIgniter.php(419): CodeIgniter\CodeIgniter->runController(Object(App\Controllers\Home))
#2 C:\Users\admin\Downloads\gudang\system\CodeIgniter.php(326): CodeIgniter\CodeIgniter->handleRequest(NULL, Object(Config\Cache), false)
#3 C:\Users\admin\Downloads\gudang\public\index.php(37): CodeIgniter\CodeIgniter->run()
#4 C:\Users\admin\Downloads\gudang\system\Commands\Server\rewrite.php(43): require_once('C:\\Users\\admin\\...')
#5 {main}
CRITICAL - 2024-10-29 00:06:41 --> Barang with ID: assets not found.
#0 C:\Users\admin\Downloads\gudang\system\CodeIgniter.php(832): App\Controllers\Home->editbarang('assets', 'img', 'messages-3.jpg')
#1 C:\Users\admin\Downloads\gudang\system\CodeIgniter.php(419): CodeIgniter\CodeIgniter->runController(Object(App\Controllers\Home))
#2 C:\Users\admin\Downloads\gudang\system\CodeIgniter.php(326): CodeIgniter\CodeIgniter->handleRequest(NULL, Object(Config\Cache), false)
#3 C:\Users\admin\Downloads\gudang\public\index.php(37): CodeIgniter\CodeIgniter->run()
#4 C:\Users\admin\Downloads\gudang\system\Commands\Server\rewrite.php(43): require_once('C:\\Users\\admin\\...')
#5 {main}
CRITICAL - 2024-10-29 00:06:50 --> Barang with ID: assets not found.
#0 C:\Users\admin\Downloads\gudang\system\CodeIgniter.php(832): App\Controllers\Home->editbarang('assets', 'img', 'messages-1.jpg')
#1 C:\Users\admin\Downloads\gudang\system\CodeIgniter.php(419): CodeIgniter\CodeIgniter->runController(Object(App\Controllers\Home))
#2 C:\Users\admin\Downloads\gudang\system\CodeIgniter.php(326): CodeIgniter\CodeIgniter->handleRequest(NULL, Object(Config\Cache), false)
#3 C:\Users\admin\Downloads\gudang\public\index.php(37): CodeIgniter\CodeIgniter->run()
#4 C:\Users\admin\Downloads\gudang\system\Commands\Server\rewrite.php(43): require_once('C:\\Users\\admin\\...')
#5 {main}
CRITICAL - 2024-10-29 00:06:51 --> Barang with ID: assets not found.
#0 C:\Users\admin\Downloads\gudang\system\CodeIgniter.php(832): App\Controllers\Home->editbarang('assets', 'img', 'messages-2.jpg')
#1 C:\Users\admin\Downloads\gudang\system\CodeIgniter.php(419): CodeIgniter\CodeIgniter->runController(Object(App\Controllers\Home))
#2 C:\Users\admin\Downloads\gudang\system\CodeIgniter.php(326): CodeIgniter\CodeIgniter->handleRequest(NULL, Object(Config\Cache), false)
#3 C:\Users\admin\Downloads\gudang\public\index.php(37): CodeIgniter\CodeIgniter->run()
#4 C:\Users\admin\Downloads\gudang\system\Commands\Server\rewrite.php(43): require_once('C:\\Users\\admin\\...')
#5 {main}
CRITICAL - 2024-10-29 00:06:51 --> Barang with ID: assets not found.
#0 C:\Users\admin\Downloads\gudang\system\CodeIgniter.php(832): App\Controllers\Home->editbarang('assets', 'img', 'messages-3.jpg')
#1 C:\Users\admin\Downloads\gudang\system\CodeIgniter.php(419): CodeIgniter\CodeIgniter->runController(Object(App\Controllers\Home))
#2 C:\Users\admin\Downloads\gudang\system\CodeIgniter.php(326): CodeIgniter\CodeIgniter->handleRequest(NULL, Object(Config\Cache), false)
#3 C:\Users\admin\Downloads\gudang\public\index.php(37): CodeIgniter\CodeIgniter->run()
#4 C:\Users\admin\Downloads\gudang\system\Commands\Server\rewrite.php(43): require_once('C:\\Users\\admin\\...')
#5 {main}
CRITICAL - 2024-10-29 00:07:39 --> Too few arguments to function App\Models\Model_belajar::tampil(), 1 passed in C:\Users\admin\Downloads\gudang\app\Controllers\Home.php on line 1089 and exactly 2 expected
#0 C:\Users\admin\Downloads\gudang\app\Controllers\Home.php(1089): App\Models\Model_belajar->tampil('barang')
#1 C:\Users\admin\Downloads\gudang\system\CodeIgniter.php(832): App\Controllers\Home->tambahBarangRusak()
#2 C:\Users\admin\Downloads\gudang\system\CodeIgniter.php(419): CodeIgniter\CodeIgniter->runController(Object(App\Controllers\Home))
#3 C:\Users\admin\Downloads\gudang\system\CodeIgniter.php(326): CodeIgniter\CodeIgniter->handleRequest(NULL, Object(Config\Cache), false)
#4 C:\Users\admin\Downloads\gudang\public\index.php(37): CodeIgniter\CodeIgniter->run()
#5 C:\Users\admin\Downloads\gudang\system\Commands\Server\rewrite.php(43): require_once('C:\\Users\\admin\\...')
#6 {main}
CRITICAL - 2024-10-29 00:07:46 --> Too few arguments to function App\Models\Model_belajar::tampil(), 1 passed in C:\Users\admin\Downloads\gudang\app\Controllers\Home.php on line 1091 and exactly 2 expected
#0 C:\Users\admin\Downloads\gudang\app\Controllers\Home.php(1091): App\Models\Model_belajar->tampil('barang')
#1 C:\Users\admin\Downloads\gudang\system\CodeIgniter.php(832): App\Controllers\Home->tambahBarangRusak()
#2 C:\Users\admin\Downloads\gudang\system\CodeIgniter.php(419): CodeIgniter\CodeIgniter->runController(Object(App\Controllers\Home))
#3 C:\Users\admin\Downloads\gudang\system\CodeIgniter.php(326): CodeIgniter\CodeIgniter->handleRequest(NULL, Object(Config\Cache), false)
#4 C:\Users\admin\Downloads\gudang\public\index.php(37): CodeIgniter\CodeIgniter->run()
#5 C:\Users\admin\Downloads\gudang\system\Commands\Server\rewrite.php(43): require_once('C:\\Users\\admin\\...')
#6 {main}
CRITICAL - 2024-10-29 00:07:49 --> Too few arguments to function App\Models\Model_belajar::tampil(), 1 passed in C:\Users\admin\Downloads\gudang\app\Controllers\Home.php on line 1091 and exactly 2 expected
#0 C:\Users\admin\Downloads\gudang\app\Controllers\Home.php(1091): App\Models\Model_belajar->tampil('barang')
#1 C:\Users\admin\Downloads\gudang\system\CodeIgniter.php(832): App\Controllers\Home->tambahBarangRusak()
#2 C:\Users\admin\Downloads\gudang\system\CodeIgniter.php(419): CodeIgniter\CodeIgniter->runController(Object(App\Controllers\Home))
#3 C:\Users\admin\Downloads\gudang\system\CodeIgniter.php(326): CodeIgniter\CodeIgniter->handleRequest(NULL, Object(Config\Cache), false)
#4 C:\Users\admin\Downloads\gudang\public\index.php(37): CodeIgniter\CodeIgniter->run()
#5 C:\Users\admin\Downloads\gudang\system\Commands\Server\rewrite.php(43): require_once('C:\\Users\\admin\\...')
#6 {main}
CRITICAL - 2024-10-29 00:08:31 --> Barang with ID: assets not found.
#0 C:\Users\admin\Downloads\gudang\system\CodeIgniter.php(832): App\Controllers\Home->editbarang('assets', 'img', 'messages-1.jpg')
#1 C:\Users\admin\Downloads\gudang\system\CodeIgniter.php(419): CodeIgniter\CodeIgniter->runController(Object(App\Controllers\Home))
#2 C:\Users\admin\Downloads\gudang\system\CodeIgniter.php(326): CodeIgniter\CodeIgniter->handleRequest(NULL, Object(Config\Cache), false)
#3 C:\Users\admin\Downloads\gudang\public\index.php(37): CodeIgniter\CodeIgniter->run()
#4 C:\Users\admin\Downloads\gudang\system\Commands\Server\rewrite.php(43): require_once('C:\\Users\\admin\\...')
#5 {main}
CRITICAL - 2024-10-29 00:08:31 --> Barang with ID: assets not found.
#0 C:\Users\admin\Downloads\gudang\system\CodeIgniter.php(832): App\Controllers\Home->editbarang('assets', 'img', 'messages-2.jpg')
#1 C:\Users\admin\Downloads\gudang\system\CodeIgniter.php(419): CodeIgniter\CodeIgniter->runController(Object(App\Controllers\Home))
#2 C:\Users\admin\Downloads\gudang\system\CodeIgniter.php(326): CodeIgniter\CodeIgniter->handleRequest(NULL, Object(Config\Cache), false)
#3 C:\Users\admin\Downloads\gudang\public\index.php(37): CodeIgniter\CodeIgniter->run()
#4 C:\Users\admin\Downloads\gudang\system\Commands\Server\rewrite.php(43): require_once('C:\\Users\\admin\\...')
#5 {main}
CRITICAL - 2024-10-29 00:08:31 --> Barang with ID: assets not found.
#0 C:\Users\admin\Downloads\gudang\system\CodeIgniter.php(832): App\Controllers\Home->editbarang('assets', 'img', 'messages-3.jpg')
#1 C:\Users\admin\Downloads\gudang\system\CodeIgniter.php(419): CodeIgniter\CodeIgniter->runController(Object(App\Controllers\Home))
#2 C:\Users\admin\Downloads\gudang\system\CodeIgniter.php(326): CodeIgniter\CodeIgniter->handleRequest(NULL, Object(Config\Cache), false)
#3 C:\Users\admin\Downloads\gudang\public\index.php(37): CodeIgniter\CodeIgniter->run()
#4 C:\Users\admin\Downloads\gudang\system\Commands\Server\rewrite.php(43): require_once('C:\\Users\\admin\\...')
#5 {main}
CRITICAL - 2024-10-29 00:08:39 --> Barang with ID: assets not found.
#0 C:\Users\admin\Downloads\gudang\system\CodeIgniter.php(832): App\Controllers\Home->editbarang('assets', 'img', 'messages-1.jpg')
#1 C:\Users\admin\Downloads\gudang\system\CodeIgniter.php(419): CodeIgniter\CodeIgniter->runController(Object(App\Controllers\Home))
#2 C:\Users\admin\Downloads\gudang\system\CodeIgniter.php(326): CodeIgniter\CodeIgniter->handleRequest(NULL, Object(Config\Cache), false)
#3 C:\Users\admin\Downloads\gudang\public\index.php(37): CodeIgniter\CodeIgniter->run()
#4 C:\Users\admin\Downloads\gudang\system\Commands\Server\rewrite.php(43): require_once('C:\\Users\\admin\\...')
#5 {main}
CRITICAL - 2024-10-29 00:08:39 --> Barang with ID: assets not found.
#0 C:\Users\admin\Downloads\gudang\system\CodeIgniter.php(832): App\Controllers\Home->editbarang('assets', 'img', 'messages-2.jpg')
#1 C:\Users\admin\Downloads\gudang\system\CodeIgniter.php(419): CodeIgniter\CodeIgniter->runController(Object(App\Controllers\Home))
#2 C:\Users\admin\Downloads\gudang\system\CodeIgniter.php(326): CodeIgniter\CodeIgniter->handleRequest(NULL, Object(Config\Cache), false)
#3 C:\Users\admin\Downloads\gudang\public\index.php(37): CodeIgniter\CodeIgniter->run()
#4 C:\Users\admin\Downloads\gudang\system\Commands\Server\rewrite.php(43): require_once('C:\\Users\\admin\\...')
#5 {main}
CRITICAL - 2024-10-29 00:08:39 --> Barang with ID: assets not found.
#0 C:\Users\admin\Downloads\gudang\system\CodeIgniter.php(832): App\Controllers\Home->editbarang('assets', 'img', 'messages-3.jpg')
#1 C:\Users\admin\Downloads\gudang\system\CodeIgniter.php(419): CodeIgniter\CodeIgniter->runController(Object(App\Controllers\Home))
#2 C:\Users\admin\Downloads\gudang\system\CodeIgniter.php(326): CodeIgniter\CodeIgniter->handleRequest(NULL, Object(Config\Cache), false)
#3 C:\Users\admin\Downloads\gudang\public\index.php(37): CodeIgniter\CodeIgniter->run()
#4 C:\Users\admin\Downloads\gudang\system\Commands\Server\rewrite.php(43): require_once('C:\\Users\\admin\\...')
#5 {main}
CRITICAL - 2024-10-29 00:10:25 --> Too few arguments to function App\Models\Model_belajar::tampil(), 1 passed in C:\Users\admin\Downloads\gudang\app\Controllers\Home.php on line 752 and exactly 2 expected
#0 C:\Users\admin\Downloads\gudang\app\Controllers\Home.php(752): App\Models\Model_belajar->tampil('barang')
#1 C:\Users\admin\Downloads\gudang\system\CodeIgniter.php(832): App\Controllers\Home->tambahbarangmasuk()
#2 C:\Users\admin\Downloads\gudang\system\CodeIgniter.php(419): CodeIgniter\CodeIgniter->runController(Object(App\Controllers\Home))
#3 C:\Users\admin\Downloads\gudang\system\CodeIgniter.php(326): CodeIgniter\CodeIgniter->handleRequest(NULL, Object(Config\Cache), false)
#4 C:\Users\admin\Downloads\gudang\public\index.php(37): CodeIgniter\CodeIgniter->run()
#5 C:\Users\admin\Downloads\gudang\system\Commands\Server\rewrite.php(43): require_once('C:\\Users\\admin\\...')
#6 {main}
CRITICAL - 2024-10-29 00:10:47 --> Too few arguments to function App\Models\Model_belajar::tampil(), 1 passed in C:\Users\admin\Downloads\gudang\app\Controllers\Home.php on line 752 and exactly 2 expected
#0 C:\Users\admin\Downloads\gudang\app\Controllers\Home.php(752): App\Models\Model_belajar->tampil('barang')
#1 C:\Users\admin\Downloads\gudang\system\CodeIgniter.php(832): App\Controllers\Home->tambahbarangmasuk()
#2 C:\Users\admin\Downloads\gudang\system\CodeIgniter.php(419): CodeIgniter\CodeIgniter->runController(Object(App\Controllers\Home))
#3 C:\Users\admin\Downloads\gudang\system\CodeIgniter.php(326): CodeIgniter\CodeIgniter->handleRequest(NULL, Object(Config\Cache), false)
#4 C:\Users\admin\Downloads\gudang\public\index.php(37): CodeIgniter\CodeIgniter->run()
#5 C:\Users\admin\Downloads\gudang\system\Commands\Server\rewrite.php(43): require_once('C:\\Users\\admin\\...')
#6 {main}
CRITICAL - 2024-10-29 00:11:06 --> Too few arguments to function App\Models\Model_belajar::tampil(), 1 passed in C:\Users\admin\Downloads\gudang\app\Controllers\Home.php on line 752 and exactly 2 expected
#0 C:\Users\admin\Downloads\gudang\app\Controllers\Home.php(752): App\Models\Model_belajar->tampil('barang')
#1 C:\Users\admin\Downloads\gudang\system\CodeIgniter.php(832): App\Controllers\Home->tambahbarangmasuk()
#2 C:\Users\admin\Downloads\gudang\system\CodeIgniter.php(419): CodeIgniter\CodeIgniter->runController(Object(App\Controllers\Home))
#3 C:\Users\admin\Downloads\gudang\system\CodeIgniter.php(326): CodeIgniter\CodeIgniter->handleRequest(NULL, Object(Config\Cache), false)
#4 C:\Users\admin\Downloads\gudang\public\index.php(37): CodeIgniter\CodeIgniter->run()
#5 C:\Users\admin\Downloads\gudang\system\Commands\Server\rewrite.php(43): require_once('C:\\Users\\admin\\...')
#6 {main}
CRITICAL - 2024-10-29 00:19:31 --> Too few arguments to function App\Models\Model_belajar::tampil(), 1 passed in C:\Users\admin\Downloads\gudang\app\Controllers\Home.php on line 751 and exactly 2 expected
#0 C:\Users\admin\Downloads\gudang\app\Controllers\Home.php(751): App\Models\Model_belajar->tampil('barang')
#1 C:\Users\admin\Downloads\gudang\system\CodeIgniter.php(832): App\Controllers\Home->tambahbarangmasuk()
#2 C:\Users\admin\Downloads\gudang\system\CodeIgniter.php(419): CodeIgniter\CodeIgniter->runController(Object(App\Controllers\Home))
#3 C:\Users\admin\Downloads\gudang\system\CodeIgniter.php(326): CodeIgniter\CodeIgniter->handleRequest(NULL, Object(Config\Cache), false)
#4 C:\Users\admin\Downloads\gudang\public\index.php(37): CodeIgniter\CodeIgniter->run()
#5 C:\Users\admin\Downloads\gudang\system\Commands\Server\rewrite.php(43): require_once('C:\\Users\\admin\\...')
#6 {main}
CRITICAL - 2024-10-29 02:13:38 --> Too few arguments to function App\Models\Model_belajar::tampil(), 1 passed in C:\Users\admin\Downloads\gudang\app\Controllers\Home.php on line 621 and exactly 2 expected
#0 C:\Users\admin\Downloads\gudang\app\Controllers\Home.php(621): App\Models\Model_belajar->tampil('barang')
#1 C:\Users\admin\Downloads\gudang\system\CodeIgniter.php(832): App\Controllers\Home->tambahbarangkeluar()
#2 C:\Users\admin\Downloads\gudang\system\CodeIgniter.php(419): CodeIgniter\CodeIgniter->runController(Object(App\Controllers\Home))
#3 C:\Users\admin\Downloads\gudang\system\CodeIgniter.php(326): CodeIgniter\CodeIgniter->handleRequest(NULL, Object(Config\Cache), false)
#4 C:\Users\admin\Downloads\gudang\public\index.php(37): CodeIgniter\CodeIgniter->run()
#5 C:\Users\admin\Downloads\gudang\system\Commands\Server\rewrite.php(43): require_once('C:\\Users\\admin\\...')
#6 {main}
ERROR - 2024-10-29 02:14:24 --> Unknown column 'id_barangkeluar' in 'order clause'
CRITICAL - 2024-10-29 02:14:24 --> Call to a member function getResult() on bool
#0 C:\Users\admin\Downloads\gudang\app\Controllers\Home.php(623): App\Models\Model_belajar->tampil('barang', 'id_barangkeluar')
#1 C:\Users\admin\Downloads\gudang\system\CodeIgniter.php(832): App\Controllers\Home->tambahbarangkeluar()
#2 C:\Users\admin\Downloads\gudang\system\CodeIgniter.php(419): CodeIgniter\CodeIgniter->runController(Object(App\Controllers\Home))
#3 C:\Users\admin\Downloads\gudang\system\CodeIgniter.php(326): CodeIgniter\CodeIgniter->handleRequest(NULL, Object(Config\Cache), false)
#4 C:\Users\admin\Downloads\gudang\public\index.php(37): CodeIgniter\CodeIgniter->run()
#5 C:\Users\admin\Downloads\gudang\system\Commands\Server\rewrite.php(43): require_once('C:\\Users\\admin\\...')
#6 {main}
ERROR - 2024-10-29 02:14:29 --> Unknown column 'id_barangkeluar' in 'order clause'
CRITICAL - 2024-10-29 02:14:29 --> Call to a member function getResult() on bool
#0 C:\Users\admin\Downloads\gudang\app\Controllers\Home.php(623): App\Models\Model_belajar->tampil('barang', 'id_barangkeluar')
#1 C:\Users\admin\Downloads\gudang\system\CodeIgniter.php(832): App\Controllers\Home->tambahbarangkeluar()
#2 C:\Users\admin\Downloads\gudang\system\CodeIgniter.php(419): CodeIgniter\CodeIgniter->runController(Object(App\Controllers\Home))
#3 C:\Users\admin\Downloads\gudang\system\CodeIgniter.php(326): CodeIgniter\CodeIgniter->handleRequest(NULL, Object(Config\Cache), false)
#4 C:\Users\admin\Downloads\gudang\public\index.php(37): CodeIgniter\CodeIgniter->run()
#5 C:\Users\admin\Downloads\gudang\system\Commands\Server\rewrite.php(43): require_once('C:\\Users\\admin\\...')
#6 {main}
ERROR - 2024-10-29 02:15:27 --> Unknown column 'id_barangkeluar' in 'order clause'
CRITICAL - 2024-10-29 02:15:27 --> Call to a member function getResult() on bool
#0 C:\Users\admin\Downloads\gudang\app\Controllers\Home.php(624): App\Models\Model_belajar->tampil('barang', 'id_barangkeluar')
#1 C:\Users\admin\Downloads\gudang\system\CodeIgniter.php(832): App\Controllers\Home->tambahbarangkeluar()
#2 C:\Users\admin\Downloads\gudang\system\CodeIgniter.php(419): CodeIgniter\CodeIgniter->runController(Object(App\Controllers\Home))
#3 C:\Users\admin\Downloads\gudang\system\CodeIgniter.php(326): CodeIgniter\CodeIgniter->handleRequest(NULL, Object(Config\Cache), false)
#4 C:\Users\admin\Downloads\gudang\public\index.php(37): CodeIgniter\CodeIgniter->run()
#5 C:\Users\admin\Downloads\gudang\system\Commands\Server\rewrite.php(43): require_once('C:\\Users\\admin\\...')
#6 {main}
CRITICAL - 2024-10-29 02:15:37 --> Too few arguments to function App\Models\Model_belajar::tampil(), 1 passed in C:\Users\admin\Downloads\gudang\app\Controllers\Home.php on line 1094 and exactly 2 expected
#0 C:\Users\admin\Downloads\gudang\app\Controllers\Home.php(1094): App\Models\Model_belajar->tampil('barang')
#1 C:\Users\admin\Downloads\gudang\system\CodeIgniter.php(832): App\Controllers\Home->tambahBarangRusak()
#2 C:\Users\admin\Downloads\gudang\system\CodeIgniter.php(419): CodeIgniter\CodeIgniter->runController(Object(App\Controllers\Home))
#3 C:\Users\admin\Downloads\gudang\system\CodeIgniter.php(326): CodeIgniter\CodeIgniter->handleRequest(NULL, Object(Config\Cache), false)
#4 C:\Users\admin\Downloads\gudang\public\index.php(37): CodeIgniter\CodeIgniter->run()
#5 C:\Users\admin\Downloads\gudang\system\Commands\Server\rewrite.php(43): require_once('C:\\Users\\admin\\...')
#6 {main}
ERROR - 2024-10-29 02:15:50 --> Unknown column 'id_barangkeluar' in 'order clause'
CRITICAL - 2024-10-29 02:15:50 --> Call to a member function getResult() on bool
#0 C:\Users\admin\Downloads\gudang\app\Controllers\Home.php(624): App\Models\Model_belajar->tampil('barang', 'id_barangkeluar')
#1 C:\Users\admin\Downloads\gudang\system\CodeIgniter.php(832): App\Controllers\Home->tambahbarangkeluar()
#2 C:\Users\admin\Downloads\gudang\system\CodeIgniter.php(419): CodeIgniter\CodeIgniter->runController(Object(App\Controllers\Home))
#3 C:\Users\admin\Downloads\gudang\system\CodeIgniter.php(326): CodeIgniter\CodeIgniter->handleRequest(NULL, Object(Config\Cache), false)
#4 C:\Users\admin\Downloads\gudang\public\index.php(37): CodeIgniter\CodeIgniter->run()
#5 C:\Users\admin\Downloads\gudang\system\Commands\Server\rewrite.php(43): require_once('C:\\Users\\admin\\...')
#6 {main}
ERROR - 2024-10-29 02:33:45 --> Unknown column 'id_barangkeluar' in 'order clause'
CRITICAL - 2024-10-29 02:33:45 --> Call to a member function getResult() on bool
#0 C:\Users\admin\Downloads\gudang\app\Controllers\Home.php(624): App\Models\Model_belajar->tampil('barang', 'id_barangkeluar')
#1 C:\Users\admin\Downloads\gudang\system\CodeIgniter.php(832): App\Controllers\Home->tambahbarangkeluar()
#2 C:\Users\admin\Downloads\gudang\system\CodeIgniter.php(419): CodeIgniter\CodeIgniter->runController(Object(App\Controllers\Home))
#3 C:\Users\admin\Downloads\gudang\system\CodeIgniter.php(326): CodeIgniter\CodeIgniter->handleRequest(NULL, Object(Config\Cache), false)
#4 C:\Users\admin\Downloads\gudang\public\index.php(37): CodeIgniter\CodeIgniter->run()
#5 C:\Users\admin\Downloads\gudang\system\Commands\Server\rewrite.php(43): require_once('C:\\Users\\admin\\...')
#6 {main}
ERROR - 2024-10-29 02:56:18 --> Unknown column 'id_barangkeluar' in 'order clause'
CRITICAL - 2024-10-29 02:56:18 --> Call to a member function getResult() on bool
#0 C:\Users\admin\Downloads\gudang\app\Controllers\Home.php(624): App\Models\Model_belajar->tampil('barang', 'id_barangkeluar')
#1 C:\Users\admin\Downloads\gudang\system\CodeIgniter.php(832): App\Controllers\Home->tambahbarangkeluar()
#2 C:\Users\admin\Downloads\gudang\system\CodeIgniter.php(419): CodeIgniter\CodeIgniter->runController(Object(App\Controllers\Home))
#3 C:\Users\admin\Downloads\gudang\system\CodeIgniter.php(326): CodeIgniter\CodeIgniter->handleRequest(NULL, Object(Config\Cache), false)
#4 C:\Users\admin\Downloads\gudang\public\index.php(37): CodeIgniter\CodeIgniter->run()
#5 C:\Users\admin\Downloads\gudang\system\Commands\Server\rewrite.php(43): require_once('C:\\Users\\admin\\...')
#6 {main}
CRITICAL - 2024-10-29 02:56:26 --> Too few arguments to function App\Models\Model_belajar::tampil(), 1 passed in C:\Users\admin\Downloads\gudang\app\Controllers\Home.php on line 1094 and exactly 2 expected
#0 C:\Users\admin\Downloads\gudang\app\Controllers\Home.php(1094): App\Models\Model_belajar->tampil('barang')
#1 C:\Users\admin\Downloads\gudang\system\CodeIgniter.php(832): App\Controllers\Home->tambahBarangRusak()
#2 C:\Users\admin\Downloads\gudang\system\CodeIgniter.php(419): CodeIgniter\CodeIgniter->runController(Object(App\Controllers\Home))
#3 C:\Users\admin\Downloads\gudang\system\CodeIgniter.php(326): CodeIgniter\CodeIgniter->handleRequest(NULL, Object(Config\Cache), false)
#4 C:\Users\admin\Downloads\gudang\public\index.php(37): CodeIgniter\CodeIgniter->run()
#5 C:\Users\admin\Downloads\gudang\system\Commands\Server\rewrite.php(43): require_once('C:\\Users\\admin\\...')
#6 {main}
ERROR - 2024-10-29 02:57:46 --> Unknown column 'id_barangkeluar' in 'order clause'
CRITICAL - 2024-10-29 02:57:46 --> Call to a member function getResult() on bool
#0 C:\Users\admin\Downloads\gudang\app\Controllers\Home.php(624): App\Models\Model_belajar->tampil('barang', 'id_barangkeluar')
#1 C:\Users\admin\Downloads\gudang\system\CodeIgniter.php(832): App\Controllers\Home->tambahbarangkeluar()
#2 C:\Users\admin\Downloads\gudang\system\CodeIgniter.php(419): CodeIgniter\CodeIgniter->runController(Object(App\Controllers\Home))
#3 C:\Users\admin\Downloads\gudang\system\CodeIgniter.php(326): CodeIgniter\CodeIgniter->handleRequest(NULL, Object(Config\Cache), false)
#4 C:\Users\admin\Downloads\gudang\public\index.php(37): CodeIgniter\CodeIgniter->run()
#5 C:\Users\admin\Downloads\gudang\system\Commands\Server\rewrite.php(43): require_once('C:\\Users\\admin\\...')
#6 {main}
ERROR - 2024-10-29 03:01:54 --> Unknown column 'id_barangkeluar' in 'order clause'
CRITICAL - 2024-10-29 03:01:54 --> Call to a member function getResult() on bool
#0 C:\Users\admin\Downloads\gudang\app\Controllers\Home.php(624): App\Models\Model_belajar->tampil('barang', 'id_barangkeluar')
#1 C:\Users\admin\Downloads\gudang\system\CodeIgniter.php(832): App\Controllers\Home->tambahbarangkeluar()
#2 C:\Users\admin\Downloads\gudang\system\CodeIgniter.php(419): CodeIgniter\CodeIgniter->runController(Object(App\Controllers\Home))
#3 C:\Users\admin\Downloads\gudang\system\CodeIgniter.php(326): CodeIgniter\CodeIgniter->handleRequest(NULL, Object(Config\Cache), false)
#4 C:\Users\admin\Downloads\gudang\public\index.php(37): CodeIgniter\CodeIgniter->run()
#5 C:\Users\admin\Downloads\gudang\system\Commands\Server\rewrite.php(43): require_once('C:\\Users\\admin\\...')
#6 {main}
CRITICAL - 2024-10-29 03:02:24 --> Too few arguments to function App\Models\Model_belajar::tampil(), 1 passed in C:\Users\admin\Downloads\gudang\app\Controllers\Home.php on line 1093 and exactly 2 expected
#0 C:\Users\admin\Downloads\gudang\app\Controllers\Home.php(1093): App\Models\Model_belajar->tampil('barang')
#1 C:\Users\admin\Downloads\gudang\system\CodeIgniter.php(832): App\Controllers\Home->tambahBarangRusak()
#2 C:\Users\admin\Downloads\gudang\system\CodeIgniter.php(419): CodeIgniter\CodeIgniter->runController(Object(App\Controllers\Home))
#3 C:\Users\admin\Downloads\gudang\system\CodeIgniter.php(326): CodeIgniter\CodeIgniter->handleRequest(NULL, Object(Config\Cache), false)
#4 C:\Users\admin\Downloads\gudang\public\index.php(37): CodeIgniter\CodeIgniter->run()
#5 C:\Users\admin\Downloads\gudang\system\Commands\Server\rewrite.php(43): require_once('C:\\Users\\admin\\...')
#6 {main}
CRITICAL - 2024-10-29 03:03:27 --> Argument 1 passed to CodeIgniter\Database\BaseBuilder::orderBy() must be of the type string, null given, called in C:\Users\admin\Downloads\gudang\app\Models\Model_belajar.php on line 12
#0 C:\Users\admin\Downloads\gudang\app\Models\Model_belajar.php(12): CodeIgniter\Database\BaseBuilder->orderBy(NULL, 'desc')
#1 C:\Users\admin\Downloads\gudang\app\Controllers\Home.php(1093): App\Models\Model_belajar->tampil('barang', NULL)
#2 C:\Users\admin\Downloads\gudang\system\CodeIgniter.php(832): App\Controllers\Home->tambahBarangRusak()
#3 C:\Users\admin\Downloads\gudang\system\CodeIgniter.php(419): CodeIgniter\CodeIgniter->runController(Object(App\Controllers\Home))
#4 C:\Users\admin\Downloads\gudang\system\CodeIgniter.php(326): CodeIgniter\CodeIgniter->handleRequest(NULL, Object(Config\Cache), false)
#5 C:\Users\admin\Downloads\gudang\public\index.php(37): CodeIgniter\CodeIgniter->run()
#6 C:\Users\admin\Downloads\gudang\system\Commands\Server\rewrite.php(43): require_once('C:\\Users\\admin\\...')
#7 {main}
CRITICAL - 2024-10-29 03:03:30 --> Argument 1 passed to CodeIgniter\Database\BaseBuilder::orderBy() must be of the type string, null given, called in C:\Users\admin\Downloads\gudang\app\Models\Model_belajar.php on line 12
#0 C:\Users\admin\Downloads\gudang\app\Models\Model_belajar.php(12): CodeIgniter\Database\BaseBuilder->orderBy(NULL, 'desc')
#1 C:\Users\admin\Downloads\gudang\app\Controllers\Home.php(1093): App\Models\Model_belajar->tampil('barang', NULL)
#2 C:\Users\admin\Downloads\gudang\system\CodeIgniter.php(832): App\Controllers\Home->tambahBarangRusak()
#3 C:\Users\admin\Downloads\gudang\system\CodeIgniter.php(419): CodeIgniter\CodeIgniter->runController(Object(App\Controllers\Home))
#4 C:\Users\admin\Downloads\gudang\system\CodeIgniter.php(326): CodeIgniter\CodeIgniter->handleRequest(NULL, Object(Config\Cache), false)
#5 C:\Users\admin\Downloads\gudang\public\index.php(37): CodeIgniter\CodeIgniter->run()
#6 C:\Users\admin\Downloads\gudang\system\Commands\Server\rewrite.php(43): require_once('C:\\Users\\admin\\...')
#7 {main}
ERROR - 2024-10-29 03:03:55 --> Unknown column 'id_barangrusak' in 'order clause'
CRITICAL - 2024-10-29 03:03:55 --> Call to a member function getResult() on bool
#0 C:\Users\admin\Downloads\gudang\app\Controllers\Home.php(1094): App\Models\Model_belajar->tampil('barang', 'id_barangrusak')
#1 C:\Users\admin\Downloads\gudang\system\CodeIgniter.php(832): App\Controllers\Home->tambahBarangRusak()
#2 C:\Users\admin\Downloads\gudang\system\CodeIgniter.php(419): CodeIgniter\CodeIgniter->runController(Object(App\Controllers\Home))
#3 C:\Users\admin\Downloads\gudang\system\CodeIgniter.php(326): CodeIgniter\CodeIgniter->handleRequest(NULL, Object(Config\Cache), false)
#4 C:\Users\admin\Downloads\gudang\public\index.php(37): CodeIgniter\CodeIgniter->run()
#5 C:\Users\admin\Downloads\gudang\system\Commands\Server\rewrite.php(43): require_once('C:\\Users\\admin\\...')
#6 {main}
ERROR - 2024-10-29 03:04:18 --> Unknown column 'id_barangmasuk' in 'order clause'
CRITICAL - 2024-10-29 03:04:18 --> Call to a member function getResult() on bool
#0 C:\Users\admin\Downloads\gudang\app\Controllers\Home.php(755): App\Models\Model_belajar->tampil('barang', 'id_barangmasuk')
#1 C:\Users\admin\Downloads\gudang\system\CodeIgniter.php(832): App\Controllers\Home->tambahbarangmasuk()
#2 C:\Users\admin\Downloads\gudang\system\CodeIgniter.php(419): CodeIgniter\CodeIgniter->runController(Object(App\Controllers\Home))
#3 C:\Users\admin\Downloads\gudang\system\CodeIgniter.php(326): CodeIgniter\CodeIgniter->handleRequest(NULL, Object(Config\Cache), false)
#4 C:\Users\admin\Downloads\gudang\public\index.php(37): CodeIgniter\CodeIgniter->run()
#5 C:\Users\admin\Downloads\gudang\system\Commands\Server\rewrite.php(43): require_once('C:\\Users\\admin\\...')
#6 {main}
ERROR - 2024-10-29 03:04:20 --> Unknown column 'id_barangmasuk' in 'order clause'
CRITICAL - 2024-10-29 03:04:20 --> Call to a member function getResult() on bool
#0 C:\Users\admin\Downloads\gudang\app\Controllers\Home.php(755): App\Models\Model_belajar->tampil('barang', 'id_barangmasuk')
#1 C:\Users\admin\Downloads\gudang\system\CodeIgniter.php(832): App\Controllers\Home->tambahbarangmasuk()
#2 C:\Users\admin\Downloads\gudang\system\CodeIgniter.php(419): CodeIgniter\CodeIgniter->runController(Object(App\Controllers\Home))
#3 C:\Users\admin\Downloads\gudang\system\CodeIgniter.php(326): CodeIgniter\CodeIgniter->handleRequest(NULL, Object(Config\Cache), false)
#4 C:\Users\admin\Downloads\gudang\public\index.php(37): CodeIgniter\CodeIgniter->run()
#5 C:\Users\admin\Downloads\gudang\system\Commands\Server\rewrite.php(43): require_once('C:\\Users\\admin\\...')
#6 {main}
ERROR - 2024-10-29 19:08:22 --> Error connecting to the database: No connection could be made because the target machine actively refused it.

CRITICAL - 2024-10-29 19:08:22 --> Unable to connect to the database.
Main connection [MySQLi]: No connection could be made because the target machine actively refused it.

#0 C:\Users\admin\Downloads\gudang\system\Database\BaseConnection.php(577): CodeIgniter\Database\BaseConnection->initialize()
#1 C:\Users\admin\Downloads\gudang\system\Database\BaseBuilder.php(1588): CodeIgniter\Database\BaseConnection->query('SELECT *\nFROM `...', Array, false)
#2 C:\Users\admin\Downloads\gudang\app\Models\Model_belajar.php(47): CodeIgniter\Database\BaseBuilder->getWhere(Array)
#3 C:\Users\admin\Downloads\gudang\app\Controllers\Home.php(23): App\Models\Model_belajar->getWhere('user', Array)
#4 C:\Users\admin\Downloads\gudang\system\CodeIgniter.php(832): App\Controllers\Home->aksi_login()
#5 C:\Users\admin\Downloads\gudang\system\CodeIgniter.php(419): CodeIgniter\CodeIgniter->runController(Object(App\Controllers\Home))
#6 C:\Users\admin\Downloads\gudang\system\CodeIgniter.php(326): CodeIgniter\CodeIgniter->handleRequest(NULL, Object(Config\Cache), false)
#7 C:\Users\admin\Downloads\gudang\public\index.php(37): CodeIgniter\CodeIgniter->run()
#8 C:\Users\admin\Downloads\gudang\system\Commands\Server\rewrite.php(43): require_once('C:\\Users\\admin\\...')
#9 {main}
ERROR - 2024-10-29 21:26:06 --> Duplicate entry '0' for key 'PRIMARY'
ERROR - 2024-10-29 21:26:29 --> Duplicate entry '0' for key 'PRIMARY'
ERROR - 2024-10-29 21:27:33 --> Duplicate entry '0' for key 'PRIMARY'
CRITICAL - 2024-10-29 21:34:24 --> Barang with ID: assets not found.
#0 C:\Users\admin\Downloads\gudang\system\CodeIgniter.php(832): App\Controllers\Home->editbarang('assets', 'img', 'messages-1.jpg')
#1 C:\Users\admin\Downloads\gudang\system\CodeIgniter.php(419): CodeIgniter\CodeIgniter->runController(Object(App\Controllers\Home))
#2 C:\Users\admin\Downloads\gudang\system\CodeIgniter.php(326): CodeIgniter\CodeIgniter->handleRequest(NULL, Object(Config\Cache), false)
#3 C:\Users\admin\Downloads\gudang\public\index.php(37): CodeIgniter\CodeIgniter->run()
#4 C:\Users\admin\Downloads\gudang\system\Commands\Server\rewrite.php(43): require_once('C:\\Users\\admin\\...')
#5 {main}
CRITICAL - 2024-10-29 21:34:24 --> Barang with ID: assets not found.
#0 C:\Users\admin\Downloads\gudang\system\CodeIgniter.php(832): App\Controllers\Home->editbarang('assets', 'img', 'messages-2.jpg')
#1 C:\Users\admin\Downloads\gudang\system\CodeIgniter.php(419): CodeIgniter\CodeIgniter->runController(Object(App\Controllers\Home))
#2 C:\Users\admin\Downloads\gudang\system\CodeIgniter.php(326): CodeIgniter\CodeIgniter->handleRequest(NULL, Object(Config\Cache), false)
#3 C:\Users\admin\Downloads\gudang\public\index.php(37): CodeIgniter\CodeIgniter->run()
#4 C:\Users\admin\Downloads\gudang\system\Commands\Server\rewrite.php(43): require_once('C:\\Users\\admin\\...')
#5 {main}
CRITICAL - 2024-10-29 21:34:24 --> Barang with ID: assets not found.
#0 C:\Users\admin\Downloads\gudang\system\CodeIgniter.php(832): App\Controllers\Home->editbarang('assets', 'img', 'messages-3.jpg')
#1 C:\Users\admin\Downloads\gudang\system\CodeIgniter.php(419): CodeIgniter\CodeIgniter->runController(Object(App\Controllers\Home))
#2 C:\Users\admin\Downloads\gudang\system\CodeIgniter.php(326): CodeIgniter\CodeIgniter->handleRequest(NULL, Object(Config\Cache), false)
#3 C:\Users\admin\Downloads\gudang\public\index.php(37): CodeIgniter\CodeIgniter->run()
#4 C:\Users\admin\Downloads\gudang\system\Commands\Server\rewrite.php(43): require_once('C:\\Users\\admin\\...')
#5 {main}
ERROR - 2024-10-29 21:35:25 --> Duplicate entry '0' for key 'PRIMARY'
CRITICAL - 2024-10-29 21:44:15 --> Too few arguments to function App\Controllers\Home::hapus_baranggg(), 0 passed in C:\Users\admin\Downloads\gudang\system\CodeIgniter.php on line 832 and exactly 1 expected
#0 C:\Users\admin\Downloads\gudang\system\CodeIgniter.php(832): App\Controllers\Home->hapus_baranggg()
#1 C:\Users\admin\Downloads\gudang\system\CodeIgniter.php(419): CodeIgniter\CodeIgniter->runController(Object(App\Controllers\Home))
#2 C:\Users\admin\Downloads\gudang\system\CodeIgniter.php(326): CodeIgniter\CodeIgniter->handleRequest(NULL, Object(Config\Cache), false)
#3 C:\Users\admin\Downloads\gudang\public\index.php(37): CodeIgniter\CodeIgniter->run()
#4 C:\Users\admin\Downloads\gudang\system\Commands\Server\rewrite.php(43): require_once('C:\\Users\\admin\\...')
#5 {main}
ERROR - 2024-10-29 21:49:51 --> Unknown column 'id_barangmasuk' in 'where clause'
ERROR - 2024-10-29 21:50:09 --> Unknown column 'id_barangmasuk' in 'where clause'
ERROR - 2024-10-29 21:50:13 --> Unknown column 'id_barangmasuk' in 'where clause'
ERROR - 2024-10-29 21:50:33 --> Unknown column 'id_barangmasuk' in 'where clause'
ERROR - 2024-10-29 21:50:35 --> Unknown column 'id_barangmasuk' in 'where clause'
CRITICAL - 2024-10-29 21:56:31 --> Invalid argument supplied for foreach()
#0 C:\Users\admin\Downloads\gudang\app\Views\hahaha.php(45): CodeIgniter\Debug\Exceptions->errorHandler(2, 'Invalid argumen...', 'C:\\Users\\admin\\...', 45, Array)
#1 C:\Users\admin\Downloads\gudang\system\View\View.php(210): include('C:\\Users\\admin\\...')
#2 C:\Users\admin\Downloads\gudang\system\View\View.php(213): CodeIgniter\View\View->CodeIgniter\View\{closure}()
#3 C:\Users\admin\Downloads\gudang\system\Common.php(1089): CodeIgniter\View\View->render('hahaha.php', Array, true)
#4 C:\Users\admin\Downloads\gudang\app\Controllers\Home.php(116): view('hahaha.php')
#5 C:\Users\admin\Downloads\gudang\system\CodeIgniter.php(832): App\Controllers\Home->hahaha()
#6 C:\Users\admin\Downloads\gudang\system\CodeIgniter.php(419): CodeIgniter\CodeIgniter->runController(Object(App\Controllers\Home))
#7 C:\Users\admin\Downloads\gudang\system\CodeIgniter.php(326): CodeIgniter\CodeIgniter->handleRequest(NULL, Object(Config\Cache), false)
#8 C:\Users\admin\Downloads\gudang\public\index.php(37): CodeIgniter\CodeIgniter->run()
#9 C:\Users\admin\Downloads\gudang\system\Commands\Server\rewrite.php(43): require_once('C:\\Users\\admin\\...')
#10 {main}
CRITICAL - 2024-10-29 21:57:45 --> Invalid argument supplied for foreach()
#0 C:\Users\admin\Downloads\gudang\app\Views\hahaha.php(45): CodeIgniter\Debug\Exceptions->errorHandler(2, 'Invalid argumen...', 'C:\\Users\\admin\\...', 45, Array)
#1 C:\Users\admin\Downloads\gudang\system\View\View.php(210): include('C:\\Users\\admin\\...')
#2 C:\Users\admin\Downloads\gudang\system\View\View.php(213): CodeIgniter\View\View->CodeIgniter\View\{closure}()
#3 C:\Users\admin\Downloads\gudang\system\Common.php(1089): CodeIgniter\View\View->render('hahaha.php', Array, true)
#4 C:\Users\admin\Downloads\gudang\app\Controllers\Home.php(116): view('hahaha.php')
#5 C:\Users\admin\Downloads\gudang\system\CodeIgniter.php(832): App\Controllers\Home->hahaha()
#6 C:\Users\admin\Downloads\gudang\system\CodeIgniter.php(419): CodeIgniter\CodeIgniter->runController(Object(App\Controllers\Home))
#7 C:\Users\admin\Downloads\gudang\system\CodeIgniter.php(326): CodeIgniter\CodeIgniter->handleRequest(NULL, Object(Config\Cache), false)
#8 C:\Users\admin\Downloads\gudang\public\index.php(37): CodeIgniter\CodeIgniter->run()
#9 C:\Users\admin\Downloads\gudang\system\Commands\Server\rewrite.php(43): require_once('C:\\Users\\admin\\...')
#10 {main}
ERROR - 2024-10-29 22:10:23 --> Unknown column 'id_barangmasuk' in 'where clause'
ERROR - 2024-10-29 22:10:25 --> Unknown column 'id_barangmasuk' in 'where clause'
ERROR - 2024-10-29 22:11:07 --> Unknown column 'id_barangmasuk' in 'where clause'
ERROR - 2024-10-29 22:11:09 --> Unknown column 'id_barangmasuk' in 'where clause'
ERROR - 2024-10-29 22:12:41 --> Duplicate entry '0' for key 'PRIMARY'
ERROR - 2024-10-29 22:12:54 --> Duplicate entry '0' for key 'PRIMARY'
ERROR - 2024-10-29 22:15:25 --> Unknown column 'id_barangmasuk' in 'where clause'
ERROR - 2024-10-29 22:15:40 --> Duplicate entry '0' for key 'PRIMARY'
ERROR - 2024-10-29 22:18:39 --> Unknown column 'id_barangmasuk' in 'where clause'
ERROR - 2024-10-29 22:18:41 --> Unknown column 'id_barangmasuk' in 'where clause'
ERROR - 2024-10-29 22:18:44 --> Unknown column 'id_barangmasuk' in 'where clause'
ERROR - 2024-10-29 22:20:22 --> Duplicate entry '0' for key 'PRIMARY'
ERROR - 2024-10-29 22:24:54 --> Duplicate entry '0' for key 'PRIMARY'
ERROR - 2024-10-29 22:25:59 --> Duplicate entry '0' for key 'PRIMARY'
ERROR - 2024-10-29 22:29:55 --> Duplicate entry '0' for key 'PRIMARY'
ERROR - 2024-10-29 22:43:19 --> Unknown column 'id_barangmasuk' in 'where clause'
ERROR - 2024-10-29 22:43:21 --> Unknown column 'id_barangmasuk' in 'where clause'
ERROR - 2024-10-29 22:48:06 --> Unknown column 'id_barangmasuk' in 'where clause'
ERROR - 2024-10-29 22:48:08 --> Unknown column 'id_barangmasuk' in 'where clause'
ERROR - 2024-10-29 22:49:05 --> Unknown column 'id_barangmasuk' in 'where clause'
ERROR - 2024-10-29 22:49:06 --> Unknown column 'id_barangmasuk' in 'where clause'
ERROR - 2024-10-29 22:49:08 --> Unknown column 'id_barangmasuk' in 'where clause'
