ERROR - 2024-11-12 03:53:50 --> Unknown column 'tanggal_upload' in 'order clause'
CRITICAL - 2024-11-12 03:53:50 --> Call to a member function getResult() on bool
#0 C:\Users\admin\Music\eoffice2\app\Controllers\Home.php(1527): App\Models\Model_belajar->tampil('dokumen_absensi', 'tanggal_upload')
#1 C:\Users\admin\Music\eoffice2\system\CodeIgniter.php(832): App\Controllers\Home->dokumenAbsensi()
#2 C:\Users\admin\Music\eoffice2\system\CodeIgniter.php(419): CodeIgniter\CodeIgniter->runController(Object(App\Controllers\Home))
#3 C:\Users\admin\Music\eoffice2\system\CodeIgniter.php(326): CodeIgniter\CodeIgniter->handleRequest(NULL, Object(Config\Cache), false)
#4 C:\Users\admin\Music\eoffice2\public\index.php(37): CodeIgniter\CodeIgniter->run()
#5 C:\Users\admin\Music\eoffice2\system\Commands\Server\rewrite.php(43): require_once('C:\\Users\\admin\\...')
#6 {main}
ERROR - 2024-11-12 03:53:54 --> Unknown column 'tanggal_upload' in 'order clause'
CRITICAL - 2024-11-12 03:53:54 --> Call to a member function getResult() on bool
#0 C:\Users\admin\Music\eoffice2\app\Controllers\Home.php(1527): App\Models\Model_belajar->tampil('dokumen_absensi', 'tanggal_upload')
#1 C:\Users\admin\Music\eoffice2\system\CodeIgniter.php(832): App\Controllers\Home->dokumenAbsensi()
#2 C:\Users\admin\Music\eoffice2\system\CodeIgniter.php(419): CodeIgniter\CodeIgniter->runController(Object(App\Controllers\Home))
#3 C:\Users\admin\Music\eoffice2\system\CodeIgniter.php(326): CodeIgniter\CodeIgniter->handleRequest(NULL, Object(Config\Cache), false)
#4 C:\Users\admin\Music\eoffice2\public\index.php(37): CodeIgniter\CodeIgniter->run()
#5 C:\Users\admin\Music\eoffice2\system\Commands\Server\rewrite.php(43): require_once('C:\\Users\\admin\\...')
#6 {main}
ERROR - 2024-11-12 03:54:00 --> Unknown column 'tanggal_upload' in 'order clause'
CRITICAL - 2024-11-12 03:54:00 --> Call to a member function getResult() on bool
#0 C:\Users\admin\Music\eoffice2\app\Controllers\Home.php(1527): App\Models\Model_belajar->tampil('dokumen_absensi', 'tanggal_upload')
#1 C:\Users\admin\Music\eoffice2\system\CodeIgniter.php(832): App\Controllers\Home->dokumenAbsensi()
#2 C:\Users\admin\Music\eoffice2\system\CodeIgniter.php(419): CodeIgniter\CodeIgniter->runController(Object(App\Controllers\Home))
#3 C:\Users\admin\Music\eoffice2\system\CodeIgniter.php(326): CodeIgniter\CodeIgniter->handleRequest(NULL, Object(Config\Cache), false)
#4 C:\Users\admin\Music\eoffice2\public\index.php(37): CodeIgniter\CodeIgniter->run()
#5 C:\Users\admin\Music\eoffice2\system\Commands\Server\rewrite.php(43): require_once('C:\\Users\\admin\\...')
#6 {main}
ERROR - 2024-11-12 03:54:28 --> Unknown column 'tanggal_upload' in 'order clause'
CRITICAL - 2024-11-12 03:54:28 --> Call to a member function getResult() on bool
#0 C:\Users\admin\Music\eoffice2\app\Controllers\Home.php(1527): App\Models\Model_belajar->tampil('dokumen_absensi', 'tanggal_upload')
#1 C:\Users\admin\Music\eoffice2\system\CodeIgniter.php(832): App\Controllers\Home->dokumenAbsensi()
#2 C:\Users\admin\Music\eoffice2\system\CodeIgniter.php(419): CodeIgniter\CodeIgniter->runController(Object(App\Controllers\Home))
#3 C:\Users\admin\Music\eoffice2\system\CodeIgniter.php(326): CodeIgniter\CodeIgniter->handleRequest(NULL, Object(Config\Cache), false)
#4 C:\Users\admin\Music\eoffice2\public\index.php(37): CodeIgniter\CodeIgniter->run()
#5 C:\Users\admin\Music\eoffice2\system\Commands\Server\rewrite.php(43): require_once('C:\\Users\\admin\\...')
#6 {main}
ERROR - 2024-11-12 03:54:29 --> Unknown column 'tanggal_upload' in 'order clause'
CRITICAL - 2024-11-12 03:54:29 --> Call to a member function getResult() on bool
#0 C:\Users\admin\Music\eoffice2\app\Controllers\Home.php(1527): App\Models\Model_belajar->tampil('dokumen_absensi', 'tanggal_upload')
#1 C:\Users\admin\Music\eoffice2\system\CodeIgniter.php(832): App\Controllers\Home->dokumenAbsensi()
#2 C:\Users\admin\Music\eoffice2\system\CodeIgniter.php(419): CodeIgniter\CodeIgniter->runController(Object(App\Controllers\Home))
#3 C:\Users\admin\Music\eoffice2\system\CodeIgniter.php(326): CodeIgniter\CodeIgniter->handleRequest(NULL, Object(Config\Cache), false)
#4 C:\Users\admin\Music\eoffice2\public\index.php(37): CodeIgniter\CodeIgniter->run()
#5 C:\Users\admin\Music\eoffice2\system\Commands\Server\rewrite.php(43): require_once('C:\\Users\\admin\\...')
#6 {main}
ERROR - 2024-11-12 03:54:33 --> Unknown column 'tanggal_upload' in 'order clause'
CRITICAL - 2024-11-12 03:54:33 --> Call to a member function getResult() on bool
#0 C:\Users\admin\Music\eoffice2\app\Controllers\Home.php(1527): App\Models\Model_belajar->tampil('dokumen_absensi', 'tanggal_upload')
#1 C:\Users\admin\Music\eoffice2\system\CodeIgniter.php(832): App\Controllers\Home->dokumenAbsensi()
#2 C:\Users\admin\Music\eoffice2\system\CodeIgniter.php(419): CodeIgniter\CodeIgniter->runController(Object(App\Controllers\Home))
#3 C:\Users\admin\Music\eoffice2\system\CodeIgniter.php(326): CodeIgniter\CodeIgniter->handleRequest(NULL, Object(Config\Cache), false)
#4 C:\Users\admin\Music\eoffice2\public\index.php(37): CodeIgniter\CodeIgniter->run()
#5 C:\Users\admin\Music\eoffice2\system\Commands\Server\rewrite.php(43): require_once('C:\\Users\\admin\\...')
#6 {main}
ERROR - 2024-11-12 03:54:39 --> Unknown column 'tanggal_upload' in 'order clause'
CRITICAL - 2024-11-12 03:54:39 --> Call to a member function getResult() on bool
#0 C:\Users\admin\Music\eoffice2\app\Controllers\Home.php(1527): App\Models\Model_belajar->tampil('dokumen_absensi', 'tanggal_upload')
#1 C:\Users\admin\Music\eoffice2\system\CodeIgniter.php(832): App\Controllers\Home->dokumenAbsensi()
#2 C:\Users\admin\Music\eoffice2\system\CodeIgniter.php(419): CodeIgniter\CodeIgniter->runController(Object(App\Controllers\Home))
#3 C:\Users\admin\Music\eoffice2\system\CodeIgniter.php(326): CodeIgniter\CodeIgniter->handleRequest(NULL, Object(Config\Cache), false)
#4 C:\Users\admin\Music\eoffice2\public\index.php(37): CodeIgniter\CodeIgniter->run()
#5 C:\Users\admin\Music\eoffice2\system\Commands\Server\rewrite.php(43): require_once('C:\\Users\\admin\\...')
#6 {main}
ERROR - 2024-11-12 03:54:40 --> Unknown column 'tanggal_upload' in 'order clause'
CRITICAL - 2024-11-12 03:54:40 --> Call to a member function getResult() on bool
#0 C:\Users\admin\Music\eoffice2\app\Controllers\Home.php(1527): App\Models\Model_belajar->tampil('dokumen_absensi', 'tanggal_upload')
#1 C:\Users\admin\Music\eoffice2\system\CodeIgniter.php(832): App\Controllers\Home->dokumenAbsensi()
#2 C:\Users\admin\Music\eoffice2\system\CodeIgniter.php(419): CodeIgniter\CodeIgniter->runController(Object(App\Controllers\Home))
#3 C:\Users\admin\Music\eoffice2\system\CodeIgniter.php(326): CodeIgniter\CodeIgniter->handleRequest(NULL, Object(Config\Cache), false)
#4 C:\Users\admin\Music\eoffice2\public\index.php(37): CodeIgniter\CodeIgniter->run()
#5 C:\Users\admin\Music\eoffice2\system\Commands\Server\rewrite.php(43): require_once('C:\\Users\\admin\\...')
#6 {main}
ERROR - 2024-11-12 03:54:40 --> Unknown column 'tanggal_upload' in 'order clause'
CRITICAL - 2024-11-12 03:54:40 --> Call to a member function getResult() on bool
#0 C:\Users\admin\Music\eoffice2\app\Controllers\Home.php(1527): App\Models\Model_belajar->tampil('dokumen_absensi', 'tanggal_upload')
#1 C:\Users\admin\Music\eoffice2\system\CodeIgniter.php(832): App\Controllers\Home->dokumenAbsensi()
#2 C:\Users\admin\Music\eoffice2\system\CodeIgniter.php(419): CodeIgniter\CodeIgniter->runController(Object(App\Controllers\Home))
#3 C:\Users\admin\Music\eoffice2\system\CodeIgniter.php(326): CodeIgniter\CodeIgniter->handleRequest(NULL, Object(Config\Cache), false)
#4 C:\Users\admin\Music\eoffice2\public\index.php(37): CodeIgniter\CodeIgniter->run()
#5 C:\Users\admin\Music\eoffice2\system\Commands\Server\rewrite.php(43): require_once('C:\\Users\\admin\\...')
#6 {main}
ERROR - 2024-11-12 03:54:43 --> Unknown column 'tanggal_upload' in 'order clause'
CRITICAL - 2024-11-12 03:54:43 --> Call to a member function getResult() on bool
#0 C:\Users\admin\Music\eoffice2\app\Controllers\Home.php(1527): App\Models\Model_belajar->tampil('dokumen_absensi', 'tanggal_upload')
#1 C:\Users\admin\Music\eoffice2\system\CodeIgniter.php(832): App\Controllers\Home->dokumenAbsensi()
#2 C:\Users\admin\Music\eoffice2\system\CodeIgniter.php(419): CodeIgniter\CodeIgniter->runController(Object(App\Controllers\Home))
#3 C:\Users\admin\Music\eoffice2\system\CodeIgniter.php(326): CodeIgniter\CodeIgniter->handleRequest(NULL, Object(Config\Cache), false)
#4 C:\Users\admin\Music\eoffice2\public\index.php(37): CodeIgniter\CodeIgniter->run()
#5 C:\Users\admin\Music\eoffice2\system\Commands\Server\rewrite.php(43): require_once('C:\\Users\\admin\\...')
#6 {main}
ERROR - 2024-11-12 03:54:54 --> Unknown column 'tanggal_upload' in 'order clause'
CRITICAL - 2024-11-12 03:54:54 --> Call to a member function getResult() on bool
#0 C:\Users\admin\Music\eoffice2\app\Controllers\Home.php(1527): App\Models\Model_belajar->tampil('dokumen_absensi', 'tanggal_upload')
#1 C:\Users\admin\Music\eoffice2\system\CodeIgniter.php(832): App\Controllers\Home->dokumenAbsensi()
#2 C:\Users\admin\Music\eoffice2\system\CodeIgniter.php(419): CodeIgniter\CodeIgniter->runController(Object(App\Controllers\Home))
#3 C:\Users\admin\Music\eoffice2\system\CodeIgniter.php(326): CodeIgniter\CodeIgniter->handleRequest(NULL, Object(Config\Cache), false)
#4 C:\Users\admin\Music\eoffice2\public\index.php(37): CodeIgniter\CodeIgniter->run()
#5 C:\Users\admin\Music\eoffice2\system\Commands\Server\rewrite.php(43): require_once('C:\\Users\\admin\\...')
#6 {main}
ERROR - 2024-11-12 03:54:55 --> Unknown column 'tanggal_upload' in 'order clause'
CRITICAL - 2024-11-12 03:54:55 --> Call to a member function getResult() on bool
#0 C:\Users\admin\Music\eoffice2\app\Controllers\Home.php(1527): App\Models\Model_belajar->tampil('dokumen_absensi', 'tanggal_upload')
#1 C:\Users\admin\Music\eoffice2\system\CodeIgniter.php(832): App\Controllers\Home->dokumenAbsensi()
#2 C:\Users\admin\Music\eoffice2\system\CodeIgniter.php(419): CodeIgniter\CodeIgniter->runController(Object(App\Controllers\Home))
#3 C:\Users\admin\Music\eoffice2\system\CodeIgniter.php(326): CodeIgniter\CodeIgniter->handleRequest(NULL, Object(Config\Cache), false)
#4 C:\Users\admin\Music\eoffice2\public\index.php(37): CodeIgniter\CodeIgniter->run()
#5 C:\Users\admin\Music\eoffice2\system\Commands\Server\rewrite.php(43): require_once('C:\\Users\\admin\\...')
#6 {main}
ERROR - 2024-11-12 03:54:58 --> Unknown column 'tanggal_upload' in 'order clause'
CRITICAL - 2024-11-12 03:54:58 --> Call to a member function getResult() on bool
#0 C:\Users\admin\Music\eoffice2\app\Controllers\Home.php(1527): App\Models\Model_belajar->tampil('dokumen_absensi', 'tanggal_upload')
#1 C:\Users\admin\Music\eoffice2\system\CodeIgniter.php(832): App\Controllers\Home->dokumenAbsensi()
#2 C:\Users\admin\Music\eoffice2\system\CodeIgniter.php(419): CodeIgniter\CodeIgniter->runController(Object(App\Controllers\Home))
#3 C:\Users\admin\Music\eoffice2\system\CodeIgniter.php(326): CodeIgniter\CodeIgniter->handleRequest(NULL, Object(Config\Cache), false)
#4 C:\Users\admin\Music\eoffice2\public\index.php(37): CodeIgniter\CodeIgniter->run()
#5 C:\Users\admin\Music\eoffice2\system\Commands\Server\rewrite.php(43): require_once('C:\\Users\\admin\\...')
#6 {main}
ERROR - 2024-11-12 03:56:18 --> Unknown column 'tanggal_upload' in 'order clause'
CRITICAL - 2024-11-12 03:56:18 --> Call to a member function getResult() on bool
#0 C:\Users\admin\Music\eoffice2\app\Controllers\Home.php(1527): App\Models\Model_belajar->tampil('dokumen_absensi', 'tanggal_upload')
#1 C:\Users\admin\Music\eoffice2\system\CodeIgniter.php(832): App\Controllers\Home->dokumenAbsensi()
#2 C:\Users\admin\Music\eoffice2\system\CodeIgniter.php(419): CodeIgniter\CodeIgniter->runController(Object(App\Controllers\Home))
#3 C:\Users\admin\Music\eoffice2\system\CodeIgniter.php(326): CodeIgniter\CodeIgniter->handleRequest(NULL, Object(Config\Cache), false)
#4 C:\Users\admin\Music\eoffice2\public\index.php(37): CodeIgniter\CodeIgniter->run()
#5 C:\Users\admin\Music\eoffice2\system\Commands\Server\rewrite.php(43): require_once('C:\\Users\\admin\\...')
#6 {main}
ERROR - 2024-11-12 03:56:19 --> Unknown column 'tanggal_upload' in 'order clause'
CRITICAL - 2024-11-12 03:56:19 --> Call to a member function getResult() on bool
#0 C:\Users\admin\Music\eoffice2\app\Controllers\Home.php(1527): App\Models\Model_belajar->tampil('dokumen_absensi', 'tanggal_upload')
#1 C:\Users\admin\Music\eoffice2\system\CodeIgniter.php(832): App\Controllers\Home->dokumenAbsensi()
#2 C:\Users\admin\Music\eoffice2\system\CodeIgniter.php(419): CodeIgniter\CodeIgniter->runController(Object(App\Controllers\Home))
#3 C:\Users\admin\Music\eoffice2\system\CodeIgniter.php(326): CodeIgniter\CodeIgniter->handleRequest(NULL, Object(Config\Cache), false)
#4 C:\Users\admin\Music\eoffice2\public\index.php(37): CodeIgniter\CodeIgniter->run()
#5 C:\Users\admin\Music\eoffice2\system\Commands\Server\rewrite.php(43): require_once('C:\\Users\\admin\\...')
#6 {main}
ERROR - 2024-11-12 03:56:21 --> Unknown column 'tanggal_upload' in 'order clause'
CRITICAL - 2024-11-12 03:56:21 --> Call to a member function getResult() on bool
#0 C:\Users\admin\Music\eoffice2\app\Controllers\Home.php(1527): App\Models\Model_belajar->tampil('dokumen_absensi', 'tanggal_upload')
#1 C:\Users\admin\Music\eoffice2\system\CodeIgniter.php(832): App\Controllers\Home->dokumenAbsensi()
#2 C:\Users\admin\Music\eoffice2\system\CodeIgniter.php(419): CodeIgniter\CodeIgniter->runController(Object(App\Controllers\Home))
#3 C:\Users\admin\Music\eoffice2\system\CodeIgniter.php(326): CodeIgniter\CodeIgniter->handleRequest(NULL, Object(Config\Cache), false)
#4 C:\Users\admin\Music\eoffice2\public\index.php(37): CodeIgniter\CodeIgniter->run()
#5 C:\Users\admin\Music\eoffice2\system\Commands\Server\rewrite.php(43): require_once('C:\\Users\\admin\\...')
#6 {main}
ERROR - 2024-11-12 03:57:32 --> Unknown column 'tanggal_upload' in 'order clause'
CRITICAL - 2024-11-12 03:57:32 --> Call to a member function getResult() on bool
#0 C:\Users\admin\Music\eoffice2\app\Controllers\Home.php(1527): App\Models\Model_belajar->tampil('dokumen_absensi', 'tanggal_upload')
#1 C:\Users\admin\Music\eoffice2\system\CodeIgniter.php(832): App\Controllers\Home->dokumenAbsensi()
#2 C:\Users\admin\Music\eoffice2\system\CodeIgniter.php(419): CodeIgniter\CodeIgniter->runController(Object(App\Controllers\Home))
#3 C:\Users\admin\Music\eoffice2\system\CodeIgniter.php(326): CodeIgniter\CodeIgniter->handleRequest(NULL, Object(Config\Cache), false)
#4 C:\Users\admin\Music\eoffice2\public\index.php(37): CodeIgniter\CodeIgniter->run()
#5 C:\Users\admin\Music\eoffice2\system\Commands\Server\rewrite.php(43): require_once('C:\\Users\\admin\\...')
#6 {main}
ERROR - 2024-11-12 03:57:32 --> Unknown column 'tanggal_upload' in 'order clause'
CRITICAL - 2024-11-12 03:57:32 --> Call to a member function getResult() on bool
#0 C:\Users\admin\Music\eoffice2\app\Controllers\Home.php(1527): App\Models\Model_belajar->tampil('dokumen_absensi', 'tanggal_upload')
#1 C:\Users\admin\Music\eoffice2\system\CodeIgniter.php(832): App\Controllers\Home->dokumenAbsensi()
#2 C:\Users\admin\Music\eoffice2\system\CodeIgniter.php(419): CodeIgniter\CodeIgniter->runController(Object(App\Controllers\Home))
#3 C:\Users\admin\Music\eoffice2\system\CodeIgniter.php(326): CodeIgniter\CodeIgniter->handleRequest(NULL, Object(Config\Cache), false)
#4 C:\Users\admin\Music\eoffice2\public\index.php(37): CodeIgniter\CodeIgniter->run()
#5 C:\Users\admin\Music\eoffice2\system\Commands\Server\rewrite.php(43): require_once('C:\\Users\\admin\\...')
#6 {main}
ERROR - 2024-11-12 04:02:23 --> Unknown column 'kategori' in 'field list'
ERROR - 2024-11-12 04:02:29 --> Unknown column 'kategori' in 'field list'
ERROR - 2024-11-12 04:02:40 --> Unknown column 'kategori' in 'field list'
ERROR - 2024-11-12 04:03:42 --> Unknown column 'kategori' in 'field list'
CRITICAL - 2024-11-12 10:18:44 --> Cannot redeclare App\Controllers\Home::simpanDokumenAbsensi()
#0 [internal function]: CodeIgniter\Debug\Exceptions->shutdownHandler()
#1 {main}
CRITICAL - 2024-11-12 10:19:29 --> Call to undefined method CodeIgniter\Database\MySQLi\Connection::get_where()
#0 C:\Users\admin\Music\eoffice2\app\Controllers\Home.php(1702): App\Models\Model_belajar->getDokumenById('10')
#1 C:\Users\admin\Music\eoffice2\system\CodeIgniter.php(832): App\Controllers\Home->tampilPdf('10')
#2 C:\Users\admin\Music\eoffice2\system\CodeIgniter.php(419): CodeIgniter\CodeIgniter->runController(Object(App\Controllers\Home))
#3 C:\Users\admin\Music\eoffice2\system\CodeIgniter.php(326): CodeIgniter\CodeIgniter->handleRequest(NULL, Object(Config\Cache), false)
#4 C:\Users\admin\Music\eoffice2\public\index.php(37): CodeIgniter\CodeIgniter->run()
#5 C:\Users\admin\Music\eoffice2\system\Commands\Server\rewrite.php(43): require_once('C:\\Users\\admin\\...')
#6 {main}
CRITICAL - 2024-11-12 10:33:07 --> Call to undefined method CodeIgniter\Database\MySQLi\Connection::get_where()
#0 C:\Users\admin\Music\eoffice2\app\Controllers\Home.php(1637): App\Models\Model_belajar->getDokumenById('10')
#1 C:\Users\admin\Music\eoffice2\system\CodeIgniter.php(832): App\Controllers\Home->generateDokumenPdf('10')
#2 C:\Users\admin\Music\eoffice2\system\CodeIgniter.php(419): CodeIgniter\CodeIgniter->runController(Object(App\Controllers\Home))
#3 C:\Users\admin\Music\eoffice2\system\CodeIgniter.php(326): CodeIgniter\CodeIgniter->handleRequest(NULL, Object(Config\Cache), false)
#4 C:\Users\admin\Music\eoffice2\public\index.php(37): CodeIgniter\CodeIgniter->run()
#5 C:\Users\admin\Music\eoffice2\system\Commands\Server\rewrite.php(43): require_once('C:\\Users\\admin\\...')
#6 {main}
CRITICAL - 2024-11-12 10:33:14 --> Call to undefined method CodeIgniter\Database\MySQLi\Connection::get_where()
#0 C:\Users\admin\Music\eoffice2\app\Controllers\Home.php(1637): App\Models\Model_belajar->getDokumenById('10')
#1 C:\Users\admin\Music\eoffice2\system\CodeIgniter.php(832): App\Controllers\Home->generateDokumenPdf('10')
#2 C:\Users\admin\Music\eoffice2\system\CodeIgniter.php(419): CodeIgniter\CodeIgniter->runController(Object(App\Controllers\Home))
#3 C:\Users\admin\Music\eoffice2\system\CodeIgniter.php(326): CodeIgniter\CodeIgniter->handleRequest(NULL, Object(Config\Cache), false)
#4 C:\Users\admin\Music\eoffice2\public\index.php(37): CodeIgniter\CodeIgniter->run()
#5 C:\Users\admin\Music\eoffice2\system\Commands\Server\rewrite.php(43): require_once('C:\\Users\\admin\\...')
#6 {main}
CRITICAL - 2024-11-12 10:35:48 --> Cannot redeclare App\Models\Model_belajar::getDokumenById()
#0 [internal function]: CodeIgniter\Debug\Exceptions->shutdownHandler()
#1 {main}
CRITICAL - 2024-11-12 10:38:52 --> Call to undefined method CodeIgniter\Database\MySQLi\Connection::get_where()
#0 C:\Users\admin\Music\eoffice2\app\Controllers\Home.php(1637): App\Models\Model_belajar->getDokumenById('10')
#1 C:\Users\admin\Music\eoffice2\system\CodeIgniter.php(832): App\Controllers\Home->generateDokumenPdf('10')
#2 C:\Users\admin\Music\eoffice2\system\CodeIgniter.php(419): CodeIgniter\CodeIgniter->runController(Object(App\Controllers\Home))
#3 C:\Users\admin\Music\eoffice2\system\CodeIgniter.php(326): CodeIgniter\CodeIgniter->handleRequest(NULL, Object(Config\Cache), false)
#4 C:\Users\admin\Music\eoffice2\public\index.php(37): CodeIgniter\CodeIgniter->run()
#5 C:\Users\admin\Music\eoffice2\system\Commands\Server\rewrite.php(43): require_once('C:\\Users\\admin\\...')
#6 {main}
CRITICAL - 2024-11-12 10:39:14 --> Call to undefined method CodeIgniter\Database\MySQLi\Connection::get_where()
#0 C:\Users\admin\Music\eoffice2\app\Controllers\Home.php(1637): App\Models\Model_belajar->getDokumenById('10')
#1 C:\Users\admin\Music\eoffice2\system\CodeIgniter.php(832): App\Controllers\Home->generateDokumenPdf('10')
#2 C:\Users\admin\Music\eoffice2\system\CodeIgniter.php(419): CodeIgniter\CodeIgniter->runController(Object(App\Controllers\Home))
#3 C:\Users\admin\Music\eoffice2\system\CodeIgniter.php(326): CodeIgniter\CodeIgniter->handleRequest(NULL, Object(Config\Cache), false)
#4 C:\Users\admin\Music\eoffice2\public\index.php(37): CodeIgniter\CodeIgniter->run()
#5 C:\Users\admin\Music\eoffice2\system\Commands\Server\rewrite.php(43): require_once('C:\\Users\\admin\\...')
#6 {main}
CRITICAL - 2024-11-12 10:39:15 --> Call to undefined method CodeIgniter\Database\MySQLi\Connection::get_where()
#0 C:\Users\admin\Music\eoffice2\app\Controllers\Home.php(1637): App\Models\Model_belajar->getDokumenById('10')
#1 C:\Users\admin\Music\eoffice2\system\CodeIgniter.php(832): App\Controllers\Home->generateDokumenPdf('10')
#2 C:\Users\admin\Music\eoffice2\system\CodeIgniter.php(419): CodeIgniter\CodeIgniter->runController(Object(App\Controllers\Home))
#3 C:\Users\admin\Music\eoffice2\system\CodeIgniter.php(326): CodeIgniter\CodeIgniter->handleRequest(NULL, Object(Config\Cache), false)
#4 C:\Users\admin\Music\eoffice2\public\index.php(37): CodeIgniter\CodeIgniter->run()
#5 C:\Users\admin\Music\eoffice2\system\Commands\Server\rewrite.php(43): require_once('C:\\Users\\admin\\...')
#6 {main}
CRITICAL - 2024-11-12 10:39:31 --> Call to undefined method CodeIgniter\Database\MySQLi\Connection::get_where()
#0 C:\Users\admin\Music\eoffice2\app\Controllers\Home.php(1637): App\Models\Model_belajar->getDokumenById('10')
#1 C:\Users\admin\Music\eoffice2\system\CodeIgniter.php(832): App\Controllers\Home->generateDokumenPdf('10')
#2 C:\Users\admin\Music\eoffice2\system\CodeIgniter.php(419): CodeIgniter\CodeIgniter->runController(Object(App\Controllers\Home))
#3 C:\Users\admin\Music\eoffice2\system\CodeIgniter.php(326): CodeIgniter\CodeIgniter->handleRequest(NULL, Object(Config\Cache), false)
#4 C:\Users\admin\Music\eoffice2\public\index.php(37): CodeIgniter\CodeIgniter->run()
#5 C:\Users\admin\Music\eoffice2\system\Commands\Server\rewrite.php(43): require_once('C:\\Users\\admin\\...')
#6 {main}
CRITICAL - 2024-11-12 10:39:46 --> Call to undefined method CodeIgniter\Database\MySQLi\Connection::get_where()
#0 C:\Users\admin\Music\eoffice2\app\Controllers\Home.php(1637): App\Models\Model_belajar->getDokumenById('10')
#1 C:\Users\admin\Music\eoffice2\system\CodeIgniter.php(832): App\Controllers\Home->generateDokumenPdf('10')
#2 C:\Users\admin\Music\eoffice2\system\CodeIgniter.php(419): CodeIgniter\CodeIgniter->runController(Object(App\Controllers\Home))
#3 C:\Users\admin\Music\eoffice2\system\CodeIgniter.php(326): CodeIgniter\CodeIgniter->handleRequest(NULL, Object(Config\Cache), false)
#4 C:\Users\admin\Music\eoffice2\public\index.php(37): CodeIgniter\CodeIgniter->run()
#5 C:\Users\admin\Music\eoffice2\system\Commands\Server\rewrite.php(43): require_once('C:\\Users\\admin\\...')
#6 {main}
CRITICAL - 2024-11-12 10:41:15 --> Cannot redeclare App\Controllers\Home::generateDokumenPdf()
#0 [internal function]: CodeIgniter\Debug\Exceptions->shutdownHandler()
#1 {main}
CRITICAL - 2024-11-12 10:41:16 --> Cannot redeclare App\Controllers\Home::generateDokumenPdf()
#0 [internal function]: CodeIgniter\Debug\Exceptions->shutdownHandler()
#1 {main}
CRITICAL - 2024-11-12 10:41:37 --> Call to undefined method CodeIgniter\Database\MySQLi\Connection::get_where()
#0 C:\Users\admin\Music\eoffice2\app\Controllers\Home.php(1639): App\Models\Model_belajar->getDokumenByIdUsingWhere('10')
#1 C:\Users\admin\Music\eoffice2\system\CodeIgniter.php(832): App\Controllers\Home->generateDokumenPdf('10')
#2 C:\Users\admin\Music\eoffice2\system\CodeIgniter.php(419): CodeIgniter\CodeIgniter->runController(Object(App\Controllers\Home))
#3 C:\Users\admin\Music\eoffice2\system\CodeIgniter.php(326): CodeIgniter\CodeIgniter->handleRequest(NULL, Object(Config\Cache), false)
#4 C:\Users\admin\Music\eoffice2\public\index.php(37): CodeIgniter\CodeIgniter->run()
#5 C:\Users\admin\Music\eoffice2\system\Commands\Server\rewrite.php(43): require_once('C:\\Users\\admin\\...')
#6 {main}
CRITICAL - 2024-11-12 10:42:06 --> Call to undefined method CodeIgniter\Database\MySQLi\Connection::get_where()
#0 C:\Users\admin\Music\eoffice2\app\Controllers\Home.php(1639): App\Models\Model_belajar->getDokumenByIdUsingWhere('10')
#1 C:\Users\admin\Music\eoffice2\system\CodeIgniter.php(832): App\Controllers\Home->generateDokumenPdf('10')
#2 C:\Users\admin\Music\eoffice2\system\CodeIgniter.php(419): CodeIgniter\CodeIgniter->runController(Object(App\Controllers\Home))
#3 C:\Users\admin\Music\eoffice2\system\CodeIgniter.php(326): CodeIgniter\CodeIgniter->handleRequest(NULL, Object(Config\Cache), false)
#4 C:\Users\admin\Music\eoffice2\public\index.php(37): CodeIgniter\CodeIgniter->run()
#5 C:\Users\admin\Music\eoffice2\system\Commands\Server\rewrite.php(43): require_once('C:\\Users\\admin\\...')
#6 {main}
CRITICAL - 2024-11-12 10:42:07 --> Call to undefined method CodeIgniter\Database\MySQLi\Connection::get_where()
#0 C:\Users\admin\Music\eoffice2\app\Controllers\Home.php(1639): App\Models\Model_belajar->getDokumenByIdUsingWhere('10')
#1 C:\Users\admin\Music\eoffice2\system\CodeIgniter.php(832): App\Controllers\Home->generateDokumenPdf('10')
#2 C:\Users\admin\Music\eoffice2\system\CodeIgniter.php(419): CodeIgniter\CodeIgniter->runController(Object(App\Controllers\Home))
#3 C:\Users\admin\Music\eoffice2\system\CodeIgniter.php(326): CodeIgniter\CodeIgniter->handleRequest(NULL, Object(Config\Cache), false)
#4 C:\Users\admin\Music\eoffice2\public\index.php(37): CodeIgniter\CodeIgniter->run()
#5 C:\Users\admin\Music\eoffice2\system\Commands\Server\rewrite.php(43): require_once('C:\\Users\\admin\\...')
#6 {main}
CRITICAL - 2024-11-12 10:42:07 --> Call to undefined method CodeIgniter\Database\MySQLi\Connection::get_where()
#0 C:\Users\admin\Music\eoffice2\app\Controllers\Home.php(1639): App\Models\Model_belajar->getDokumenByIdUsingWhere('10')
#1 C:\Users\admin\Music\eoffice2\system\CodeIgniter.php(832): App\Controllers\Home->generateDokumenPdf('10')
#2 C:\Users\admin\Music\eoffice2\system\CodeIgniter.php(419): CodeIgniter\CodeIgniter->runController(Object(App\Controllers\Home))
#3 C:\Users\admin\Music\eoffice2\system\CodeIgniter.php(326): CodeIgniter\CodeIgniter->handleRequest(NULL, Object(Config\Cache), false)
#4 C:\Users\admin\Music\eoffice2\public\index.php(37): CodeIgniter\CodeIgniter->run()
#5 C:\Users\admin\Music\eoffice2\system\Commands\Server\rewrite.php(43): require_once('C:\\Users\\admin\\...')
#6 {main}
ERROR - 2024-11-12 18:56:44 --> Unknown column 'tanggal_dokumen' in 'field list'
CRITICAL - 2024-11-12 18:58:21 --> syntax error, unexpected 'public' (T_PUBLIC)
#0 C:\Users\admin\Music\eoffice2\system\Router\Router.php(175): CodeIgniter\Router\Router->autoRoute('home/tambahDoku...')
#1 C:\Users\admin\Music\eoffice2\system\CodeIgniter.php(726): CodeIgniter\Router\Router->handle('home/tambahDoku...')
#2 C:\Users\admin\Music\eoffice2\system\CodeIgniter.php(368): CodeIgniter\CodeIgniter->tryToRouteIt(Object(CodeIgniter\Router\RouteCollection))
#3 C:\Users\admin\Music\eoffice2\system\CodeIgniter.php(326): CodeIgniter\CodeIgniter->handleRequest(NULL, Object(Config\Cache), false)
#4 C:\Users\admin\Music\eoffice2\public\index.php(37): CodeIgniter\CodeIgniter->run()
#5 C:\Users\admin\Music\eoffice2\system\Commands\Server\rewrite.php(43): require_once('C:\\Users\\admin\\...')
#6 {main}
ERROR - 2024-11-12 18:58:44 --> Unknown column 'tanggal_dokumen' in 'field list'
ERROR - 2024-11-12 18:59:25 --> Unknown column 'tanggal_dokumen' in 'field list'
ERROR - 2024-11-12 19:01:50 --> Unknown column 'tanggal_dokumen' in 'field list'
ERROR - 2024-11-12 19:07:44 --> Unknown column 'tanggal_dokumen' in 'field list'
ERROR - 2024-11-12 19:08:08 --> Unknown column 'tanggal_dokumen' in 'field list'
ERROR - 2024-11-12 19:09:01 --> Unknown column 'tanggal_dokumen' in 'field list'
ERROR - 2024-11-12 19:09:44 --> Unknown column 'tanggal_dokumen' in 'field list'
ERROR - 2024-11-12 19:10:36 --> Unknown column 'tanggal_dokumen' in 'field list'
ERROR - 2024-11-12 19:10:52 --> Unknown column 'tanggal_dokumen' in 'field list'
CRITICAL - 2024-11-12 20:00:16 --> Class 'App\Models\DokumenAbsensiModel' not found
#0 C:\Users\admin\Music\eoffice2\system\CodeIgniter.php(832): App\Controllers\Home->simpanDokumenAbsensi()
#1 C:\Users\admin\Music\eoffice2\system\CodeIgniter.php(419): CodeIgniter\CodeIgniter->runController(Object(App\Controllers\Home))
#2 C:\Users\admin\Music\eoffice2\system\CodeIgniter.php(326): CodeIgniter\CodeIgniter->handleRequest(NULL, Object(Config\Cache), false)
#3 C:\Users\admin\Music\eoffice2\public\index.php(37): CodeIgniter\CodeIgniter->run()
#4 C:\Users\admin\Music\eoffice2\system\Commands\Server\rewrite.php(43): require_once('C:\\Users\\admin\\...')
#5 {main}
CRITICAL - 2024-11-12 20:00:28 --> Class 'App\Models\DokumenAbsensiModel' not found
#0 C:\Users\admin\Music\eoffice2\system\CodeIgniter.php(832): App\Controllers\Home->simpanDokumenAbsensi()
#1 C:\Users\admin\Music\eoffice2\system\CodeIgniter.php(419): CodeIgniter\CodeIgniter->runController(Object(App\Controllers\Home))
#2 C:\Users\admin\Music\eoffice2\system\CodeIgniter.php(326): CodeIgniter\CodeIgniter->handleRequest(NULL, Object(Config\Cache), false)
#3 C:\Users\admin\Music\eoffice2\public\index.php(37): CodeIgniter\CodeIgniter->run()
#4 C:\Users\admin\Music\eoffice2\system\Commands\Server\rewrite.php(43): require_once('C:\\Users\\admin\\...')
#5 {main}
