CRITICAL - 2024-10-07 00:00:37 --> syntax error, unexpected 'public' (T_PUBLIC)
#0 C:\Users\admin\Downloads\gudang\system\Router\Router.php(175): CodeIgniter\Router\Router->autoRoute('home/index')
#1 C:\Users\admin\Downloads\gudang\system\CodeIgniter.php(726): CodeIgniter\Router\Router->handle('home/index')
#2 C:\Users\admin\Downloads\gudang\system\CodeIgniter.php(368): CodeIgniter\CodeIgniter->tryToRouteIt(Object(CodeIgniter\Router\RouteCollection))
#3 C:\Users\admin\Downloads\gudang\system\CodeIgniter.php(326): CodeIgniter\CodeIgniter->handleRequest(NULL, Object(Config\Cache), false)
#4 C:\Users\admin\Downloads\gudang\public\index.php(37): CodeIgniter\CodeIgniter->run()
#5 C:\Users\admin\Downloads\gudang\system\Commands\Server\rewrite.php(43): require_once('C:\\Users\\admin\\...')
#6 {main}
CRITICAL - 2024-10-07 00:04:22 --> syntax error, unexpected 'public' (T_PUBLIC)
#0 C:\Users\admin\Downloads\gudang\system\Router\Router.php(175): CodeIgniter\Router\Router->autoRoute('home/index')
#1 C:\Users\admin\Downloads\gudang\system\CodeIgniter.php(726): CodeIgniter\Router\Router->handle('home/index')
#2 C:\Users\admin\Downloads\gudang\system\CodeIgniter.php(368): CodeIgniter\CodeIgniter->tryToRouteIt(Object(CodeIgniter\Router\RouteCollection))
#3 C:\Users\admin\Downloads\gudang\system\CodeIgniter.php(326): CodeIgniter\CodeIgniter->handleRequest(NULL, Object(Config\Cache), false)
#4 C:\Users\admin\Downloads\gudang\public\index.php(37): CodeIgniter\CodeIgniter->run()
#5 C:\Users\admin\Downloads\gudang\system\Commands\Server\rewrite.php(43): require_once('C:\\Users\\admin\\...')
#6 {main}
CRITICAL - 2024-10-07 00:04:47 --> syntax error, unexpected 'public' (T_PUBLIC)
#0 C:\Users\admin\Downloads\gudang\system\Router\Router.php(175): CodeIgniter\Router\Router->autoRoute('home/index')
#1 C:\Users\admin\Downloads\gudang\system\CodeIgniter.php(726): CodeIgniter\Router\Router->handle('home/index')
#2 C:\Users\admin\Downloads\gudang\system\CodeIgniter.php(368): CodeIgniter\CodeIgniter->tryToRouteIt(Object(CodeIgniter\Router\RouteCollection))
#3 C:\Users\admin\Downloads\gudang\system\CodeIgniter.php(326): CodeIgniter\CodeIgniter->handleRequest(NULL, Object(Config\Cache), false)
#4 C:\Users\admin\Downloads\gudang\public\index.php(37): CodeIgniter\CodeIgniter->run()
#5 C:\Users\admin\Downloads\gudang\system\Commands\Server\rewrite.php(43): require_once('C:\\Users\\admin\\...')
#6 {main}
CRITICAL - 2024-10-07 00:04:47 --> syntax error, unexpected 'public' (T_PUBLIC)
#0 C:\Users\admin\Downloads\gudang\system\Router\Router.php(175): CodeIgniter\Router\Router->autoRoute('home/index')
#1 C:\Users\admin\Downloads\gudang\system\CodeIgniter.php(726): CodeIgniter\Router\Router->handle('home/index')
#2 C:\Users\admin\Downloads\gudang\system\CodeIgniter.php(368): CodeIgniter\CodeIgniter->tryToRouteIt(Object(CodeIgniter\Router\RouteCollection))
#3 C:\Users\admin\Downloads\gudang\system\CodeIgniter.php(326): CodeIgniter\CodeIgniter->handleRequest(NULL, Object(Config\Cache), false)
#4 C:\Users\admin\Downloads\gudang\public\index.php(37): CodeIgniter\CodeIgniter->run()
#5 C:\Users\admin\Downloads\gudang\system\Commands\Server\rewrite.php(43): require_once('C:\\Users\\admin\\...')
#6 {main}
CRITICAL - 2024-10-07 00:15:10 --> syntax error, unexpected 'public' (T_PUBLIC)
#0 C:\Users\admin\Downloads\gudang\system\Autoloader\Autoloader.php(241): CodeIgniter\Autoloader\Autoloader->includeFile('C:\\Users\\admin\\...')
#1 C:\Users\admin\Downloads\gudang\system\Autoloader\Autoloader.php(219): CodeIgniter\Autoloader\Autoloader->loadInNamespace('App\\Controllers...')
#2 [internal function]: CodeIgniter\Autoloader\Autoloader->loadClass('App\\Controllers...')
#3 [internal function]: spl_autoload_call('App\\Controllers...')
#4 C:\Users\admin\Downloads\gudang\system\CodeIgniter.php(797): class_exists('\\App\\Controller...', true)
#5 C:\Users\admin\Downloads\gudang\system\CodeIgniter.php(406): CodeIgniter\CodeIgniter->startController()
#6 C:\Users\admin\Downloads\gudang\system\CodeIgniter.php(326): CodeIgniter\CodeIgniter->handleRequest(NULL, Object(Config\Cache), false)
#7 C:\Users\admin\Downloads\gudang\public\index.php(37): CodeIgniter\CodeIgniter->run()
#8 C:\Users\admin\Downloads\gudang\system\Commands\Server\rewrite.php(43): require_once('C:\\Users\\admin\\...')
#9 {main}
CRITICAL - 2024-10-07 00:15:11 --> syntax error, unexpected 'public' (T_PUBLIC)
#0 C:\Users\admin\Downloads\gudang\system\Autoloader\Autoloader.php(241): CodeIgniter\Autoloader\Autoloader->includeFile('C:\\Users\\admin\\...')
#1 C:\Users\admin\Downloads\gudang\system\Autoloader\Autoloader.php(219): CodeIgniter\Autoloader\Autoloader->loadInNamespace('App\\Controllers...')
#2 [internal function]: CodeIgniter\Autoloader\Autoloader->loadClass('App\\Controllers...')
#3 [internal function]: spl_autoload_call('App\\Controllers...')
#4 C:\Users\admin\Downloads\gudang\system\CodeIgniter.php(797): class_exists('\\App\\Controller...', true)
#5 C:\Users\admin\Downloads\gudang\system\CodeIgniter.php(406): CodeIgniter\CodeIgniter->startController()
#6 C:\Users\admin\Downloads\gudang\system\CodeIgniter.php(326): CodeIgniter\CodeIgniter->handleRequest(NULL, Object(Config\Cache), false)
#7 C:\Users\admin\Downloads\gudang\public\index.php(37): CodeIgniter\CodeIgniter->run()
#8 C:\Users\admin\Downloads\gudang\system\Commands\Server\rewrite.php(43): require_once('C:\\Users\\admin\\...')
#9 {main}
CRITICAL - 2024-10-07 00:39:23 --> syntax error, unexpected end of file, expecting function (T_FUNCTION) or const (T_CONST)
#0 C:\Users\admin\Downloads\gudang\system\Router\Router.php(175): CodeIgniter\Router\Router->autoRoute('home/user')
#1 C:\Users\admin\Downloads\gudang\system\CodeIgniter.php(726): CodeIgniter\Router\Router->handle('home/user')
#2 C:\Users\admin\Downloads\gudang\system\CodeIgniter.php(368): CodeIgniter\CodeIgniter->tryToRouteIt(Object(CodeIgniter\Router\RouteCollection))
#3 C:\Users\admin\Downloads\gudang\system\CodeIgniter.php(326): CodeIgniter\CodeIgniter->handleRequest(NULL, Object(Config\Cache), false)
#4 C:\Users\admin\Downloads\gudang\public\index.php(37): CodeIgniter\CodeIgniter->run()
#5 C:\Users\admin\Downloads\gudang\system\Commands\Server\rewrite.php(43): require_once('C:\\Users\\admin\\...')
#6 {main}
CRITICAL - 2024-10-07 00:39:23 --> syntax error, unexpected end of file, expecting function (T_FUNCTION) or const (T_CONST)
#0 C:\Users\admin\Downloads\gudang\system\Router\Router.php(175): CodeIgniter\Router\Router->autoRoute('home/user')
#1 C:\Users\admin\Downloads\gudang\system\CodeIgniter.php(726): CodeIgniter\Router\Router->handle('home/user')
#2 C:\Users\admin\Downloads\gudang\system\CodeIgniter.php(368): CodeIgniter\CodeIgniter->tryToRouteIt(Object(CodeIgniter\Router\RouteCollection))
#3 C:\Users\admin\Downloads\gudang\system\CodeIgniter.php(326): CodeIgniter\CodeIgniter->handleRequest(NULL, Object(Config\Cache), false)
#4 C:\Users\admin\Downloads\gudang\public\index.php(37): CodeIgniter\CodeIgniter->run()
#5 C:\Users\admin\Downloads\gudang\system\Commands\Server\rewrite.php(43): require_once('C:\\Users\\admin\\...')
#6 {main}
CRITICAL - 2024-10-07 00:39:25 --> syntax error, unexpected end of file, expecting function (T_FUNCTION) or const (T_CONST)
#0 C:\Users\admin\Downloads\gudang\system\Router\Router.php(175): CodeIgniter\Router\Router->autoRoute('home/tambahUser')
#1 C:\Users\admin\Downloads\gudang\system\CodeIgniter.php(726): CodeIgniter\Router\Router->handle('home/tambahUser')
#2 C:\Users\admin\Downloads\gudang\system\CodeIgniter.php(368): CodeIgniter\CodeIgniter->tryToRouteIt(Object(CodeIgniter\Router\RouteCollection))
#3 C:\Users\admin\Downloads\gudang\system\CodeIgniter.php(326): CodeIgniter\CodeIgniter->handleRequest(NULL, Object(Config\Cache), false)
#4 C:\Users\admin\Downloads\gudang\public\index.php(37): CodeIgniter\CodeIgniter->run()
#5 C:\Users\admin\Downloads\gudang\system\Commands\Server\rewrite.php(43): require_once('C:\\Users\\admin\\...')
#6 {main}
CRITICAL - 2024-10-07 00:39:32 --> syntax error, unexpected end of file, expecting function (T_FUNCTION) or const (T_CONST)
#0 C:\Users\admin\Downloads\gudang\system\Router\Router.php(175): CodeIgniter\Router\Router->autoRoute('home/Barang')
#1 C:\Users\admin\Downloads\gudang\system\CodeIgniter.php(726): CodeIgniter\Router\Router->handle('home/Barang')
#2 C:\Users\admin\Downloads\gudang\system\CodeIgniter.php(368): CodeIgniter\CodeIgniter->tryToRouteIt(Object(CodeIgniter\Router\RouteCollection))
#3 C:\Users\admin\Downloads\gudang\system\CodeIgniter.php(326): CodeIgniter\CodeIgniter->handleRequest(NULL, Object(Config\Cache), false)
#4 C:\Users\admin\Downloads\gudang\public\index.php(37): CodeIgniter\CodeIgniter->run()
#5 C:\Users\admin\Downloads\gudang\system\Commands\Server\rewrite.php(43): require_once('C:\\Users\\admin\\...')
#6 {main}
CRITICAL - 2024-10-07 00:39:33 --> syntax error, unexpected end of file, expecting function (T_FUNCTION) or const (T_CONST)
#0 C:\Users\admin\Downloads\gudang\system\Router\Router.php(175): CodeIgniter\Router\Router->autoRoute('home/Barang')
#1 C:\Users\admin\Downloads\gudang\system\CodeIgniter.php(726): CodeIgniter\Router\Router->handle('home/Barang')
#2 C:\Users\admin\Downloads\gudang\system\CodeIgniter.php(368): CodeIgniter\CodeIgniter->tryToRouteIt(Object(CodeIgniter\Router\RouteCollection))
#3 C:\Users\admin\Downloads\gudang\system\CodeIgniter.php(326): CodeIgniter\CodeIgniter->handleRequest(NULL, Object(Config\Cache), false)
#4 C:\Users\admin\Downloads\gudang\public\index.php(37): CodeIgniter\CodeIgniter->run()
#5 C:\Users\admin\Downloads\gudang\system\Commands\Server\rewrite.php(43): require_once('C:\\Users\\admin\\...')
#6 {main}
CRITICAL - 2024-10-07 05:10:02 --> syntax error, unexpected 'public' (T_PUBLIC)
#0 C:\Users\admin\Downloads\gudang\system\Router\Router.php(175): CodeIgniter\Router\Router->autoRoute('home/dashboard')
#1 C:\Users\admin\Downloads\gudang\system\CodeIgniter.php(726): CodeIgniter\Router\Router->handle('home/dashboard')
#2 C:\Users\admin\Downloads\gudang\system\CodeIgniter.php(368): CodeIgniter\CodeIgniter->tryToRouteIt(Object(CodeIgniter\Router\RouteCollection))
#3 C:\Users\admin\Downloads\gudang\system\CodeIgniter.php(326): CodeIgniter\CodeIgniter->handleRequest(NULL, Object(Config\Cache), false)
#4 C:\Users\admin\Downloads\gudang\public\index.php(37): CodeIgniter\CodeIgniter->run()
#5 C:\Users\admin\Downloads\gudang\system\Commands\Server\rewrite.php(43): require_once('C:\\Users\\admin\\...')
#6 {main}
CRITICAL - 2024-10-07 05:10:03 --> syntax error, unexpected 'public' (T_PUBLIC)
#0 C:\Users\admin\Downloads\gudang\system\Router\Router.php(175): CodeIgniter\Router\Router->autoRoute('home')
#1 C:\Users\admin\Downloads\gudang\system\CodeIgniter.php(726): CodeIgniter\Router\Router->handle('home')
#2 C:\Users\admin\Downloads\gudang\system\CodeIgniter.php(368): CodeIgniter\CodeIgniter->tryToRouteIt(Object(CodeIgniter\Router\RouteCollection))
#3 C:\Users\admin\Downloads\gudang\system\CodeIgniter.php(326): CodeIgniter\CodeIgniter->handleRequest(NULL, Object(Config\Cache), false)
#4 C:\Users\admin\Downloads\gudang\public\index.php(37): CodeIgniter\CodeIgniter->run()
#5 C:\Users\admin\Downloads\gudang\system\Commands\Server\rewrite.php(43): require_once('C:\\Users\\admin\\...')
#6 {main}
CRITICAL - 2024-10-07 05:10:08 --> syntax error, unexpected 'public' (T_PUBLIC)
#0 C:\Users\admin\Downloads\gudang\system\Router\Router.php(175): CodeIgniter\Router\Router->autoRoute('home/Barang')
#1 C:\Users\admin\Downloads\gudang\system\CodeIgniter.php(726): CodeIgniter\Router\Router->handle('home/Barang')
#2 C:\Users\admin\Downloads\gudang\system\CodeIgniter.php(368): CodeIgniter\CodeIgniter->tryToRouteIt(Object(CodeIgniter\Router\RouteCollection))
#3 C:\Users\admin\Downloads\gudang\system\CodeIgniter.php(326): CodeIgniter\CodeIgniter->handleRequest(NULL, Object(Config\Cache), false)
#4 C:\Users\admin\Downloads\gudang\public\index.php(37): CodeIgniter\CodeIgniter->run()
#5 C:\Users\admin\Downloads\gudang\system\Commands\Server\rewrite.php(43): require_once('C:\\Users\\admin\\...')
#6 {main}
CRITICAL - 2024-10-07 05:10:08 --> syntax error, unexpected 'public' (T_PUBLIC)
#0 C:\Users\admin\Downloads\gudang\system\Router\Router.php(175): CodeIgniter\Router\Router->autoRoute('home/Barang')
#1 C:\Users\admin\Downloads\gudang\system\CodeIgniter.php(726): CodeIgniter\Router\Router->handle('home/Barang')
#2 C:\Users\admin\Downloads\gudang\system\CodeIgniter.php(368): CodeIgniter\CodeIgniter->tryToRouteIt(Object(CodeIgniter\Router\RouteCollection))
#3 C:\Users\admin\Downloads\gudang\system\CodeIgniter.php(326): CodeIgniter\CodeIgniter->handleRequest(NULL, Object(Config\Cache), false)
#4 C:\Users\admin\Downloads\gudang\public\index.php(37): CodeIgniter\CodeIgniter->run()
#5 C:\Users\admin\Downloads\gudang\system\Commands\Server\rewrite.php(43): require_once('C:\\Users\\admin\\...')
#6 {main}
CRITICAL - 2024-10-07 05:10:10 --> syntax error, unexpected 'public' (T_PUBLIC)
#0 C:\Users\admin\Downloads\gudang\system\Router\Router.php(175): CodeIgniter\Router\Router->autoRoute('home/Login1')
#1 C:\Users\admin\Downloads\gudang\system\CodeIgniter.php(726): CodeIgniter\Router\Router->handle('home/Login1')
#2 C:\Users\admin\Downloads\gudang\system\CodeIgniter.php(368): CodeIgniter\CodeIgniter->tryToRouteIt(Object(CodeIgniter\Router\RouteCollection))
#3 C:\Users\admin\Downloads\gudang\system\CodeIgniter.php(326): CodeIgniter\CodeIgniter->handleRequest(NULL, Object(Config\Cache), false)
#4 C:\Users\admin\Downloads\gudang\public\index.php(37): CodeIgniter\CodeIgniter->run()
#5 C:\Users\admin\Downloads\gudang\system\Commands\Server\rewrite.php(43): require_once('C:\\Users\\admin\\...')
#6 {main}
CRITICAL - 2024-10-07 05:10:12 --> syntax error, unexpected 'public' (T_PUBLIC)
#0 C:\Users\admin\Downloads\gudang\system\Router\Router.php(175): CodeIgniter\Router\Router->autoRoute('home/index')
#1 C:\Users\admin\Downloads\gudang\system\CodeIgniter.php(726): CodeIgniter\Router\Router->handle('home/index')
#2 C:\Users\admin\Downloads\gudang\system\CodeIgniter.php(368): CodeIgniter\CodeIgniter->tryToRouteIt(Object(CodeIgniter\Router\RouteCollection))
#3 C:\Users\admin\Downloads\gudang\system\CodeIgniter.php(326): CodeIgniter\CodeIgniter->handleRequest(NULL, Object(Config\Cache), false)
#4 C:\Users\admin\Downloads\gudang\public\index.php(37): CodeIgniter\CodeIgniter->run()
#5 C:\Users\admin\Downloads\gudang\system\Commands\Server\rewrite.php(43): require_once('C:\\Users\\admin\\...')
#6 {main}
CRITICAL - 2024-10-07 05:10:13 --> syntax error, unexpected 'public' (T_PUBLIC)
#0 C:\Users\admin\Downloads\gudang\system\Router\Router.php(175): CodeIgniter\Router\Router->autoRoute('home/index')
#1 C:\Users\admin\Downloads\gudang\system\CodeIgniter.php(726): CodeIgniter\Router\Router->handle('home/index')
#2 C:\Users\admin\Downloads\gudang\system\CodeIgniter.php(368): CodeIgniter\CodeIgniter->tryToRouteIt(Object(CodeIgniter\Router\RouteCollection))
#3 C:\Users\admin\Downloads\gudang\system\CodeIgniter.php(326): CodeIgniter\CodeIgniter->handleRequest(NULL, Object(Config\Cache), false)
#4 C:\Users\admin\Downloads\gudang\public\index.php(37): CodeIgniter\CodeIgniter->run()
#5 C:\Users\admin\Downloads\gudang\system\Commands\Server\rewrite.php(43): require_once('C:\\Users\\admin\\...')
#6 {main}
CRITICAL - 2024-10-07 05:11:46 --> syntax error, unexpected 'public' (T_PUBLIC)
#0 C:\Users\admin\Downloads\gudang\system\Autoloader\Autoloader.php(241): CodeIgniter\Autoloader\Autoloader->includeFile('C:\\Users\\admin\\...')
#1 C:\Users\admin\Downloads\gudang\system\Autoloader\Autoloader.php(219): CodeIgniter\Autoloader\Autoloader->loadInNamespace('App\\Controllers...')
#2 [internal function]: CodeIgniter\Autoloader\Autoloader->loadClass('App\\Controllers...')
#3 [internal function]: spl_autoload_call('App\\Controllers...')
#4 C:\Users\admin\Downloads\gudang\system\CodeIgniter.php(797): class_exists('\\App\\Controller...', true)
#5 C:\Users\admin\Downloads\gudang\system\CodeIgniter.php(406): CodeIgniter\CodeIgniter->startController()
#6 C:\Users\admin\Downloads\gudang\system\CodeIgniter.php(326): CodeIgniter\CodeIgniter->handleRequest(NULL, Object(Config\Cache), false)
#7 C:\Users\admin\Downloads\gudang\public\index.php(37): CodeIgniter\CodeIgniter->run()
#8 C:\Users\admin\Downloads\gudang\system\Commands\Server\rewrite.php(43): require_once('C:\\Users\\admin\\...')
#9 {main}
CRITICAL - 2024-10-07 05:11:52 --> syntax error, unexpected 'public' (T_PUBLIC)
#0 C:\Users\admin\Downloads\gudang\system\Router\Router.php(175): CodeIgniter\Router\Router->autoRoute('home/Login1')
#1 C:\Users\admin\Downloads\gudang\system\CodeIgniter.php(726): CodeIgniter\Router\Router->handle('home/Login1')
#2 C:\Users\admin\Downloads\gudang\system\CodeIgniter.php(368): CodeIgniter\CodeIgniter->tryToRouteIt(Object(CodeIgniter\Router\RouteCollection))
#3 C:\Users\admin\Downloads\gudang\system\CodeIgniter.php(326): CodeIgniter\CodeIgniter->handleRequest(NULL, Object(Config\Cache), false)
#4 C:\Users\admin\Downloads\gudang\public\index.php(37): CodeIgniter\CodeIgniter->run()
#5 C:\Users\admin\Downloads\gudang\system\Commands\Server\rewrite.php(43): require_once('C:\\Users\\admin\\...')
#6 {main}
CRITICAL - 2024-10-07 05:11:56 --> syntax error, unexpected 'public' (T_PUBLIC)
#0 C:\Users\admin\Downloads\gudang\system\Router\Router.php(175): CodeIgniter\Router\Router->autoRoute('home/Login')
#1 C:\Users\admin\Downloads\gudang\system\CodeIgniter.php(726): CodeIgniter\Router\Router->handle('home/Login')
#2 C:\Users\admin\Downloads\gudang\system\CodeIgniter.php(368): CodeIgniter\CodeIgniter->tryToRouteIt(Object(CodeIgniter\Router\RouteCollection))
#3 C:\Users\admin\Downloads\gudang\system\CodeIgniter.php(326): CodeIgniter\CodeIgniter->handleRequest(NULL, Object(Config\Cache), false)
#4 C:\Users\admin\Downloads\gudang\public\index.php(37): CodeIgniter\CodeIgniter->run()
#5 C:\Users\admin\Downloads\gudang\system\Commands\Server\rewrite.php(43): require_once('C:\\Users\\admin\\...')
#6 {main}
CRITICAL - 2024-10-07 05:11:57 --> syntax error, unexpected 'public' (T_PUBLIC)
#0 C:\Users\admin\Downloads\gudang\system\Router\Router.php(175): CodeIgniter\Router\Router->autoRoute('home/index')
#1 C:\Users\admin\Downloads\gudang\system\CodeIgniter.php(726): CodeIgniter\Router\Router->handle('home/index')
#2 C:\Users\admin\Downloads\gudang\system\CodeIgniter.php(368): CodeIgniter\CodeIgniter->tryToRouteIt(Object(CodeIgniter\Router\RouteCollection))
#3 C:\Users\admin\Downloads\gudang\system\CodeIgniter.php(326): CodeIgniter\CodeIgniter->handleRequest(NULL, Object(Config\Cache), false)
#4 C:\Users\admin\Downloads\gudang\public\index.php(37): CodeIgniter\CodeIgniter->run()
#5 C:\Users\admin\Downloads\gudang\system\Commands\Server\rewrite.php(43): require_once('C:\\Users\\admin\\...')
#6 {main}
CRITICAL - 2024-10-07 05:12:00 --> syntax error, unexpected 'public' (T_PUBLIC)
#0 C:\Users\admin\Downloads\gudang\system\Router\Router.php(175): CodeIgniter\Router\Router->autoRoute('home/index')
#1 C:\Users\admin\Downloads\gudang\system\CodeIgniter.php(726): CodeIgniter\Router\Router->handle('home/index')
#2 C:\Users\admin\Downloads\gudang\system\CodeIgniter.php(368): CodeIgniter\CodeIgniter->tryToRouteIt(Object(CodeIgniter\Router\RouteCollection))
#3 C:\Users\admin\Downloads\gudang\system\CodeIgniter.php(326): CodeIgniter\CodeIgniter->handleRequest(NULL, Object(Config\Cache), false)
#4 C:\Users\admin\Downloads\gudang\public\index.php(37): CodeIgniter\CodeIgniter->run()
#5 C:\Users\admin\Downloads\gudang\system\Commands\Server\rewrite.php(43): require_once('C:\\Users\\admin\\...')
#6 {main}
CRITICAL - 2024-10-07 23:06:56 --> syntax error, unexpected '}', expecting end of file
#0 C:\Users\admin\Downloads\gudang\system\View\View.php(213): CodeIgniter\View\View->CodeIgniter\View\{closure}()
#1 C:\Users\admin\Downloads\gudang\system\Common.php(1089): CodeIgniter\View\View->render('menu.php', Array, true)
#2 C:\Users\admin\Downloads\gudang\app\Controllers\Home.php(594): view('menu.php')
#3 C:\Users\admin\Downloads\gudang\system\CodeIgniter.php(832): App\Controllers\Home->karyawan()
#4 C:\Users\admin\Downloads\gudang\system\CodeIgniter.php(419): CodeIgniter\CodeIgniter->runController(Object(App\Controllers\Home))
#5 C:\Users\admin\Downloads\gudang\system\CodeIgniter.php(326): CodeIgniter\CodeIgniter->handleRequest(NULL, Object(Config\Cache), false)
#6 C:\Users\admin\Downloads\gudang\public\index.php(37): CodeIgniter\CodeIgniter->run()
#7 C:\Users\admin\Downloads\gudang\system\Commands\Server\rewrite.php(43): require_once('C:\\Users\\admin\\...')
#8 {main}
CRITICAL - 2024-10-07 23:06:56 --> syntax error, unexpected '}', expecting end of file
#0 C:\Users\admin\Downloads\gudang\system\View\View.php(213): CodeIgniter\View\View->CodeIgniter\View\{closure}()
#1 C:\Users\admin\Downloads\gudang\system\Common.php(1089): CodeIgniter\View\View->render('menu.php', Array, true)
#2 C:\Users\admin\Downloads\gudang\app\Controllers\Home.php(117): view('menu.php')
#3 C:\Users\admin\Downloads\gudang\system\CodeIgniter.php(832): App\Controllers\Home->barangmasuk()
#4 C:\Users\admin\Downloads\gudang\system\CodeIgniter.php(419): CodeIgniter\CodeIgniter->runController(Object(App\Controllers\Home))
#5 C:\Users\admin\Downloads\gudang\system\CodeIgniter.php(326): CodeIgniter\CodeIgniter->handleRequest(NULL, Object(Config\Cache), false)
#6 C:\Users\admin\Downloads\gudang\public\index.php(37): CodeIgniter\CodeIgniter->run()
#7 C:\Users\admin\Downloads\gudang\system\Commands\Server\rewrite.php(43): require_once('C:\\Users\\admin\\...')
#8 {main}
CRITICAL - 2024-10-07 23:06:56 --> syntax error, unexpected '}', expecting end of file
#0 C:\Users\admin\Downloads\gudang\system\View\View.php(213): CodeIgniter\View\View->CodeIgniter\View\{closure}()
#1 C:\Users\admin\Downloads\gudang\system\Common.php(1089): CodeIgniter\View\View->render('menu.php', Array, true)
#2 C:\Users\admin\Downloads\gudang\app\Controllers\Home.php(117): view('menu.php')
#3 C:\Users\admin\Downloads\gudang\system\CodeIgniter.php(832): App\Controllers\Home->barangmasuk()
#4 C:\Users\admin\Downloads\gudang\system\CodeIgniter.php(419): CodeIgniter\CodeIgniter->runController(Object(App\Controllers\Home))
#5 C:\Users\admin\Downloads\gudang\system\CodeIgniter.php(326): CodeIgniter\CodeIgniter->handleRequest(NULL, Object(Config\Cache), false)
#6 C:\Users\admin\Downloads\gudang\public\index.php(37): CodeIgniter\CodeIgniter->run()
#7 C:\Users\admin\Downloads\gudang\system\Commands\Server\rewrite.php(43): require_once('C:\\Users\\admin\\...')
#8 {main}
CRITICAL - 2024-10-07 23:07:11 --> syntax error, unexpected end of file
#0 C:\Users\admin\Downloads\gudang\system\View\View.php(213): CodeIgniter\View\View->CodeIgniter\View\{closure}()
#1 C:\Users\admin\Downloads\gudang\system\Common.php(1089): CodeIgniter\View\View->render('menu.php', Array, true)
#2 C:\Users\admin\Downloads\gudang\app\Controllers\Home.php(117): view('menu.php')
#3 C:\Users\admin\Downloads\gudang\system\CodeIgniter.php(832): App\Controllers\Home->barangmasuk()
#4 C:\Users\admin\Downloads\gudang\system\CodeIgniter.php(419): CodeIgniter\CodeIgniter->runController(Object(App\Controllers\Home))
#5 C:\Users\admin\Downloads\gudang\system\CodeIgniter.php(326): CodeIgniter\CodeIgniter->handleRequest(NULL, Object(Config\Cache), false)
#6 C:\Users\admin\Downloads\gudang\public\index.php(37): CodeIgniter\CodeIgniter->run()
#7 C:\Users\admin\Downloads\gudang\system\Commands\Server\rewrite.php(43): require_once('C:\\Users\\admin\\...')
#8 {main}
CRITICAL - 2024-10-07 23:07:11 --> syntax error, unexpected end of file
#0 C:\Users\admin\Downloads\gudang\system\View\View.php(213): CodeIgniter\View\View->CodeIgniter\View\{closure}()
#1 C:\Users\admin\Downloads\gudang\system\Common.php(1089): CodeIgniter\View\View->render('menu.php', Array, true)
#2 C:\Users\admin\Downloads\gudang\app\Controllers\Home.php(117): view('menu.php')
#3 C:\Users\admin\Downloads\gudang\system\CodeIgniter.php(832): App\Controllers\Home->barangmasuk()
#4 C:\Users\admin\Downloads\gudang\system\CodeIgniter.php(419): CodeIgniter\CodeIgniter->runController(Object(App\Controllers\Home))
#5 C:\Users\admin\Downloads\gudang\system\CodeIgniter.php(326): CodeIgniter\CodeIgniter->handleRequest(NULL, Object(Config\Cache), false)
#6 C:\Users\admin\Downloads\gudang\public\index.php(37): CodeIgniter\CodeIgniter->run()
#7 C:\Users\admin\Downloads\gudang\system\Commands\Server\rewrite.php(43): require_once('C:\\Users\\admin\\...')
#8 {main}
CRITICAL - 2024-10-07 23:08:38 --> syntax error, unexpected end of file
#0 C:\Users\admin\Downloads\gudang\system\View\View.php(213): CodeIgniter\View\View->CodeIgniter\View\{closure}()
#1 C:\Users\admin\Downloads\gudang\system\Common.php(1089): CodeIgniter\View\View->render('menu.php', Array, true)
#2 C:\Users\admin\Downloads\gudang\app\Controllers\Home.php(513): view('menu.php')
#3 C:\Users\admin\Downloads\gudang\system\CodeIgniter.php(832): App\Controllers\Home->user()
#4 C:\Users\admin\Downloads\gudang\system\CodeIgniter.php(419): CodeIgniter\CodeIgniter->runController(Object(App\Controllers\Home))
#5 C:\Users\admin\Downloads\gudang\system\CodeIgniter.php(326): CodeIgniter\CodeIgniter->handleRequest(NULL, Object(Config\Cache), false)
#6 C:\Users\admin\Downloads\gudang\public\index.php(37): CodeIgniter\CodeIgniter->run()
#7 C:\Users\admin\Downloads\gudang\system\Commands\Server\rewrite.php(43): require_once('C:\\Users\\admin\\...')
#8 {main}
CRITICAL - 2024-10-07 23:24:20 --> syntax error, unexpected '{'
#0 C:\Users\admin\Downloads\gudang\system\Router\Router.php(175): CodeIgniter\Router\Router->autoRoute('home/userr')
#1 C:\Users\admin\Downloads\gudang\system\CodeIgniter.php(726): CodeIgniter\Router\Router->handle('home/userr')
#2 C:\Users\admin\Downloads\gudang\system\CodeIgniter.php(368): CodeIgniter\CodeIgniter->tryToRouteIt(Object(CodeIgniter\Router\RouteCollection))
#3 C:\Users\admin\Downloads\gudang\system\CodeIgniter.php(326): CodeIgniter\CodeIgniter->handleRequest(NULL, Object(Config\Cache), false)
#4 C:\Users\admin\Downloads\gudang\public\index.php(37): CodeIgniter\CodeIgniter->run()
#5 C:\Users\admin\Downloads\gudang\system\Commands\Server\rewrite.php(43): require_once('C:\\Users\\admin\\...')
#6 {main}
CRITICAL - 2024-10-07 23:25:30 --> syntax error, unexpected '{'
#0 C:\Users\admin\Downloads\gudang\system\Router\Router.php(175): CodeIgniter\Router\Router->autoRoute('home/userr')
#1 C:\Users\admin\Downloads\gudang\system\CodeIgniter.php(726): CodeIgniter\Router\Router->handle('home/userr')
#2 C:\Users\admin\Downloads\gudang\system\CodeIgniter.php(368): CodeIgniter\CodeIgniter->tryToRouteIt(Object(CodeIgniter\Router\RouteCollection))
#3 C:\Users\admin\Downloads\gudang\system\CodeIgniter.php(326): CodeIgniter\CodeIgniter->handleRequest(NULL, Object(Config\Cache), false)
#4 C:\Users\admin\Downloads\gudang\public\index.php(37): CodeIgniter\CodeIgniter->run()
#5 C:\Users\admin\Downloads\gudang\system\Commands\Server\rewrite.php(43): require_once('C:\\Users\\admin\\...')
#6 {main}
CRITICAL - 2024-10-07 23:25:31 --> syntax error, unexpected '{'
#0 C:\Users\admin\Downloads\gudang\system\Router\Router.php(175): CodeIgniter\Router\Router->autoRoute('home/userr')
#1 C:\Users\admin\Downloads\gudang\system\CodeIgniter.php(726): CodeIgniter\Router\Router->handle('home/userr')
#2 C:\Users\admin\Downloads\gudang\system\CodeIgniter.php(368): CodeIgniter\CodeIgniter->tryToRouteIt(Object(CodeIgniter\Router\RouteCollection))
#3 C:\Users\admin\Downloads\gudang\system\CodeIgniter.php(326): CodeIgniter\CodeIgniter->handleRequest(NULL, Object(Config\Cache), false)
#4 C:\Users\admin\Downloads\gudang\public\index.php(37): CodeIgniter\CodeIgniter->run()
#5 C:\Users\admin\Downloads\gudang\system\Commands\Server\rewrite.php(43): require_once('C:\\Users\\admin\\...')
#6 {main}
CRITICAL - 2024-10-07 23:25:31 --> syntax error, unexpected '{'
#0 C:\Users\admin\Downloads\gudang\system\Router\Router.php(175): CodeIgniter\Router\Router->autoRoute('home/userr')
#1 C:\Users\admin\Downloads\gudang\system\CodeIgniter.php(726): CodeIgniter\Router\Router->handle('home/userr')
#2 C:\Users\admin\Downloads\gudang\system\CodeIgniter.php(368): CodeIgniter\CodeIgniter->tryToRouteIt(Object(CodeIgniter\Router\RouteCollection))
#3 C:\Users\admin\Downloads\gudang\system\CodeIgniter.php(326): CodeIgniter\CodeIgniter->handleRequest(NULL, Object(Config\Cache), false)
#4 C:\Users\admin\Downloads\gudang\public\index.php(37): CodeIgniter\CodeIgniter->run()
#5 C:\Users\admin\Downloads\gudang\system\Commands\Server\rewrite.php(43): require_once('C:\\Users\\admin\\...')
#6 {main}
CRITICAL - 2024-10-07 23:26:30 --> syntax error, unexpected '{'
#0 C:\Users\admin\Downloads\gudang\system\Router\Router.php(175): CodeIgniter\Router\Router->autoRoute('home/userr')
#1 C:\Users\admin\Downloads\gudang\system\CodeIgniter.php(726): CodeIgniter\Router\Router->handle('home/userr')
#2 C:\Users\admin\Downloads\gudang\system\CodeIgniter.php(368): CodeIgniter\CodeIgniter->tryToRouteIt(Object(CodeIgniter\Router\RouteCollection))
#3 C:\Users\admin\Downloads\gudang\system\CodeIgniter.php(326): CodeIgniter\CodeIgniter->handleRequest(NULL, Object(Config\Cache), false)
#4 C:\Users\admin\Downloads\gudang\public\index.php(37): CodeIgniter\CodeIgniter->run()
#5 C:\Users\admin\Downloads\gudang\system\Commands\Server\rewrite.php(43): require_once('C:\\Users\\admin\\...')
#6 {main}
CRITICAL - 2024-10-07 23:26:30 --> syntax error, unexpected '{'
#0 C:\Users\admin\Downloads\gudang\system\Router\Router.php(175): CodeIgniter\Router\Router->autoRoute('home/userr')
#1 C:\Users\admin\Downloads\gudang\system\CodeIgniter.php(726): CodeIgniter\Router\Router->handle('home/userr')
#2 C:\Users\admin\Downloads\gudang\system\CodeIgniter.php(368): CodeIgniter\CodeIgniter->tryToRouteIt(Object(CodeIgniter\Router\RouteCollection))
#3 C:\Users\admin\Downloads\gudang\system\CodeIgniter.php(326): CodeIgniter\CodeIgniter->handleRequest(NULL, Object(Config\Cache), false)
#4 C:\Users\admin\Downloads\gudang\public\index.php(37): CodeIgniter\CodeIgniter->run()
#5 C:\Users\admin\Downloads\gudang\system\Commands\Server\rewrite.php(43): require_once('C:\\Users\\admin\\...')
#6 {main}
CRITICAL - 2024-10-07 23:27:09 --> syntax error, unexpected '{'
#0 C:\Users\admin\Downloads\gudang\system\Router\Router.php(175): CodeIgniter\Router\Router->autoRoute('home/userr')
#1 C:\Users\admin\Downloads\gudang\system\CodeIgniter.php(726): CodeIgniter\Router\Router->handle('home/userr')
#2 C:\Users\admin\Downloads\gudang\system\CodeIgniter.php(368): CodeIgniter\CodeIgniter->tryToRouteIt(Object(CodeIgniter\Router\RouteCollection))
#3 C:\Users\admin\Downloads\gudang\system\CodeIgniter.php(326): CodeIgniter\CodeIgniter->handleRequest(NULL, Object(Config\Cache), false)
#4 C:\Users\admin\Downloads\gudang\public\index.php(37): CodeIgniter\CodeIgniter->run()
#5 C:\Users\admin\Downloads\gudang\system\Commands\Server\rewrite.php(43): require_once('C:\\Users\\admin\\...')
#6 {main}
CRITICAL - 2024-10-07 23:27:09 --> syntax error, unexpected '{'
#0 C:\Users\admin\Downloads\gudang\system\Router\Router.php(175): CodeIgniter\Router\Router->autoRoute('home/userr')
#1 C:\Users\admin\Downloads\gudang\system\CodeIgniter.php(726): CodeIgniter\Router\Router->handle('home/userr')
#2 C:\Users\admin\Downloads\gudang\system\CodeIgniter.php(368): CodeIgniter\CodeIgniter->tryToRouteIt(Object(CodeIgniter\Router\RouteCollection))
#3 C:\Users\admin\Downloads\gudang\system\CodeIgniter.php(326): CodeIgniter\CodeIgniter->handleRequest(NULL, Object(Config\Cache), false)
#4 C:\Users\admin\Downloads\gudang\public\index.php(37): CodeIgniter\CodeIgniter->run()
#5 C:\Users\admin\Downloads\gudang\system\Commands\Server\rewrite.php(43): require_once('C:\\Users\\admin\\...')
#6 {main}
CRITICAL - 2024-10-07 23:27:46 --> syntax error, unexpected '{'
#0 C:\Users\admin\Downloads\gudang\system\Router\Router.php(175): CodeIgniter\Router\Router->autoRoute('home/userr')
#1 C:\Users\admin\Downloads\gudang\system\CodeIgniter.php(726): CodeIgniter\Router\Router->handle('home/userr')
#2 C:\Users\admin\Downloads\gudang\system\CodeIgniter.php(368): CodeIgniter\CodeIgniter->tryToRouteIt(Object(CodeIgniter\Router\RouteCollection))
#3 C:\Users\admin\Downloads\gudang\system\CodeIgniter.php(326): CodeIgniter\CodeIgniter->handleRequest(NULL, Object(Config\Cache), false)
#4 C:\Users\admin\Downloads\gudang\public\index.php(37): CodeIgniter\CodeIgniter->run()
#5 C:\Users\admin\Downloads\gudang\system\Commands\Server\rewrite.php(43): require_once('C:\\Users\\admin\\...')
#6 {main}
