CRITICAL - 2024-10-09 23:41:31 --> Argument 2 passed to view() must be of the type array, null given, called in C:\Users\admin\Downloads\gudang\app\Controllers\Home.php on line 606
#0 C:\Users\admin\Downloads\gudang\app\Controllers\Home.php(606): view('karyawan.php', NULL)
#1 C:\Users\admin\Downloads\gudang\system\CodeIgniter.php(832): App\Controllers\Home->karyawan()
#2 C:\Users\admin\Downloads\gudang\system\CodeIgniter.php(419): CodeIgniter\CodeIgniter->runController(Object(App\Controllers\Home))
#3 C:\Users\admin\Downloads\gudang\system\CodeIgniter.php(326): CodeIgniter\CodeIgniter->handleRequest(NULL, Object(Config\Cache), false)
#4 C:\Users\admin\Downloads\gudang\public\index.php(37): CodeIgniter\CodeIgniter->run()
#5 C:\Users\admin\Downloads\gudang\system\Commands\Server\rewrite.php(43): require_once('C:\\Users\\admin\\...')
#6 {main}
CRITICAL - 2024-10-09 23:42:25 --> Call to a member function tampil() on null
#0 C:\Users\admin\Downloads\gudang\system\CodeIgniter.php(832): App\Controllers\Home->karyawan()
#1 C:\Users\admin\Downloads\gudang\system\CodeIgniter.php(419): CodeIgniter\CodeIgniter->runController(Object(App\Controllers\Home))
#2 C:\Users\admin\Downloads\gudang\system\CodeIgniter.php(326): CodeIgniter\CodeIgniter->handleRequest(NULL, Object(Config\Cache), false)
#3 C:\Users\admin\Downloads\gudang\public\index.php(37): CodeIgniter\CodeIgniter->run()
#4 C:\Users\admin\Downloads\gudang\system\Commands\Server\rewrite.php(43): require_once('C:\\Users\\admin\\...')
#5 {main}
CRITICAL - 2024-10-09 23:46:30 --> Argument 2 passed to view() must be of the type array, null given, called in C:\Users\admin\Downloads\gudang\app\Controllers\Home.php on line 606
#0 C:\Users\admin\Downloads\gudang\app\Controllers\Home.php(606): view('karyawan.php', NULL)
#1 C:\Users\admin\Downloads\gudang\system\CodeIgniter.php(832): App\Controllers\Home->karyawan()
#2 C:\Users\admin\Downloads\gudang\system\CodeIgniter.php(419): CodeIgniter\CodeIgniter->runController(Object(App\Controllers\Home))
#3 C:\Users\admin\Downloads\gudang\system\CodeIgniter.php(326): CodeIgniter\CodeIgniter->handleRequest(NULL, Object(Config\Cache), false)
#4 C:\Users\admin\Downloads\gudang\public\index.php(37): CodeIgniter\CodeIgniter->run()
#5 C:\Users\admin\Downloads\gudang\system\Commands\Server\rewrite.php(43): require_once('C:\\Users\\admin\\...')
#6 {main}
CRITICAL - 2024-10-09 23:46:30 --> Argument 2 passed to view() must be of the type array, null given, called in C:\Users\admin\Downloads\gudang\app\Controllers\Home.php on line 606
#0 C:\Users\admin\Downloads\gudang\app\Controllers\Home.php(606): view('karyawan.php', NULL)
#1 C:\Users\admin\Downloads\gudang\system\CodeIgniter.php(832): App\Controllers\Home->karyawan()
#2 C:\Users\admin\Downloads\gudang\system\CodeIgniter.php(419): CodeIgniter\CodeIgniter->runController(Object(App\Controllers\Home))
#3 C:\Users\admin\Downloads\gudang\system\CodeIgniter.php(326): CodeIgniter\CodeIgniter->handleRequest(NULL, Object(Config\Cache), false)
#4 C:\Users\admin\Downloads\gudang\public\index.php(37): CodeIgniter\CodeIgniter->run()
#5 C:\Users\admin\Downloads\gudang\system\Commands\Server\rewrite.php(43): require_once('C:\\Users\\admin\\...')
#6 {main}
CRITICAL - 2024-10-09 23:48:41 --> Call to a member function findAll() on array
#0 C:\Users\admin\Downloads\gudang\system\CodeIgniter.php(832): App\Controllers\Home->karyawan()
#1 C:\Users\admin\Downloads\gudang\system\CodeIgniter.php(419): CodeIgniter\CodeIgniter->runController(Object(App\Controllers\Home))
#2 C:\Users\admin\Downloads\gudang\system\CodeIgniter.php(326): CodeIgniter\CodeIgniter->handleRequest(NULL, Object(Config\Cache), false)
#3 C:\Users\admin\Downloads\gudang\public\index.php(37): CodeIgniter\CodeIgniter->run()
#4 C:\Users\admin\Downloads\gudang\system\Commands\Server\rewrite.php(43): require_once('C:\\Users\\admin\\...')
#5 {main}
CRITICAL - 2024-10-09 23:56:56 --> Too few arguments to function App\Models\Model_belajar::join(), 2 passed in C:\Users\admin\Downloads\gudang\app\Controllers\Home.php on line 604 and exactly 3 expected
#0 C:\Users\admin\Downloads\gudang\app\Controllers\Home.php(604): App\Models\Model_belajar->join('user', 'karyawan.id_use...')
#1 C:\Users\admin\Downloads\gudang\system\CodeIgniter.php(832): App\Controllers\Home->karyawan()
#2 C:\Users\admin\Downloads\gudang\system\CodeIgniter.php(419): CodeIgniter\CodeIgniter->runController(Object(App\Controllers\Home))
#3 C:\Users\admin\Downloads\gudang\system\CodeIgniter.php(326): CodeIgniter\CodeIgniter->handleRequest(NULL, Object(Config\Cache), false)
#4 C:\Users\admin\Downloads\gudang\public\index.php(37): CodeIgniter\CodeIgniter->run()
#5 C:\Users\admin\Downloads\gudang\system\Commands\Server\rewrite.php(43): require_once('C:\\Users\\admin\\...')
#6 {main}
CRITICAL - 2024-10-09 23:56:56 --> Too few arguments to function App\Models\Model_belajar::join(), 2 passed in C:\Users\admin\Downloads\gudang\app\Controllers\Home.php on line 604 and exactly 3 expected
#0 C:\Users\admin\Downloads\gudang\app\Controllers\Home.php(604): App\Models\Model_belajar->join('user', 'karyawan.id_use...')
#1 C:\Users\admin\Downloads\gudang\system\CodeIgniter.php(832): App\Controllers\Home->karyawan()
#2 C:\Users\admin\Downloads\gudang\system\CodeIgniter.php(419): CodeIgniter\CodeIgniter->runController(Object(App\Controllers\Home))
#3 C:\Users\admin\Downloads\gudang\system\CodeIgniter.php(326): CodeIgniter\CodeIgniter->handleRequest(NULL, Object(Config\Cache), false)
#4 C:\Users\admin\Downloads\gudang\public\index.php(37): CodeIgniter\CodeIgniter->run()
#5 C:\Users\admin\Downloads\gudang\system\Commands\Server\rewrite.php(43): require_once('C:\\Users\\admin\\...')
#6 {main}
CRITICAL - 2024-10-09 23:57:22 --> Too few arguments to function App\Models\Model_belajar::join(), 2 passed in C:\Users\admin\Downloads\gudang\app\Controllers\Home.php on line 604 and exactly 3 expected
#0 C:\Users\admin\Downloads\gudang\app\Controllers\Home.php(604): App\Models\Model_belajar->join('user', 'karyawan.id_use...')
#1 C:\Users\admin\Downloads\gudang\system\CodeIgniter.php(832): App\Controllers\Home->karyawan()
#2 C:\Users\admin\Downloads\gudang\system\CodeIgniter.php(419): CodeIgniter\CodeIgniter->runController(Object(App\Controllers\Home))
#3 C:\Users\admin\Downloads\gudang\system\CodeIgniter.php(326): CodeIgniter\CodeIgniter->handleRequest(NULL, Object(Config\Cache), false)
#4 C:\Users\admin\Downloads\gudang\public\index.php(37): CodeIgniter\CodeIgniter->run()
#5 C:\Users\admin\Downloads\gudang\system\Commands\Server\rewrite.php(43): require_once('C:\\Users\\admin\\...')
#6 {main}
CRITICAL - 2024-10-09 23:57:23 --> Too few arguments to function App\Models\Model_belajar::join(), 2 passed in C:\Users\admin\Downloads\gudang\app\Controllers\Home.php on line 604 and exactly 3 expected
#0 C:\Users\admin\Downloads\gudang\app\Controllers\Home.php(604): App\Models\Model_belajar->join('user', 'karyawan.id_use...')
#1 C:\Users\admin\Downloads\gudang\system\CodeIgniter.php(832): App\Controllers\Home->karyawan()
#2 C:\Users\admin\Downloads\gudang\system\CodeIgniter.php(419): CodeIgniter\CodeIgniter->runController(Object(App\Controllers\Home))
#3 C:\Users\admin\Downloads\gudang\system\CodeIgniter.php(326): CodeIgniter\CodeIgniter->handleRequest(NULL, Object(Config\Cache), false)
#4 C:\Users\admin\Downloads\gudang\public\index.php(37): CodeIgniter\CodeIgniter->run()
#5 C:\Users\admin\Downloads\gudang\system\Commands\Server\rewrite.php(43): require_once('C:\\Users\\admin\\...')
#6 {main}
CRITICAL - 2024-10-09 23:57:23 --> Too few arguments to function App\Models\Model_belajar::join(), 2 passed in C:\Users\admin\Downloads\gudang\app\Controllers\Home.php on line 604 and exactly 3 expected
#0 C:\Users\admin\Downloads\gudang\app\Controllers\Home.php(604): App\Models\Model_belajar->join('user', 'karyawan.id_use...')
#1 C:\Users\admin\Downloads\gudang\system\CodeIgniter.php(832): App\Controllers\Home->karyawan()
#2 C:\Users\admin\Downloads\gudang\system\CodeIgniter.php(419): CodeIgniter\CodeIgniter->runController(Object(App\Controllers\Home))
#3 C:\Users\admin\Downloads\gudang\system\CodeIgniter.php(326): CodeIgniter\CodeIgniter->handleRequest(NULL, Object(Config\Cache), false)
#4 C:\Users\admin\Downloads\gudang\public\index.php(37): CodeIgniter\CodeIgniter->run()
#5 C:\Users\admin\Downloads\gudang\system\Commands\Server\rewrite.php(43): require_once('C:\\Users\\admin\\...')
#6 {main}
CRITICAL - 2024-10-09 23:57:26 --> Too few arguments to function App\Models\Model_belajar::join(), 2 passed in C:\Users\admin\Downloads\gudang\app\Controllers\Home.php on line 604 and exactly 3 expected
#0 C:\Users\admin\Downloads\gudang\app\Controllers\Home.php(604): App\Models\Model_belajar->join('user', 'karyawan.id_use...')
#1 C:\Users\admin\Downloads\gudang\system\CodeIgniter.php(832): App\Controllers\Home->karyawan()
#2 C:\Users\admin\Downloads\gudang\system\CodeIgniter.php(419): CodeIgniter\CodeIgniter->runController(Object(App\Controllers\Home))
#3 C:\Users\admin\Downloads\gudang\system\CodeIgniter.php(326): CodeIgniter\CodeIgniter->handleRequest(NULL, Object(Config\Cache), false)
#4 C:\Users\admin\Downloads\gudang\public\index.php(37): CodeIgniter\CodeIgniter->run()
#5 C:\Users\admin\Downloads\gudang\system\Commands\Server\rewrite.php(43): require_once('C:\\Users\\admin\\...')
#6 {main}
CRITICAL - 2024-10-09 23:57:26 --> Too few arguments to function App\Models\Model_belajar::join(), 2 passed in C:\Users\admin\Downloads\gudang\app\Controllers\Home.php on line 604 and exactly 3 expected
#0 C:\Users\admin\Downloads\gudang\app\Controllers\Home.php(604): App\Models\Model_belajar->join('user', 'karyawan.id_use...')
#1 C:\Users\admin\Downloads\gudang\system\CodeIgniter.php(832): App\Controllers\Home->karyawan()
#2 C:\Users\admin\Downloads\gudang\system\CodeIgniter.php(419): CodeIgniter\CodeIgniter->runController(Object(App\Controllers\Home))
#3 C:\Users\admin\Downloads\gudang\system\CodeIgniter.php(326): CodeIgniter\CodeIgniter->handleRequest(NULL, Object(Config\Cache), false)
#4 C:\Users\admin\Downloads\gudang\public\index.php(37): CodeIgniter\CodeIgniter->run()
#5 C:\Users\admin\Downloads\gudang\system\Commands\Server\rewrite.php(43): require_once('C:\\Users\\admin\\...')
#6 {main}
CRITICAL - 2024-10-09 23:57:28 --> Too few arguments to function App\Models\Model_belajar::join(), 2 passed in C:\Users\admin\Downloads\gudang\app\Controllers\Home.php on line 604 and exactly 3 expected
#0 C:\Users\admin\Downloads\gudang\app\Controllers\Home.php(604): App\Models\Model_belajar->join('user', 'karyawan.id_use...')
#1 C:\Users\admin\Downloads\gudang\system\CodeIgniter.php(832): App\Controllers\Home->karyawan()
#2 C:\Users\admin\Downloads\gudang\system\CodeIgniter.php(419): CodeIgniter\CodeIgniter->runController(Object(App\Controllers\Home))
#3 C:\Users\admin\Downloads\gudang\system\CodeIgniter.php(326): CodeIgniter\CodeIgniter->handleRequest(NULL, Object(Config\Cache), false)
#4 C:\Users\admin\Downloads\gudang\public\index.php(37): CodeIgniter\CodeIgniter->run()
#5 C:\Users\admin\Downloads\gudang\system\Commands\Server\rewrite.php(43): require_once('C:\\Users\\admin\\...')
#6 {main}
CRITICAL - 2024-10-09 23:57:30 --> Too few arguments to function App\Models\Model_belajar::join(), 2 passed in C:\Users\admin\Downloads\gudang\app\Controllers\Home.php on line 604 and exactly 3 expected
#0 C:\Users\admin\Downloads\gudang\app\Controllers\Home.php(604): App\Models\Model_belajar->join('user', 'karyawan.id_use...')
#1 C:\Users\admin\Downloads\gudang\system\CodeIgniter.php(832): App\Controllers\Home->karyawan()
#2 C:\Users\admin\Downloads\gudang\system\CodeIgniter.php(419): CodeIgniter\CodeIgniter->runController(Object(App\Controllers\Home))
#3 C:\Users\admin\Downloads\gudang\system\CodeIgniter.php(326): CodeIgniter\CodeIgniter->handleRequest(NULL, Object(Config\Cache), false)
#4 C:\Users\admin\Downloads\gudang\public\index.php(37): CodeIgniter\CodeIgniter->run()
#5 C:\Users\admin\Downloads\gudang\system\Commands\Server\rewrite.php(43): require_once('C:\\Users\\admin\\...')
#6 {main}
CRITICAL - 2024-10-09 23:57:49 --> Too few arguments to function App\Models\Model_belajar::join(), 2 passed in C:\Users\admin\Downloads\gudang\app\Controllers\Home.php on line 604 and exactly 3 expected
#0 C:\Users\admin\Downloads\gudang\app\Controllers\Home.php(604): App\Models\Model_belajar->join('user', 'karyawan.id_use...')
#1 C:\Users\admin\Downloads\gudang\system\CodeIgniter.php(832): App\Controllers\Home->karyawan()
#2 C:\Users\admin\Downloads\gudang\system\CodeIgniter.php(419): CodeIgniter\CodeIgniter->runController(Object(App\Controllers\Home))
#3 C:\Users\admin\Downloads\gudang\system\CodeIgniter.php(326): CodeIgniter\CodeIgniter->handleRequest(NULL, Object(Config\Cache), false)
#4 C:\Users\admin\Downloads\gudang\public\index.php(37): CodeIgniter\CodeIgniter->run()
#5 C:\Users\admin\Downloads\gudang\system\Commands\Server\rewrite.php(43): require_once('C:\\Users\\admin\\...')
#6 {main}
CRITICAL - 2024-10-09 23:57:50 --> Too few arguments to function App\Models\Model_belajar::join(), 2 passed in C:\Users\admin\Downloads\gudang\app\Controllers\Home.php on line 604 and exactly 3 expected
#0 C:\Users\admin\Downloads\gudang\app\Controllers\Home.php(604): App\Models\Model_belajar->join('user', 'karyawan.id_use...')
#1 C:\Users\admin\Downloads\gudang\system\CodeIgniter.php(832): App\Controllers\Home->karyawan()
#2 C:\Users\admin\Downloads\gudang\system\CodeIgniter.php(419): CodeIgniter\CodeIgniter->runController(Object(App\Controllers\Home))
#3 C:\Users\admin\Downloads\gudang\system\CodeIgniter.php(326): CodeIgniter\CodeIgniter->handleRequest(NULL, Object(Config\Cache), false)
#4 C:\Users\admin\Downloads\gudang\public\index.php(37): CodeIgniter\CodeIgniter->run()
#5 C:\Users\admin\Downloads\gudang\system\Commands\Server\rewrite.php(43): require_once('C:\\Users\\admin\\...')
#6 {main}
CRITICAL - 2024-10-09 23:57:50 --> Too few arguments to function App\Models\Model_belajar::join(), 2 passed in C:\Users\admin\Downloads\gudang\app\Controllers\Home.php on line 604 and exactly 3 expected
#0 C:\Users\admin\Downloads\gudang\app\Controllers\Home.php(604): App\Models\Model_belajar->join('user', 'karyawan.id_use...')
#1 C:\Users\admin\Downloads\gudang\system\CodeIgniter.php(832): App\Controllers\Home->karyawan()
#2 C:\Users\admin\Downloads\gudang\system\CodeIgniter.php(419): CodeIgniter\CodeIgniter->runController(Object(App\Controllers\Home))
#3 C:\Users\admin\Downloads\gudang\system\CodeIgniter.php(326): CodeIgniter\CodeIgniter->handleRequest(NULL, Object(Config\Cache), false)
#4 C:\Users\admin\Downloads\gudang\public\index.php(37): CodeIgniter\CodeIgniter->run()
#5 C:\Users\admin\Downloads\gudang\system\Commands\Server\rewrite.php(43): require_once('C:\\Users\\admin\\...')
#6 {main}
CRITICAL - 2024-10-09 23:57:50 --> Too few arguments to function App\Models\Model_belajar::join(), 2 passed in C:\Users\admin\Downloads\gudang\app\Controllers\Home.php on line 604 and exactly 3 expected
#0 C:\Users\admin\Downloads\gudang\app\Controllers\Home.php(604): App\Models\Model_belajar->join('user', 'karyawan.id_use...')
#1 C:\Users\admin\Downloads\gudang\system\CodeIgniter.php(832): App\Controllers\Home->karyawan()
#2 C:\Users\admin\Downloads\gudang\system\CodeIgniter.php(419): CodeIgniter\CodeIgniter->runController(Object(App\Controllers\Home))
#3 C:\Users\admin\Downloads\gudang\system\CodeIgniter.php(326): CodeIgniter\CodeIgniter->handleRequest(NULL, Object(Config\Cache), false)
#4 C:\Users\admin\Downloads\gudang\public\index.php(37): CodeIgniter\CodeIgniter->run()
#5 C:\Users\admin\Downloads\gudang\system\Commands\Server\rewrite.php(43): require_once('C:\\Users\\admin\\...')
#6 {main}
CRITICAL - 2024-10-09 23:59:00 --> Cannot redeclare App\Models\Model_belajar::join()
#0 [internal function]: CodeIgniter\Debug\Exceptions->shutdownHandler()
#1 {main}
CRITICAL - 2024-10-09 23:59:01 --> Cannot redeclare App\Models\Model_belajar::join()
#0 [internal function]: CodeIgniter\Debug\Exceptions->shutdownHandler()
#1 {main}
CRITICAL - 2024-10-09 23:59:01 --> Cannot redeclare App\Models\Model_belajar::join()
#0 [internal function]: CodeIgniter\Debug\Exceptions->shutdownHandler()
#1 {main}
CRITICAL - 2024-10-09 23:59:01 --> Cannot redeclare App\Models\Model_belajar::join()
#0 [internal function]: CodeIgniter\Debug\Exceptions->shutdownHandler()
#1 {main}
CRITICAL - 2024-10-09 23:59:42 --> syntax error, unexpected 'endforeach' (T_ENDFOREACH), expecting end of file
#0 C:\Users\admin\Downloads\gudang\system\View\View.php(213): CodeIgniter\View\View->CodeIgniter\View\{closure}()
#1 C:\Users\admin\Downloads\gudang\system\Common.php(1089): CodeIgniter\View\View->render('karyawan.php', Array, true)
#2 C:\Users\admin\Downloads\gudang\app\Controllers\Home.php(608): view('karyawan.php', Array)
#3 C:\Users\admin\Downloads\gudang\system\CodeIgniter.php(832): App\Controllers\Home->karyawan()
#4 C:\Users\admin\Downloads\gudang\system\CodeIgniter.php(419): CodeIgniter\CodeIgniter->runController(Object(App\Controllers\Home))
#5 C:\Users\admin\Downloads\gudang\system\CodeIgniter.php(326): CodeIgniter\CodeIgniter->handleRequest(NULL, Object(Config\Cache), false)
#6 C:\Users\admin\Downloads\gudang\public\index.php(37): CodeIgniter\CodeIgniter->run()
#7 C:\Users\admin\Downloads\gudang\system\Commands\Server\rewrite.php(43): require_once('C:\\Users\\admin\\...')
#8 {main}
