ERROR - 2024-12-02 03:47:57 --> Error connecting to the database: Unknown database 'office_252'
CRITICAL - 2024-12-02 03:47:57 --> Unable to connect to the database.
Main connection [MySQLi]: Unknown database 'office_252'
#0 D:\htdocs-laravel\eoffice-252\system\Database\BaseConnection.php(577): CodeIgniter\Database\BaseConnection->initialize()
#1 D:\htdocs-laravel\eoffice-252\system\Database\BaseBuilder.php(1588): CodeIgniter\Database\BaseConnection->query('SELECT *\nFROM `...', Array, false)
#2 D:\htdocs-laravel\eoffice-252\app\Models\Model_belajar.php(119): CodeIgniter\Database\BaseBuilder->getWhere(Array)
#3 D:\htdocs-laravel\eoffice-252\app\Controllers\Home.php(193): App\Models\Model_belajar->getWhere('user', Array)
#4 D:\htdocs-laravel\eoffice-252\system\CodeIgniter.php(832): App\Controllers\Home->aksi_login()
#5 D:\htdocs-laravel\eoffice-252\system\CodeIgniter.php(419): CodeIgniter\CodeIgniter->runController(Object(App\Controllers\Home))
#6 D:\htdocs-laravel\eoffice-252\system\CodeIgniter.php(326): CodeIgniter\CodeIgniter->handleRequest(NULL, Object(Config\Cache), false)
#7 D:\htdocs-laravel\eoffice-252\public\index.php(37): CodeIgniter\CodeIgniter->run()
#8 D:\htdocs-laravel\eoffice-252\system\Commands\Server\rewrite.php(43): require_once('D:\\htdocs-larav...')
#9 {main}
CRITICAL - 2024-12-02 04:04:40 --> Call to undefined method CodeIgniter\Database\MySQLi\Result::where()
#0 D:\htdocs-laravel\eoffice-252\system\CodeIgniter.php(832): App\Controllers\Home->cuti()
#1 D:\htdocs-laravel\eoffice-252\system\CodeIgniter.php(419): CodeIgniter\CodeIgniter->runController(Object(App\Controllers\Home))
#2 D:\htdocs-laravel\eoffice-252\system\CodeIgniter.php(326): CodeIgniter\CodeIgniter->handleRequest(NULL, Object(Config\Cache), false)
#3 D:\htdocs-laravel\eoffice-252\public\index.php(37): CodeIgniter\CodeIgniter->run()
#4 D:\htdocs-laravel\eoffice-252\system\Commands\Server\rewrite.php(43): require_once('D:\\htdocs-larav...')
#5 {main}
CRITICAL - 2024-12-02 04:05:01 --> syntax error, unexpected token "if"
#0 D:\htdocs-laravel\eoffice-252\system\Router\Router.php(175): CodeIgniter\Router\Router->autoRoute('home/cuti')
#1 D:\htdocs-laravel\eoffice-252\system\CodeIgniter.php(726): CodeIgniter\Router\Router->handle('home/cuti')
#2 D:\htdocs-laravel\eoffice-252\system\CodeIgniter.php(368): CodeIgniter\CodeIgniter->tryToRouteIt(Object(CodeIgniter\Router\RouteCollection))
#3 D:\htdocs-laravel\eoffice-252\system\CodeIgniter.php(326): CodeIgniter\CodeIgniter->handleRequest(NULL, Object(Config\Cache), false)
#4 D:\htdocs-laravel\eoffice-252\public\index.php(37): CodeIgniter\CodeIgniter->run()
#5 D:\htdocs-laravel\eoffice-252\system\Commands\Server\rewrite.php(43): require_once('D:\\htdocs-larav...')
#6 {main}
CRITICAL - 2024-12-02 04:05:09 --> Undefined property: stdClass::$nama
#0 D:\htdocs-laravel\eoffice-252\app\Views\cuti.php(50): CodeIgniter\Debug\Exceptions->errorHandler(2, 'Undefined prope...', 'D:\\htdocs-larav...', 50)
#1 D:\htdocs-laravel\eoffice-252\system\View\View.php(210): include('D:\\htdocs-larav...')
#2 D:\htdocs-laravel\eoffice-252\system\View\View.php(213): CodeIgniter\View\View->CodeIgniter\View\{closure}()
#3 D:\htdocs-laravel\eoffice-252\system\Common.php(1089): CodeIgniter\View\View->render('cuti.php', Array, true)
#4 D:\htdocs-laravel\eoffice-252\app\Controllers\Home.php(40): view('cuti.php', Array)
#5 D:\htdocs-laravel\eoffice-252\system\CodeIgniter.php(832): App\Controllers\Home->cuti()
#6 D:\htdocs-laravel\eoffice-252\system\CodeIgniter.php(419): CodeIgniter\CodeIgniter->runController(Object(App\Controllers\Home))
#7 D:\htdocs-laravel\eoffice-252\system\CodeIgniter.php(326): CodeIgniter\CodeIgniter->handleRequest(NULL, Object(Config\Cache), false)
#8 D:\htdocs-laravel\eoffice-252\public\index.php(37): CodeIgniter\CodeIgniter->run()
#9 D:\htdocs-laravel\eoffice-252\system\Commands\Server\rewrite.php(43): require_once('D:\\htdocs-larav...')
#10 {main}
CRITICAL - 2024-12-02 04:05:15 --> Undefined property: stdClass::$nama_pengganti
#0 D:\htdocs-laravel\eoffice-252\app\Views\cuti.php(55): CodeIgniter\Debug\Exceptions->errorHandler(2, 'Undefined prope...', 'D:\\htdocs-larav...', 55)
#1 D:\htdocs-laravel\eoffice-252\system\View\View.php(210): include('D:\\htdocs-larav...')
#2 D:\htdocs-laravel\eoffice-252\system\View\View.php(213): CodeIgniter\View\View->CodeIgniter\View\{closure}()
#3 D:\htdocs-laravel\eoffice-252\system\Common.php(1089): CodeIgniter\View\View->render('cuti.php', Array, true)
#4 D:\htdocs-laravel\eoffice-252\app\Controllers\Home.php(40): view('cuti.php', Array)
#5 D:\htdocs-laravel\eoffice-252\system\CodeIgniter.php(832): App\Controllers\Home->cuti()
#6 D:\htdocs-laravel\eoffice-252\system\CodeIgniter.php(419): CodeIgniter\CodeIgniter->runController(Object(App\Controllers\Home))
#7 D:\htdocs-laravel\eoffice-252\system\CodeIgniter.php(326): CodeIgniter\CodeIgniter->handleRequest(NULL, Object(Config\Cache), false)
#8 D:\htdocs-laravel\eoffice-252\public\index.php(37): CodeIgniter\CodeIgniter->run()
#9 D:\htdocs-laravel\eoffice-252\system\Commands\Server\rewrite.php(43): require_once('D:\\htdocs-larav...')
#10 {main}
CRITICAL - 2024-12-02 04:05:20 --> Undefined property: stdClass::$nama_pengganti
#0 D:\htdocs-laravel\eoffice-252\app\Views\cuti.php(55): CodeIgniter\Debug\Exceptions->errorHandler(2, 'Undefined prope...', 'D:\\htdocs-larav...', 55)
#1 D:\htdocs-laravel\eoffice-252\system\View\View.php(210): include('D:\\htdocs-larav...')
#2 D:\htdocs-laravel\eoffice-252\system\View\View.php(213): CodeIgniter\View\View->CodeIgniter\View\{closure}()
#3 D:\htdocs-laravel\eoffice-252\system\Common.php(1089): CodeIgniter\View\View->render('cuti.php', Array, true)
#4 D:\htdocs-laravel\eoffice-252\app\Controllers\Home.php(40): view('cuti.php', Array)
#5 D:\htdocs-laravel\eoffice-252\system\CodeIgniter.php(832): App\Controllers\Home->cuti()
#6 D:\htdocs-laravel\eoffice-252\system\CodeIgniter.php(419): CodeIgniter\CodeIgniter->runController(Object(App\Controllers\Home))
#7 D:\htdocs-laravel\eoffice-252\system\CodeIgniter.php(326): CodeIgniter\CodeIgniter->handleRequest(NULL, Object(Config\Cache), false)
#8 D:\htdocs-laravel\eoffice-252\public\index.php(37): CodeIgniter\CodeIgniter->run()
#9 D:\htdocs-laravel\eoffice-252\system\Commands\Server\rewrite.php(43): require_once('D:\\htdocs-larav...')
#10 {main}
CRITICAL - 2024-12-02 04:07:38 --> Call to undefined method CodeIgniter\Database\MySQLi\Result::where()
#0 D:\htdocs-laravel\eoffice-252\system\CodeIgniter.php(832): App\Controllers\Home->cuti()
#1 D:\htdocs-laravel\eoffice-252\system\CodeIgniter.php(419): CodeIgniter\CodeIgniter->runController(Object(App\Controllers\Home))
#2 D:\htdocs-laravel\eoffice-252\system\CodeIgniter.php(326): CodeIgniter\CodeIgniter->handleRequest(NULL, Object(Config\Cache), false)
#3 D:\htdocs-laravel\eoffice-252\public\index.php(37): CodeIgniter\CodeIgniter->run()
#4 D:\htdocs-laravel\eoffice-252\system\Commands\Server\rewrite.php(43): require_once('D:\\htdocs-larav...')
#5 {main}
CRITICAL - 2024-12-02 04:07:48 --> Undefined property: stdClass::$nama
#0 D:\htdocs-laravel\eoffice-252\app\Views\cuti.php(50): CodeIgniter\Debug\Exceptions->errorHandler(2, 'Undefined prope...', 'D:\\htdocs-larav...', 50)
#1 D:\htdocs-laravel\eoffice-252\system\View\View.php(210): include('D:\\htdocs-larav...')
#2 D:\htdocs-laravel\eoffice-252\system\View\View.php(213): CodeIgniter\View\View->CodeIgniter\View\{closure}()
#3 D:\htdocs-laravel\eoffice-252\system\Common.php(1089): CodeIgniter\View\View->render('cuti.php', Array, true)
#4 D:\htdocs-laravel\eoffice-252\app\Controllers\Home.php(42): view('cuti.php', Array)
#5 D:\htdocs-laravel\eoffice-252\system\CodeIgniter.php(832): App\Controllers\Home->cuti()
#6 D:\htdocs-laravel\eoffice-252\system\CodeIgniter.php(419): CodeIgniter\CodeIgniter->runController(Object(App\Controllers\Home))
#7 D:\htdocs-laravel\eoffice-252\system\CodeIgniter.php(326): CodeIgniter\CodeIgniter->handleRequest(NULL, Object(Config\Cache), false)
#8 D:\htdocs-laravel\eoffice-252\public\index.php(37): CodeIgniter\CodeIgniter->run()
#9 D:\htdocs-laravel\eoffice-252\system\Commands\Server\rewrite.php(43): require_once('D:\\htdocs-larav...')
#10 {main}
CRITICAL - 2024-12-02 04:30:50 --> Attempt to read property "nama" on null
#0 D:\htdocs-laravel\eoffice-252\app\Controllers\Home.php(227): CodeIgniter\Debug\Exceptions->errorHandler(2, 'Attempt to read...', 'D:\\htdocs-larav...', 227)
#1 D:\htdocs-laravel\eoffice-252\system\CodeIgniter.php(832): App\Controllers\Home->aksi_login()
#2 D:\htdocs-laravel\eoffice-252\system\CodeIgniter.php(419): CodeIgniter\CodeIgniter->runController(Object(App\Controllers\Home))
#3 D:\htdocs-laravel\eoffice-252\system\CodeIgniter.php(326): CodeIgniter\CodeIgniter->handleRequest(NULL, Object(Config\Cache), false)
#4 D:\htdocs-laravel\eoffice-252\public\index.php(37): CodeIgniter\CodeIgniter->run()
#5 D:\htdocs-laravel\eoffice-252\system\Commands\Server\rewrite.php(43): require_once('D:\\htdocs-larav...')
#6 {main}
CRITICAL - 2024-12-02 04:40:08 --> syntax error, unexpected variable "$data"
#0 D:\htdocs-laravel\eoffice-252\system\Router\Router.php(175): CodeIgniter\Router\Router->autoRoute('home/verifikasi...')
#1 D:\htdocs-laravel\eoffice-252\system\CodeIgniter.php(726): CodeIgniter\Router\Router->handle('home/verifikasi...')
#2 D:\htdocs-laravel\eoffice-252\system\CodeIgniter.php(368): CodeIgniter\CodeIgniter->tryToRouteIt(Object(CodeIgniter\Router\RouteCollection))
#3 D:\htdocs-laravel\eoffice-252\system\CodeIgniter.php(326): CodeIgniter\CodeIgniter->handleRequest(NULL, Object(Config\Cache), false)
#4 D:\htdocs-laravel\eoffice-252\public\index.php(37): CodeIgniter\CodeIgniter->run()
#5 D:\htdocs-laravel\eoffice-252\system\Commands\Server\rewrite.php(43): require_once('D:\\htdocs-larav...')
#6 {main}
ERROR - 2024-12-02 04:40:19 --> Unknown column 'karyawan.nama' in 'field list'
CRITICAL - 2024-12-02 04:40:19 --> Call to a member function getResult() on bool
#0 D:\htdocs-laravel\eoffice-252\system\CodeIgniter.php(832): App\Controllers\Home->verifikasi_pengganti()
#1 D:\htdocs-laravel\eoffice-252\system\CodeIgniter.php(419): CodeIgniter\CodeIgniter->runController(Object(App\Controllers\Home))
#2 D:\htdocs-laravel\eoffice-252\system\CodeIgniter.php(326): CodeIgniter\CodeIgniter->handleRequest(NULL, Object(Config\Cache), false)
#3 D:\htdocs-laravel\eoffice-252\public\index.php(37): CodeIgniter\CodeIgniter->run()
#4 D:\htdocs-laravel\eoffice-252\system\Commands\Server\rewrite.php(43): require_once('D:\\htdocs-larav...')
#5 {main}
CRITICAL - 2024-12-02 04:40:28 --> Undefined property: stdClass::$nama
#0 D:\htdocs-laravel\eoffice-252\app\Views\verifikasi_pengganti.php(50): CodeIgniter\Debug\Exceptions->errorHandler(2, 'Undefined prope...', 'D:\\htdocs-larav...', 50)
#1 D:\htdocs-laravel\eoffice-252\system\View\View.php(210): include('D:\\htdocs-larav...')
#2 D:\htdocs-laravel\eoffice-252\system\View\View.php(213): CodeIgniter\View\View->CodeIgniter\View\{closure}()
#3 D:\htdocs-laravel\eoffice-252\system\Common.php(1089): CodeIgniter\View\View->render('verifikasi_peng...', Array, true)
#4 D:\htdocs-laravel\eoffice-252\app\Controllers\Home.php(33): view('verifikasi_peng...', Array)
#5 D:\htdocs-laravel\eoffice-252\system\CodeIgniter.php(832): App\Controllers\Home->verifikasi_pengganti()
#6 D:\htdocs-laravel\eoffice-252\system\CodeIgniter.php(419): CodeIgniter\CodeIgniter->runController(Object(App\Controllers\Home))
#7 D:\htdocs-laravel\eoffice-252\system\CodeIgniter.php(326): CodeIgniter\CodeIgniter->handleRequest(NULL, Object(Config\Cache), false)
#8 D:\htdocs-laravel\eoffice-252\public\index.php(37): CodeIgniter\CodeIgniter->run()
#9 D:\htdocs-laravel\eoffice-252\system\Commands\Server\rewrite.php(43): require_once('D:\\htdocs-larav...')
#10 {main}
CRITICAL - 2024-12-02 04:40:31 --> Undefined property: stdClass::$nama
#0 D:\htdocs-laravel\eoffice-252\app\Views\verifikasi_pengganti.php(50): CodeIgniter\Debug\Exceptions->errorHandler(2, 'Undefined prope...', 'D:\\htdocs-larav...', 50)
#1 D:\htdocs-laravel\eoffice-252\system\View\View.php(210): include('D:\\htdocs-larav...')
#2 D:\htdocs-laravel\eoffice-252\system\View\View.php(213): CodeIgniter\View\View->CodeIgniter\View\{closure}()
#3 D:\htdocs-laravel\eoffice-252\system\Common.php(1089): CodeIgniter\View\View->render('verifikasi_peng...', Array, true)
#4 D:\htdocs-laravel\eoffice-252\app\Controllers\Home.php(33): view('verifikasi_peng...', Array)
#5 D:\htdocs-laravel\eoffice-252\system\CodeIgniter.php(832): App\Controllers\Home->verifikasi_pengganti()
#6 D:\htdocs-laravel\eoffice-252\system\CodeIgniter.php(419): CodeIgniter\CodeIgniter->runController(Object(App\Controllers\Home))
#7 D:\htdocs-laravel\eoffice-252\system\CodeIgniter.php(326): CodeIgniter\CodeIgniter->handleRequest(NULL, Object(Config\Cache), false)
#8 D:\htdocs-laravel\eoffice-252\public\index.php(37): CodeIgniter\CodeIgniter->run()
#9 D:\htdocs-laravel\eoffice-252\system\Commands\Server\rewrite.php(43): require_once('D:\\htdocs-larav...')
#10 {main}
CRITICAL - 2024-12-02 04:41:05 --> Undefined property: stdClass::$nama
#0 D:\htdocs-laravel\eoffice-252\app\Views\verifikasi_pengganti.php(49): CodeIgniter\Debug\Exceptions->errorHandler(2, 'Undefined prope...', 'D:\\htdocs-larav...', 49)
#1 D:\htdocs-laravel\eoffice-252\system\View\View.php(210): include('D:\\htdocs-larav...')
#2 D:\htdocs-laravel\eoffice-252\system\View\View.php(213): CodeIgniter\View\View->CodeIgniter\View\{closure}()
#3 D:\htdocs-laravel\eoffice-252\system\Common.php(1089): CodeIgniter\View\View->render('verifikasi_peng...', Array, true)
#4 D:\htdocs-laravel\eoffice-252\app\Controllers\Home.php(33): view('verifikasi_peng...', Array)
#5 D:\htdocs-laravel\eoffice-252\system\CodeIgniter.php(832): App\Controllers\Home->verifikasi_pengganti()
#6 D:\htdocs-laravel\eoffice-252\system\CodeIgniter.php(419): CodeIgniter\CodeIgniter->runController(Object(App\Controllers\Home))
#7 D:\htdocs-laravel\eoffice-252\system\CodeIgniter.php(326): CodeIgniter\CodeIgniter->handleRequest(NULL, Object(Config\Cache), false)
#8 D:\htdocs-laravel\eoffice-252\public\index.php(37): CodeIgniter\CodeIgniter->run()
#9 D:\htdocs-laravel\eoffice-252\system\Commands\Server\rewrite.php(43): require_once('D:\\htdocs-larav...')
#10 {main}
CRITICAL - 2024-12-02 05:48:42 --> Cannot redeclare App\Controllers\Home::simpansuratmasuk()
#0 [internal function]: CodeIgniter\Debug\Exceptions->shutdownHandler()
#1 {main}
CRITICAL - 2024-12-02 05:48:52 --> Cannot redeclare App\Controllers\Home::simpansuratmasuk()
#0 [internal function]: CodeIgniter\Debug\Exceptions->shutdownHandler()
#1 {main}
CRITICAL - 2024-12-02 05:48:56 --> Cannot redeclare App\Controllers\Home::simpansuratmasuk()
#0 [internal function]: CodeIgniter\Debug\Exceptions->shutdownHandler()
#1 {main}
CRITICAL - 2024-12-02 05:49:23 --> Cannot redeclare App\Controllers\Home::simpansuratmasuk()
#0 [internal function]: CodeIgniter\Debug\Exceptions->shutdownHandler()
#1 {main}
CRITICAL - 2024-12-02 05:49:24 --> Cannot redeclare App\Controllers\Home::simpansuratmasuk()
#0 [internal function]: CodeIgniter\Debug\Exceptions->shutdownHandler()
#1 {main}
CRITICAL - 2024-12-02 05:49:27 --> Cannot redeclare App\Controllers\Home::simpansuratmasuk()
#0 [internal function]: CodeIgniter\Debug\Exceptions->shutdownHandler()
#1 {main}
CRITICAL - 2024-12-02 05:50:06 --> Cannot redeclare App\Controllers\Home::simpansuratmasuk()
#0 [internal function]: CodeIgniter\Debug\Exceptions->shutdownHandler()
#1 {main}
ERROR - 2024-12-02 05:55:57 --> Error connecting to the database: Unknown database 'officee'
CRITICAL - 2024-12-02 05:55:57 --> Unable to connect to the database.
Main connection [MySQLi]: Unknown database 'officee'
#0 C:\Users\admin\Downloads\office3\system\Database\BaseConnection.php(577): CodeIgniter\Database\BaseConnection->initialize()
#1 C:\Users\admin\Downloads\office3\system\Database\BaseBuilder.php(1588): CodeIgniter\Database\BaseConnection->query('SELECT *\nFROM `...', Array, false)
#2 C:\Users\admin\Downloads\office3\app\Models\Model_belajar.php(119): CodeIgniter\Database\BaseBuilder->getWhere(Array)
#3 C:\Users\admin\Downloads\office3\app\Controllers\Home.php(248): App\Models\Model_belajar->getWhere('user', Array)
#4 C:\Users\admin\Downloads\office3\system\CodeIgniter.php(832): App\Controllers\Home->aksi_login()
#5 C:\Users\admin\Downloads\office3\system\CodeIgniter.php(419): CodeIgniter\CodeIgniter->runController(Object(App\Controllers\Home))
#6 C:\Users\admin\Downloads\office3\system\CodeIgniter.php(326): CodeIgniter\CodeIgniter->handleRequest(NULL, Object(Config\Cache), false)
#7 C:\Users\admin\Downloads\office3\public\index.php(37): CodeIgniter\CodeIgniter->run()
#8 C:\Users\admin\Downloads\office3\system\Commands\Server\rewrite.php(43): require_once('C:\\Users\\admin\\...')
#9 {main}
ERROR - 2024-12-02 05:56:44 --> Error connecting to the database: Unknown database 'officee'
CRITICAL - 2024-12-02 05:56:44 --> Unable to connect to the database.
Main connection [MySQLi]: Unknown database 'officee'
#0 C:\Users\admin\Downloads\office3\system\Database\BaseConnection.php(577): CodeIgniter\Database\BaseConnection->initialize()
#1 C:\Users\admin\Downloads\office3\system\Database\BaseBuilder.php(1588): CodeIgniter\Database\BaseConnection->query('SELECT *\nFROM `...', Array, false)
#2 C:\Users\admin\Downloads\office3\app\Models\Model_belajar.php(119): CodeIgniter\Database\BaseBuilder->getWhere(Array)
#3 C:\Users\admin\Downloads\office3\app\Controllers\Home.php(248): App\Models\Model_belajar->getWhere('user', Array)
#4 C:\Users\admin\Downloads\office3\system\CodeIgniter.php(832): App\Controllers\Home->aksi_login()
#5 C:\Users\admin\Downloads\office3\system\CodeIgniter.php(419): CodeIgniter\CodeIgniter->runController(Object(App\Controllers\Home))
#6 C:\Users\admin\Downloads\office3\system\CodeIgniter.php(326): CodeIgniter\CodeIgniter->handleRequest(NULL, Object(Config\Cache), false)
#7 C:\Users\admin\Downloads\office3\public\index.php(37): CodeIgniter\CodeIgniter->run()
#8 C:\Users\admin\Downloads\office3\system\Commands\Server\rewrite.php(43): require_once('C:\\Users\\admin\\...')
#9 {main}
