CRITICAL - 2024-03-21 22:45:20 --> syntax error, unexpected '{', expecting '('
#0 C:\Users\user\Downloads\Folder Save Boboy\CodeIgniter4-4.1.9\system\Router\Router.php(175): CodeIgniter\Router\Router->autoRoute('home/barang')
#1 C:\Users\user\Downloads\Folder Save Boboy\CodeIgniter4-4.1.9\system\CodeIgniter.php(726): CodeIgniter\Router\Router->handle('home/barang')
#2 C:\Users\user\Downloads\Folder Save Boboy\CodeIgniter4-4.1.9\system\CodeIgniter.php(368): CodeIgniter\CodeIgniter->tryToRouteIt(Object(CodeIgniter\Router\RouteCollection))
#3 C:\Users\user\Downloads\Folder Save Boboy\CodeIgniter4-4.1.9\system\CodeIgniter.php(326): CodeIgniter\CodeIgniter->handleRequest(NULL, Object(Config\Cache), false)
#4 C:\Users\user\Downloads\Folder Save Boboy\CodeIgniter4-4.1.9\public\index.php(37): CodeIgniter\CodeIgniter->run()
#5 C:\Users\user\Downloads\Folder Save Boboy\CodeIgniter4-4.1.9\system\Commands\Server\rewrite.php(43): require_once('C:\\Users\\user\\D...')
#6 {main}
CRITICAL - 2024-03-21 22:45:27 --> syntax error, unexpected '{', expecting '('
#0 C:\Users\user\Downloads\Folder Save Boboy\CodeIgniter4-4.1.9\system\Router\Router.php(175): CodeIgniter\Router\Router->autoRoute('home/ballear')
#1 C:\Users\user\Downloads\Folder Save Boboy\CodeIgniter4-4.1.9\system\CodeIgniter.php(726): CodeIgniter\Router\Router->handle('home/ballear')
#2 C:\Users\user\Downloads\Folder Save Boboy\CodeIgniter4-4.1.9\system\CodeIgniter.php(368): CodeIgniter\CodeIgniter->tryToRouteIt(Object(CodeIgniter\Router\RouteCollection))
#3 C:\Users\user\Downloads\Folder Save Boboy\CodeIgniter4-4.1.9\system\CodeIgniter.php(326): CodeIgniter\CodeIgniter->handleRequest(NULL, Object(Config\Cache), false)
#4 C:\Users\user\Downloads\Folder Save Boboy\CodeIgniter4-4.1.9\public\index.php(37): CodeIgniter\CodeIgniter->run()
#5 C:\Users\user\Downloads\Folder Save Boboy\CodeIgniter4-4.1.9\system\Commands\Server\rewrite.php(43): require_once('C:\\Users\\user\\D...')
#6 {main}
CRITICAL - 2024-03-21 22:45:30 --> syntax error, unexpected '{', expecting '('
#0 C:\Users\user\Downloads\Folder Save Boboy\CodeIgniter4-4.1.9\system\Router\Router.php(175): CodeIgniter\Router\Router->autoRoute('home/baller')
#1 C:\Users\user\Downloads\Folder Save Boboy\CodeIgniter4-4.1.9\system\CodeIgniter.php(726): CodeIgniter\Router\Router->handle('home/baller')
#2 C:\Users\user\Downloads\Folder Save Boboy\CodeIgniter4-4.1.9\system\CodeIgniter.php(368): CodeIgniter\CodeIgniter->tryToRouteIt(Object(CodeIgniter\Router\RouteCollection))
#3 C:\Users\user\Downloads\Folder Save Boboy\CodeIgniter4-4.1.9\system\CodeIgniter.php(326): CodeIgniter\CodeIgniter->handleRequest(NULL, Object(Config\Cache), false)
#4 C:\Users\user\Downloads\Folder Save Boboy\CodeIgniter4-4.1.9\public\index.php(37): CodeIgniter\CodeIgniter->run()
#5 C:\Users\user\Downloads\Folder Save Boboy\CodeIgniter4-4.1.9\system\Commands\Server\rewrite.php(43): require_once('C:\\Users\\user\\D...')
#6 {main}
CRITICAL - 2024-03-21 22:47:19 --> syntax error, unexpected '{', expecting '('
#0 C:\Users\user\Downloads\Folder Save Boboy\CodeIgniter4-4.1.9\system\Router\Router.php(175): CodeIgniter\Router\Router->autoRoute('home/baller')
#1 C:\Users\user\Downloads\Folder Save Boboy\CodeIgniter4-4.1.9\system\CodeIgniter.php(726): CodeIgniter\Router\Router->handle('home/baller')
#2 C:\Users\user\Downloads\Folder Save Boboy\CodeIgniter4-4.1.9\system\CodeIgniter.php(368): CodeIgniter\CodeIgniter->tryToRouteIt(Object(CodeIgniter\Router\RouteCollection))
#3 C:\Users\user\Downloads\Folder Save Boboy\CodeIgniter4-4.1.9\system\CodeIgniter.php(326): CodeIgniter\CodeIgniter->handleRequest(NULL, Object(Config\Cache), false)
#4 C:\Users\user\Downloads\Folder Save Boboy\CodeIgniter4-4.1.9\public\index.php(37): CodeIgniter\CodeIgniter->run()
#5 C:\Users\user\Downloads\Folder Save Boboy\CodeIgniter4-4.1.9\system\Commands\Server\rewrite.php(43): require_once('C:\\Users\\user\\D...')
#6 {main}
CRITICAL - 2024-03-21 22:48:02 --> syntax error, unexpected '{', expecting '('
#0 C:\Users\user\Downloads\Folder Save Boboy\CodeIgniter4-4.1.9\system\Router\Router.php(175): CodeIgniter\Router\Router->autoRoute('home/baller')
#1 C:\Users\user\Downloads\Folder Save Boboy\CodeIgniter4-4.1.9\system\CodeIgniter.php(726): CodeIgniter\Router\Router->handle('home/baller')
#2 C:\Users\user\Downloads\Folder Save Boboy\CodeIgniter4-4.1.9\system\CodeIgniter.php(368): CodeIgniter\CodeIgniter->tryToRouteIt(Object(CodeIgniter\Router\RouteCollection))
#3 C:\Users\user\Downloads\Folder Save Boboy\CodeIgniter4-4.1.9\system\CodeIgniter.php(326): CodeIgniter\CodeIgniter->handleRequest(NULL, Object(Config\Cache), false)
#4 C:\Users\user\Downloads\Folder Save Boboy\CodeIgniter4-4.1.9\public\index.php(37): CodeIgniter\CodeIgniter->run()
#5 C:\Users\user\Downloads\Folder Save Boboy\CodeIgniter4-4.1.9\system\Commands\Server\rewrite.php(43): require_once('C:\\Users\\user\\D...')
#6 {main}
CRITICAL - 2024-03-21 22:48:16 --> syntax error, unexpected '$hai' (T_VARIABLE), expecting '('
#0 C:\Users\user\Downloads\Folder Save Boboy\CodeIgniter4-4.1.9\system\Router\Router.php(175): CodeIgniter\Router\Router->autoRoute('home/baller')
#1 C:\Users\user\Downloads\Folder Save Boboy\CodeIgniter4-4.1.9\system\CodeIgniter.php(726): CodeIgniter\Router\Router->handle('home/baller')
#2 C:\Users\user\Downloads\Folder Save Boboy\CodeIgniter4-4.1.9\system\CodeIgniter.php(368): CodeIgniter\CodeIgniter->tryToRouteIt(Object(CodeIgniter\Router\RouteCollection))
#3 C:\Users\user\Downloads\Folder Save Boboy\CodeIgniter4-4.1.9\system\CodeIgniter.php(326): CodeIgniter\CodeIgniter->handleRequest(NULL, Object(Config\Cache), false)
#4 C:\Users\user\Downloads\Folder Save Boboy\CodeIgniter4-4.1.9\public\index.php(37): CodeIgniter\CodeIgniter->run()
#5 C:\Users\user\Downloads\Folder Save Boboy\CodeIgniter4-4.1.9\system\Commands\Server\rewrite.php(43): require_once('C:\\Users\\user\\D...')
#6 {main}
CRITICAL - 2024-03-21 22:48:37 --> syntax error, unexpected '$hai' (T_VARIABLE), expecting '('
#0 C:\Users\user\Downloads\Folder Save Boboy\CodeIgniter4-4.1.9\system\Router\Router.php(175): CodeIgniter\Router\Router->autoRoute('home/baller')
#1 C:\Users\user\Downloads\Folder Save Boboy\CodeIgniter4-4.1.9\system\CodeIgniter.php(726): CodeIgniter\Router\Router->handle('home/baller')
#2 C:\Users\user\Downloads\Folder Save Boboy\CodeIgniter4-4.1.9\system\CodeIgniter.php(368): CodeIgniter\CodeIgniter->tryToRouteIt(Object(CodeIgniter\Router\RouteCollection))
#3 C:\Users\user\Downloads\Folder Save Boboy\CodeIgniter4-4.1.9\system\CodeIgniter.php(326): CodeIgniter\CodeIgniter->handleRequest(NULL, Object(Config\Cache), false)
#4 C:\Users\user\Downloads\Folder Save Boboy\CodeIgniter4-4.1.9\public\index.php(37): CodeIgniter\CodeIgniter->run()
#5 C:\Users\user\Downloads\Folder Save Boboy\CodeIgniter4-4.1.9\system\Commands\Server\rewrite.php(43): require_once('C:\\Users\\user\\D...')
#6 {main}
CRITICAL - 2024-03-21 22:51:27 --> syntax error, unexpected '{', expecting '('
#0 C:\Users\user\Downloads\Folder Save Boboy\CodeIgniter4-4.1.9\system\Router\Router.php(175): CodeIgniter\Router\Router->autoRoute('home/baller')
#1 C:\Users\user\Downloads\Folder Save Boboy\CodeIgniter4-4.1.9\system\CodeIgniter.php(726): CodeIgniter\Router\Router->handle('home/baller')
#2 C:\Users\user\Downloads\Folder Save Boboy\CodeIgniter4-4.1.9\system\CodeIgniter.php(368): CodeIgniter\CodeIgniter->tryToRouteIt(Object(CodeIgniter\Router\RouteCollection))
#3 C:\Users\user\Downloads\Folder Save Boboy\CodeIgniter4-4.1.9\system\CodeIgniter.php(326): CodeIgniter\CodeIgniter->handleRequest(NULL, Object(Config\Cache), false)
#4 C:\Users\user\Downloads\Folder Save Boboy\CodeIgniter4-4.1.9\public\index.php(37): CodeIgniter\CodeIgniter->run()
#5 C:\Users\user\Downloads\Folder Save Boboy\CodeIgniter4-4.1.9\system\Commands\Server\rewrite.php(43): require_once('C:\\Users\\user\\D...')
#6 {main}
CRITICAL - 2024-03-21 22:51:41 --> Class 'App\Controllers\barang' not found
#0 C:\Users\user\Downloads\Folder Save Boboy\CodeIgniter4-4.1.9\system\CodeIgniter.php(832): App\Controllers\Home->baller()
#1 C:\Users\user\Downloads\Folder Save Boboy\CodeIgniter4-4.1.9\system\CodeIgniter.php(419): CodeIgniter\CodeIgniter->runController(Object(App\Controllers\Home))
#2 C:\Users\user\Downloads\Folder Save Boboy\CodeIgniter4-4.1.9\system\CodeIgniter.php(326): CodeIgniter\CodeIgniter->handleRequest(NULL, Object(Config\Cache), false)
#3 C:\Users\user\Downloads\Folder Save Boboy\CodeIgniter4-4.1.9\public\index.php(37): CodeIgniter\CodeIgniter->run()
#4 C:\Users\user\Downloads\Folder Save Boboy\CodeIgniter4-4.1.9\system\Commands\Server\rewrite.php(43): require_once('C:\\Users\\user\\D...')
#5 {main}
CRITICAL - 2024-03-21 23:05:15 --> Class 'App\Controllers\barang' not found
#0 C:\Users\user\Downloads\Folder Save Boboy\CodeIgniter4-4.1.9\system\CodeIgniter.php(832): App\Controllers\Home->baller()
#1 C:\Users\user\Downloads\Folder Save Boboy\CodeIgniter4-4.1.9\system\CodeIgniter.php(419): CodeIgniter\CodeIgniter->runController(Object(App\Controllers\Home))
#2 C:\Users\user\Downloads\Folder Save Boboy\CodeIgniter4-4.1.9\system\CodeIgniter.php(326): CodeIgniter\CodeIgniter->handleRequest(NULL, Object(Config\Cache), false)
#3 C:\Users\user\Downloads\Folder Save Boboy\CodeIgniter4-4.1.9\public\index.php(37): CodeIgniter\CodeIgniter->run()
#4 C:\Users\user\Downloads\Folder Save Boboy\CodeIgniter4-4.1.9\system\Commands\Server\rewrite.php(43): require_once('C:\\Users\\user\\D...')
#5 {main}
CRITICAL - 2024-03-21 23:05:16 --> Class 'App\Controllers\barang' not found
#0 C:\Users\user\Downloads\Folder Save Boboy\CodeIgniter4-4.1.9\system\CodeIgniter.php(832): App\Controllers\Home->baller()
#1 C:\Users\user\Downloads\Folder Save Boboy\CodeIgniter4-4.1.9\system\CodeIgniter.php(419): CodeIgniter\CodeIgniter->runController(Object(App\Controllers\Home))
#2 C:\Users\user\Downloads\Folder Save Boboy\CodeIgniter4-4.1.9\system\CodeIgniter.php(326): CodeIgniter\CodeIgniter->handleRequest(NULL, Object(Config\Cache), false)
#3 C:\Users\user\Downloads\Folder Save Boboy\CodeIgniter4-4.1.9\public\index.php(37): CodeIgniter\CodeIgniter->run()
#4 C:\Users\user\Downloads\Folder Save Boboy\CodeIgniter4-4.1.9\system\Commands\Server\rewrite.php(43): require_once('C:\\Users\\user\\D...')
#5 {main}
CRITICAL - 2024-03-21 23:06:46 --> Class 'App\Controllers\barang' not found
#0 C:\Users\user\Downloads\Folder Save Boboy\CodeIgniter4-4.1.9\system\CodeIgniter.php(832): App\Controllers\Home->baller()
#1 C:\Users\user\Downloads\Folder Save Boboy\CodeIgniter4-4.1.9\system\CodeIgniter.php(419): CodeIgniter\CodeIgniter->runController(Object(App\Controllers\Home))
#2 C:\Users\user\Downloads\Folder Save Boboy\CodeIgniter4-4.1.9\system\CodeIgniter.php(326): CodeIgniter\CodeIgniter->handleRequest(NULL, Object(Config\Cache), false)
#3 C:\Users\user\Downloads\Folder Save Boboy\CodeIgniter4-4.1.9\public\index.php(37): CodeIgniter\CodeIgniter->run()
#4 C:\Users\user\Downloads\Folder Save Boboy\CodeIgniter4-4.1.9\system\Commands\Server\rewrite.php(43): require_once('C:\\Users\\user\\D...')
#5 {main}
CRITICAL - 2024-03-21 23:07:12 --> Class 'App\Controllers\barang' not found
#0 C:\Users\user\Downloads\Folder Save Boboy\CodeIgniter4-4.1.9\system\CodeIgniter.php(832): App\Controllers\Home->baller()
#1 C:\Users\user\Downloads\Folder Save Boboy\CodeIgniter4-4.1.9\system\CodeIgniter.php(419): CodeIgniter\CodeIgniter->runController(Object(App\Controllers\Home))
#2 C:\Users\user\Downloads\Folder Save Boboy\CodeIgniter4-4.1.9\system\CodeIgniter.php(326): CodeIgniter\CodeIgniter->handleRequest(NULL, Object(Config\Cache), false)
#3 C:\Users\user\Downloads\Folder Save Boboy\CodeIgniter4-4.1.9\public\index.php(37): CodeIgniter\CodeIgniter->run()
#4 C:\Users\user\Downloads\Folder Save Boboy\CodeIgniter4-4.1.9\system\Commands\Server\rewrite.php(43): require_once('C:\\Users\\user\\D...')
#5 {main}
CRITICAL - 2024-03-21 23:07:24 --> Class 'App\Controllers\barang' not found
#0 C:\Users\user\Downloads\Folder Save Boboy\CodeIgniter4-4.1.9\system\CodeIgniter.php(832): App\Controllers\Home->baller()
#1 C:\Users\user\Downloads\Folder Save Boboy\CodeIgniter4-4.1.9\system\CodeIgniter.php(419): CodeIgniter\CodeIgniter->runController(Object(App\Controllers\Home))
#2 C:\Users\user\Downloads\Folder Save Boboy\CodeIgniter4-4.1.9\system\CodeIgniter.php(326): CodeIgniter\CodeIgniter->handleRequest(NULL, Object(Config\Cache), false)
#3 C:\Users\user\Downloads\Folder Save Boboy\CodeIgniter4-4.1.9\public\index.php(37): CodeIgniter\CodeIgniter->run()
#4 C:\Users\user\Downloads\Folder Save Boboy\CodeIgniter4-4.1.9\system\Commands\Server\rewrite.php(43): require_once('C:\\Users\\user\\D...')
#5 {main}
CRITICAL - 2024-03-21 23:07:36 --> Invalid argument supplied for foreach()
#0 C:\Users\user\Downloads\Folder Save Boboy\CodeIgniter4-4.1.9\app\Models\barang2.php(15): CodeIgniter\Debug\Exceptions->errorHandler(2, 'Invalid argumen...', 'C:\\Users\\user\\D...', 15, Array)
#1 C:\Users\user\Downloads\Folder Save Boboy\CodeIgniter4-4.1.9\system\Autoloader\Autoloader.php(264): include_once('C:\\Users\\user\\D...')
#2 C:\Users\user\Downloads\Folder Save Boboy\CodeIgniter4-4.1.9\system\Autoloader\Autoloader.php(241): CodeIgniter\Autoloader\Autoloader->includeFile('C:\\Users\\user\\D...')
#3 C:\Users\user\Downloads\Folder Save Boboy\CodeIgniter4-4.1.9\system\Autoloader\Autoloader.php(219): CodeIgniter\Autoloader\Autoloader->loadInNamespace('App\\Models\\bara...')
#4 [internal function]: CodeIgniter\Autoloader\Autoloader->loadClass('App\\Models\\bara...')
#5 C:\Users\user\Downloads\Folder Save Boboy\CodeIgniter4-4.1.9\app\Controllers\Home.php(11): spl_autoload_call('App\\Models\\bara...')
#6 C:\Users\user\Downloads\Folder Save Boboy\CodeIgniter4-4.1.9\system\CodeIgniter.php(832): App\Controllers\Home->baller()
#7 C:\Users\user\Downloads\Folder Save Boboy\CodeIgniter4-4.1.9\system\CodeIgniter.php(419): CodeIgniter\CodeIgniter->runController(Object(App\Controllers\Home))
#8 C:\Users\user\Downloads\Folder Save Boboy\CodeIgniter4-4.1.9\system\CodeIgniter.php(326): CodeIgniter\CodeIgniter->handleRequest(NULL, Object(Config\Cache), false)
#9 C:\Users\user\Downloads\Folder Save Boboy\CodeIgniter4-4.1.9\public\index.php(37): CodeIgniter\CodeIgniter->run()
#10 C:\Users\user\Downloads\Folder Save Boboy\CodeIgniter4-4.1.9\system\Commands\Server\rewrite.php(43): require_once('C:\\Users\\user\\D...')
#11 {main}
CRITICAL - 2024-03-21 23:07:52 --> syntax error, unexpected '}', expecting end of file
#0 C:\Users\user\Downloads\Folder Save Boboy\CodeIgniter4-4.1.9\system\Autoloader\Autoloader.php(241): CodeIgniter\Autoloader\Autoloader->includeFile('C:\\Users\\user\\D...')
#1 C:\Users\user\Downloads\Folder Save Boboy\CodeIgniter4-4.1.9\system\Autoloader\Autoloader.php(219): CodeIgniter\Autoloader\Autoloader->loadInNamespace('App\\Models\\bara...')
#2 [internal function]: CodeIgniter\Autoloader\Autoloader->loadClass('App\\Models\\bara...')
#3 C:\Users\user\Downloads\Folder Save Boboy\CodeIgniter4-4.1.9\app\Controllers\Home.php(11): spl_autoload_call('App\\Models\\bara...')
#4 C:\Users\user\Downloads\Folder Save Boboy\CodeIgniter4-4.1.9\system\CodeIgniter.php(832): App\Controllers\Home->baller()
#5 C:\Users\user\Downloads\Folder Save Boboy\CodeIgniter4-4.1.9\system\CodeIgniter.php(419): CodeIgniter\CodeIgniter->runController(Object(App\Controllers\Home))
#6 C:\Users\user\Downloads\Folder Save Boboy\CodeIgniter4-4.1.9\system\CodeIgniter.php(326): CodeIgniter\CodeIgniter->handleRequest(NULL, Object(Config\Cache), false)
#7 C:\Users\user\Downloads\Folder Save Boboy\CodeIgniter4-4.1.9\public\index.php(37): CodeIgniter\CodeIgniter->run()
#8 C:\Users\user\Downloads\Folder Save Boboy\CodeIgniter4-4.1.9\system\Commands\Server\rewrite.php(43): require_once('C:\\Users\\user\\D...')
#9 {main}
CRITICAL - 2024-03-21 23:08:03 --> Invalid argument supplied for foreach()
#0 C:\Users\user\Downloads\Folder Save Boboy\CodeIgniter4-4.1.9\app\Models\barang2.php(15): CodeIgniter\Debug\Exceptions->errorHandler(2, 'Invalid argumen...', 'C:\\Users\\user\\D...', 15, Array)
#1 C:\Users\user\Downloads\Folder Save Boboy\CodeIgniter4-4.1.9\system\Autoloader\Autoloader.php(264): include_once('C:\\Users\\user\\D...')
#2 C:\Users\user\Downloads\Folder Save Boboy\CodeIgniter4-4.1.9\system\Autoloader\Autoloader.php(241): CodeIgniter\Autoloader\Autoloader->includeFile('C:\\Users\\user\\D...')
#3 C:\Users\user\Downloads\Folder Save Boboy\CodeIgniter4-4.1.9\system\Autoloader\Autoloader.php(219): CodeIgniter\Autoloader\Autoloader->loadInNamespace('App\\Models\\bara...')
#4 [internal function]: CodeIgniter\Autoloader\Autoloader->loadClass('App\\Models\\bara...')
#5 C:\Users\user\Downloads\Folder Save Boboy\CodeIgniter4-4.1.9\app\Controllers\Home.php(11): spl_autoload_call('App\\Models\\bara...')
#6 C:\Users\user\Downloads\Folder Save Boboy\CodeIgniter4-4.1.9\system\CodeIgniter.php(832): App\Controllers\Home->baller()
#7 C:\Users\user\Downloads\Folder Save Boboy\CodeIgniter4-4.1.9\system\CodeIgniter.php(419): CodeIgniter\CodeIgniter->runController(Object(App\Controllers\Home))
#8 C:\Users\user\Downloads\Folder Save Boboy\CodeIgniter4-4.1.9\system\CodeIgniter.php(326): CodeIgniter\CodeIgniter->handleRequest(NULL, Object(Config\Cache), false)
#9 C:\Users\user\Downloads\Folder Save Boboy\CodeIgniter4-4.1.9\public\index.php(37): CodeIgniter\CodeIgniter->run()
#10 C:\Users\user\Downloads\Folder Save Boboy\CodeIgniter4-4.1.9\system\Commands\Server\rewrite.php(43): require_once('C:\\Users\\user\\D...')
#11 {main}
CRITICAL - 2024-03-21 23:08:45 --> Invalid argument supplied for foreach()
#0 C:\Users\user\Downloads\Folder Save Boboy\CodeIgniter4-4.1.9\app\Models\barang2.php(15): CodeIgniter\Debug\Exceptions->errorHandler(2, 'Invalid argumen...', 'C:\\Users\\user\\D...', 15, Array)
#1 C:\Users\user\Downloads\Folder Save Boboy\CodeIgniter4-4.1.9\system\Autoloader\Autoloader.php(264): include_once('C:\\Users\\user\\D...')
#2 C:\Users\user\Downloads\Folder Save Boboy\CodeIgniter4-4.1.9\system\Autoloader\Autoloader.php(241): CodeIgniter\Autoloader\Autoloader->includeFile('C:\\Users\\user\\D...')
#3 C:\Users\user\Downloads\Folder Save Boboy\CodeIgniter4-4.1.9\system\Autoloader\Autoloader.php(219): CodeIgniter\Autoloader\Autoloader->loadInNamespace('App\\Models\\bara...')
#4 [internal function]: CodeIgniter\Autoloader\Autoloader->loadClass('App\\Models\\bara...')
#5 C:\Users\user\Downloads\Folder Save Boboy\CodeIgniter4-4.1.9\app\Controllers\Home.php(11): spl_autoload_call('App\\Models\\bara...')
#6 C:\Users\user\Downloads\Folder Save Boboy\CodeIgniter4-4.1.9\system\CodeIgniter.php(832): App\Controllers\Home->baller()
#7 C:\Users\user\Downloads\Folder Save Boboy\CodeIgniter4-4.1.9\system\CodeIgniter.php(419): CodeIgniter\CodeIgniter->runController(Object(App\Controllers\Home))
#8 C:\Users\user\Downloads\Folder Save Boboy\CodeIgniter4-4.1.9\system\CodeIgniter.php(326): CodeIgniter\CodeIgniter->handleRequest(NULL, Object(Config\Cache), false)
#9 C:\Users\user\Downloads\Folder Save Boboy\CodeIgniter4-4.1.9\public\index.php(37): CodeIgniter\CodeIgniter->run()
#10 C:\Users\user\Downloads\Folder Save Boboy\CodeIgniter4-4.1.9\system\Commands\Server\rewrite.php(43): require_once('C:\\Users\\user\\D...')
#11 {main}
CRITICAL - 2024-03-21 23:10:08 --> Invalid argument supplied for foreach()
#0 C:\Users\user\Downloads\Folder Save Boboy\CodeIgniter4-4.1.9\app\Models\barang2.php(15): CodeIgniter\Debug\Exceptions->errorHandler(2, 'Invalid argumen...', 'C:\\Users\\user\\D...', 15, Array)
#1 C:\Users\user\Downloads\Folder Save Boboy\CodeIgniter4-4.1.9\system\Autoloader\Autoloader.php(264): include_once('C:\\Users\\user\\D...')
#2 C:\Users\user\Downloads\Folder Save Boboy\CodeIgniter4-4.1.9\system\Autoloader\Autoloader.php(241): CodeIgniter\Autoloader\Autoloader->includeFile('C:\\Users\\user\\D...')
#3 C:\Users\user\Downloads\Folder Save Boboy\CodeIgniter4-4.1.9\system\Autoloader\Autoloader.php(219): CodeIgniter\Autoloader\Autoloader->loadInNamespace('App\\Models\\bara...')
#4 [internal function]: CodeIgniter\Autoloader\Autoloader->loadClass('App\\Models\\bara...')
#5 C:\Users\user\Downloads\Folder Save Boboy\CodeIgniter4-4.1.9\app\Controllers\Home.php(11): spl_autoload_call('App\\Models\\bara...')
#6 C:\Users\user\Downloads\Folder Save Boboy\CodeIgniter4-4.1.9\system\CodeIgniter.php(832): App\Controllers\Home->baller()
#7 C:\Users\user\Downloads\Folder Save Boboy\CodeIgniter4-4.1.9\system\CodeIgniter.php(419): CodeIgniter\CodeIgniter->runController(Object(App\Controllers\Home))
#8 C:\Users\user\Downloads\Folder Save Boboy\CodeIgniter4-4.1.9\system\CodeIgniter.php(326): CodeIgniter\CodeIgniter->handleRequest(NULL, Object(Config\Cache), false)
#9 C:\Users\user\Downloads\Folder Save Boboy\CodeIgniter4-4.1.9\public\index.php(37): CodeIgniter\CodeIgniter->run()
#10 C:\Users\user\Downloads\Folder Save Boboy\CodeIgniter4-4.1.9\system\Commands\Server\rewrite.php(43): require_once('C:\\Users\\user\\D...')
#11 {main}
CRITICAL - 2024-03-21 23:11:25 --> Invalid argument supplied for foreach()
#0 C:\Users\user\Downloads\Folder Save Boboy\CodeIgniter4-4.1.9\app\Models\barang2.php(15): CodeIgniter\Debug\Exceptions->errorHandler(2, 'Invalid argumen...', 'C:\\Users\\user\\D...', 15, Array)
#1 C:\Users\user\Downloads\Folder Save Boboy\CodeIgniter4-4.1.9\system\Autoloader\Autoloader.php(264): include_once('C:\\Users\\user\\D...')
#2 C:\Users\user\Downloads\Folder Save Boboy\CodeIgniter4-4.1.9\system\Autoloader\Autoloader.php(241): CodeIgniter\Autoloader\Autoloader->includeFile('C:\\Users\\user\\D...')
#3 C:\Users\user\Downloads\Folder Save Boboy\CodeIgniter4-4.1.9\system\Autoloader\Autoloader.php(219): CodeIgniter\Autoloader\Autoloader->loadInNamespace('App\\Models\\bara...')
#4 [internal function]: CodeIgniter\Autoloader\Autoloader->loadClass('App\\Models\\bara...')
#5 C:\Users\user\Downloads\Folder Save Boboy\CodeIgniter4-4.1.9\app\Controllers\Home.php(11): spl_autoload_call('App\\Models\\bara...')
#6 C:\Users\user\Downloads\Folder Save Boboy\CodeIgniter4-4.1.9\system\CodeIgniter.php(832): App\Controllers\Home->baller()
#7 C:\Users\user\Downloads\Folder Save Boboy\CodeIgniter4-4.1.9\system\CodeIgniter.php(419): CodeIgniter\CodeIgniter->runController(Object(App\Controllers\Home))
#8 C:\Users\user\Downloads\Folder Save Boboy\CodeIgniter4-4.1.9\system\CodeIgniter.php(326): CodeIgniter\CodeIgniter->handleRequest(NULL, Object(Config\Cache), false)
#9 C:\Users\user\Downloads\Folder Save Boboy\CodeIgniter4-4.1.9\public\index.php(37): CodeIgniter\CodeIgniter->run()
#10 C:\Users\user\Downloads\Folder Save Boboy\CodeIgniter4-4.1.9\system\Commands\Server\rewrite.php(43): require_once('C:\\Users\\user\\D...')
#11 {main}
CRITICAL - 2024-03-21 23:12:00 --> Invalid argument supplied for foreach()
#0 C:\Users\user\Downloads\Folder Save Boboy\CodeIgniter4-4.1.9\app\Models\barang2.php(15): CodeIgniter\Debug\Exceptions->errorHandler(2, 'Invalid argumen...', 'C:\\Users\\user\\D...', 15, Array)
#1 C:\Users\user\Downloads\Folder Save Boboy\CodeIgniter4-4.1.9\system\Autoloader\Autoloader.php(264): include_once('C:\\Users\\user\\D...')
#2 C:\Users\user\Downloads\Folder Save Boboy\CodeIgniter4-4.1.9\system\Autoloader\Autoloader.php(241): CodeIgniter\Autoloader\Autoloader->includeFile('C:\\Users\\user\\D...')
#3 C:\Users\user\Downloads\Folder Save Boboy\CodeIgniter4-4.1.9\system\Autoloader\Autoloader.php(219): CodeIgniter\Autoloader\Autoloader->loadInNamespace('App\\Models\\bara...')
#4 [internal function]: CodeIgniter\Autoloader\Autoloader->loadClass('App\\Models\\bara...')
#5 C:\Users\user\Downloads\Folder Save Boboy\CodeIgniter4-4.1.9\app\Controllers\Home.php(11): spl_autoload_call('App\\Models\\bara...')
#6 C:\Users\user\Downloads\Folder Save Boboy\CodeIgniter4-4.1.9\system\CodeIgniter.php(832): App\Controllers\Home->baller()
#7 C:\Users\user\Downloads\Folder Save Boboy\CodeIgniter4-4.1.9\system\CodeIgniter.php(419): CodeIgniter\CodeIgniter->runController(Object(App\Controllers\Home))
#8 C:\Users\user\Downloads\Folder Save Boboy\CodeIgniter4-4.1.9\system\CodeIgniter.php(326): CodeIgniter\CodeIgniter->handleRequest(NULL, Object(Config\Cache), false)
#9 C:\Users\user\Downloads\Folder Save Boboy\CodeIgniter4-4.1.9\public\index.php(37): CodeIgniter\CodeIgniter->run()
#10 C:\Users\user\Downloads\Folder Save Boboy\CodeIgniter4-4.1.9\system\Commands\Server\rewrite.php(43): require_once('C:\\Users\\user\\D...')
#11 {main}
CRITICAL - 2024-03-21 23:12:37 --> Invalid argument supplied for foreach()
#0 C:\Users\user\Downloads\Folder Save Boboy\CodeIgniter4-4.1.9\app\Models\barang2.php(15): CodeIgniter\Debug\Exceptions->errorHandler(2, 'Invalid argumen...', 'C:\\Users\\user\\D...', 15, Array)
#1 C:\Users\user\Downloads\Folder Save Boboy\CodeIgniter4-4.1.9\system\Autoloader\Autoloader.php(264): include_once('C:\\Users\\user\\D...')
#2 C:\Users\user\Downloads\Folder Save Boboy\CodeIgniter4-4.1.9\system\Autoloader\Autoloader.php(241): CodeIgniter\Autoloader\Autoloader->includeFile('C:\\Users\\user\\D...')
#3 C:\Users\user\Downloads\Folder Save Boboy\CodeIgniter4-4.1.9\system\Autoloader\Autoloader.php(219): CodeIgniter\Autoloader\Autoloader->loadInNamespace('App\\Models\\bara...')
#4 [internal function]: CodeIgniter\Autoloader\Autoloader->loadClass('App\\Models\\bara...')
#5 C:\Users\user\Downloads\Folder Save Boboy\CodeIgniter4-4.1.9\app\Controllers\Home.php(11): spl_autoload_call('App\\Models\\bara...')
#6 C:\Users\user\Downloads\Folder Save Boboy\CodeIgniter4-4.1.9\system\CodeIgniter.php(832): App\Controllers\Home->baller()
#7 C:\Users\user\Downloads\Folder Save Boboy\CodeIgniter4-4.1.9\system\CodeIgniter.php(419): CodeIgniter\CodeIgniter->runController(Object(App\Controllers\Home))
#8 C:\Users\user\Downloads\Folder Save Boboy\CodeIgniter4-4.1.9\system\CodeIgniter.php(326): CodeIgniter\CodeIgniter->handleRequest(NULL, Object(Config\Cache), false)
#9 C:\Users\user\Downloads\Folder Save Boboy\CodeIgniter4-4.1.9\public\index.php(37): CodeIgniter\CodeIgniter->run()
#10 C:\Users\user\Downloads\Folder Save Boboy\CodeIgniter4-4.1.9\system\Commands\Server\rewrite.php(43): require_once('C:\\Users\\user\\D...')
#11 {main}
CRITICAL - 2024-03-21 23:23:40 --> Invalid argument supplied for foreach()
#0 C:\Users\user\Downloads\Folder Save Boboy\CodeIgniter4-4.1.9\app\Models\barang2.php(15): CodeIgniter\Debug\Exceptions->errorHandler(2, 'Invalid argumen...', 'C:\\Users\\user\\D...', 15, Array)
#1 C:\Users\user\Downloads\Folder Save Boboy\CodeIgniter4-4.1.9\system\Autoloader\Autoloader.php(264): include_once('C:\\Users\\user\\D...')
#2 C:\Users\user\Downloads\Folder Save Boboy\CodeIgniter4-4.1.9\system\Autoloader\Autoloader.php(241): CodeIgniter\Autoloader\Autoloader->includeFile('C:\\Users\\user\\D...')
#3 C:\Users\user\Downloads\Folder Save Boboy\CodeIgniter4-4.1.9\system\Autoloader\Autoloader.php(219): CodeIgniter\Autoloader\Autoloader->loadInNamespace('App\\Models\\bara...')
#4 [internal function]: CodeIgniter\Autoloader\Autoloader->loadClass('App\\Models\\bara...')
#5 C:\Users\user\Downloads\Folder Save Boboy\CodeIgniter4-4.1.9\app\Controllers\Home.php(11): spl_autoload_call('App\\Models\\bara...')
#6 C:\Users\user\Downloads\Folder Save Boboy\CodeIgniter4-4.1.9\system\CodeIgniter.php(832): App\Controllers\Home->baller()
#7 C:\Users\user\Downloads\Folder Save Boboy\CodeIgniter4-4.1.9\system\CodeIgniter.php(419): CodeIgniter\CodeIgniter->runController(Object(App\Controllers\Home))
#8 C:\Users\user\Downloads\Folder Save Boboy\CodeIgniter4-4.1.9\system\CodeIgniter.php(326): CodeIgniter\CodeIgniter->handleRequest(NULL, Object(Config\Cache), false)
#9 C:\Users\user\Downloads\Folder Save Boboy\CodeIgniter4-4.1.9\public\index.php(37): CodeIgniter\CodeIgniter->run()
#10 C:\Users\user\Downloads\Folder Save Boboy\CodeIgniter4-4.1.9\system\Commands\Server\rewrite.php(43): require_once('C:\\Users\\user\\D...')
#11 {main}
CRITICAL - 2024-03-21 23:24:15 --> Invalid argument supplied for foreach()
#0 C:\Users\user\Downloads\Folder Save Boboy\CodeIgniter4-4.1.9\app\Models\barang2.php(15): CodeIgniter\Debug\Exceptions->errorHandler(2, 'Invalid argumen...', 'C:\\Users\\user\\D...', 15, Array)
#1 C:\Users\user\Downloads\Folder Save Boboy\CodeIgniter4-4.1.9\system\Autoloader\Autoloader.php(264): include_once('C:\\Users\\user\\D...')
#2 C:\Users\user\Downloads\Folder Save Boboy\CodeIgniter4-4.1.9\system\Autoloader\Autoloader.php(241): CodeIgniter\Autoloader\Autoloader->includeFile('C:\\Users\\user\\D...')
#3 C:\Users\user\Downloads\Folder Save Boboy\CodeIgniter4-4.1.9\system\Autoloader\Autoloader.php(219): CodeIgniter\Autoloader\Autoloader->loadInNamespace('App\\Models\\bara...')
#4 [internal function]: CodeIgniter\Autoloader\Autoloader->loadClass('App\\Models\\bara...')
#5 C:\Users\user\Downloads\Folder Save Boboy\CodeIgniter4-4.1.9\app\Controllers\Home.php(11): spl_autoload_call('App\\Models\\bara...')
#6 C:\Users\user\Downloads\Folder Save Boboy\CodeIgniter4-4.1.9\system\CodeIgniter.php(832): App\Controllers\Home->baller()
#7 C:\Users\user\Downloads\Folder Save Boboy\CodeIgniter4-4.1.9\system\CodeIgniter.php(419): CodeIgniter\CodeIgniter->runController(Object(App\Controllers\Home))
#8 C:\Users\user\Downloads\Folder Save Boboy\CodeIgniter4-4.1.9\system\CodeIgniter.php(326): CodeIgniter\CodeIgniter->handleRequest(NULL, Object(Config\Cache), false)
#9 C:\Users\user\Downloads\Folder Save Boboy\CodeIgniter4-4.1.9\public\index.php(37): CodeIgniter\CodeIgniter->run()
#10 C:\Users\user\Downloads\Folder Save Boboy\CodeIgniter4-4.1.9\system\Commands\Server\rewrite.php(43): require_once('C:\\Users\\user\\D...')
#11 {main}
CRITICAL - 2024-03-21 23:24:46 --> Invalid argument supplied for foreach()
#0 C:\Users\user\Downloads\Folder Save Boboy\CodeIgniter4-4.1.9\app\Models\barang2.php(15): CodeIgniter\Debug\Exceptions->errorHandler(2, 'Invalid argumen...', 'C:\\Users\\user\\D...', 15, Array)
#1 C:\Users\user\Downloads\Folder Save Boboy\CodeIgniter4-4.1.9\system\Autoloader\Autoloader.php(264): include_once('C:\\Users\\user\\D...')
#2 C:\Users\user\Downloads\Folder Save Boboy\CodeIgniter4-4.1.9\system\Autoloader\Autoloader.php(241): CodeIgniter\Autoloader\Autoloader->includeFile('C:\\Users\\user\\D...')
#3 C:\Users\user\Downloads\Folder Save Boboy\CodeIgniter4-4.1.9\system\Autoloader\Autoloader.php(219): CodeIgniter\Autoloader\Autoloader->loadInNamespace('App\\Models\\bara...')
#4 [internal function]: CodeIgniter\Autoloader\Autoloader->loadClass('App\\Models\\bara...')
#5 C:\Users\user\Downloads\Folder Save Boboy\CodeIgniter4-4.1.9\app\Controllers\Home.php(11): spl_autoload_call('App\\Models\\bara...')
#6 C:\Users\user\Downloads\Folder Save Boboy\CodeIgniter4-4.1.9\system\CodeIgniter.php(832): App\Controllers\Home->baller()
#7 C:\Users\user\Downloads\Folder Save Boboy\CodeIgniter4-4.1.9\system\CodeIgniter.php(419): CodeIgniter\CodeIgniter->runController(Object(App\Controllers\Home))
#8 C:\Users\user\Downloads\Folder Save Boboy\CodeIgniter4-4.1.9\system\CodeIgniter.php(326): CodeIgniter\CodeIgniter->handleRequest(NULL, Object(Config\Cache), false)
#9 C:\Users\user\Downloads\Folder Save Boboy\CodeIgniter4-4.1.9\public\index.php(37): CodeIgniter\CodeIgniter->run()
#10 C:\Users\user\Downloads\Folder Save Boboy\CodeIgniter4-4.1.9\system\Commands\Server\rewrite.php(43): require_once('C:\\Users\\user\\D...')
#11 {main}
CRITICAL - 2024-03-21 23:29:30 --> Invalid argument supplied for foreach()
#0 C:\Users\user\Downloads\Folder Save Boboy\CodeIgniter4-4.1.9\app\Models\barang2.php(15): CodeIgniter\Debug\Exceptions->errorHandler(2, 'Invalid argumen...', 'C:\\Users\\user\\D...', 15, Array)
#1 C:\Users\user\Downloads\Folder Save Boboy\CodeIgniter4-4.1.9\system\Autoloader\Autoloader.php(264): include_once('C:\\Users\\user\\D...')
#2 C:\Users\user\Downloads\Folder Save Boboy\CodeIgniter4-4.1.9\system\Autoloader\Autoloader.php(241): CodeIgniter\Autoloader\Autoloader->includeFile('C:\\Users\\user\\D...')
#3 C:\Users\user\Downloads\Folder Save Boboy\CodeIgniter4-4.1.9\system\Autoloader\Autoloader.php(219): CodeIgniter\Autoloader\Autoloader->loadInNamespace('App\\Models\\bara...')
#4 [internal function]: CodeIgniter\Autoloader\Autoloader->loadClass('App\\Models\\bara...')
#5 C:\Users\user\Downloads\Folder Save Boboy\CodeIgniter4-4.1.9\app\Controllers\Home.php(11): spl_autoload_call('App\\Models\\bara...')
#6 C:\Users\user\Downloads\Folder Save Boboy\CodeIgniter4-4.1.9\system\CodeIgniter.php(832): App\Controllers\Home->baller()
#7 C:\Users\user\Downloads\Folder Save Boboy\CodeIgniter4-4.1.9\system\CodeIgniter.php(419): CodeIgniter\CodeIgniter->runController(Object(App\Controllers\Home))
#8 C:\Users\user\Downloads\Folder Save Boboy\CodeIgniter4-4.1.9\system\CodeIgniter.php(326): CodeIgniter\CodeIgniter->handleRequest(NULL, Object(Config\Cache), false)
#9 C:\Users\user\Downloads\Folder Save Boboy\CodeIgniter4-4.1.9\public\index.php(37): CodeIgniter\CodeIgniter->run()
#10 C:\Users\user\Downloads\Folder Save Boboy\CodeIgniter4-4.1.9\system\Commands\Server\rewrite.php(43): require_once('C:\\Users\\user\\D...')
#11 {main}
